[2024-02-11 00:01:21,711] {processor.py:153} INFO - Started process (PID=4440) to work on /home/airflow/.local/lib/python3.7/site-packages/airflow/example_dags/example_skip_dag.py
[2024-02-11 00:01:21,712] {processor.py:641} INFO - Processing file /home/airflow/.local/lib/python3.7/site-packages/airflow/example_dags/example_skip_dag.py for tasks to queue
[2024-02-11 00:01:21,712] {logging_mixin.py:115} INFO - [2024-02-11 00:01:21,712] {dagbag.py:507} INFO - Filling up the DagBag from /home/airflow/.local/lib/python3.7/site-packages/airflow/example_dags/example_skip_dag.py
[2024-02-11 00:01:21,716] {processor.py:651} INFO - DAG(s) dict_keys(['example_skip_dag']) retrieved from /home/airflow/.local/lib/python3.7/site-packages/airflow/example_dags/example_skip_dag.py
[2024-02-11 00:01:21,755] {logging_mixin.py:115} INFO - [2024-02-11 00:01:21,754] {dag.py:2371} INFO - Sync 1 DAGs
[2024-02-11 00:01:21,791] {logging_mixin.py:115} INFO - [2024-02-11 00:01:21,791] {dag.py:2919} INFO - Setting next_dagrun for example_skip_dag to 2024-02-10T00:01:21.790741+00:00, run_after=2024-02-11T00:01:21.790741+00:00
[2024-02-11 00:01:21,802] {processor.py:161} INFO - Processing /home/airflow/.local/lib/python3.7/site-packages/airflow/example_dags/example_skip_dag.py took 0.093 seconds
[2024-02-11 00:01:52,470] {processor.py:153} INFO - Started process (PID=4495) to work on /home/airflow/.local/lib/python3.7/site-packages/airflow/example_dags/example_skip_dag.py
[2024-02-11 00:01:52,471] {processor.py:641} INFO - Processing file /home/airflow/.local/lib/python3.7/site-packages/airflow/example_dags/example_skip_dag.py for tasks to queue
[2024-02-11 00:01:52,472] {logging_mixin.py:115} INFO - [2024-02-11 00:01:52,472] {dagbag.py:507} INFO - Filling up the DagBag from /home/airflow/.local/lib/python3.7/site-packages/airflow/example_dags/example_skip_dag.py
[2024-02-11 00:01:52,475] {processor.py:651} INFO - DAG(s) dict_keys(['example_skip_dag']) retrieved from /home/airflow/.local/lib/python3.7/site-packages/airflow/example_dags/example_skip_dag.py
[2024-02-11 00:01:52,502] {logging_mixin.py:115} INFO - [2024-02-11 00:01:52,502] {dag.py:2371} INFO - Sync 1 DAGs
[2024-02-11 00:01:52,517] {logging_mixin.py:115} INFO - [2024-02-11 00:01:52,516] {dag.py:2919} INFO - Setting next_dagrun for example_skip_dag to 2024-02-10T00:01:52.516762+00:00, run_after=2024-02-11T00:01:52.516762+00:00
[2024-02-11 00:01:52,526] {processor.py:161} INFO - Processing /home/airflow/.local/lib/python3.7/site-packages/airflow/example_dags/example_skip_dag.py took 0.058 seconds
[2024-02-11 00:07:07,122] {processor.py:153} INFO - Started process (PID=4564) to work on /home/airflow/.local/lib/python3.7/site-packages/airflow/example_dags/example_skip_dag.py
[2024-02-11 00:07:07,123] {processor.py:641} INFO - Processing file /home/airflow/.local/lib/python3.7/site-packages/airflow/example_dags/example_skip_dag.py for tasks to queue
[2024-02-11 00:07:07,124] {logging_mixin.py:115} INFO - [2024-02-11 00:07:07,124] {dagbag.py:507} INFO - Filling up the DagBag from /home/airflow/.local/lib/python3.7/site-packages/airflow/example_dags/example_skip_dag.py
[2024-02-11 00:07:07,129] {processor.py:651} INFO - DAG(s) dict_keys(['example_skip_dag']) retrieved from /home/airflow/.local/lib/python3.7/site-packages/airflow/example_dags/example_skip_dag.py
[2024-02-11 00:07:07,151] {logging_mixin.py:115} INFO - [2024-02-11 00:07:07,151] {dag.py:2371} INFO - Sync 1 DAGs
[2024-02-11 00:07:07,164] {logging_mixin.py:115} INFO - [2024-02-11 00:07:07,164] {dag.py:2919} INFO - Setting next_dagrun for example_skip_dag to 2024-02-10T00:07:07.164473+00:00, run_after=2024-02-11T00:07:07.164473+00:00
[2024-02-11 00:07:07,250] {processor.py:161} INFO - Processing /home/airflow/.local/lib/python3.7/site-packages/airflow/example_dags/example_skip_dag.py took 0.132 seconds
[2024-02-11 00:07:38,051] {processor.py:153} INFO - Started process (PID=4628) to work on /home/airflow/.local/lib/python3.7/site-packages/airflow/example_dags/example_skip_dag.py
[2024-02-11 00:07:38,052] {processor.py:641} INFO - Processing file /home/airflow/.local/lib/python3.7/site-packages/airflow/example_dags/example_skip_dag.py for tasks to queue
[2024-02-11 00:07:38,052] {logging_mixin.py:115} INFO - [2024-02-11 00:07:38,052] {dagbag.py:507} INFO - Filling up the DagBag from /home/airflow/.local/lib/python3.7/site-packages/airflow/example_dags/example_skip_dag.py
[2024-02-11 00:07:38,055] {processor.py:651} INFO - DAG(s) dict_keys(['example_skip_dag']) retrieved from /home/airflow/.local/lib/python3.7/site-packages/airflow/example_dags/example_skip_dag.py
[2024-02-11 00:07:38,079] {logging_mixin.py:115} INFO - [2024-02-11 00:07:38,079] {dag.py:2371} INFO - Sync 1 DAGs
[2024-02-11 00:07:38,091] {logging_mixin.py:115} INFO - [2024-02-11 00:07:38,091] {dag.py:2919} INFO - Setting next_dagrun for example_skip_dag to 2024-02-10T00:07:38.091357+00:00, run_after=2024-02-11T00:07:38.091357+00:00
[2024-02-11 00:07:38,224] {processor.py:161} INFO - Processing /home/airflow/.local/lib/python3.7/site-packages/airflow/example_dags/example_skip_dag.py took 0.175 seconds
[2024-02-11 00:08:09,383] {processor.py:153} INFO - Started process (PID=4683) to work on /home/airflow/.local/lib/python3.7/site-packages/airflow/example_dags/example_skip_dag.py
[2024-02-11 00:08:09,384] {processor.py:641} INFO - Processing file /home/airflow/.local/lib/python3.7/site-packages/airflow/example_dags/example_skip_dag.py for tasks to queue
[2024-02-11 00:08:09,385] {logging_mixin.py:115} INFO - [2024-02-11 00:08:09,385] {dagbag.py:507} INFO - Filling up the DagBag from /home/airflow/.local/lib/python3.7/site-packages/airflow/example_dags/example_skip_dag.py
[2024-02-11 00:08:09,388] {processor.py:651} INFO - DAG(s) dict_keys(['example_skip_dag']) retrieved from /home/airflow/.local/lib/python3.7/site-packages/airflow/example_dags/example_skip_dag.py
[2024-02-11 00:08:09,407] {logging_mixin.py:115} INFO - [2024-02-11 00:08:09,407] {dag.py:2371} INFO - Sync 1 DAGs
[2024-02-11 00:08:09,435] {logging_mixin.py:115} INFO - [2024-02-11 00:08:09,435] {dag.py:2919} INFO - Setting next_dagrun for example_skip_dag to 2024-02-10T00:08:09.435468+00:00, run_after=2024-02-11T00:08:09.435468+00:00
[2024-02-11 00:08:09,531] {processor.py:161} INFO - Processing /home/airflow/.local/lib/python3.7/site-packages/airflow/example_dags/example_skip_dag.py took 0.150 seconds
[2024-02-11 00:41:55,028] {processor.py:153} INFO - Started process (PID=4753) to work on /home/airflow/.local/lib/python3.7/site-packages/airflow/example_dags/example_skip_dag.py
[2024-02-11 00:41:55,029] {processor.py:641} INFO - Processing file /home/airflow/.local/lib/python3.7/site-packages/airflow/example_dags/example_skip_dag.py for tasks to queue
[2024-02-11 00:41:55,029] {logging_mixin.py:115} INFO - [2024-02-11 00:41:55,029] {dagbag.py:507} INFO - Filling up the DagBag from /home/airflow/.local/lib/python3.7/site-packages/airflow/example_dags/example_skip_dag.py
[2024-02-11 00:41:55,032] {processor.py:651} INFO - DAG(s) dict_keys(['example_skip_dag']) retrieved from /home/airflow/.local/lib/python3.7/site-packages/airflow/example_dags/example_skip_dag.py
[2024-02-11 00:41:55,047] {logging_mixin.py:115} INFO - [2024-02-11 00:41:55,047] {dag.py:2371} INFO - Sync 1 DAGs
[2024-02-11 00:41:55,149] {logging_mixin.py:115} INFO - [2024-02-11 00:41:55,149] {dag.py:2919} INFO - Setting next_dagrun for example_skip_dag to 2024-02-10T00:41:55.148746+00:00, run_after=2024-02-11T00:41:55.148746+00:00
[2024-02-11 00:41:55,164] {processor.py:161} INFO - Processing /home/airflow/.local/lib/python3.7/site-packages/airflow/example_dags/example_skip_dag.py took 0.138 seconds
[2024-02-11 00:58:50,904] {processor.py:153} INFO - Started process (PID=4814) to work on /home/airflow/.local/lib/python3.7/site-packages/airflow/example_dags/example_skip_dag.py
[2024-02-11 00:58:50,905] {processor.py:641} INFO - Processing file /home/airflow/.local/lib/python3.7/site-packages/airflow/example_dags/example_skip_dag.py for tasks to queue
[2024-02-11 00:58:50,906] {logging_mixin.py:115} INFO - [2024-02-11 00:58:50,906] {dagbag.py:507} INFO - Filling up the DagBag from /home/airflow/.local/lib/python3.7/site-packages/airflow/example_dags/example_skip_dag.py
[2024-02-11 00:58:50,910] {processor.py:651} INFO - DAG(s) dict_keys(['example_skip_dag']) retrieved from /home/airflow/.local/lib/python3.7/site-packages/airflow/example_dags/example_skip_dag.py
[2024-02-11 00:58:50,929] {logging_mixin.py:115} INFO - [2024-02-11 00:58:50,928] {dag.py:2371} INFO - Sync 1 DAGs
[2024-02-11 00:58:51,081] {logging_mixin.py:115} INFO - [2024-02-11 00:58:51,081] {dag.py:2919} INFO - Setting next_dagrun for example_skip_dag to 2024-02-10T00:58:51.081608+00:00, run_after=2024-02-11T00:58:51.081608+00:00
[2024-02-11 00:58:51,088] {processor.py:161} INFO - Processing /home/airflow/.local/lib/python3.7/site-packages/airflow/example_dags/example_skip_dag.py took 0.185 seconds
[2024-02-11 02:19:50,723] {processor.py:153} INFO - Started process (PID=4874) to work on /home/airflow/.local/lib/python3.7/site-packages/airflow/example_dags/example_skip_dag.py
[2024-02-11 02:19:50,724] {processor.py:641} INFO - Processing file /home/airflow/.local/lib/python3.7/site-packages/airflow/example_dags/example_skip_dag.py for tasks to queue
[2024-02-11 02:19:50,724] {logging_mixin.py:115} INFO - [2024-02-11 02:19:50,724] {dagbag.py:507} INFO - Filling up the DagBag from /home/airflow/.local/lib/python3.7/site-packages/airflow/example_dags/example_skip_dag.py
[2024-02-11 02:19:50,728] {processor.py:651} INFO - DAG(s) dict_keys(['example_skip_dag']) retrieved from /home/airflow/.local/lib/python3.7/site-packages/airflow/example_dags/example_skip_dag.py
[2024-02-11 02:19:50,742] {logging_mixin.py:115} INFO - [2024-02-11 02:19:50,742] {dag.py:2371} INFO - Sync 1 DAGs
[2024-02-11 02:19:50,851] {logging_mixin.py:115} INFO - [2024-02-11 02:19:50,851] {dag.py:2919} INFO - Setting next_dagrun for example_skip_dag to 2024-02-10T02:19:50.851498+00:00, run_after=2024-02-11T02:19:50.851498+00:00
[2024-02-11 02:19:50,858] {processor.py:161} INFO - Processing /home/airflow/.local/lib/python3.7/site-packages/airflow/example_dags/example_skip_dag.py took 0.136 seconds
[2024-02-11 03:27:04,047] {processor.py:153} INFO - Started process (PID=4944) to work on /home/airflow/.local/lib/python3.7/site-packages/airflow/example_dags/example_skip_dag.py
[2024-02-11 03:27:04,048] {processor.py:641} INFO - Processing file /home/airflow/.local/lib/python3.7/site-packages/airflow/example_dags/example_skip_dag.py for tasks to queue
[2024-02-11 03:27:04,048] {logging_mixin.py:115} INFO - [2024-02-11 03:27:04,048] {dagbag.py:507} INFO - Filling up the DagBag from /home/airflow/.local/lib/python3.7/site-packages/airflow/example_dags/example_skip_dag.py
[2024-02-11 03:27:04,053] {processor.py:651} INFO - DAG(s) dict_keys(['example_skip_dag']) retrieved from /home/airflow/.local/lib/python3.7/site-packages/airflow/example_dags/example_skip_dag.py
[2024-02-11 03:27:04,215] {logging_mixin.py:115} INFO - [2024-02-11 03:27:04,215] {dag.py:2371} INFO - Sync 1 DAGs
[2024-02-11 03:27:04,231] {logging_mixin.py:115} INFO - [2024-02-11 03:27:04,231] {dag.py:2919} INFO - Setting next_dagrun for example_skip_dag to 2024-02-10T03:27:04.231511+00:00, run_after=2024-02-11T03:27:04.231511+00:00
[2024-02-11 03:27:04,242] {processor.py:161} INFO - Processing /home/airflow/.local/lib/python3.7/site-packages/airflow/example_dags/example_skip_dag.py took 0.199 seconds
[2024-02-11 03:32:31,644] {processor.py:153} INFO - Started process (PID=5011) to work on /home/airflow/.local/lib/python3.7/site-packages/airflow/example_dags/example_skip_dag.py
[2024-02-11 03:32:31,660] {processor.py:641} INFO - Processing file /home/airflow/.local/lib/python3.7/site-packages/airflow/example_dags/example_skip_dag.py for tasks to queue
[2024-02-11 03:32:31,669] {logging_mixin.py:115} INFO - [2024-02-11 03:32:31,669] {dagbag.py:507} INFO - Filling up the DagBag from /home/airflow/.local/lib/python3.7/site-packages/airflow/example_dags/example_skip_dag.py
[2024-02-11 03:32:31,720] {processor.py:651} INFO - DAG(s) dict_keys(['example_skip_dag']) retrieved from /home/airflow/.local/lib/python3.7/site-packages/airflow/example_dags/example_skip_dag.py
[2024-02-11 03:32:31,868] {logging_mixin.py:115} INFO - [2024-02-11 03:32:31,867] {dag.py:2371} INFO - Sync 1 DAGs
[2024-02-11 03:32:31,965] {logging_mixin.py:115} INFO - [2024-02-11 03:32:31,965] {dag.py:2919} INFO - Setting next_dagrun for example_skip_dag to 2024-02-10T03:32:31.964671+00:00, run_after=2024-02-11T03:32:31.964671+00:00
[2024-02-11 03:32:32,003] {processor.py:161} INFO - Processing /home/airflow/.local/lib/python3.7/site-packages/airflow/example_dags/example_skip_dag.py took 0.448 seconds
[2024-02-11 04:04:51,378] {processor.py:153} INFO - Started process (PID=5072) to work on /home/airflow/.local/lib/python3.7/site-packages/airflow/example_dags/example_skip_dag.py
[2024-02-11 04:04:51,380] {processor.py:641} INFO - Processing file /home/airflow/.local/lib/python3.7/site-packages/airflow/example_dags/example_skip_dag.py for tasks to queue
[2024-02-11 04:04:51,381] {logging_mixin.py:115} INFO - [2024-02-11 04:04:51,381] {dagbag.py:507} INFO - Filling up the DagBag from /home/airflow/.local/lib/python3.7/site-packages/airflow/example_dags/example_skip_dag.py
[2024-02-11 04:04:51,392] {processor.py:651} INFO - DAG(s) dict_keys(['example_skip_dag']) retrieved from /home/airflow/.local/lib/python3.7/site-packages/airflow/example_dags/example_skip_dag.py
[2024-02-11 04:04:51,447] {logging_mixin.py:115} INFO - [2024-02-11 04:04:51,447] {dag.py:2371} INFO - Sync 1 DAGs
[2024-02-11 04:04:51,496] {logging_mixin.py:115} INFO - [2024-02-11 04:04:51,496] {dag.py:2919} INFO - Setting next_dagrun for example_skip_dag to 2024-02-10T04:04:51.495835+00:00, run_after=2024-02-11T04:04:51.495835+00:00
[2024-02-11 04:04:51,521] {processor.py:161} INFO - Processing /home/airflow/.local/lib/python3.7/site-packages/airflow/example_dags/example_skip_dag.py took 0.147 seconds
[2024-02-11 04:23:11,416] {processor.py:153} INFO - Started process (PID=5141) to work on /home/airflow/.local/lib/python3.7/site-packages/airflow/example_dags/example_skip_dag.py
[2024-02-11 04:23:11,418] {processor.py:641} INFO - Processing file /home/airflow/.local/lib/python3.7/site-packages/airflow/example_dags/example_skip_dag.py for tasks to queue
[2024-02-11 04:23:11,419] {logging_mixin.py:115} INFO - [2024-02-11 04:23:11,419] {dagbag.py:507} INFO - Filling up the DagBag from /home/airflow/.local/lib/python3.7/site-packages/airflow/example_dags/example_skip_dag.py
[2024-02-11 04:23:11,426] {processor.py:651} INFO - DAG(s) dict_keys(['example_skip_dag']) retrieved from /home/airflow/.local/lib/python3.7/site-packages/airflow/example_dags/example_skip_dag.py
[2024-02-11 04:23:11,453] {logging_mixin.py:115} INFO - [2024-02-11 04:23:11,453] {dag.py:2371} INFO - Sync 1 DAGs
[2024-02-11 04:23:11,494] {logging_mixin.py:115} INFO - [2024-02-11 04:23:11,494] {dag.py:2919} INFO - Setting next_dagrun for example_skip_dag to 2024-02-10T04:23:11.494407+00:00, run_after=2024-02-11T04:23:11.494407+00:00
[2024-02-11 04:23:11,516] {processor.py:161} INFO - Processing /home/airflow/.local/lib/python3.7/site-packages/airflow/example_dags/example_skip_dag.py took 0.107 seconds
[2024-02-11 05:29:09,606] {processor.py:153} INFO - Started process (PID=5201) to work on /home/airflow/.local/lib/python3.7/site-packages/airflow/example_dags/example_skip_dag.py
[2024-02-11 05:29:09,608] {processor.py:641} INFO - Processing file /home/airflow/.local/lib/python3.7/site-packages/airflow/example_dags/example_skip_dag.py for tasks to queue
[2024-02-11 05:29:09,612] {logging_mixin.py:115} INFO - [2024-02-11 05:29:09,612] {dagbag.py:507} INFO - Filling up the DagBag from /home/airflow/.local/lib/python3.7/site-packages/airflow/example_dags/example_skip_dag.py
[2024-02-11 05:29:09,618] {processor.py:651} INFO - DAG(s) dict_keys(['example_skip_dag']) retrieved from /home/airflow/.local/lib/python3.7/site-packages/airflow/example_dags/example_skip_dag.py
[2024-02-11 05:29:09,675] {logging_mixin.py:115} INFO - [2024-02-11 05:29:09,675] {dag.py:2371} INFO - Sync 1 DAGs
[2024-02-11 05:29:09,710] {logging_mixin.py:115} INFO - [2024-02-11 05:29:09,710] {dag.py:2919} INFO - Setting next_dagrun for example_skip_dag to 2024-02-10T05:29:09.709726+00:00, run_after=2024-02-11T05:29:09.709726+00:00
[2024-02-11 05:29:09,729] {processor.py:161} INFO - Processing /home/airflow/.local/lib/python3.7/site-packages/airflow/example_dags/example_skip_dag.py took 0.129 seconds
[2024-02-11 05:33:28,050] {processor.py:153} INFO - Started process (PID=5256) to work on /home/airflow/.local/lib/python3.7/site-packages/airflow/example_dags/example_skip_dag.py
[2024-02-11 05:33:28,051] {processor.py:641} INFO - Processing file /home/airflow/.local/lib/python3.7/site-packages/airflow/example_dags/example_skip_dag.py for tasks to queue
[2024-02-11 05:33:28,053] {logging_mixin.py:115} INFO - [2024-02-11 05:33:28,052] {dagbag.py:507} INFO - Filling up the DagBag from /home/airflow/.local/lib/python3.7/site-packages/airflow/example_dags/example_skip_dag.py
[2024-02-11 05:33:28,058] {processor.py:651} INFO - DAG(s) dict_keys(['example_skip_dag']) retrieved from /home/airflow/.local/lib/python3.7/site-packages/airflow/example_dags/example_skip_dag.py
[2024-02-11 05:33:28,103] {logging_mixin.py:115} INFO - [2024-02-11 05:33:28,103] {dag.py:2371} INFO - Sync 1 DAGs
[2024-02-11 05:33:28,144] {logging_mixin.py:115} INFO - [2024-02-11 05:33:28,144] {dag.py:2919} INFO - Setting next_dagrun for example_skip_dag to 2024-02-10T05:33:28.144128+00:00, run_after=2024-02-11T05:33:28.144128+00:00
[2024-02-11 05:33:28,160] {processor.py:161} INFO - Processing /home/airflow/.local/lib/python3.7/site-packages/airflow/example_dags/example_skip_dag.py took 0.114 seconds
[2024-02-11 06:21:40,821] {processor.py:153} INFO - Started process (PID=5324) to work on /home/airflow/.local/lib/python3.7/site-packages/airflow/example_dags/example_skip_dag.py
[2024-02-11 06:21:40,821] {processor.py:641} INFO - Processing file /home/airflow/.local/lib/python3.7/site-packages/airflow/example_dags/example_skip_dag.py for tasks to queue
[2024-02-11 06:21:40,822] {logging_mixin.py:115} INFO - [2024-02-11 06:21:40,822] {dagbag.py:507} INFO - Filling up the DagBag from /home/airflow/.local/lib/python3.7/site-packages/airflow/example_dags/example_skip_dag.py
[2024-02-11 06:21:40,826] {processor.py:651} INFO - DAG(s) dict_keys(['example_skip_dag']) retrieved from /home/airflow/.local/lib/python3.7/site-packages/airflow/example_dags/example_skip_dag.py
[2024-02-11 06:21:40,851] {logging_mixin.py:115} INFO - [2024-02-11 06:21:40,851] {dag.py:2371} INFO - Sync 1 DAGs
[2024-02-11 06:21:40,869] {logging_mixin.py:115} INFO - [2024-02-11 06:21:40,868] {dag.py:2919} INFO - Setting next_dagrun for example_skip_dag to 2024-02-10T06:21:40.868799+00:00, run_after=2024-02-11T06:21:40.868799+00:00
[2024-02-11 06:21:40,876] {processor.py:161} INFO - Processing /home/airflow/.local/lib/python3.7/site-packages/airflow/example_dags/example_skip_dag.py took 0.058 seconds
[2024-02-11 06:34:32,855] {processor.py:153} INFO - Started process (PID=5394) to work on /home/airflow/.local/lib/python3.7/site-packages/airflow/example_dags/example_skip_dag.py
[2024-02-11 06:34:32,856] {processor.py:641} INFO - Processing file /home/airflow/.local/lib/python3.7/site-packages/airflow/example_dags/example_skip_dag.py for tasks to queue
[2024-02-11 06:34:32,856] {logging_mixin.py:115} INFO - [2024-02-11 06:34:32,856] {dagbag.py:507} INFO - Filling up the DagBag from /home/airflow/.local/lib/python3.7/site-packages/airflow/example_dags/example_skip_dag.py
[2024-02-11 06:34:32,860] {processor.py:651} INFO - DAG(s) dict_keys(['example_skip_dag']) retrieved from /home/airflow/.local/lib/python3.7/site-packages/airflow/example_dags/example_skip_dag.py
[2024-02-11 06:34:32,879] {logging_mixin.py:115} INFO - [2024-02-11 06:34:32,879] {dag.py:2371} INFO - Sync 1 DAGs
[2024-02-11 06:34:32,891] {logging_mixin.py:115} INFO - [2024-02-11 06:34:32,891] {dag.py:2919} INFO - Setting next_dagrun for example_skip_dag to 2024-02-10T06:34:32.891224+00:00, run_after=2024-02-11T06:34:32.891224+00:00
[2024-02-11 06:34:32,897] {processor.py:161} INFO - Processing /home/airflow/.local/lib/python3.7/site-packages/airflow/example_dags/example_skip_dag.py took 0.045 seconds
[2024-02-11 07:08:52,241] {processor.py:153} INFO - Started process (PID=5452) to work on /home/airflow/.local/lib/python3.7/site-packages/airflow/example_dags/example_skip_dag.py
[2024-02-11 07:08:52,242] {processor.py:641} INFO - Processing file /home/airflow/.local/lib/python3.7/site-packages/airflow/example_dags/example_skip_dag.py for tasks to queue
[2024-02-11 07:08:52,243] {logging_mixin.py:115} INFO - [2024-02-11 07:08:52,243] {dagbag.py:507} INFO - Filling up the DagBag from /home/airflow/.local/lib/python3.7/site-packages/airflow/example_dags/example_skip_dag.py
[2024-02-11 07:08:52,247] {processor.py:651} INFO - DAG(s) dict_keys(['example_skip_dag']) retrieved from /home/airflow/.local/lib/python3.7/site-packages/airflow/example_dags/example_skip_dag.py
[2024-02-11 07:08:52,272] {logging_mixin.py:115} INFO - [2024-02-11 07:08:52,271] {dag.py:2371} INFO - Sync 1 DAGs
[2024-02-11 07:08:52,302] {logging_mixin.py:115} INFO - [2024-02-11 07:08:52,302] {dag.py:2919} INFO - Setting next_dagrun for example_skip_dag to 2024-02-10T07:08:52.301713+00:00, run_after=2024-02-11T07:08:52.301713+00:00
[2024-02-11 07:08:52,413] {processor.py:161} INFO - Processing /home/airflow/.local/lib/python3.7/site-packages/airflow/example_dags/example_skip_dag.py took 0.174 seconds
[2024-02-11 07:35:27,731] {processor.py:153} INFO - Started process (PID=5521) to work on /home/airflow/.local/lib/python3.7/site-packages/airflow/example_dags/example_skip_dag.py
[2024-02-11 07:35:27,732] {processor.py:641} INFO - Processing file /home/airflow/.local/lib/python3.7/site-packages/airflow/example_dags/example_skip_dag.py for tasks to queue
[2024-02-11 07:35:27,732] {logging_mixin.py:115} INFO - [2024-02-11 07:35:27,732] {dagbag.py:507} INFO - Filling up the DagBag from /home/airflow/.local/lib/python3.7/site-packages/airflow/example_dags/example_skip_dag.py
[2024-02-11 07:35:27,736] {processor.py:651} INFO - DAG(s) dict_keys(['example_skip_dag']) retrieved from /home/airflow/.local/lib/python3.7/site-packages/airflow/example_dags/example_skip_dag.py
[2024-02-11 07:35:27,756] {logging_mixin.py:115} INFO - [2024-02-11 07:35:27,755] {dag.py:2371} INFO - Sync 1 DAGs
[2024-02-11 07:35:27,850] {logging_mixin.py:115} INFO - [2024-02-11 07:35:27,850] {dag.py:2919} INFO - Setting next_dagrun for example_skip_dag to 2024-02-10T07:35:27.850586+00:00, run_after=2024-02-11T07:35:27.850586+00:00
[2024-02-11 07:35:27,856] {processor.py:161} INFO - Processing /home/airflow/.local/lib/python3.7/site-packages/airflow/example_dags/example_skip_dag.py took 0.127 seconds
[2024-02-11 08:02:46,406] {processor.py:153} INFO - Started process (PID=5590) to work on /home/airflow/.local/lib/python3.7/site-packages/airflow/example_dags/example_skip_dag.py
[2024-02-11 08:02:46,407] {processor.py:641} INFO - Processing file /home/airflow/.local/lib/python3.7/site-packages/airflow/example_dags/example_skip_dag.py for tasks to queue
[2024-02-11 08:02:46,408] {logging_mixin.py:115} INFO - [2024-02-11 08:02:46,408] {dagbag.py:507} INFO - Filling up the DagBag from /home/airflow/.local/lib/python3.7/site-packages/airflow/example_dags/example_skip_dag.py
[2024-02-11 08:02:46,414] {processor.py:651} INFO - DAG(s) dict_keys(['example_skip_dag']) retrieved from /home/airflow/.local/lib/python3.7/site-packages/airflow/example_dags/example_skip_dag.py
[2024-02-11 08:02:46,434] {logging_mixin.py:115} INFO - [2024-02-11 08:02:46,434] {dag.py:2371} INFO - Sync 1 DAGs
[2024-02-11 08:02:46,603] {logging_mixin.py:115} INFO - [2024-02-11 08:02:46,603] {dag.py:2919} INFO - Setting next_dagrun for example_skip_dag to 2024-02-10T08:02:46.603273+00:00, run_after=2024-02-11T08:02:46.603273+00:00
[2024-02-11 08:02:46,609] {processor.py:161} INFO - Processing /home/airflow/.local/lib/python3.7/site-packages/airflow/example_dags/example_skip_dag.py took 0.209 seconds
[2024-02-11 08:03:17,098] {processor.py:153} INFO - Started process (PID=5644) to work on /home/airflow/.local/lib/python3.7/site-packages/airflow/example_dags/example_skip_dag.py
[2024-02-11 08:03:17,099] {processor.py:641} INFO - Processing file /home/airflow/.local/lib/python3.7/site-packages/airflow/example_dags/example_skip_dag.py for tasks to queue
[2024-02-11 08:03:17,099] {logging_mixin.py:115} INFO - [2024-02-11 08:03:17,099] {dagbag.py:507} INFO - Filling up the DagBag from /home/airflow/.local/lib/python3.7/site-packages/airflow/example_dags/example_skip_dag.py
[2024-02-11 08:03:17,102] {processor.py:651} INFO - DAG(s) dict_keys(['example_skip_dag']) retrieved from /home/airflow/.local/lib/python3.7/site-packages/airflow/example_dags/example_skip_dag.py
[2024-02-11 08:03:17,115] {logging_mixin.py:115} INFO - [2024-02-11 08:03:17,115] {dag.py:2371} INFO - Sync 1 DAGs
[2024-02-11 08:03:17,197] {logging_mixin.py:115} INFO - [2024-02-11 08:03:17,197] {dag.py:2919} INFO - Setting next_dagrun for example_skip_dag to 2024-02-10T08:03:17.197066+00:00, run_after=2024-02-11T08:03:17.197066+00:00
[2024-02-11 08:03:17,203] {processor.py:161} INFO - Processing /home/airflow/.local/lib/python3.7/site-packages/airflow/example_dags/example_skip_dag.py took 0.107 seconds
[2024-02-11 08:05:40,890] {processor.py:153} INFO - Started process (PID=5699) to work on /home/airflow/.local/lib/python3.7/site-packages/airflow/example_dags/example_skip_dag.py
[2024-02-11 08:05:40,891] {processor.py:641} INFO - Processing file /home/airflow/.local/lib/python3.7/site-packages/airflow/example_dags/example_skip_dag.py for tasks to queue
[2024-02-11 08:05:40,892] {logging_mixin.py:115} INFO - [2024-02-11 08:05:40,892] {dagbag.py:507} INFO - Filling up the DagBag from /home/airflow/.local/lib/python3.7/site-packages/airflow/example_dags/example_skip_dag.py
[2024-02-11 08:05:40,895] {processor.py:651} INFO - DAG(s) dict_keys(['example_skip_dag']) retrieved from /home/airflow/.local/lib/python3.7/site-packages/airflow/example_dags/example_skip_dag.py
[2024-02-11 08:05:40,911] {logging_mixin.py:115} INFO - [2024-02-11 08:05:40,911] {dag.py:2371} INFO - Sync 1 DAGs
[2024-02-11 08:05:41,038] {logging_mixin.py:115} INFO - [2024-02-11 08:05:41,038] {dag.py:2919} INFO - Setting next_dagrun for example_skip_dag to 2024-02-10T08:05:41.038232+00:00, run_after=2024-02-11T08:05:41.038232+00:00
[2024-02-11 08:05:41,044] {processor.py:161} INFO - Processing /home/airflow/.local/lib/python3.7/site-packages/airflow/example_dags/example_skip_dag.py took 0.155 seconds
[2024-02-11 08:06:12,499] {processor.py:153} INFO - Started process (PID=5763) to work on /home/airflow/.local/lib/python3.7/site-packages/airflow/example_dags/example_skip_dag.py
[2024-02-11 08:06:12,500] {processor.py:641} INFO - Processing file /home/airflow/.local/lib/python3.7/site-packages/airflow/example_dags/example_skip_dag.py for tasks to queue
[2024-02-11 08:06:12,501] {logging_mixin.py:115} INFO - [2024-02-11 08:06:12,501] {dagbag.py:507} INFO - Filling up the DagBag from /home/airflow/.local/lib/python3.7/site-packages/airflow/example_dags/example_skip_dag.py
[2024-02-11 08:06:12,518] {processor.py:651} INFO - DAG(s) dict_keys(['example_skip_dag']) retrieved from /home/airflow/.local/lib/python3.7/site-packages/airflow/example_dags/example_skip_dag.py
[2024-02-11 08:06:12,563] {logging_mixin.py:115} INFO - [2024-02-11 08:06:12,563] {dag.py:2371} INFO - Sync 1 DAGs
[2024-02-11 08:06:12,674] {logging_mixin.py:115} INFO - [2024-02-11 08:06:12,674] {dag.py:2919} INFO - Setting next_dagrun for example_skip_dag to 2024-02-10T08:06:12.674001+00:00, run_after=2024-02-11T08:06:12.674001+00:00
[2024-02-11 08:06:12,682] {processor.py:161} INFO - Processing /home/airflow/.local/lib/python3.7/site-packages/airflow/example_dags/example_skip_dag.py took 0.186 seconds
[2024-02-11 08:06:43,693] {processor.py:153} INFO - Started process (PID=5827) to work on /home/airflow/.local/lib/python3.7/site-packages/airflow/example_dags/example_skip_dag.py
[2024-02-11 08:06:43,695] {processor.py:641} INFO - Processing file /home/airflow/.local/lib/python3.7/site-packages/airflow/example_dags/example_skip_dag.py for tasks to queue
[2024-02-11 08:06:43,695] {logging_mixin.py:115} INFO - [2024-02-11 08:06:43,695] {dagbag.py:507} INFO - Filling up the DagBag from /home/airflow/.local/lib/python3.7/site-packages/airflow/example_dags/example_skip_dag.py
[2024-02-11 08:06:43,702] {processor.py:651} INFO - DAG(s) dict_keys(['example_skip_dag']) retrieved from /home/airflow/.local/lib/python3.7/site-packages/airflow/example_dags/example_skip_dag.py
[2024-02-11 08:06:43,736] {logging_mixin.py:115} INFO - [2024-02-11 08:06:43,736] {dag.py:2371} INFO - Sync 1 DAGs
[2024-02-11 08:06:43,890] {logging_mixin.py:115} INFO - [2024-02-11 08:06:43,890] {dag.py:2919} INFO - Setting next_dagrun for example_skip_dag to 2024-02-10T08:06:43.890157+00:00, run_after=2024-02-11T08:06:43.890157+00:00
[2024-02-11 08:06:43,911] {processor.py:161} INFO - Processing /home/airflow/.local/lib/python3.7/site-packages/airflow/example_dags/example_skip_dag.py took 0.223 seconds
[2024-02-11 08:07:14,261] {processor.py:153} INFO - Started process (PID=5891) to work on /home/airflow/.local/lib/python3.7/site-packages/airflow/example_dags/example_skip_dag.py
[2024-02-11 08:07:14,262] {processor.py:641} INFO - Processing file /home/airflow/.local/lib/python3.7/site-packages/airflow/example_dags/example_skip_dag.py for tasks to queue
[2024-02-11 08:07:14,262] {logging_mixin.py:115} INFO - [2024-02-11 08:07:14,262] {dagbag.py:507} INFO - Filling up the DagBag from /home/airflow/.local/lib/python3.7/site-packages/airflow/example_dags/example_skip_dag.py
[2024-02-11 08:07:14,265] {processor.py:651} INFO - DAG(s) dict_keys(['example_skip_dag']) retrieved from /home/airflow/.local/lib/python3.7/site-packages/airflow/example_dags/example_skip_dag.py
[2024-02-11 08:07:14,281] {logging_mixin.py:115} INFO - [2024-02-11 08:07:14,281] {dag.py:2371} INFO - Sync 1 DAGs
[2024-02-11 08:07:14,377] {logging_mixin.py:115} INFO - [2024-02-11 08:07:14,377] {dag.py:2919} INFO - Setting next_dagrun for example_skip_dag to 2024-02-10T08:07:14.377007+00:00, run_after=2024-02-11T08:07:14.377007+00:00
[2024-02-11 08:07:14,382] {processor.py:161} INFO - Processing /home/airflow/.local/lib/python3.7/site-packages/airflow/example_dags/example_skip_dag.py took 0.123 seconds
[2024-02-11 08:07:45,297] {processor.py:153} INFO - Started process (PID=5955) to work on /home/airflow/.local/lib/python3.7/site-packages/airflow/example_dags/example_skip_dag.py
[2024-02-11 08:07:45,300] {processor.py:641} INFO - Processing file /home/airflow/.local/lib/python3.7/site-packages/airflow/example_dags/example_skip_dag.py for tasks to queue
[2024-02-11 08:07:45,300] {logging_mixin.py:115} INFO - [2024-02-11 08:07:45,300] {dagbag.py:507} INFO - Filling up the DagBag from /home/airflow/.local/lib/python3.7/site-packages/airflow/example_dags/example_skip_dag.py
[2024-02-11 08:07:45,305] {processor.py:651} INFO - DAG(s) dict_keys(['example_skip_dag']) retrieved from /home/airflow/.local/lib/python3.7/site-packages/airflow/example_dags/example_skip_dag.py
[2024-02-11 08:07:45,328] {logging_mixin.py:115} INFO - [2024-02-11 08:07:45,328] {dag.py:2371} INFO - Sync 1 DAGs
[2024-02-11 08:07:45,427] {logging_mixin.py:115} INFO - [2024-02-11 08:07:45,427] {dag.py:2919} INFO - Setting next_dagrun for example_skip_dag to 2024-02-10T08:07:45.427396+00:00, run_after=2024-02-11T08:07:45.427396+00:00
[2024-02-11 08:07:45,432] {processor.py:161} INFO - Processing /home/airflow/.local/lib/python3.7/site-packages/airflow/example_dags/example_skip_dag.py took 0.137 seconds
[2024-02-11 08:08:16,226] {processor.py:153} INFO - Started process (PID=6019) to work on /home/airflow/.local/lib/python3.7/site-packages/airflow/example_dags/example_skip_dag.py
[2024-02-11 08:08:16,228] {processor.py:641} INFO - Processing file /home/airflow/.local/lib/python3.7/site-packages/airflow/example_dags/example_skip_dag.py for tasks to queue
[2024-02-11 08:08:16,228] {logging_mixin.py:115} INFO - [2024-02-11 08:08:16,228] {dagbag.py:507} INFO - Filling up the DagBag from /home/airflow/.local/lib/python3.7/site-packages/airflow/example_dags/example_skip_dag.py
[2024-02-11 08:08:16,232] {processor.py:651} INFO - DAG(s) dict_keys(['example_skip_dag']) retrieved from /home/airflow/.local/lib/python3.7/site-packages/airflow/example_dags/example_skip_dag.py
[2024-02-11 08:08:16,252] {logging_mixin.py:115} INFO - [2024-02-11 08:08:16,252] {dag.py:2371} INFO - Sync 1 DAGs
[2024-02-11 08:08:16,366] {logging_mixin.py:115} INFO - [2024-02-11 08:08:16,366] {dag.py:2919} INFO - Setting next_dagrun for example_skip_dag to 2024-02-10T08:08:16.366288+00:00, run_after=2024-02-11T08:08:16.366288+00:00
[2024-02-11 08:08:16,371] {processor.py:161} INFO - Processing /home/airflow/.local/lib/python3.7/site-packages/airflow/example_dags/example_skip_dag.py took 0.147 seconds
[2024-02-11 08:08:54,333] {processor.py:153} INFO - Started process (PID=6083) to work on /home/airflow/.local/lib/python3.7/site-packages/airflow/example_dags/example_skip_dag.py
[2024-02-11 08:08:54,335] {processor.py:641} INFO - Processing file /home/airflow/.local/lib/python3.7/site-packages/airflow/example_dags/example_skip_dag.py for tasks to queue
[2024-02-11 08:08:54,336] {logging_mixin.py:115} INFO - [2024-02-11 08:08:54,336] {dagbag.py:507} INFO - Filling up the DagBag from /home/airflow/.local/lib/python3.7/site-packages/airflow/example_dags/example_skip_dag.py
[2024-02-11 08:08:54,345] {processor.py:651} INFO - DAG(s) dict_keys(['example_skip_dag']) retrieved from /home/airflow/.local/lib/python3.7/site-packages/airflow/example_dags/example_skip_dag.py
[2024-02-11 08:08:54,380] {logging_mixin.py:115} INFO - [2024-02-11 08:08:54,380] {dag.py:2371} INFO - Sync 1 DAGs
[2024-02-11 08:08:54,656] {logging_mixin.py:115} INFO - [2024-02-11 08:08:54,656] {dag.py:2919} INFO - Setting next_dagrun for example_skip_dag to 2024-02-10T08:08:54.656139+00:00, run_after=2024-02-11T08:08:54.656139+00:00
[2024-02-11 08:08:54,667] {processor.py:161} INFO - Processing /home/airflow/.local/lib/python3.7/site-packages/airflow/example_dags/example_skip_dag.py took 0.346 seconds
[2024-02-11 12:16:16,545] {processor.py:153} INFO - Started process (PID=82) to work on /home/airflow/.local/lib/python3.7/site-packages/airflow/example_dags/example_skip_dag.py
[2024-02-11 12:16:16,546] {processor.py:641} INFO - Processing file /home/airflow/.local/lib/python3.7/site-packages/airflow/example_dags/example_skip_dag.py for tasks to queue
[2024-02-11 12:16:16,547] {logging_mixin.py:115} INFO - [2024-02-11 12:16:16,547] {dagbag.py:507} INFO - Filling up the DagBag from /home/airflow/.local/lib/python3.7/site-packages/airflow/example_dags/example_skip_dag.py
[2024-02-11 12:16:16,554] {processor.py:651} INFO - DAG(s) dict_keys(['example_skip_dag']) retrieved from /home/airflow/.local/lib/python3.7/site-packages/airflow/example_dags/example_skip_dag.py
[2024-02-11 12:16:16,628] {logging_mixin.py:115} INFO - [2024-02-11 12:16:16,627] {dag.py:2371} INFO - Sync 1 DAGs
[2024-02-11 12:16:18,062] {logging_mixin.py:115} INFO - [2024-02-11 12:16:17,990] {dag.py:2919} INFO - Setting next_dagrun for example_skip_dag to 2024-02-10T12:16:17.974762+00:00, run_after=2024-02-11T12:16:17.974762+00:00
[2024-02-11 12:16:19,367] {processor.py:161} INFO - Processing /home/airflow/.local/lib/python3.7/site-packages/airflow/example_dags/example_skip_dag.py took 2.809 seconds
[2024-02-11 12:16:50,591] {processor.py:153} INFO - Started process (PID=136) to work on /home/airflow/.local/lib/python3.7/site-packages/airflow/example_dags/example_skip_dag.py
[2024-02-11 12:16:50,592] {processor.py:641} INFO - Processing file /home/airflow/.local/lib/python3.7/site-packages/airflow/example_dags/example_skip_dag.py for tasks to queue
[2024-02-11 12:16:50,593] {logging_mixin.py:115} INFO - [2024-02-11 12:16:50,593] {dagbag.py:507} INFO - Filling up the DagBag from /home/airflow/.local/lib/python3.7/site-packages/airflow/example_dags/example_skip_dag.py
[2024-02-11 12:16:50,604] {processor.py:651} INFO - DAG(s) dict_keys(['example_skip_dag']) retrieved from /home/airflow/.local/lib/python3.7/site-packages/airflow/example_dags/example_skip_dag.py
[2024-02-11 12:16:50,651] {logging_mixin.py:115} INFO - [2024-02-11 12:16:50,651] {dag.py:2371} INFO - Sync 1 DAGs
[2024-02-11 12:16:50,668] {logging_mixin.py:115} INFO - [2024-02-11 12:16:50,668] {dag.py:2919} INFO - Setting next_dagrun for example_skip_dag to 2024-02-10T12:16:50.667713+00:00, run_after=2024-02-11T12:16:50.667713+00:00
[2024-02-11 12:16:50,675] {processor.py:161} INFO - Processing /home/airflow/.local/lib/python3.7/site-packages/airflow/example_dags/example_skip_dag.py took 0.091 seconds
[2024-02-11 12:17:21,624] {processor.py:153} INFO - Started process (PID=199) to work on /home/airflow/.local/lib/python3.7/site-packages/airflow/example_dags/example_skip_dag.py
[2024-02-11 12:17:21,626] {processor.py:641} INFO - Processing file /home/airflow/.local/lib/python3.7/site-packages/airflow/example_dags/example_skip_dag.py for tasks to queue
[2024-02-11 12:17:21,626] {logging_mixin.py:115} INFO - [2024-02-11 12:17:21,626] {dagbag.py:507} INFO - Filling up the DagBag from /home/airflow/.local/lib/python3.7/site-packages/airflow/example_dags/example_skip_dag.py
[2024-02-11 12:17:21,645] {processor.py:651} INFO - DAG(s) dict_keys(['example_skip_dag']) retrieved from /home/airflow/.local/lib/python3.7/site-packages/airflow/example_dags/example_skip_dag.py
[2024-02-11 12:17:21,692] {logging_mixin.py:115} INFO - [2024-02-11 12:17:21,692] {dag.py:2371} INFO - Sync 1 DAGs
[2024-02-11 12:17:21,723] {logging_mixin.py:115} INFO - [2024-02-11 12:17:21,723] {dag.py:2919} INFO - Setting next_dagrun for example_skip_dag to 2024-02-10T12:17:21.723127+00:00, run_after=2024-02-11T12:17:21.723127+00:00
[2024-02-11 12:17:21,731] {processor.py:161} INFO - Processing /home/airflow/.local/lib/python3.7/site-packages/airflow/example_dags/example_skip_dag.py took 0.111 seconds
[2024-02-11 12:17:51,918] {processor.py:153} INFO - Started process (PID=254) to work on /home/airflow/.local/lib/python3.7/site-packages/airflow/example_dags/example_skip_dag.py
[2024-02-11 12:17:51,919] {processor.py:641} INFO - Processing file /home/airflow/.local/lib/python3.7/site-packages/airflow/example_dags/example_skip_dag.py for tasks to queue
[2024-02-11 12:17:51,920] {logging_mixin.py:115} INFO - [2024-02-11 12:17:51,920] {dagbag.py:507} INFO - Filling up the DagBag from /home/airflow/.local/lib/python3.7/site-packages/airflow/example_dags/example_skip_dag.py
[2024-02-11 12:17:51,927] {processor.py:651} INFO - DAG(s) dict_keys(['example_skip_dag']) retrieved from /home/airflow/.local/lib/python3.7/site-packages/airflow/example_dags/example_skip_dag.py
[2024-02-11 12:17:51,963] {logging_mixin.py:115} INFO - [2024-02-11 12:17:51,962] {dag.py:2371} INFO - Sync 1 DAGs
[2024-02-11 12:17:51,980] {logging_mixin.py:115} INFO - [2024-02-11 12:17:51,980] {dag.py:2919} INFO - Setting next_dagrun for example_skip_dag to 2024-02-10T12:17:51.980323+00:00, run_after=2024-02-11T12:17:51.980323+00:00
[2024-02-11 12:17:51,988] {processor.py:161} INFO - Processing /home/airflow/.local/lib/python3.7/site-packages/airflow/example_dags/example_skip_dag.py took 0.074 seconds
[2024-02-11 12:18:22,133] {processor.py:153} INFO - Started process (PID=318) to work on /home/airflow/.local/lib/python3.7/site-packages/airflow/example_dags/example_skip_dag.py
[2024-02-11 12:18:22,134] {processor.py:641} INFO - Processing file /home/airflow/.local/lib/python3.7/site-packages/airflow/example_dags/example_skip_dag.py for tasks to queue
[2024-02-11 12:18:22,134] {logging_mixin.py:115} INFO - [2024-02-11 12:18:22,134] {dagbag.py:507} INFO - Filling up the DagBag from /home/airflow/.local/lib/python3.7/site-packages/airflow/example_dags/example_skip_dag.py
[2024-02-11 12:18:22,140] {processor.py:651} INFO - DAG(s) dict_keys(['example_skip_dag']) retrieved from /home/airflow/.local/lib/python3.7/site-packages/airflow/example_dags/example_skip_dag.py
[2024-02-11 12:18:22,154] {logging_mixin.py:115} INFO - [2024-02-11 12:18:22,154] {dag.py:2371} INFO - Sync 1 DAGs
[2024-02-11 12:18:22,168] {logging_mixin.py:115} INFO - [2024-02-11 12:18:22,168] {dag.py:2919} INFO - Setting next_dagrun for example_skip_dag to 2024-02-10T12:18:22.168202+00:00, run_after=2024-02-11T12:18:22.168202+00:00
[2024-02-11 12:18:22,180] {processor.py:161} INFO - Processing /home/airflow/.local/lib/python3.7/site-packages/airflow/example_dags/example_skip_dag.py took 0.050 seconds
[2024-02-11 12:18:53,160] {processor.py:153} INFO - Started process (PID=382) to work on /home/airflow/.local/lib/python3.7/site-packages/airflow/example_dags/example_skip_dag.py
[2024-02-11 12:18:53,161] {processor.py:641} INFO - Processing file /home/airflow/.local/lib/python3.7/site-packages/airflow/example_dags/example_skip_dag.py for tasks to queue
[2024-02-11 12:18:53,161] {logging_mixin.py:115} INFO - [2024-02-11 12:18:53,161] {dagbag.py:507} INFO - Filling up the DagBag from /home/airflow/.local/lib/python3.7/site-packages/airflow/example_dags/example_skip_dag.py
[2024-02-11 12:18:53,166] {processor.py:651} INFO - DAG(s) dict_keys(['example_skip_dag']) retrieved from /home/airflow/.local/lib/python3.7/site-packages/airflow/example_dags/example_skip_dag.py
[2024-02-11 12:18:53,179] {logging_mixin.py:115} INFO - [2024-02-11 12:18:53,179] {dag.py:2371} INFO - Sync 1 DAGs
[2024-02-11 12:18:53,191] {logging_mixin.py:115} INFO - [2024-02-11 12:18:53,191] {dag.py:2919} INFO - Setting next_dagrun for example_skip_dag to 2024-02-10T12:18:53.191236+00:00, run_after=2024-02-11T12:18:53.191236+00:00
[2024-02-11 12:18:53,197] {processor.py:161} INFO - Processing /home/airflow/.local/lib/python3.7/site-packages/airflow/example_dags/example_skip_dag.py took 0.038 seconds
[2024-02-11 12:19:23,924] {processor.py:153} INFO - Started process (PID=444) to work on /home/airflow/.local/lib/python3.7/site-packages/airflow/example_dags/example_skip_dag.py
[2024-02-11 12:19:23,926] {processor.py:641} INFO - Processing file /home/airflow/.local/lib/python3.7/site-packages/airflow/example_dags/example_skip_dag.py for tasks to queue
[2024-02-11 12:19:23,929] {logging_mixin.py:115} INFO - [2024-02-11 12:19:23,928] {dagbag.py:507} INFO - Filling up the DagBag from /home/airflow/.local/lib/python3.7/site-packages/airflow/example_dags/example_skip_dag.py
[2024-02-11 12:19:23,946] {processor.py:651} INFO - DAG(s) dict_keys(['example_skip_dag']) retrieved from /home/airflow/.local/lib/python3.7/site-packages/airflow/example_dags/example_skip_dag.py
[2024-02-11 12:19:23,976] {logging_mixin.py:115} INFO - [2024-02-11 12:19:23,976] {dag.py:2371} INFO - Sync 1 DAGs
[2024-02-11 12:19:24,009] {logging_mixin.py:115} INFO - [2024-02-11 12:19:24,009] {dag.py:2919} INFO - Setting next_dagrun for example_skip_dag to 2024-02-10T12:19:24.003674+00:00, run_after=2024-02-11T12:19:24.003674+00:00
[2024-02-11 12:19:24,031] {processor.py:161} INFO - Processing /home/airflow/.local/lib/python3.7/site-packages/airflow/example_dags/example_skip_dag.py took 0.116 seconds
[2024-02-11 12:19:54,562] {processor.py:153} INFO - Started process (PID=499) to work on /home/airflow/.local/lib/python3.7/site-packages/airflow/example_dags/example_skip_dag.py
[2024-02-11 12:19:54,563] {processor.py:641} INFO - Processing file /home/airflow/.local/lib/python3.7/site-packages/airflow/example_dags/example_skip_dag.py for tasks to queue
[2024-02-11 12:19:54,563] {logging_mixin.py:115} INFO - [2024-02-11 12:19:54,563] {dagbag.py:507} INFO - Filling up the DagBag from /home/airflow/.local/lib/python3.7/site-packages/airflow/example_dags/example_skip_dag.py
[2024-02-11 12:19:54,569] {processor.py:651} INFO - DAG(s) dict_keys(['example_skip_dag']) retrieved from /home/airflow/.local/lib/python3.7/site-packages/airflow/example_dags/example_skip_dag.py
[2024-02-11 12:19:54,583] {logging_mixin.py:115} INFO - [2024-02-11 12:19:54,583] {dag.py:2371} INFO - Sync 1 DAGs
[2024-02-11 12:19:54,594] {logging_mixin.py:115} INFO - [2024-02-11 12:19:54,594] {dag.py:2919} INFO - Setting next_dagrun for example_skip_dag to 2024-02-10T12:19:54.594411+00:00, run_after=2024-02-11T12:19:54.594411+00:00
[2024-02-11 12:19:54,600] {processor.py:161} INFO - Processing /home/airflow/.local/lib/python3.7/site-packages/airflow/example_dags/example_skip_dag.py took 0.039 seconds
[2024-02-11 12:20:25,408] {processor.py:153} INFO - Started process (PID=563) to work on /home/airflow/.local/lib/python3.7/site-packages/airflow/example_dags/example_skip_dag.py
[2024-02-11 12:20:25,410] {processor.py:641} INFO - Processing file /home/airflow/.local/lib/python3.7/site-packages/airflow/example_dags/example_skip_dag.py for tasks to queue
[2024-02-11 12:20:25,411] {logging_mixin.py:115} INFO - [2024-02-11 12:20:25,411] {dagbag.py:507} INFO - Filling up the DagBag from /home/airflow/.local/lib/python3.7/site-packages/airflow/example_dags/example_skip_dag.py
[2024-02-11 12:20:25,417] {processor.py:651} INFO - DAG(s) dict_keys(['example_skip_dag']) retrieved from /home/airflow/.local/lib/python3.7/site-packages/airflow/example_dags/example_skip_dag.py
[2024-02-11 12:20:25,433] {logging_mixin.py:115} INFO - [2024-02-11 12:20:25,433] {dag.py:2371} INFO - Sync 1 DAGs
[2024-02-11 12:20:25,447] {logging_mixin.py:115} INFO - [2024-02-11 12:20:25,447] {dag.py:2919} INFO - Setting next_dagrun for example_skip_dag to 2024-02-10T12:20:25.446830+00:00, run_after=2024-02-11T12:20:25.446830+00:00
[2024-02-11 12:20:25,453] {processor.py:161} INFO - Processing /home/airflow/.local/lib/python3.7/site-packages/airflow/example_dags/example_skip_dag.py took 0.048 seconds
[2024-02-11 12:20:56,123] {processor.py:153} INFO - Started process (PID=627) to work on /home/airflow/.local/lib/python3.7/site-packages/airflow/example_dags/example_skip_dag.py
[2024-02-11 12:20:56,124] {processor.py:641} INFO - Processing file /home/airflow/.local/lib/python3.7/site-packages/airflow/example_dags/example_skip_dag.py for tasks to queue
[2024-02-11 12:20:56,125] {logging_mixin.py:115} INFO - [2024-02-11 12:20:56,125] {dagbag.py:507} INFO - Filling up the DagBag from /home/airflow/.local/lib/python3.7/site-packages/airflow/example_dags/example_skip_dag.py
[2024-02-11 12:20:56,130] {processor.py:651} INFO - DAG(s) dict_keys(['example_skip_dag']) retrieved from /home/airflow/.local/lib/python3.7/site-packages/airflow/example_dags/example_skip_dag.py
[2024-02-11 12:20:56,144] {logging_mixin.py:115} INFO - [2024-02-11 12:20:56,144] {dag.py:2371} INFO - Sync 1 DAGs
[2024-02-11 12:20:56,162] {logging_mixin.py:115} INFO - [2024-02-11 12:20:56,162] {dag.py:2919} INFO - Setting next_dagrun for example_skip_dag to 2024-02-10T12:20:56.162720+00:00, run_after=2024-02-11T12:20:56.162720+00:00
[2024-02-11 12:20:56,178] {processor.py:161} INFO - Processing /home/airflow/.local/lib/python3.7/site-packages/airflow/example_dags/example_skip_dag.py took 0.056 seconds
[2024-02-11 12:21:26,983] {processor.py:153} INFO - Started process (PID=681) to work on /home/airflow/.local/lib/python3.7/site-packages/airflow/example_dags/example_skip_dag.py
[2024-02-11 12:21:26,984] {processor.py:641} INFO - Processing file /home/airflow/.local/lib/python3.7/site-packages/airflow/example_dags/example_skip_dag.py for tasks to queue
[2024-02-11 12:21:26,984] {logging_mixin.py:115} INFO - [2024-02-11 12:21:26,984] {dagbag.py:507} INFO - Filling up the DagBag from /home/airflow/.local/lib/python3.7/site-packages/airflow/example_dags/example_skip_dag.py
[2024-02-11 12:21:26,987] {processor.py:651} INFO - DAG(s) dict_keys(['example_skip_dag']) retrieved from /home/airflow/.local/lib/python3.7/site-packages/airflow/example_dags/example_skip_dag.py
[2024-02-11 12:21:27,003] {logging_mixin.py:115} INFO - [2024-02-11 12:21:27,003] {dag.py:2371} INFO - Sync 1 DAGs
[2024-02-11 12:21:27,018] {logging_mixin.py:115} INFO - [2024-02-11 12:21:27,018] {dag.py:2919} INFO - Setting next_dagrun for example_skip_dag to 2024-02-10T12:21:27.018096+00:00, run_after=2024-02-11T12:21:27.018096+00:00
[2024-02-11 12:21:27,027] {processor.py:161} INFO - Processing /home/airflow/.local/lib/python3.7/site-packages/airflow/example_dags/example_skip_dag.py took 0.046 seconds
[2024-02-11 12:21:58,165] {processor.py:153} INFO - Started process (PID=748) to work on /home/airflow/.local/lib/python3.7/site-packages/airflow/example_dags/example_skip_dag.py
[2024-02-11 12:21:58,166] {processor.py:641} INFO - Processing file /home/airflow/.local/lib/python3.7/site-packages/airflow/example_dags/example_skip_dag.py for tasks to queue
[2024-02-11 12:21:58,167] {logging_mixin.py:115} INFO - [2024-02-11 12:21:58,167] {dagbag.py:507} INFO - Filling up the DagBag from /home/airflow/.local/lib/python3.7/site-packages/airflow/example_dags/example_skip_dag.py
[2024-02-11 12:21:58,170] {processor.py:651} INFO - DAG(s) dict_keys(['example_skip_dag']) retrieved from /home/airflow/.local/lib/python3.7/site-packages/airflow/example_dags/example_skip_dag.py
[2024-02-11 12:21:58,183] {logging_mixin.py:115} INFO - [2024-02-11 12:21:58,183] {dag.py:2371} INFO - Sync 1 DAGs
[2024-02-11 12:21:58,194] {logging_mixin.py:115} INFO - [2024-02-11 12:21:58,194] {dag.py:2919} INFO - Setting next_dagrun for example_skip_dag to 2024-02-10T12:21:58.194633+00:00, run_after=2024-02-11T12:21:58.194633+00:00
[2024-02-11 12:21:58,204] {processor.py:161} INFO - Processing /home/airflow/.local/lib/python3.7/site-packages/airflow/example_dags/example_skip_dag.py took 0.040 seconds
[2024-02-11 12:23:21,021] {processor.py:153} INFO - Started process (PID=70) to work on /home/airflow/.local/lib/python3.7/site-packages/airflow/example_dags/example_skip_dag.py
[2024-02-11 12:23:21,023] {processor.py:641} INFO - Processing file /home/airflow/.local/lib/python3.7/site-packages/airflow/example_dags/example_skip_dag.py for tasks to queue
[2024-02-11 12:23:21,024] {logging_mixin.py:115} INFO - [2024-02-11 12:23:21,024] {dagbag.py:507} INFO - Filling up the DagBag from /home/airflow/.local/lib/python3.7/site-packages/airflow/example_dags/example_skip_dag.py
[2024-02-11 12:23:21,038] {processor.py:651} INFO - DAG(s) dict_keys(['example_skip_dag']) retrieved from /home/airflow/.local/lib/python3.7/site-packages/airflow/example_dags/example_skip_dag.py
[2024-02-11 12:23:21,082] {logging_mixin.py:115} INFO - [2024-02-11 12:23:21,082] {dag.py:2371} INFO - Sync 1 DAGs
[2024-02-11 12:23:21,111] {logging_mixin.py:115} INFO - [2024-02-11 12:23:21,111] {dag.py:2919} INFO - Setting next_dagrun for example_skip_dag to 2024-02-10T12:23:21.110155+00:00, run_after=2024-02-11T12:23:21.110155+00:00
[2024-02-11 12:23:21,131] {processor.py:161} INFO - Processing /home/airflow/.local/lib/python3.7/site-packages/airflow/example_dags/example_skip_dag.py took 0.115 seconds
[2024-02-11 12:24:19,395] {processor.py:153} INFO - Started process (PID=79) to work on /home/airflow/.local/lib/python3.7/site-packages/airflow/example_dags/example_skip_dag.py
[2024-02-11 12:24:19,396] {processor.py:641} INFO - Processing file /home/airflow/.local/lib/python3.7/site-packages/airflow/example_dags/example_skip_dag.py for tasks to queue
[2024-02-11 12:24:19,397] {logging_mixin.py:115} INFO - [2024-02-11 12:24:19,397] {dagbag.py:507} INFO - Filling up the DagBag from /home/airflow/.local/lib/python3.7/site-packages/airflow/example_dags/example_skip_dag.py
[2024-02-11 12:24:19,409] {processor.py:651} INFO - DAG(s) dict_keys(['example_skip_dag']) retrieved from /home/airflow/.local/lib/python3.7/site-packages/airflow/example_dags/example_skip_dag.py
[2024-02-11 12:24:19,443] {logging_mixin.py:115} INFO - [2024-02-11 12:24:19,443] {dag.py:2371} INFO - Sync 1 DAGs
[2024-02-11 12:24:19,523] {logging_mixin.py:115} INFO - [2024-02-11 12:24:19,523] {dag.py:2919} INFO - Setting next_dagrun for example_skip_dag to 2024-02-10T12:24:19.523201+00:00, run_after=2024-02-11T12:24:19.523201+00:00
[2024-02-11 12:24:19,540] {processor.py:161} INFO - Processing /home/airflow/.local/lib/python3.7/site-packages/airflow/example_dags/example_skip_dag.py took 0.148 seconds
[2024-02-11 12:24:50,649] {processor.py:153} INFO - Started process (PID=133) to work on /home/airflow/.local/lib/python3.7/site-packages/airflow/example_dags/example_skip_dag.py
[2024-02-11 12:24:50,650] {processor.py:641} INFO - Processing file /home/airflow/.local/lib/python3.7/site-packages/airflow/example_dags/example_skip_dag.py for tasks to queue
[2024-02-11 12:24:50,650] {logging_mixin.py:115} INFO - [2024-02-11 12:24:50,650] {dagbag.py:507} INFO - Filling up the DagBag from /home/airflow/.local/lib/python3.7/site-packages/airflow/example_dags/example_skip_dag.py
[2024-02-11 12:24:50,678] {processor.py:651} INFO - DAG(s) dict_keys(['example_skip_dag']) retrieved from /home/airflow/.local/lib/python3.7/site-packages/airflow/example_dags/example_skip_dag.py
[2024-02-11 12:24:50,719] {logging_mixin.py:115} INFO - [2024-02-11 12:24:50,719] {dag.py:2371} INFO - Sync 1 DAGs
[2024-02-11 12:24:50,736] {logging_mixin.py:115} INFO - [2024-02-11 12:24:50,736] {dag.py:2919} INFO - Setting next_dagrun for example_skip_dag to 2024-02-10T12:24:50.735917+00:00, run_after=2024-02-11T12:24:50.735917+00:00
[2024-02-11 12:24:50,748] {processor.py:161} INFO - Processing /home/airflow/.local/lib/python3.7/site-packages/airflow/example_dags/example_skip_dag.py took 0.102 seconds
[2024-02-11 12:25:21,851] {processor.py:153} INFO - Started process (PID=210) to work on /home/airflow/.local/lib/python3.7/site-packages/airflow/example_dags/example_skip_dag.py
[2024-02-11 12:25:21,852] {processor.py:641} INFO - Processing file /home/airflow/.local/lib/python3.7/site-packages/airflow/example_dags/example_skip_dag.py for tasks to queue
[2024-02-11 12:25:21,853] {logging_mixin.py:115} INFO - [2024-02-11 12:25:21,853] {dagbag.py:507} INFO - Filling up the DagBag from /home/airflow/.local/lib/python3.7/site-packages/airflow/example_dags/example_skip_dag.py
[2024-02-11 12:25:21,857] {processor.py:651} INFO - DAG(s) dict_keys(['example_skip_dag']) retrieved from /home/airflow/.local/lib/python3.7/site-packages/airflow/example_dags/example_skip_dag.py
[2024-02-11 12:25:21,874] {logging_mixin.py:115} INFO - [2024-02-11 12:25:21,874] {dag.py:2371} INFO - Sync 1 DAGs
[2024-02-11 12:25:21,887] {logging_mixin.py:115} INFO - [2024-02-11 12:25:21,887] {dag.py:2919} INFO - Setting next_dagrun for example_skip_dag to 2024-02-10T12:25:21.886965+00:00, run_after=2024-02-11T12:25:21.886965+00:00
[2024-02-11 12:25:21,893] {processor.py:161} INFO - Processing /home/airflow/.local/lib/python3.7/site-packages/airflow/example_dags/example_skip_dag.py took 0.044 seconds
[2024-02-11 12:25:52,309] {processor.py:153} INFO - Started process (PID=273) to work on /home/airflow/.local/lib/python3.7/site-packages/airflow/example_dags/example_skip_dag.py
[2024-02-11 12:25:52,310] {processor.py:641} INFO - Processing file /home/airflow/.local/lib/python3.7/site-packages/airflow/example_dags/example_skip_dag.py for tasks to queue
[2024-02-11 12:25:52,311] {logging_mixin.py:115} INFO - [2024-02-11 12:25:52,311] {dagbag.py:507} INFO - Filling up the DagBag from /home/airflow/.local/lib/python3.7/site-packages/airflow/example_dags/example_skip_dag.py
[2024-02-11 12:25:52,315] {processor.py:651} INFO - DAG(s) dict_keys(['example_skip_dag']) retrieved from /home/airflow/.local/lib/python3.7/site-packages/airflow/example_dags/example_skip_dag.py
[2024-02-11 12:25:52,337] {logging_mixin.py:115} INFO - [2024-02-11 12:25:52,337] {dag.py:2371} INFO - Sync 1 DAGs
[2024-02-11 12:25:52,359] {logging_mixin.py:115} INFO - [2024-02-11 12:25:52,359] {dag.py:2919} INFO - Setting next_dagrun for example_skip_dag to 2024-02-10T12:25:52.359686+00:00, run_after=2024-02-11T12:25:52.359686+00:00
[2024-02-11 12:25:52,368] {processor.py:161} INFO - Processing /home/airflow/.local/lib/python3.7/site-packages/airflow/example_dags/example_skip_dag.py took 0.060 seconds
[2024-02-11 12:26:22,936] {processor.py:153} INFO - Started process (PID=332) to work on /home/airflow/.local/lib/python3.7/site-packages/airflow/example_dags/example_skip_dag.py
[2024-02-11 12:26:22,938] {processor.py:641} INFO - Processing file /home/airflow/.local/lib/python3.7/site-packages/airflow/example_dags/example_skip_dag.py for tasks to queue
[2024-02-11 12:26:22,940] {logging_mixin.py:115} INFO - [2024-02-11 12:26:22,940] {dagbag.py:507} INFO - Filling up the DagBag from /home/airflow/.local/lib/python3.7/site-packages/airflow/example_dags/example_skip_dag.py
[2024-02-11 12:26:22,950] {processor.py:651} INFO - DAG(s) dict_keys(['example_skip_dag']) retrieved from /home/airflow/.local/lib/python3.7/site-packages/airflow/example_dags/example_skip_dag.py
[2024-02-11 12:26:22,971] {logging_mixin.py:115} INFO - [2024-02-11 12:26:22,971] {dag.py:2371} INFO - Sync 1 DAGs
[2024-02-11 12:26:22,983] {logging_mixin.py:115} INFO - [2024-02-11 12:26:22,983] {dag.py:2919} INFO - Setting next_dagrun for example_skip_dag to 2024-02-10T12:26:22.983433+00:00, run_after=2024-02-11T12:26:22.983433+00:00
[2024-02-11 12:26:22,990] {processor.py:161} INFO - Processing /home/airflow/.local/lib/python3.7/site-packages/airflow/example_dags/example_skip_dag.py took 0.056 seconds
[2024-02-11 12:26:53,600] {processor.py:153} INFO - Started process (PID=394) to work on /home/airflow/.local/lib/python3.7/site-packages/airflow/example_dags/example_skip_dag.py
[2024-02-11 12:26:53,601] {processor.py:641} INFO - Processing file /home/airflow/.local/lib/python3.7/site-packages/airflow/example_dags/example_skip_dag.py for tasks to queue
[2024-02-11 12:26:53,602] {logging_mixin.py:115} INFO - [2024-02-11 12:26:53,602] {dagbag.py:507} INFO - Filling up the DagBag from /home/airflow/.local/lib/python3.7/site-packages/airflow/example_dags/example_skip_dag.py
[2024-02-11 12:26:53,609] {processor.py:651} INFO - DAG(s) dict_keys(['example_skip_dag']) retrieved from /home/airflow/.local/lib/python3.7/site-packages/airflow/example_dags/example_skip_dag.py
[2024-02-11 12:26:53,646] {logging_mixin.py:115} INFO - [2024-02-11 12:26:53,646] {dag.py:2371} INFO - Sync 1 DAGs
[2024-02-11 12:26:53,678] {logging_mixin.py:115} INFO - [2024-02-11 12:26:53,678] {dag.py:2919} INFO - Setting next_dagrun for example_skip_dag to 2024-02-10T12:26:53.678031+00:00, run_after=2024-02-11T12:26:53.678031+00:00
[2024-02-11 12:26:53,690] {processor.py:161} INFO - Processing /home/airflow/.local/lib/python3.7/site-packages/airflow/example_dags/example_skip_dag.py took 0.093 seconds
[2024-02-11 12:27:24,794] {processor.py:153} INFO - Started process (PID=462) to work on /home/airflow/.local/lib/python3.7/site-packages/airflow/example_dags/example_skip_dag.py
[2024-02-11 12:27:24,796] {processor.py:641} INFO - Processing file /home/airflow/.local/lib/python3.7/site-packages/airflow/example_dags/example_skip_dag.py for tasks to queue
[2024-02-11 12:27:24,796] {logging_mixin.py:115} INFO - [2024-02-11 12:27:24,796] {dagbag.py:507} INFO - Filling up the DagBag from /home/airflow/.local/lib/python3.7/site-packages/airflow/example_dags/example_skip_dag.py
[2024-02-11 12:27:24,800] {processor.py:651} INFO - DAG(s) dict_keys(['example_skip_dag']) retrieved from /home/airflow/.local/lib/python3.7/site-packages/airflow/example_dags/example_skip_dag.py
[2024-02-11 12:27:24,817] {logging_mixin.py:115} INFO - [2024-02-11 12:27:24,817] {dag.py:2371} INFO - Sync 1 DAGs
[2024-02-11 12:27:24,834] {logging_mixin.py:115} INFO - [2024-02-11 12:27:24,834] {dag.py:2919} INFO - Setting next_dagrun for example_skip_dag to 2024-02-10T12:27:24.834022+00:00, run_after=2024-02-11T12:27:24.834022+00:00
[2024-02-11 12:27:24,842] {processor.py:161} INFO - Processing /home/airflow/.local/lib/python3.7/site-packages/airflow/example_dags/example_skip_dag.py took 0.050 seconds
[2024-02-11 12:27:55,177] {processor.py:153} INFO - Started process (PID=525) to work on /home/airflow/.local/lib/python3.7/site-packages/airflow/example_dags/example_skip_dag.py
[2024-02-11 12:27:55,178] {processor.py:641} INFO - Processing file /home/airflow/.local/lib/python3.7/site-packages/airflow/example_dags/example_skip_dag.py for tasks to queue
[2024-02-11 12:27:55,178] {logging_mixin.py:115} INFO - [2024-02-11 12:27:55,178] {dagbag.py:507} INFO - Filling up the DagBag from /home/airflow/.local/lib/python3.7/site-packages/airflow/example_dags/example_skip_dag.py
[2024-02-11 12:27:55,182] {processor.py:651} INFO - DAG(s) dict_keys(['example_skip_dag']) retrieved from /home/airflow/.local/lib/python3.7/site-packages/airflow/example_dags/example_skip_dag.py
[2024-02-11 12:27:55,210] {logging_mixin.py:115} INFO - [2024-02-11 12:27:55,210] {dag.py:2371} INFO - Sync 1 DAGs
[2024-02-11 12:27:55,234] {logging_mixin.py:115} INFO - [2024-02-11 12:27:55,234] {dag.py:2919} INFO - Setting next_dagrun for example_skip_dag to 2024-02-10T12:27:55.234227+00:00, run_after=2024-02-11T12:27:55.234227+00:00
[2024-02-11 12:27:55,242] {processor.py:161} INFO - Processing /home/airflow/.local/lib/python3.7/site-packages/airflow/example_dags/example_skip_dag.py took 0.066 seconds
[2024-02-11 12:28:26,384] {processor.py:153} INFO - Started process (PID=584) to work on /home/airflow/.local/lib/python3.7/site-packages/airflow/example_dags/example_skip_dag.py
[2024-02-11 12:28:26,385] {processor.py:641} INFO - Processing file /home/airflow/.local/lib/python3.7/site-packages/airflow/example_dags/example_skip_dag.py for tasks to queue
[2024-02-11 12:28:26,385] {logging_mixin.py:115} INFO - [2024-02-11 12:28:26,385] {dagbag.py:507} INFO - Filling up the DagBag from /home/airflow/.local/lib/python3.7/site-packages/airflow/example_dags/example_skip_dag.py
[2024-02-11 12:28:26,389] {processor.py:651} INFO - DAG(s) dict_keys(['example_skip_dag']) retrieved from /home/airflow/.local/lib/python3.7/site-packages/airflow/example_dags/example_skip_dag.py
[2024-02-11 12:28:26,407] {logging_mixin.py:115} INFO - [2024-02-11 12:28:26,407] {dag.py:2371} INFO - Sync 1 DAGs
[2024-02-11 12:28:26,420] {logging_mixin.py:115} INFO - [2024-02-11 12:28:26,420] {dag.py:2919} INFO - Setting next_dagrun for example_skip_dag to 2024-02-10T12:28:26.420559+00:00, run_after=2024-02-11T12:28:26.420559+00:00
[2024-02-11 12:28:26,429] {processor.py:161} INFO - Processing /home/airflow/.local/lib/python3.7/site-packages/airflow/example_dags/example_skip_dag.py took 0.048 seconds
[2024-02-11 12:28:57,638] {processor.py:153} INFO - Started process (PID=648) to work on /home/airflow/.local/lib/python3.7/site-packages/airflow/example_dags/example_skip_dag.py
[2024-02-11 12:28:57,639] {processor.py:641} INFO - Processing file /home/airflow/.local/lib/python3.7/site-packages/airflow/example_dags/example_skip_dag.py for tasks to queue
[2024-02-11 12:28:57,639] {logging_mixin.py:115} INFO - [2024-02-11 12:28:57,639] {dagbag.py:507} INFO - Filling up the DagBag from /home/airflow/.local/lib/python3.7/site-packages/airflow/example_dags/example_skip_dag.py
[2024-02-11 12:28:57,643] {processor.py:651} INFO - DAG(s) dict_keys(['example_skip_dag']) retrieved from /home/airflow/.local/lib/python3.7/site-packages/airflow/example_dags/example_skip_dag.py
[2024-02-11 12:28:57,664] {logging_mixin.py:115} INFO - [2024-02-11 12:28:57,663] {dag.py:2371} INFO - Sync 1 DAGs
[2024-02-11 12:28:57,684] {logging_mixin.py:115} INFO - [2024-02-11 12:28:57,684] {dag.py:2919} INFO - Setting next_dagrun for example_skip_dag to 2024-02-10T12:28:57.684046+00:00, run_after=2024-02-11T12:28:57.684046+00:00
[2024-02-11 12:28:57,698] {processor.py:161} INFO - Processing /home/airflow/.local/lib/python3.7/site-packages/airflow/example_dags/example_skip_dag.py took 0.062 seconds
[2024-02-11 12:29:29,156] {processor.py:153} INFO - Started process (PID=717) to work on /home/airflow/.local/lib/python3.7/site-packages/airflow/example_dags/example_skip_dag.py
[2024-02-11 12:29:29,159] {processor.py:641} INFO - Processing file /home/airflow/.local/lib/python3.7/site-packages/airflow/example_dags/example_skip_dag.py for tasks to queue
[2024-02-11 12:29:29,161] {logging_mixin.py:115} INFO - [2024-02-11 12:29:29,161] {dagbag.py:507} INFO - Filling up the DagBag from /home/airflow/.local/lib/python3.7/site-packages/airflow/example_dags/example_skip_dag.py
[2024-02-11 12:29:29,173] {processor.py:651} INFO - DAG(s) dict_keys(['example_skip_dag']) retrieved from /home/airflow/.local/lib/python3.7/site-packages/airflow/example_dags/example_skip_dag.py
[2024-02-11 12:29:29,195] {logging_mixin.py:115} INFO - [2024-02-11 12:29:29,195] {dag.py:2371} INFO - Sync 1 DAGs
[2024-02-11 12:29:29,211] {logging_mixin.py:115} INFO - [2024-02-11 12:29:29,211] {dag.py:2919} INFO - Setting next_dagrun for example_skip_dag to 2024-02-10T12:29:29.211173+00:00, run_after=2024-02-11T12:29:29.211173+00:00
[2024-02-11 12:29:29,344] {processor.py:161} INFO - Processing /home/airflow/.local/lib/python3.7/site-packages/airflow/example_dags/example_skip_dag.py took 0.190 seconds
[2024-02-11 12:30:00,486] {processor.py:153} INFO - Started process (PID=781) to work on /home/airflow/.local/lib/python3.7/site-packages/airflow/example_dags/example_skip_dag.py
[2024-02-11 12:30:00,488] {processor.py:641} INFO - Processing file /home/airflow/.local/lib/python3.7/site-packages/airflow/example_dags/example_skip_dag.py for tasks to queue
[2024-02-11 12:30:00,489] {logging_mixin.py:115} INFO - [2024-02-11 12:30:00,489] {dagbag.py:507} INFO - Filling up the DagBag from /home/airflow/.local/lib/python3.7/site-packages/airflow/example_dags/example_skip_dag.py
[2024-02-11 12:30:00,496] {processor.py:651} INFO - DAG(s) dict_keys(['example_skip_dag']) retrieved from /home/airflow/.local/lib/python3.7/site-packages/airflow/example_dags/example_skip_dag.py
[2024-02-11 12:30:00,525] {logging_mixin.py:115} INFO - [2024-02-11 12:30:00,524] {dag.py:2371} INFO - Sync 1 DAGs
[2024-02-11 12:30:00,562] {logging_mixin.py:115} INFO - [2024-02-11 12:30:00,562] {dag.py:2919} INFO - Setting next_dagrun for example_skip_dag to 2024-02-10T12:30:00.561953+00:00, run_after=2024-02-11T12:30:00.561953+00:00
[2024-02-11 12:30:00,676] {processor.py:161} INFO - Processing /home/airflow/.local/lib/python3.7/site-packages/airflow/example_dags/example_skip_dag.py took 0.191 seconds
[2024-02-11 12:30:32,107] {processor.py:153} INFO - Started process (PID=848) to work on /home/airflow/.local/lib/python3.7/site-packages/airflow/example_dags/example_skip_dag.py
[2024-02-11 12:30:32,111] {processor.py:641} INFO - Processing file /home/airflow/.local/lib/python3.7/site-packages/airflow/example_dags/example_skip_dag.py for tasks to queue
[2024-02-11 12:30:32,114] {logging_mixin.py:115} INFO - [2024-02-11 12:30:32,114] {dagbag.py:507} INFO - Filling up the DagBag from /home/airflow/.local/lib/python3.7/site-packages/airflow/example_dags/example_skip_dag.py
[2024-02-11 12:30:32,123] {processor.py:651} INFO - DAG(s) dict_keys(['example_skip_dag']) retrieved from /home/airflow/.local/lib/python3.7/site-packages/airflow/example_dags/example_skip_dag.py
[2024-02-11 12:30:32,144] {logging_mixin.py:115} INFO - [2024-02-11 12:30:32,144] {dag.py:2371} INFO - Sync 1 DAGs
[2024-02-11 12:30:32,158] {logging_mixin.py:115} INFO - [2024-02-11 12:30:32,158] {dag.py:2919} INFO - Setting next_dagrun for example_skip_dag to 2024-02-10T12:30:32.158539+00:00, run_after=2024-02-11T12:30:32.158539+00:00
[2024-02-11 12:30:32,165] {processor.py:161} INFO - Processing /home/airflow/.local/lib/python3.7/site-packages/airflow/example_dags/example_skip_dag.py took 0.062 seconds
[2024-02-11 12:31:02,398] {processor.py:153} INFO - Started process (PID=907) to work on /home/airflow/.local/lib/python3.7/site-packages/airflow/example_dags/example_skip_dag.py
[2024-02-11 12:31:02,399] {processor.py:641} INFO - Processing file /home/airflow/.local/lib/python3.7/site-packages/airflow/example_dags/example_skip_dag.py for tasks to queue
[2024-02-11 12:31:02,400] {logging_mixin.py:115} INFO - [2024-02-11 12:31:02,400] {dagbag.py:507} INFO - Filling up the DagBag from /home/airflow/.local/lib/python3.7/site-packages/airflow/example_dags/example_skip_dag.py
[2024-02-11 12:31:02,403] {processor.py:651} INFO - DAG(s) dict_keys(['example_skip_dag']) retrieved from /home/airflow/.local/lib/python3.7/site-packages/airflow/example_dags/example_skip_dag.py
[2024-02-11 12:31:02,419] {logging_mixin.py:115} INFO - [2024-02-11 12:31:02,419] {dag.py:2371} INFO - Sync 1 DAGs
[2024-02-11 12:31:02,431] {logging_mixin.py:115} INFO - [2024-02-11 12:31:02,431] {dag.py:2919} INFO - Setting next_dagrun for example_skip_dag to 2024-02-10T12:31:02.430844+00:00, run_after=2024-02-11T12:31:02.430844+00:00
[2024-02-11 12:31:02,436] {processor.py:161} INFO - Processing /home/airflow/.local/lib/python3.7/site-packages/airflow/example_dags/example_skip_dag.py took 0.040 seconds
[2024-02-11 12:31:32,853] {processor.py:153} INFO - Started process (PID=973) to work on /home/airflow/.local/lib/python3.7/site-packages/airflow/example_dags/example_skip_dag.py
[2024-02-11 12:31:32,854] {processor.py:641} INFO - Processing file /home/airflow/.local/lib/python3.7/site-packages/airflow/example_dags/example_skip_dag.py for tasks to queue
[2024-02-11 12:31:32,855] {logging_mixin.py:115} INFO - [2024-02-11 12:31:32,855] {dagbag.py:507} INFO - Filling up the DagBag from /home/airflow/.local/lib/python3.7/site-packages/airflow/example_dags/example_skip_dag.py
[2024-02-11 12:31:32,858] {processor.py:651} INFO - DAG(s) dict_keys(['example_skip_dag']) retrieved from /home/airflow/.local/lib/python3.7/site-packages/airflow/example_dags/example_skip_dag.py
[2024-02-11 12:31:32,888] {logging_mixin.py:115} INFO - [2024-02-11 12:31:32,888] {dag.py:2371} INFO - Sync 1 DAGs
[2024-02-11 12:31:32,904] {logging_mixin.py:115} INFO - [2024-02-11 12:31:32,904] {dag.py:2919} INFO - Setting next_dagrun for example_skip_dag to 2024-02-10T12:31:32.904641+00:00, run_after=2024-02-11T12:31:32.904641+00:00
[2024-02-11 12:31:33,090] {processor.py:161} INFO - Processing /home/airflow/.local/lib/python3.7/site-packages/airflow/example_dags/example_skip_dag.py took 0.239 seconds
[2024-02-11 12:32:03,999] {processor.py:153} INFO - Started process (PID=1043) to work on /home/airflow/.local/lib/python3.7/site-packages/airflow/example_dags/example_skip_dag.py
[2024-02-11 12:32:04,000] {processor.py:641} INFO - Processing file /home/airflow/.local/lib/python3.7/site-packages/airflow/example_dags/example_skip_dag.py for tasks to queue
[2024-02-11 12:32:04,001] {logging_mixin.py:115} INFO - [2024-02-11 12:32:04,001] {dagbag.py:507} INFO - Filling up the DagBag from /home/airflow/.local/lib/python3.7/site-packages/airflow/example_dags/example_skip_dag.py
[2024-02-11 12:32:04,005] {processor.py:651} INFO - DAG(s) dict_keys(['example_skip_dag']) retrieved from /home/airflow/.local/lib/python3.7/site-packages/airflow/example_dags/example_skip_dag.py
[2024-02-11 12:32:04,023] {logging_mixin.py:115} INFO - [2024-02-11 12:32:04,022] {dag.py:2371} INFO - Sync 1 DAGs
[2024-02-11 12:32:04,036] {logging_mixin.py:115} INFO - [2024-02-11 12:32:04,036] {dag.py:2919} INFO - Setting next_dagrun for example_skip_dag to 2024-02-10T12:32:04.036574+00:00, run_after=2024-02-11T12:32:04.036574+00:00
[2024-02-11 12:32:04,202] {processor.py:161} INFO - Processing /home/airflow/.local/lib/python3.7/site-packages/airflow/example_dags/example_skip_dag.py took 0.205 seconds
[2024-02-11 12:32:34,782] {processor.py:153} INFO - Started process (PID=1106) to work on /home/airflow/.local/lib/python3.7/site-packages/airflow/example_dags/example_skip_dag.py
[2024-02-11 12:32:34,783] {processor.py:641} INFO - Processing file /home/airflow/.local/lib/python3.7/site-packages/airflow/example_dags/example_skip_dag.py for tasks to queue
[2024-02-11 12:32:34,783] {logging_mixin.py:115} INFO - [2024-02-11 12:32:34,783] {dagbag.py:507} INFO - Filling up the DagBag from /home/airflow/.local/lib/python3.7/site-packages/airflow/example_dags/example_skip_dag.py
[2024-02-11 12:32:34,786] {processor.py:651} INFO - DAG(s) dict_keys(['example_skip_dag']) retrieved from /home/airflow/.local/lib/python3.7/site-packages/airflow/example_dags/example_skip_dag.py
[2024-02-11 12:32:34,800] {logging_mixin.py:115} INFO - [2024-02-11 12:32:34,800] {dag.py:2371} INFO - Sync 1 DAGs
[2024-02-11 12:32:34,814] {logging_mixin.py:115} INFO - [2024-02-11 12:32:34,813] {dag.py:2919} INFO - Setting next_dagrun for example_skip_dag to 2024-02-10T12:32:34.813759+00:00, run_after=2024-02-11T12:32:34.813759+00:00
[2024-02-11 12:32:34,895] {processor.py:161} INFO - Processing /home/airflow/.local/lib/python3.7/site-packages/airflow/example_dags/example_skip_dag.py took 0.114 seconds
[2024-02-11 12:33:05,202] {processor.py:153} INFO - Started process (PID=1169) to work on /home/airflow/.local/lib/python3.7/site-packages/airflow/example_dags/example_skip_dag.py
[2024-02-11 12:33:05,202] {processor.py:641} INFO - Processing file /home/airflow/.local/lib/python3.7/site-packages/airflow/example_dags/example_skip_dag.py for tasks to queue
[2024-02-11 12:33:05,203] {logging_mixin.py:115} INFO - [2024-02-11 12:33:05,203] {dagbag.py:507} INFO - Filling up the DagBag from /home/airflow/.local/lib/python3.7/site-packages/airflow/example_dags/example_skip_dag.py
[2024-02-11 12:33:05,205] {processor.py:651} INFO - DAG(s) dict_keys(['example_skip_dag']) retrieved from /home/airflow/.local/lib/python3.7/site-packages/airflow/example_dags/example_skip_dag.py
[2024-02-11 12:33:05,219] {logging_mixin.py:115} INFO - [2024-02-11 12:33:05,219] {dag.py:2371} INFO - Sync 1 DAGs
[2024-02-11 12:33:05,231] {logging_mixin.py:115} INFO - [2024-02-11 12:33:05,231] {dag.py:2919} INFO - Setting next_dagrun for example_skip_dag to 2024-02-10T12:33:05.230923+00:00, run_after=2024-02-11T12:33:05.230923+00:00
[2024-02-11 12:33:05,315] {processor.py:161} INFO - Processing /home/airflow/.local/lib/python3.7/site-packages/airflow/example_dags/example_skip_dag.py took 0.115 seconds
[2024-02-11 12:55:39,721] {processor.py:153} INFO - Started process (PID=1246) to work on /home/airflow/.local/lib/python3.7/site-packages/airflow/example_dags/example_skip_dag.py
[2024-02-11 12:55:39,722] {processor.py:641} INFO - Processing file /home/airflow/.local/lib/python3.7/site-packages/airflow/example_dags/example_skip_dag.py for tasks to queue
[2024-02-11 12:55:39,723] {logging_mixin.py:115} INFO - [2024-02-11 12:55:39,723] {dagbag.py:507} INFO - Filling up the DagBag from /home/airflow/.local/lib/python3.7/site-packages/airflow/example_dags/example_skip_dag.py
[2024-02-11 12:55:39,727] {processor.py:651} INFO - DAG(s) dict_keys(['example_skip_dag']) retrieved from /home/airflow/.local/lib/python3.7/site-packages/airflow/example_dags/example_skip_dag.py
[2024-02-11 12:55:39,747] {logging_mixin.py:115} INFO - [2024-02-11 12:55:39,747] {dag.py:2371} INFO - Sync 1 DAGs
[2024-02-11 12:55:39,891] {logging_mixin.py:115} INFO - [2024-02-11 12:55:39,891] {dag.py:2919} INFO - Setting next_dagrun for example_skip_dag to 2024-02-10T12:55:39.891178+00:00, run_after=2024-02-11T12:55:39.891178+00:00
[2024-02-11 12:55:39,897] {processor.py:161} INFO - Processing /home/airflow/.local/lib/python3.7/site-packages/airflow/example_dags/example_skip_dag.py took 0.179 seconds
[2024-02-11 12:56:10,734] {processor.py:153} INFO - Started process (PID=1305) to work on /home/airflow/.local/lib/python3.7/site-packages/airflow/example_dags/example_skip_dag.py
[2024-02-11 12:56:10,735] {processor.py:641} INFO - Processing file /home/airflow/.local/lib/python3.7/site-packages/airflow/example_dags/example_skip_dag.py for tasks to queue
[2024-02-11 12:56:10,735] {logging_mixin.py:115} INFO - [2024-02-11 12:56:10,735] {dagbag.py:507} INFO - Filling up the DagBag from /home/airflow/.local/lib/python3.7/site-packages/airflow/example_dags/example_skip_dag.py
[2024-02-11 12:56:10,738] {processor.py:651} INFO - DAG(s) dict_keys(['example_skip_dag']) retrieved from /home/airflow/.local/lib/python3.7/site-packages/airflow/example_dags/example_skip_dag.py
[2024-02-11 12:56:10,753] {logging_mixin.py:115} INFO - [2024-02-11 12:56:10,753] {dag.py:2371} INFO - Sync 1 DAGs
[2024-02-11 12:56:10,860] {logging_mixin.py:115} INFO - [2024-02-11 12:56:10,860] {dag.py:2919} INFO - Setting next_dagrun for example_skip_dag to 2024-02-10T12:56:10.860147+00:00, run_after=2024-02-11T12:56:10.860147+00:00
[2024-02-11 12:56:10,870] {processor.py:161} INFO - Processing /home/airflow/.local/lib/python3.7/site-packages/airflow/example_dags/example_skip_dag.py took 0.138 seconds
[2024-02-11 12:56:41,966] {processor.py:153} INFO - Started process (PID=1368) to work on /home/airflow/.local/lib/python3.7/site-packages/airflow/example_dags/example_skip_dag.py
[2024-02-11 12:56:41,966] {processor.py:641} INFO - Processing file /home/airflow/.local/lib/python3.7/site-packages/airflow/example_dags/example_skip_dag.py for tasks to queue
[2024-02-11 12:56:41,967] {logging_mixin.py:115} INFO - [2024-02-11 12:56:41,967] {dagbag.py:507} INFO - Filling up the DagBag from /home/airflow/.local/lib/python3.7/site-packages/airflow/example_dags/example_skip_dag.py
[2024-02-11 12:56:41,969] {processor.py:651} INFO - DAG(s) dict_keys(['example_skip_dag']) retrieved from /home/airflow/.local/lib/python3.7/site-packages/airflow/example_dags/example_skip_dag.py
[2024-02-11 12:56:41,983] {logging_mixin.py:115} INFO - [2024-02-11 12:56:41,983] {dag.py:2371} INFO - Sync 1 DAGs
[2024-02-11 12:56:42,076] {logging_mixin.py:115} INFO - [2024-02-11 12:56:42,076] {dag.py:2919} INFO - Setting next_dagrun for example_skip_dag to 2024-02-10T12:56:42.076728+00:00, run_after=2024-02-11T12:56:42.076728+00:00
[2024-02-11 12:56:42,083] {processor.py:161} INFO - Processing /home/airflow/.local/lib/python3.7/site-packages/airflow/example_dags/example_skip_dag.py took 0.119 seconds
[2024-02-11 13:46:24,831] {processor.py:153} INFO - Started process (PID=1431) to work on /home/airflow/.local/lib/python3.7/site-packages/airflow/example_dags/example_skip_dag.py
[2024-02-11 13:46:24,833] {processor.py:641} INFO - Processing file /home/airflow/.local/lib/python3.7/site-packages/airflow/example_dags/example_skip_dag.py for tasks to queue
[2024-02-11 13:46:24,834] {logging_mixin.py:115} INFO - [2024-02-11 13:46:24,833] {dagbag.py:507} INFO - Filling up the DagBag from /home/airflow/.local/lib/python3.7/site-packages/airflow/example_dags/example_skip_dag.py
[2024-02-11 13:46:24,843] {processor.py:651} INFO - DAG(s) dict_keys(['example_skip_dag']) retrieved from /home/airflow/.local/lib/python3.7/site-packages/airflow/example_dags/example_skip_dag.py
[2024-02-11 13:46:24,908] {logging_mixin.py:115} INFO - [2024-02-11 13:46:24,907] {dag.py:2371} INFO - Sync 1 DAGs
[2024-02-11 13:46:25,947] {logging_mixin.py:115} INFO - [2024-02-11 13:46:25,947] {dag.py:2919} INFO - Setting next_dagrun for example_skip_dag to 2024-02-10T13:46:25.946882+00:00, run_after=2024-02-11T13:46:25.946882+00:00
[2024-02-11 13:46:25,959] {processor.py:161} INFO - Processing /home/airflow/.local/lib/python3.7/site-packages/airflow/example_dags/example_skip_dag.py took 1.132 seconds
[2024-02-11 14:33:14,557] {processor.py:153} INFO - Started process (PID=1497) to work on /home/airflow/.local/lib/python3.7/site-packages/airflow/example_dags/example_skip_dag.py
[2024-02-11 14:33:14,558] {processor.py:641} INFO - Processing file /home/airflow/.local/lib/python3.7/site-packages/airflow/example_dags/example_skip_dag.py for tasks to queue
[2024-02-11 14:33:14,558] {logging_mixin.py:115} INFO - [2024-02-11 14:33:14,558] {dagbag.py:507} INFO - Filling up the DagBag from /home/airflow/.local/lib/python3.7/site-packages/airflow/example_dags/example_skip_dag.py
[2024-02-11 14:33:14,563] {processor.py:651} INFO - DAG(s) dict_keys(['example_skip_dag']) retrieved from /home/airflow/.local/lib/python3.7/site-packages/airflow/example_dags/example_skip_dag.py
[2024-02-11 14:33:14,582] {logging_mixin.py:115} INFO - [2024-02-11 14:33:14,582] {dag.py:2371} INFO - Sync 1 DAGs
[2024-02-11 14:33:14,724] {logging_mixin.py:115} INFO - [2024-02-11 14:33:14,724] {dag.py:2919} INFO - Setting next_dagrun for example_skip_dag to 2024-02-10T14:33:14.724522+00:00, run_after=2024-02-11T14:33:14.724522+00:00
[2024-02-11 14:33:14,730] {processor.py:161} INFO - Processing /home/airflow/.local/lib/python3.7/site-packages/airflow/example_dags/example_skip_dag.py took 0.176 seconds
[2024-02-11 14:33:45,679] {processor.py:153} INFO - Started process (PID=1552) to work on /home/airflow/.local/lib/python3.7/site-packages/airflow/example_dags/example_skip_dag.py
[2024-02-11 14:33:45,679] {processor.py:641} INFO - Processing file /home/airflow/.local/lib/python3.7/site-packages/airflow/example_dags/example_skip_dag.py for tasks to queue
[2024-02-11 14:33:45,680] {logging_mixin.py:115} INFO - [2024-02-11 14:33:45,680] {dagbag.py:507} INFO - Filling up the DagBag from /home/airflow/.local/lib/python3.7/site-packages/airflow/example_dags/example_skip_dag.py
[2024-02-11 14:33:45,683] {processor.py:651} INFO - DAG(s) dict_keys(['example_skip_dag']) retrieved from /home/airflow/.local/lib/python3.7/site-packages/airflow/example_dags/example_skip_dag.py
[2024-02-11 14:33:45,701] {logging_mixin.py:115} INFO - [2024-02-11 14:33:45,700] {dag.py:2371} INFO - Sync 1 DAGs
[2024-02-11 14:33:45,805] {logging_mixin.py:115} INFO - [2024-02-11 14:33:45,805] {dag.py:2919} INFO - Setting next_dagrun for example_skip_dag to 2024-02-10T14:33:45.805696+00:00, run_after=2024-02-11T14:33:45.805696+00:00
[2024-02-11 14:33:45,811] {processor.py:161} INFO - Processing /home/airflow/.local/lib/python3.7/site-packages/airflow/example_dags/example_skip_dag.py took 0.133 seconds
[2024-02-11 14:42:44,423] {processor.py:153} INFO - Started process (PID=1633) to work on /home/airflow/.local/lib/python3.7/site-packages/airflow/example_dags/example_skip_dag.py
[2024-02-11 14:42:44,425] {processor.py:641} INFO - Processing file /home/airflow/.local/lib/python3.7/site-packages/airflow/example_dags/example_skip_dag.py for tasks to queue
[2024-02-11 14:42:44,430] {logging_mixin.py:115} INFO - [2024-02-11 14:42:44,429] {dagbag.py:507} INFO - Filling up the DagBag from /home/airflow/.local/lib/python3.7/site-packages/airflow/example_dags/example_skip_dag.py
[2024-02-11 14:42:44,440] {processor.py:651} INFO - DAG(s) dict_keys(['example_skip_dag']) retrieved from /home/airflow/.local/lib/python3.7/site-packages/airflow/example_dags/example_skip_dag.py
[2024-02-11 14:42:44,481] {logging_mixin.py:115} INFO - [2024-02-11 14:42:44,481] {dag.py:2371} INFO - Sync 1 DAGs
[2024-02-11 14:42:44,577] {logging_mixin.py:115} INFO - [2024-02-11 14:42:44,576] {dag.py:2919} INFO - Setting next_dagrun for example_skip_dag to 2024-02-10T14:42:44.576418+00:00, run_after=2024-02-11T14:42:44.576418+00:00
[2024-02-11 14:42:44,629] {processor.py:161} INFO - Processing /home/airflow/.local/lib/python3.7/site-packages/airflow/example_dags/example_skip_dag.py took 0.213 seconds
[2024-02-11 14:58:31,900] {processor.py:153} INFO - Started process (PID=1705) to work on /home/airflow/.local/lib/python3.7/site-packages/airflow/example_dags/example_skip_dag.py
[2024-02-11 14:58:31,902] {processor.py:641} INFO - Processing file /home/airflow/.local/lib/python3.7/site-packages/airflow/example_dags/example_skip_dag.py for tasks to queue
[2024-02-11 14:58:31,904] {logging_mixin.py:115} INFO - [2024-02-11 14:58:31,904] {dagbag.py:507} INFO - Filling up the DagBag from /home/airflow/.local/lib/python3.7/site-packages/airflow/example_dags/example_skip_dag.py
[2024-02-11 14:58:31,911] {processor.py:651} INFO - DAG(s) dict_keys(['example_skip_dag']) retrieved from /home/airflow/.local/lib/python3.7/site-packages/airflow/example_dags/example_skip_dag.py
[2024-02-11 14:58:31,953] {logging_mixin.py:115} INFO - [2024-02-11 14:58:31,953] {dag.py:2371} INFO - Sync 1 DAGs
[2024-02-11 14:58:31,978] {logging_mixin.py:115} INFO - [2024-02-11 14:58:31,978] {dag.py:2919} INFO - Setting next_dagrun for example_skip_dag to 2024-02-10T14:58:31.977545+00:00, run_after=2024-02-11T14:58:31.977545+00:00
[2024-02-11 14:58:32,003] {processor.py:161} INFO - Processing /home/airflow/.local/lib/python3.7/site-packages/airflow/example_dags/example_skip_dag.py took 0.110 seconds
[2024-02-11 15:34:12,518] {processor.py:153} INFO - Started process (PID=1771) to work on /home/airflow/.local/lib/python3.7/site-packages/airflow/example_dags/example_skip_dag.py
[2024-02-11 15:34:12,519] {processor.py:641} INFO - Processing file /home/airflow/.local/lib/python3.7/site-packages/airflow/example_dags/example_skip_dag.py for tasks to queue
[2024-02-11 15:34:12,524] {logging_mixin.py:115} INFO - [2024-02-11 15:34:12,524] {dagbag.py:507} INFO - Filling up the DagBag from /home/airflow/.local/lib/python3.7/site-packages/airflow/example_dags/example_skip_dag.py
[2024-02-11 15:34:12,528] {processor.py:651} INFO - DAG(s) dict_keys(['example_skip_dag']) retrieved from /home/airflow/.local/lib/python3.7/site-packages/airflow/example_dags/example_skip_dag.py
[2024-02-11 15:34:12,620] {logging_mixin.py:115} INFO - [2024-02-11 15:34:12,620] {dag.py:2371} INFO - Sync 1 DAGs
[2024-02-11 15:34:12,670] {logging_mixin.py:115} INFO - [2024-02-11 15:34:12,670] {dag.py:2919} INFO - Setting next_dagrun for example_skip_dag to 2024-02-10T15:34:12.670315+00:00, run_after=2024-02-11T15:34:12.670315+00:00
[2024-02-11 15:34:12,701] {processor.py:161} INFO - Processing /home/airflow/.local/lib/python3.7/site-packages/airflow/example_dags/example_skip_dag.py took 0.188 seconds
[2024-02-11 15:34:43,273] {processor.py:153} INFO - Started process (PID=1834) to work on /home/airflow/.local/lib/python3.7/site-packages/airflow/example_dags/example_skip_dag.py
[2024-02-11 15:34:43,273] {processor.py:641} INFO - Processing file /home/airflow/.local/lib/python3.7/site-packages/airflow/example_dags/example_skip_dag.py for tasks to queue
[2024-02-11 15:34:43,274] {logging_mixin.py:115} INFO - [2024-02-11 15:34:43,274] {dagbag.py:507} INFO - Filling up the DagBag from /home/airflow/.local/lib/python3.7/site-packages/airflow/example_dags/example_skip_dag.py
[2024-02-11 15:34:43,277] {processor.py:651} INFO - DAG(s) dict_keys(['example_skip_dag']) retrieved from /home/airflow/.local/lib/python3.7/site-packages/airflow/example_dags/example_skip_dag.py
[2024-02-11 15:34:43,293] {logging_mixin.py:115} INFO - [2024-02-11 15:34:43,293] {dag.py:2371} INFO - Sync 1 DAGs
[2024-02-11 15:34:43,307] {logging_mixin.py:115} INFO - [2024-02-11 15:34:43,307] {dag.py:2919} INFO - Setting next_dagrun for example_skip_dag to 2024-02-10T15:34:43.307232+00:00, run_after=2024-02-11T15:34:43.307232+00:00
[2024-02-11 15:34:43,313] {processor.py:161} INFO - Processing /home/airflow/.local/lib/python3.7/site-packages/airflow/example_dags/example_skip_dag.py took 0.043 seconds
[2024-02-11 15:41:19,831] {processor.py:153} INFO - Started process (PID=1915) to work on /home/airflow/.local/lib/python3.7/site-packages/airflow/example_dags/example_skip_dag.py
[2024-02-11 15:41:19,835] {processor.py:641} INFO - Processing file /home/airflow/.local/lib/python3.7/site-packages/airflow/example_dags/example_skip_dag.py for tasks to queue
[2024-02-11 15:41:19,836] {logging_mixin.py:115} INFO - [2024-02-11 15:41:19,836] {dagbag.py:507} INFO - Filling up the DagBag from /home/airflow/.local/lib/python3.7/site-packages/airflow/example_dags/example_skip_dag.py
[2024-02-11 15:41:19,850] {processor.py:651} INFO - DAG(s) dict_keys(['example_skip_dag']) retrieved from /home/airflow/.local/lib/python3.7/site-packages/airflow/example_dags/example_skip_dag.py
[2024-02-11 15:41:19,907] {logging_mixin.py:115} INFO - [2024-02-11 15:41:19,906] {dag.py:2371} INFO - Sync 1 DAGs
[2024-02-11 15:41:19,962] {logging_mixin.py:115} INFO - [2024-02-11 15:41:19,961] {dag.py:2919} INFO - Setting next_dagrun for example_skip_dag to 2024-02-10T15:41:19.960832+00:00, run_after=2024-02-11T15:41:19.960832+00:00
[2024-02-11 15:41:19,983] {processor.py:161} INFO - Processing /home/airflow/.local/lib/python3.7/site-packages/airflow/example_dags/example_skip_dag.py took 0.156 seconds
[2024-02-11 16:05:36,499] {processor.py:153} INFO - Started process (PID=1980) to work on /home/airflow/.local/lib/python3.7/site-packages/airflow/example_dags/example_skip_dag.py
[2024-02-11 16:05:36,502] {processor.py:641} INFO - Processing file /home/airflow/.local/lib/python3.7/site-packages/airflow/example_dags/example_skip_dag.py for tasks to queue
[2024-02-11 16:05:36,503] {logging_mixin.py:115} INFO - [2024-02-11 16:05:36,503] {dagbag.py:507} INFO - Filling up the DagBag from /home/airflow/.local/lib/python3.7/site-packages/airflow/example_dags/example_skip_dag.py
[2024-02-11 16:05:36,507] {processor.py:651} INFO - DAG(s) dict_keys(['example_skip_dag']) retrieved from /home/airflow/.local/lib/python3.7/site-packages/airflow/example_dags/example_skip_dag.py
[2024-02-11 16:05:36,548] {logging_mixin.py:115} INFO - [2024-02-11 16:05:36,548] {dag.py:2371} INFO - Sync 1 DAGs
[2024-02-11 16:05:36,576] {logging_mixin.py:115} INFO - [2024-02-11 16:05:36,575] {dag.py:2919} INFO - Setting next_dagrun for example_skip_dag to 2024-02-10T16:05:36.575235+00:00, run_after=2024-02-11T16:05:36.575235+00:00
[2024-02-11 16:05:36,601] {processor.py:161} INFO - Processing /home/airflow/.local/lib/python3.7/site-packages/airflow/example_dags/example_skip_dag.py took 0.104 seconds
[2024-02-11 16:06:18,729] {processor.py:153} INFO - Started process (PID=2047) to work on /home/airflow/.local/lib/python3.7/site-packages/airflow/example_dags/example_skip_dag.py
[2024-02-11 16:06:18,731] {processor.py:641} INFO - Processing file /home/airflow/.local/lib/python3.7/site-packages/airflow/example_dags/example_skip_dag.py for tasks to queue
[2024-02-11 16:06:18,732] {logging_mixin.py:115} INFO - [2024-02-11 16:06:18,731] {dagbag.py:507} INFO - Filling up the DagBag from /home/airflow/.local/lib/python3.7/site-packages/airflow/example_dags/example_skip_dag.py
[2024-02-11 16:06:18,740] {processor.py:651} INFO - DAG(s) dict_keys(['example_skip_dag']) retrieved from /home/airflow/.local/lib/python3.7/site-packages/airflow/example_dags/example_skip_dag.py
[2024-02-11 16:06:18,761] {logging_mixin.py:115} INFO - [2024-02-11 16:06:18,761] {dag.py:2371} INFO - Sync 1 DAGs
[2024-02-11 16:06:18,776] {logging_mixin.py:115} INFO - [2024-02-11 16:06:18,776] {dag.py:2919} INFO - Setting next_dagrun for example_skip_dag to 2024-02-10T16:06:18.776603+00:00, run_after=2024-02-11T16:06:18.776603+00:00
[2024-02-11 16:06:18,785] {processor.py:161} INFO - Processing /home/airflow/.local/lib/python3.7/site-packages/airflow/example_dags/example_skip_dag.py took 0.060 seconds
[2024-02-11 16:06:49,711] {processor.py:153} INFO - Started process (PID=2110) to work on /home/airflow/.local/lib/python3.7/site-packages/airflow/example_dags/example_skip_dag.py
[2024-02-11 16:06:49,713] {processor.py:641} INFO - Processing file /home/airflow/.local/lib/python3.7/site-packages/airflow/example_dags/example_skip_dag.py for tasks to queue
[2024-02-11 16:06:49,713] {logging_mixin.py:115} INFO - [2024-02-11 16:06:49,713] {dagbag.py:507} INFO - Filling up the DagBag from /home/airflow/.local/lib/python3.7/site-packages/airflow/example_dags/example_skip_dag.py
[2024-02-11 16:06:49,721] {processor.py:651} INFO - DAG(s) dict_keys(['example_skip_dag']) retrieved from /home/airflow/.local/lib/python3.7/site-packages/airflow/example_dags/example_skip_dag.py
[2024-02-11 16:06:49,737] {logging_mixin.py:115} INFO - [2024-02-11 16:06:49,737] {dag.py:2371} INFO - Sync 1 DAGs
[2024-02-11 16:06:49,749] {logging_mixin.py:115} INFO - [2024-02-11 16:06:49,749] {dag.py:2919} INFO - Setting next_dagrun for example_skip_dag to 2024-02-10T16:06:49.748983+00:00, run_after=2024-02-11T16:06:49.748983+00:00
[2024-02-11 16:06:49,755] {processor.py:161} INFO - Processing /home/airflow/.local/lib/python3.7/site-packages/airflow/example_dags/example_skip_dag.py took 0.047 seconds
[2024-02-11 16:07:19,976] {processor.py:153} INFO - Started process (PID=2178) to work on /home/airflow/.local/lib/python3.7/site-packages/airflow/example_dags/example_skip_dag.py
[2024-02-11 16:07:19,978] {processor.py:641} INFO - Processing file /home/airflow/.local/lib/python3.7/site-packages/airflow/example_dags/example_skip_dag.py for tasks to queue
[2024-02-11 16:07:19,979] {logging_mixin.py:115} INFO - [2024-02-11 16:07:19,979] {dagbag.py:507} INFO - Filling up the DagBag from /home/airflow/.local/lib/python3.7/site-packages/airflow/example_dags/example_skip_dag.py
[2024-02-11 16:07:19,983] {processor.py:651} INFO - DAG(s) dict_keys(['example_skip_dag']) retrieved from /home/airflow/.local/lib/python3.7/site-packages/airflow/example_dags/example_skip_dag.py
[2024-02-11 16:07:20,002] {logging_mixin.py:115} INFO - [2024-02-11 16:07:20,002] {dag.py:2371} INFO - Sync 1 DAGs
[2024-02-11 16:07:20,015] {logging_mixin.py:115} INFO - [2024-02-11 16:07:20,015] {dag.py:2919} INFO - Setting next_dagrun for example_skip_dag to 2024-02-10T16:07:20.014958+00:00, run_after=2024-02-11T16:07:20.014958+00:00
[2024-02-11 16:07:20,022] {processor.py:161} INFO - Processing /home/airflow/.local/lib/python3.7/site-packages/airflow/example_dags/example_skip_dag.py took 0.049 seconds
[2024-02-11 16:07:51,295] {processor.py:153} INFO - Started process (PID=2233) to work on /home/airflow/.local/lib/python3.7/site-packages/airflow/example_dags/example_skip_dag.py
[2024-02-11 16:07:51,296] {processor.py:641} INFO - Processing file /home/airflow/.local/lib/python3.7/site-packages/airflow/example_dags/example_skip_dag.py for tasks to queue
[2024-02-11 16:07:51,297] {logging_mixin.py:115} INFO - [2024-02-11 16:07:51,297] {dagbag.py:507} INFO - Filling up the DagBag from /home/airflow/.local/lib/python3.7/site-packages/airflow/example_dags/example_skip_dag.py
[2024-02-11 16:07:51,304] {processor.py:651} INFO - DAG(s) dict_keys(['example_skip_dag']) retrieved from /home/airflow/.local/lib/python3.7/site-packages/airflow/example_dags/example_skip_dag.py
[2024-02-11 16:07:51,331] {logging_mixin.py:115} INFO - [2024-02-11 16:07:51,331] {dag.py:2371} INFO - Sync 1 DAGs
[2024-02-11 16:07:51,351] {logging_mixin.py:115} INFO - [2024-02-11 16:07:51,350] {dag.py:2919} INFO - Setting next_dagrun for example_skip_dag to 2024-02-10T16:07:51.350518+00:00, run_after=2024-02-11T16:07:51.350518+00:00
[2024-02-11 16:07:51,363] {processor.py:161} INFO - Processing /home/airflow/.local/lib/python3.7/site-packages/airflow/example_dags/example_skip_dag.py took 0.072 seconds
[2024-02-11 16:08:22,548] {processor.py:153} INFO - Started process (PID=2300) to work on /home/airflow/.local/lib/python3.7/site-packages/airflow/example_dags/example_skip_dag.py
[2024-02-11 16:08:22,552] {processor.py:641} INFO - Processing file /home/airflow/.local/lib/python3.7/site-packages/airflow/example_dags/example_skip_dag.py for tasks to queue
[2024-02-11 16:08:22,554] {logging_mixin.py:115} INFO - [2024-02-11 16:08:22,553] {dagbag.py:507} INFO - Filling up the DagBag from /home/airflow/.local/lib/python3.7/site-packages/airflow/example_dags/example_skip_dag.py
[2024-02-11 16:08:22,565] {processor.py:651} INFO - DAG(s) dict_keys(['example_skip_dag']) retrieved from /home/airflow/.local/lib/python3.7/site-packages/airflow/example_dags/example_skip_dag.py
[2024-02-11 16:08:22,592] {logging_mixin.py:115} INFO - [2024-02-11 16:08:22,592] {dag.py:2371} INFO - Sync 1 DAGs
[2024-02-11 16:08:22,605] {logging_mixin.py:115} INFO - [2024-02-11 16:08:22,605] {dag.py:2919} INFO - Setting next_dagrun for example_skip_dag to 2024-02-10T16:08:22.604888+00:00, run_after=2024-02-11T16:08:22.604888+00:00
[2024-02-11 16:08:22,611] {processor.py:161} INFO - Processing /home/airflow/.local/lib/python3.7/site-packages/airflow/example_dags/example_skip_dag.py took 0.066 seconds
[2024-02-11 16:08:53,215] {processor.py:153} INFO - Started process (PID=2364) to work on /home/airflow/.local/lib/python3.7/site-packages/airflow/example_dags/example_skip_dag.py
[2024-02-11 16:08:53,218] {processor.py:641} INFO - Processing file /home/airflow/.local/lib/python3.7/site-packages/airflow/example_dags/example_skip_dag.py for tasks to queue
[2024-02-11 16:08:53,218] {logging_mixin.py:115} INFO - [2024-02-11 16:08:53,218] {dagbag.py:507} INFO - Filling up the DagBag from /home/airflow/.local/lib/python3.7/site-packages/airflow/example_dags/example_skip_dag.py
[2024-02-11 16:08:53,223] {processor.py:651} INFO - DAG(s) dict_keys(['example_skip_dag']) retrieved from /home/airflow/.local/lib/python3.7/site-packages/airflow/example_dags/example_skip_dag.py
[2024-02-11 16:08:53,254] {logging_mixin.py:115} INFO - [2024-02-11 16:08:53,254] {dag.py:2371} INFO - Sync 1 DAGs
[2024-02-11 16:08:53,268] {logging_mixin.py:115} INFO - [2024-02-11 16:08:53,268] {dag.py:2919} INFO - Setting next_dagrun for example_skip_dag to 2024-02-10T16:08:53.268248+00:00, run_after=2024-02-11T16:08:53.268248+00:00
[2024-02-11 16:08:53,274] {processor.py:161} INFO - Processing /home/airflow/.local/lib/python3.7/site-packages/airflow/example_dags/example_skip_dag.py took 0.062 seconds
