[2024-02-11 00:01:19,926] {processor.py:153} INFO - Started process (PID=4419) to work on /home/airflow/.local/lib/python3.7/site-packages/airflow/example_dags/example_task_group.py
[2024-02-11 00:01:19,927] {processor.py:641} INFO - Processing file /home/airflow/.local/lib/python3.7/site-packages/airflow/example_dags/example_task_group.py for tasks to queue
[2024-02-11 00:01:19,928] {logging_mixin.py:115} INFO - [2024-02-11 00:01:19,928] {dagbag.py:507} INFO - Filling up the DagBag from /home/airflow/.local/lib/python3.7/site-packages/airflow/example_dags/example_task_group.py
[2024-02-11 00:01:19,943] {processor.py:651} INFO - DAG(s) dict_keys(['example_task_group']) retrieved from /home/airflow/.local/lib/python3.7/site-packages/airflow/example_dags/example_task_group.py
[2024-02-11 00:01:19,986] {logging_mixin.py:115} INFO - [2024-02-11 00:01:19,986] {dag.py:2371} INFO - Sync 1 DAGs
[2024-02-11 00:01:20,015] {logging_mixin.py:115} INFO - [2024-02-11 00:01:20,015] {dag.py:2919} INFO - Setting next_dagrun for example_task_group to 2024-02-10T00:01:20.015072+00:00, run_after=2024-02-11T00:01:20.015072+00:00
[2024-02-11 00:01:20,034] {processor.py:161} INFO - Processing /home/airflow/.local/lib/python3.7/site-packages/airflow/example_dags/example_task_group.py took 0.114 seconds
[2024-02-11 00:01:50,502] {processor.py:153} INFO - Started process (PID=4482) to work on /home/airflow/.local/lib/python3.7/site-packages/airflow/example_dags/example_task_group.py
[2024-02-11 00:01:50,503] {processor.py:641} INFO - Processing file /home/airflow/.local/lib/python3.7/site-packages/airflow/example_dags/example_task_group.py for tasks to queue
[2024-02-11 00:01:50,504] {logging_mixin.py:115} INFO - [2024-02-11 00:01:50,504] {dagbag.py:507} INFO - Filling up the DagBag from /home/airflow/.local/lib/python3.7/site-packages/airflow/example_dags/example_task_group.py
[2024-02-11 00:01:50,514] {processor.py:651} INFO - DAG(s) dict_keys(['example_task_group']) retrieved from /home/airflow/.local/lib/python3.7/site-packages/airflow/example_dags/example_task_group.py
[2024-02-11 00:01:50,532] {logging_mixin.py:115} INFO - [2024-02-11 00:01:50,532] {dag.py:2371} INFO - Sync 1 DAGs
[2024-02-11 00:01:50,546] {logging_mixin.py:115} INFO - [2024-02-11 00:01:50,546] {dag.py:2919} INFO - Setting next_dagrun for example_task_group to 2024-02-10T00:01:50.546414+00:00, run_after=2024-02-11T00:01:50.546414+00:00
[2024-02-11 00:01:50,566] {processor.py:161} INFO - Processing /home/airflow/.local/lib/python3.7/site-packages/airflow/example_dags/example_task_group.py took 0.070 seconds
[2024-02-11 00:07:04,721] {processor.py:153} INFO - Started process (PID=4551) to work on /home/airflow/.local/lib/python3.7/site-packages/airflow/example_dags/example_task_group.py
[2024-02-11 00:07:04,723] {processor.py:641} INFO - Processing file /home/airflow/.local/lib/python3.7/site-packages/airflow/example_dags/example_task_group.py for tasks to queue
[2024-02-11 00:07:04,726] {logging_mixin.py:115} INFO - [2024-02-11 00:07:04,726] {dagbag.py:507} INFO - Filling up the DagBag from /home/airflow/.local/lib/python3.7/site-packages/airflow/example_dags/example_task_group.py
[2024-02-11 00:07:04,742] {processor.py:651} INFO - DAG(s) dict_keys(['example_task_group']) retrieved from /home/airflow/.local/lib/python3.7/site-packages/airflow/example_dags/example_task_group.py
[2024-02-11 00:07:04,794] {logging_mixin.py:115} INFO - [2024-02-11 00:07:04,794] {dag.py:2371} INFO - Sync 1 DAGs
[2024-02-11 00:07:04,811] {logging_mixin.py:115} INFO - [2024-02-11 00:07:04,811] {dag.py:2919} INFO - Setting next_dagrun for example_task_group to 2024-02-10T00:07:04.810887+00:00, run_after=2024-02-11T00:07:04.810887+00:00
[2024-02-11 00:07:05,043] {processor.py:161} INFO - Processing /home/airflow/.local/lib/python3.7/site-packages/airflow/example_dags/example_task_group.py took 0.325 seconds
[2024-02-11 00:07:35,425] {processor.py:153} INFO - Started process (PID=4606) to work on /home/airflow/.local/lib/python3.7/site-packages/airflow/example_dags/example_task_group.py
[2024-02-11 00:07:35,427] {processor.py:641} INFO - Processing file /home/airflow/.local/lib/python3.7/site-packages/airflow/example_dags/example_task_group.py for tasks to queue
[2024-02-11 00:07:35,427] {logging_mixin.py:115} INFO - [2024-02-11 00:07:35,427] {dagbag.py:507} INFO - Filling up the DagBag from /home/airflow/.local/lib/python3.7/site-packages/airflow/example_dags/example_task_group.py
[2024-02-11 00:07:35,431] {processor.py:651} INFO - DAG(s) dict_keys(['example_task_group']) retrieved from /home/airflow/.local/lib/python3.7/site-packages/airflow/example_dags/example_task_group.py
[2024-02-11 00:07:35,444] {logging_mixin.py:115} INFO - [2024-02-11 00:07:35,444] {dag.py:2371} INFO - Sync 1 DAGs
[2024-02-11 00:07:35,455] {logging_mixin.py:115} INFO - [2024-02-11 00:07:35,455] {dag.py:2919} INFO - Setting next_dagrun for example_task_group to 2024-02-10T00:07:35.455233+00:00, run_after=2024-02-11T00:07:35.455233+00:00
[2024-02-11 00:07:35,532] {processor.py:161} INFO - Processing /home/airflow/.local/lib/python3.7/site-packages/airflow/example_dags/example_task_group.py took 0.109 seconds
[2024-02-11 00:08:06,520] {processor.py:153} INFO - Started process (PID=4670) to work on /home/airflow/.local/lib/python3.7/site-packages/airflow/example_dags/example_task_group.py
[2024-02-11 00:08:06,521] {processor.py:641} INFO - Processing file /home/airflow/.local/lib/python3.7/site-packages/airflow/example_dags/example_task_group.py for tasks to queue
[2024-02-11 00:08:06,522] {logging_mixin.py:115} INFO - [2024-02-11 00:08:06,522] {dagbag.py:507} INFO - Filling up the DagBag from /home/airflow/.local/lib/python3.7/site-packages/airflow/example_dags/example_task_group.py
[2024-02-11 00:08:06,529] {processor.py:651} INFO - DAG(s) dict_keys(['example_task_group']) retrieved from /home/airflow/.local/lib/python3.7/site-packages/airflow/example_dags/example_task_group.py
[2024-02-11 00:08:06,548] {logging_mixin.py:115} INFO - [2024-02-11 00:08:06,548] {dag.py:2371} INFO - Sync 1 DAGs
[2024-02-11 00:08:06,563] {logging_mixin.py:115} INFO - [2024-02-11 00:08:06,563] {dag.py:2919} INFO - Setting next_dagrun for example_task_group to 2024-02-10T00:08:06.563176+00:00, run_after=2024-02-11T00:08:06.563176+00:00
[2024-02-11 00:08:06,770] {processor.py:161} INFO - Processing /home/airflow/.local/lib/python3.7/site-packages/airflow/example_dags/example_task_group.py took 0.254 seconds
[2024-02-11 00:41:53,325] {processor.py:153} INFO - Started process (PID=4740) to work on /home/airflow/.local/lib/python3.7/site-packages/airflow/example_dags/example_task_group.py
[2024-02-11 00:41:53,329] {processor.py:641} INFO - Processing file /home/airflow/.local/lib/python3.7/site-packages/airflow/example_dags/example_task_group.py for tasks to queue
[2024-02-11 00:41:53,332] {logging_mixin.py:115} INFO - [2024-02-11 00:41:53,332] {dagbag.py:507} INFO - Filling up the DagBag from /home/airflow/.local/lib/python3.7/site-packages/airflow/example_dags/example_task_group.py
[2024-02-11 00:41:53,355] {processor.py:651} INFO - DAG(s) dict_keys(['example_task_group']) retrieved from /home/airflow/.local/lib/python3.7/site-packages/airflow/example_dags/example_task_group.py
[2024-02-11 00:41:53,385] {logging_mixin.py:115} INFO - [2024-02-11 00:41:53,385] {dag.py:2371} INFO - Sync 1 DAGs
[2024-02-11 00:41:53,539] {logging_mixin.py:115} INFO - [2024-02-11 00:41:53,539] {dag.py:2919} INFO - Setting next_dagrun for example_task_group to 2024-02-10T00:41:53.539577+00:00, run_after=2024-02-11T00:41:53.539577+00:00
[2024-02-11 00:41:53,565] {processor.py:161} INFO - Processing /home/airflow/.local/lib/python3.7/site-packages/airflow/example_dags/example_task_group.py took 0.245 seconds
[2024-02-11 00:58:47,245] {processor.py:153} INFO - Started process (PID=4801) to work on /home/airflow/.local/lib/python3.7/site-packages/airflow/example_dags/example_task_group.py
[2024-02-11 00:58:47,247] {processor.py:641} INFO - Processing file /home/airflow/.local/lib/python3.7/site-packages/airflow/example_dags/example_task_group.py for tasks to queue
[2024-02-11 00:58:47,249] {logging_mixin.py:115} INFO - [2024-02-11 00:58:47,248] {dagbag.py:507} INFO - Filling up the DagBag from /home/airflow/.local/lib/python3.7/site-packages/airflow/example_dags/example_task_group.py
[2024-02-11 00:58:47,258] {processor.py:651} INFO - DAG(s) dict_keys(['example_task_group']) retrieved from /home/airflow/.local/lib/python3.7/site-packages/airflow/example_dags/example_task_group.py
[2024-02-11 00:58:47,311] {logging_mixin.py:115} INFO - [2024-02-11 00:58:47,311] {dag.py:2371} INFO - Sync 1 DAGs
[2024-02-11 00:58:48,983] {logging_mixin.py:115} INFO - [2024-02-11 00:58:48,983] {dag.py:2919} INFO - Setting next_dagrun for example_task_group to 2024-02-10T00:58:48.982861+00:00, run_after=2024-02-11T00:58:48.982861+00:00
[2024-02-11 00:58:49,058] {processor.py:161} INFO - Processing /home/airflow/.local/lib/python3.7/site-packages/airflow/example_dags/example_task_group.py took 1.825 seconds
[2024-02-11 02:19:48,419] {processor.py:153} INFO - Started process (PID=4861) to work on /home/airflow/.local/lib/python3.7/site-packages/airflow/example_dags/example_task_group.py
[2024-02-11 02:19:48,421] {processor.py:641} INFO - Processing file /home/airflow/.local/lib/python3.7/site-packages/airflow/example_dags/example_task_group.py for tasks to queue
[2024-02-11 02:19:48,422] {logging_mixin.py:115} INFO - [2024-02-11 02:19:48,422] {dagbag.py:507} INFO - Filling up the DagBag from /home/airflow/.local/lib/python3.7/site-packages/airflow/example_dags/example_task_group.py
[2024-02-11 02:19:48,428] {processor.py:651} INFO - DAG(s) dict_keys(['example_task_group']) retrieved from /home/airflow/.local/lib/python3.7/site-packages/airflow/example_dags/example_task_group.py
[2024-02-11 02:19:48,468] {logging_mixin.py:115} INFO - [2024-02-11 02:19:48,468] {dag.py:2371} INFO - Sync 1 DAGs
[2024-02-11 02:19:48,642] {logging_mixin.py:115} INFO - [2024-02-11 02:19:48,642] {dag.py:2919} INFO - Setting next_dagrun for example_task_group to 2024-02-10T02:19:48.641744+00:00, run_after=2024-02-11T02:19:48.641744+00:00
[2024-02-11 02:19:48,679] {processor.py:161} INFO - Processing /home/airflow/.local/lib/python3.7/site-packages/airflow/example_dags/example_task_group.py took 0.264 seconds
[2024-02-11 03:27:01,477] {processor.py:153} INFO - Started process (PID=4931) to work on /home/airflow/.local/lib/python3.7/site-packages/airflow/example_dags/example_task_group.py
[2024-02-11 03:27:01,479] {processor.py:641} INFO - Processing file /home/airflow/.local/lib/python3.7/site-packages/airflow/example_dags/example_task_group.py for tasks to queue
[2024-02-11 03:27:01,480] {logging_mixin.py:115} INFO - [2024-02-11 03:27:01,480] {dagbag.py:507} INFO - Filling up the DagBag from /home/airflow/.local/lib/python3.7/site-packages/airflow/example_dags/example_task_group.py
[2024-02-11 03:27:01,495] {processor.py:651} INFO - DAG(s) dict_keys(['example_task_group']) retrieved from /home/airflow/.local/lib/python3.7/site-packages/airflow/example_dags/example_task_group.py
[2024-02-11 03:27:01,859] {logging_mixin.py:115} INFO - [2024-02-11 03:27:01,859] {dag.py:2371} INFO - Sync 1 DAGs
[2024-02-11 03:27:01,900] {logging_mixin.py:115} INFO - [2024-02-11 03:27:01,900] {dag.py:2919} INFO - Setting next_dagrun for example_task_group to 2024-02-10T03:27:01.900018+00:00, run_after=2024-02-11T03:27:01.900018+00:00
[2024-02-11 03:27:01,952] {processor.py:161} INFO - Processing /home/airflow/.local/lib/python3.7/site-packages/airflow/example_dags/example_task_group.py took 0.485 seconds
[2024-02-11 03:32:28,639] {processor.py:153} INFO - Started process (PID=4992) to work on /home/airflow/.local/lib/python3.7/site-packages/airflow/example_dags/example_task_group.py
[2024-02-11 03:32:28,648] {processor.py:641} INFO - Processing file /home/airflow/.local/lib/python3.7/site-packages/airflow/example_dags/example_task_group.py for tasks to queue
[2024-02-11 03:32:28,653] {logging_mixin.py:115} INFO - [2024-02-11 03:32:28,653] {dagbag.py:507} INFO - Filling up the DagBag from /home/airflow/.local/lib/python3.7/site-packages/airflow/example_dags/example_task_group.py
[2024-02-11 03:32:28,699] {processor.py:651} INFO - DAG(s) dict_keys(['example_task_group']) retrieved from /home/airflow/.local/lib/python3.7/site-packages/airflow/example_dags/example_task_group.py
[2024-02-11 03:32:28,858] {logging_mixin.py:115} INFO - [2024-02-11 03:32:28,858] {dag.py:2371} INFO - Sync 1 DAGs
[2024-02-11 03:32:28,930] {logging_mixin.py:115} INFO - [2024-02-11 03:32:28,930] {dag.py:2919} INFO - Setting next_dagrun for example_task_group to 2024-02-10T03:32:28.929943+00:00, run_after=2024-02-11T03:32:28.929943+00:00
[2024-02-11 03:32:28,980] {processor.py:161} INFO - Processing /home/airflow/.local/lib/python3.7/site-packages/airflow/example_dags/example_task_group.py took 0.362 seconds
[2024-02-11 04:04:50,190] {processor.py:153} INFO - Started process (PID=5059) to work on /home/airflow/.local/lib/python3.7/site-packages/airflow/example_dags/example_task_group.py
[2024-02-11 04:04:50,193] {processor.py:641} INFO - Processing file /home/airflow/.local/lib/python3.7/site-packages/airflow/example_dags/example_task_group.py for tasks to queue
[2024-02-11 04:04:50,199] {logging_mixin.py:115} INFO - [2024-02-11 04:04:50,198] {dagbag.py:507} INFO - Filling up the DagBag from /home/airflow/.local/lib/python3.7/site-packages/airflow/example_dags/example_task_group.py
[2024-02-11 04:04:50,216] {processor.py:651} INFO - DAG(s) dict_keys(['example_task_group']) retrieved from /home/airflow/.local/lib/python3.7/site-packages/airflow/example_dags/example_task_group.py
[2024-02-11 04:04:50,284] {logging_mixin.py:115} INFO - [2024-02-11 04:04:50,283] {dag.py:2371} INFO - Sync 1 DAGs
[2024-02-11 04:04:50,333] {logging_mixin.py:115} INFO - [2024-02-11 04:04:50,332] {dag.py:2919} INFO - Setting next_dagrun for example_task_group to 2024-02-10T04:04:50.332459+00:00, run_after=2024-02-11T04:04:50.332459+00:00
[2024-02-11 04:04:50,355] {processor.py:161} INFO - Processing /home/airflow/.local/lib/python3.7/site-packages/airflow/example_dags/example_task_group.py took 0.179 seconds
[2024-02-11 04:23:06,554] {processor.py:153} INFO - Started process (PID=5128) to work on /home/airflow/.local/lib/python3.7/site-packages/airflow/example_dags/example_task_group.py
[2024-02-11 04:23:06,562] {processor.py:641} INFO - Processing file /home/airflow/.local/lib/python3.7/site-packages/airflow/example_dags/example_task_group.py for tasks to queue
[2024-02-11 04:23:06,575] {logging_mixin.py:115} INFO - [2024-02-11 04:23:06,575] {dagbag.py:507} INFO - Filling up the DagBag from /home/airflow/.local/lib/python3.7/site-packages/airflow/example_dags/example_task_group.py
[2024-02-11 04:23:06,715] {processor.py:651} INFO - DAG(s) dict_keys(['example_task_group']) retrieved from /home/airflow/.local/lib/python3.7/site-packages/airflow/example_dags/example_task_group.py
[2024-02-11 04:23:07,027] {logging_mixin.py:115} INFO - [2024-02-11 04:23:07,025] {dag.py:2371} INFO - Sync 1 DAGs
[2024-02-11 04:23:08,220] {logging_mixin.py:115} INFO - [2024-02-11 04:23:08,220] {dag.py:2919} INFO - Setting next_dagrun for example_task_group to 2024-02-10T04:23:08.218847+00:00, run_after=2024-02-11T04:23:08.218847+00:00
[2024-02-11 04:23:08,702] {processor.py:161} INFO - Processing /home/airflow/.local/lib/python3.7/site-packages/airflow/example_dags/example_task_group.py took 2.208 seconds
[2024-02-11 05:29:08,275] {processor.py:153} INFO - Started process (PID=5188) to work on /home/airflow/.local/lib/python3.7/site-packages/airflow/example_dags/example_task_group.py
[2024-02-11 05:29:08,280] {processor.py:641} INFO - Processing file /home/airflow/.local/lib/python3.7/site-packages/airflow/example_dags/example_task_group.py for tasks to queue
[2024-02-11 05:29:08,284] {logging_mixin.py:115} INFO - [2024-02-11 05:29:08,284] {dagbag.py:507} INFO - Filling up the DagBag from /home/airflow/.local/lib/python3.7/site-packages/airflow/example_dags/example_task_group.py
[2024-02-11 05:29:08,353] {processor.py:651} INFO - DAG(s) dict_keys(['example_task_group']) retrieved from /home/airflow/.local/lib/python3.7/site-packages/airflow/example_dags/example_task_group.py
[2024-02-11 05:29:08,487] {logging_mixin.py:115} INFO - [2024-02-11 05:29:08,487] {dag.py:2371} INFO - Sync 1 DAGs
[2024-02-11 05:29:08,565] {logging_mixin.py:115} INFO - [2024-02-11 05:29:08,564] {dag.py:2919} INFO - Setting next_dagrun for example_task_group to 2024-02-10T05:29:08.562417+00:00, run_after=2024-02-11T05:29:08.562417+00:00
[2024-02-11 05:29:08,589] {processor.py:161} INFO - Processing /home/airflow/.local/lib/python3.7/site-packages/airflow/example_dags/example_task_group.py took 0.339 seconds
[2024-02-11 05:33:25,520] {processor.py:153} INFO - Started process (PID=5243) to work on /home/airflow/.local/lib/python3.7/site-packages/airflow/example_dags/example_task_group.py
[2024-02-11 05:33:25,521] {processor.py:641} INFO - Processing file /home/airflow/.local/lib/python3.7/site-packages/airflow/example_dags/example_task_group.py for tasks to queue
[2024-02-11 05:33:25,524] {logging_mixin.py:115} INFO - [2024-02-11 05:33:25,523] {dagbag.py:507} INFO - Filling up the DagBag from /home/airflow/.local/lib/python3.7/site-packages/airflow/example_dags/example_task_group.py
[2024-02-11 05:33:25,538] {processor.py:651} INFO - DAG(s) dict_keys(['example_task_group']) retrieved from /home/airflow/.local/lib/python3.7/site-packages/airflow/example_dags/example_task_group.py
[2024-02-11 05:33:25,582] {logging_mixin.py:115} INFO - [2024-02-11 05:33:25,582] {dag.py:2371} INFO - Sync 1 DAGs
[2024-02-11 05:33:25,628] {logging_mixin.py:115} INFO - [2024-02-11 05:33:25,627] {dag.py:2919} INFO - Setting next_dagrun for example_task_group to 2024-02-10T05:33:25.627552+00:00, run_after=2024-02-11T05:33:25.627552+00:00
[2024-02-11 05:33:25,644] {processor.py:161} INFO - Processing /home/airflow/.local/lib/python3.7/site-packages/airflow/example_dags/example_task_group.py took 0.131 seconds
[2024-02-11 06:21:39,895] {processor.py:153} INFO - Started process (PID=5311) to work on /home/airflow/.local/lib/python3.7/site-packages/airflow/example_dags/example_task_group.py
[2024-02-11 06:21:39,896] {processor.py:641} INFO - Processing file /home/airflow/.local/lib/python3.7/site-packages/airflow/example_dags/example_task_group.py for tasks to queue
[2024-02-11 06:21:39,896] {logging_mixin.py:115} INFO - [2024-02-11 06:21:39,896] {dagbag.py:507} INFO - Filling up the DagBag from /home/airflow/.local/lib/python3.7/site-packages/airflow/example_dags/example_task_group.py
[2024-02-11 06:21:39,902] {processor.py:651} INFO - DAG(s) dict_keys(['example_task_group']) retrieved from /home/airflow/.local/lib/python3.7/site-packages/airflow/example_dags/example_task_group.py
[2024-02-11 06:21:39,925] {logging_mixin.py:115} INFO - [2024-02-11 06:21:39,925] {dag.py:2371} INFO - Sync 1 DAGs
[2024-02-11 06:21:39,939] {logging_mixin.py:115} INFO - [2024-02-11 06:21:39,939] {dag.py:2919} INFO - Setting next_dagrun for example_task_group to 2024-02-10T06:21:39.939208+00:00, run_after=2024-02-11T06:21:39.939208+00:00
[2024-02-11 06:21:39,947] {processor.py:161} INFO - Processing /home/airflow/.local/lib/python3.7/site-packages/airflow/example_dags/example_task_group.py took 0.056 seconds
[2024-02-11 06:34:30,061] {processor.py:153} INFO - Started process (PID=5381) to work on /home/airflow/.local/lib/python3.7/site-packages/airflow/example_dags/example_task_group.py
[2024-02-11 06:34:30,065] {processor.py:641} INFO - Processing file /home/airflow/.local/lib/python3.7/site-packages/airflow/example_dags/example_task_group.py for tasks to queue
[2024-02-11 06:34:30,069] {logging_mixin.py:115} INFO - [2024-02-11 06:34:30,068] {dagbag.py:507} INFO - Filling up the DagBag from /home/airflow/.local/lib/python3.7/site-packages/airflow/example_dags/example_task_group.py
[2024-02-11 06:34:30,091] {processor.py:651} INFO - DAG(s) dict_keys(['example_task_group']) retrieved from /home/airflow/.local/lib/python3.7/site-packages/airflow/example_dags/example_task_group.py
[2024-02-11 06:34:30,159] {logging_mixin.py:115} INFO - [2024-02-11 06:34:30,158] {dag.py:2371} INFO - Sync 1 DAGs
[2024-02-11 06:34:30,215] {logging_mixin.py:115} INFO - [2024-02-11 06:34:30,215] {dag.py:2919} INFO - Setting next_dagrun for example_task_group to 2024-02-10T06:34:30.215562+00:00, run_after=2024-02-11T06:34:30.215562+00:00
[2024-02-11 06:34:30,281] {processor.py:161} INFO - Processing /home/airflow/.local/lib/python3.7/site-packages/airflow/example_dags/example_task_group.py took 0.237 seconds
[2024-02-11 07:08:51,100] {processor.py:153} INFO - Started process (PID=5439) to work on /home/airflow/.local/lib/python3.7/site-packages/airflow/example_dags/example_task_group.py
[2024-02-11 07:08:51,100] {processor.py:641} INFO - Processing file /home/airflow/.local/lib/python3.7/site-packages/airflow/example_dags/example_task_group.py for tasks to queue
[2024-02-11 07:08:51,104] {logging_mixin.py:115} INFO - [2024-02-11 07:08:51,104] {dagbag.py:507} INFO - Filling up the DagBag from /home/airflow/.local/lib/python3.7/site-packages/airflow/example_dags/example_task_group.py
[2024-02-11 07:08:51,110] {processor.py:651} INFO - DAG(s) dict_keys(['example_task_group']) retrieved from /home/airflow/.local/lib/python3.7/site-packages/airflow/example_dags/example_task_group.py
[2024-02-11 07:08:51,126] {logging_mixin.py:115} INFO - [2024-02-11 07:08:51,126] {dag.py:2371} INFO - Sync 1 DAGs
[2024-02-11 07:08:51,155] {logging_mixin.py:115} INFO - [2024-02-11 07:08:51,155] {dag.py:2919} INFO - Setting next_dagrun for example_task_group to 2024-02-10T07:08:51.154751+00:00, run_after=2024-02-11T07:08:51.154751+00:00
[2024-02-11 07:08:51,299] {processor.py:161} INFO - Processing /home/airflow/.local/lib/python3.7/site-packages/airflow/example_dags/example_task_group.py took 0.202 seconds
[2024-02-11 07:35:24,931] {processor.py:153} INFO - Started process (PID=5508) to work on /home/airflow/.local/lib/python3.7/site-packages/airflow/example_dags/example_task_group.py
[2024-02-11 07:35:24,936] {processor.py:641} INFO - Processing file /home/airflow/.local/lib/python3.7/site-packages/airflow/example_dags/example_task_group.py for tasks to queue
[2024-02-11 07:35:24,942] {logging_mixin.py:115} INFO - [2024-02-11 07:35:24,942] {dagbag.py:507} INFO - Filling up the DagBag from /home/airflow/.local/lib/python3.7/site-packages/airflow/example_dags/example_task_group.py
[2024-02-11 07:35:24,975] {processor.py:651} INFO - DAG(s) dict_keys(['example_task_group']) retrieved from /home/airflow/.local/lib/python3.7/site-packages/airflow/example_dags/example_task_group.py
[2024-02-11 07:35:25,047] {logging_mixin.py:115} INFO - [2024-02-11 07:35:25,047] {dag.py:2371} INFO - Sync 1 DAGs
[2024-02-11 07:35:25,527] {logging_mixin.py:115} INFO - [2024-02-11 07:35:25,527] {dag.py:2919} INFO - Setting next_dagrun for example_task_group to 2024-02-10T07:35:25.526771+00:00, run_after=2024-02-11T07:35:25.526771+00:00
[2024-02-11 07:35:25,579] {processor.py:161} INFO - Processing /home/airflow/.local/lib/python3.7/site-packages/airflow/example_dags/example_task_group.py took 0.655 seconds
[2024-02-11 08:02:44,169] {processor.py:153} INFO - Started process (PID=5568) to work on /home/airflow/.local/lib/python3.7/site-packages/airflow/example_dags/example_task_group.py
[2024-02-11 08:02:44,170] {processor.py:641} INFO - Processing file /home/airflow/.local/lib/python3.7/site-packages/airflow/example_dags/example_task_group.py for tasks to queue
[2024-02-11 08:02:44,171] {logging_mixin.py:115} INFO - [2024-02-11 08:02:44,171] {dagbag.py:507} INFO - Filling up the DagBag from /home/airflow/.local/lib/python3.7/site-packages/airflow/example_dags/example_task_group.py
[2024-02-11 08:02:44,176] {processor.py:651} INFO - DAG(s) dict_keys(['example_task_group']) retrieved from /home/airflow/.local/lib/python3.7/site-packages/airflow/example_dags/example_task_group.py
[2024-02-11 08:02:44,229] {logging_mixin.py:115} INFO - [2024-02-11 08:02:44,229] {dag.py:2371} INFO - Sync 1 DAGs
[2024-02-11 08:02:44,503] {logging_mixin.py:115} INFO - [2024-02-11 08:02:44,503] {dag.py:2919} INFO - Setting next_dagrun for example_task_group to 2024-02-10T08:02:44.502631+00:00, run_after=2024-02-11T08:02:44.502631+00:00
[2024-02-11 08:02:44,520] {processor.py:161} INFO - Processing /home/airflow/.local/lib/python3.7/site-packages/airflow/example_dags/example_task_group.py took 0.355 seconds
[2024-02-11 08:03:15,060] {processor.py:153} INFO - Started process (PID=5631) to work on /home/airflow/.local/lib/python3.7/site-packages/airflow/example_dags/example_task_group.py
[2024-02-11 08:03:15,061] {processor.py:641} INFO - Processing file /home/airflow/.local/lib/python3.7/site-packages/airflow/example_dags/example_task_group.py for tasks to queue
[2024-02-11 08:03:15,062] {logging_mixin.py:115} INFO - [2024-02-11 08:03:15,062] {dagbag.py:507} INFO - Filling up the DagBag from /home/airflow/.local/lib/python3.7/site-packages/airflow/example_dags/example_task_group.py
[2024-02-11 08:03:15,067] {processor.py:651} INFO - DAG(s) dict_keys(['example_task_group']) retrieved from /home/airflow/.local/lib/python3.7/site-packages/airflow/example_dags/example_task_group.py
[2024-02-11 08:03:15,082] {logging_mixin.py:115} INFO - [2024-02-11 08:03:15,082] {dag.py:2371} INFO - Sync 1 DAGs
[2024-02-11 08:03:15,175] {logging_mixin.py:115} INFO - [2024-02-11 08:03:15,175] {dag.py:2919} INFO - Setting next_dagrun for example_task_group to 2024-02-10T08:03:15.175020+00:00, run_after=2024-02-11T08:03:15.175020+00:00
[2024-02-11 08:03:15,181] {processor.py:161} INFO - Processing /home/airflow/.local/lib/python3.7/site-packages/airflow/example_dags/example_task_group.py took 0.124 seconds
[2024-02-11 08:05:39,615] {processor.py:153} INFO - Started process (PID=5686) to work on /home/airflow/.local/lib/python3.7/site-packages/airflow/example_dags/example_task_group.py
[2024-02-11 08:05:39,616] {processor.py:641} INFO - Processing file /home/airflow/.local/lib/python3.7/site-packages/airflow/example_dags/example_task_group.py for tasks to queue
[2024-02-11 08:05:39,617] {logging_mixin.py:115} INFO - [2024-02-11 08:05:39,617] {dagbag.py:507} INFO - Filling up the DagBag from /home/airflow/.local/lib/python3.7/site-packages/airflow/example_dags/example_task_group.py
[2024-02-11 08:05:39,627] {processor.py:651} INFO - DAG(s) dict_keys(['example_task_group']) retrieved from /home/airflow/.local/lib/python3.7/site-packages/airflow/example_dags/example_task_group.py
[2024-02-11 08:05:39,654] {logging_mixin.py:115} INFO - [2024-02-11 08:05:39,654] {dag.py:2371} INFO - Sync 1 DAGs
[2024-02-11 08:05:39,766] {logging_mixin.py:115} INFO - [2024-02-11 08:05:39,766] {dag.py:2919} INFO - Setting next_dagrun for example_task_group to 2024-02-10T08:05:39.766284+00:00, run_after=2024-02-11T08:05:39.766284+00:00
[2024-02-11 08:05:39,772] {processor.py:161} INFO - Processing /home/airflow/.local/lib/python3.7/site-packages/airflow/example_dags/example_task_group.py took 0.159 seconds
[2024-02-11 08:06:11,293] {processor.py:153} INFO - Started process (PID=5750) to work on /home/airflow/.local/lib/python3.7/site-packages/airflow/example_dags/example_task_group.py
[2024-02-11 08:06:11,294] {processor.py:641} INFO - Processing file /home/airflow/.local/lib/python3.7/site-packages/airflow/example_dags/example_task_group.py for tasks to queue
[2024-02-11 08:06:11,295] {logging_mixin.py:115} INFO - [2024-02-11 08:06:11,295] {dagbag.py:507} INFO - Filling up the DagBag from /home/airflow/.local/lib/python3.7/site-packages/airflow/example_dags/example_task_group.py
[2024-02-11 08:06:11,301] {processor.py:651} INFO - DAG(s) dict_keys(['example_task_group']) retrieved from /home/airflow/.local/lib/python3.7/site-packages/airflow/example_dags/example_task_group.py
[2024-02-11 08:06:11,322] {logging_mixin.py:115} INFO - [2024-02-11 08:06:11,322] {dag.py:2371} INFO - Sync 1 DAGs
[2024-02-11 08:06:11,436] {logging_mixin.py:115} INFO - [2024-02-11 08:06:11,436] {dag.py:2919} INFO - Setting next_dagrun for example_task_group to 2024-02-10T08:06:11.436669+00:00, run_after=2024-02-11T08:06:11.436669+00:00
[2024-02-11 08:06:11,446] {processor.py:161} INFO - Processing /home/airflow/.local/lib/python3.7/site-packages/airflow/example_dags/example_task_group.py took 0.156 seconds
[2024-02-11 08:06:41,607] {processor.py:153} INFO - Started process (PID=5814) to work on /home/airflow/.local/lib/python3.7/site-packages/airflow/example_dags/example_task_group.py
[2024-02-11 08:06:41,610] {processor.py:641} INFO - Processing file /home/airflow/.local/lib/python3.7/site-packages/airflow/example_dags/example_task_group.py for tasks to queue
[2024-02-11 08:06:41,610] {logging_mixin.py:115} INFO - [2024-02-11 08:06:41,610] {dagbag.py:507} INFO - Filling up the DagBag from /home/airflow/.local/lib/python3.7/site-packages/airflow/example_dags/example_task_group.py
[2024-02-11 08:06:41,619] {processor.py:651} INFO - DAG(s) dict_keys(['example_task_group']) retrieved from /home/airflow/.local/lib/python3.7/site-packages/airflow/example_dags/example_task_group.py
[2024-02-11 08:06:41,641] {logging_mixin.py:115} INFO - [2024-02-11 08:06:41,641] {dag.py:2371} INFO - Sync 1 DAGs
[2024-02-11 08:06:41,780] {logging_mixin.py:115} INFO - [2024-02-11 08:06:41,780] {dag.py:2919} INFO - Setting next_dagrun for example_task_group to 2024-02-10T08:06:41.780644+00:00, run_after=2024-02-11T08:06:41.780644+00:00
[2024-02-11 08:06:41,790] {processor.py:161} INFO - Processing /home/airflow/.local/lib/python3.7/site-packages/airflow/example_dags/example_task_group.py took 0.193 seconds
[2024-02-11 08:07:12,075] {processor.py:153} INFO - Started process (PID=5878) to work on /home/airflow/.local/lib/python3.7/site-packages/airflow/example_dags/example_task_group.py
[2024-02-11 08:07:12,076] {processor.py:641} INFO - Processing file /home/airflow/.local/lib/python3.7/site-packages/airflow/example_dags/example_task_group.py for tasks to queue
[2024-02-11 08:07:12,076] {logging_mixin.py:115} INFO - [2024-02-11 08:07:12,076] {dagbag.py:507} INFO - Filling up the DagBag from /home/airflow/.local/lib/python3.7/site-packages/airflow/example_dags/example_task_group.py
[2024-02-11 08:07:12,080] {processor.py:651} INFO - DAG(s) dict_keys(['example_task_group']) retrieved from /home/airflow/.local/lib/python3.7/site-packages/airflow/example_dags/example_task_group.py
[2024-02-11 08:07:12,094] {logging_mixin.py:115} INFO - [2024-02-11 08:07:12,094] {dag.py:2371} INFO - Sync 1 DAGs
[2024-02-11 08:07:12,183] {logging_mixin.py:115} INFO - [2024-02-11 08:07:12,183] {dag.py:2919} INFO - Setting next_dagrun for example_task_group to 2024-02-10T08:07:12.183412+00:00, run_after=2024-02-11T08:07:12.183412+00:00
[2024-02-11 08:07:12,189] {processor.py:161} INFO - Processing /home/airflow/.local/lib/python3.7/site-packages/airflow/example_dags/example_task_group.py took 0.115 seconds
[2024-02-11 08:07:44,127] {processor.py:153} INFO - Started process (PID=5942) to work on /home/airflow/.local/lib/python3.7/site-packages/airflow/example_dags/example_task_group.py
[2024-02-11 08:07:44,129] {processor.py:641} INFO - Processing file /home/airflow/.local/lib/python3.7/site-packages/airflow/example_dags/example_task_group.py for tasks to queue
[2024-02-11 08:07:44,130] {logging_mixin.py:115} INFO - [2024-02-11 08:07:44,130] {dagbag.py:507} INFO - Filling up the DagBag from /home/airflow/.local/lib/python3.7/site-packages/airflow/example_dags/example_task_group.py
[2024-02-11 08:07:44,139] {processor.py:651} INFO - DAG(s) dict_keys(['example_task_group']) retrieved from /home/airflow/.local/lib/python3.7/site-packages/airflow/example_dags/example_task_group.py
[2024-02-11 08:07:44,291] {logging_mixin.py:115} INFO - [2024-02-11 08:07:44,291] {dag.py:2371} INFO - Sync 1 DAGs
[2024-02-11 08:07:44,305] {logging_mixin.py:115} INFO - [2024-02-11 08:07:44,305] {dag.py:2919} INFO - Setting next_dagrun for example_task_group to 2024-02-10T08:07:44.304995+00:00, run_after=2024-02-11T08:07:44.304995+00:00
[2024-02-11 08:07:44,312] {processor.py:161} INFO - Processing /home/airflow/.local/lib/python3.7/site-packages/airflow/example_dags/example_task_group.py took 0.190 seconds
[2024-02-11 08:08:15,111] {processor.py:153} INFO - Started process (PID=5997) to work on /home/airflow/.local/lib/python3.7/site-packages/airflow/example_dags/example_task_group.py
[2024-02-11 08:08:15,112] {processor.py:641} INFO - Processing file /home/airflow/.local/lib/python3.7/site-packages/airflow/example_dags/example_task_group.py for tasks to queue
[2024-02-11 08:08:15,112] {logging_mixin.py:115} INFO - [2024-02-11 08:08:15,112] {dagbag.py:507} INFO - Filling up the DagBag from /home/airflow/.local/lib/python3.7/site-packages/airflow/example_dags/example_task_group.py
[2024-02-11 08:08:15,118] {processor.py:651} INFO - DAG(s) dict_keys(['example_task_group']) retrieved from /home/airflow/.local/lib/python3.7/site-packages/airflow/example_dags/example_task_group.py
[2024-02-11 08:08:15,265] {logging_mixin.py:115} INFO - [2024-02-11 08:08:15,265] {dag.py:2371} INFO - Sync 1 DAGs
[2024-02-11 08:08:15,277] {logging_mixin.py:115} INFO - [2024-02-11 08:08:15,277] {dag.py:2919} INFO - Setting next_dagrun for example_task_group to 2024-02-10T08:08:15.277112+00:00, run_after=2024-02-11T08:08:15.277112+00:00
[2024-02-11 08:08:15,284] {processor.py:161} INFO - Processing /home/airflow/.local/lib/python3.7/site-packages/airflow/example_dags/example_task_group.py took 0.177 seconds
[2024-02-11 08:08:46,752] {processor.py:153} INFO - Started process (PID=6061) to work on /home/airflow/.local/lib/python3.7/site-packages/airflow/example_dags/example_task_group.py
[2024-02-11 08:08:46,753] {processor.py:641} INFO - Processing file /home/airflow/.local/lib/python3.7/site-packages/airflow/example_dags/example_task_group.py for tasks to queue
[2024-02-11 08:08:46,754] {logging_mixin.py:115} INFO - [2024-02-11 08:08:46,754] {dagbag.py:507} INFO - Filling up the DagBag from /home/airflow/.local/lib/python3.7/site-packages/airflow/example_dags/example_task_group.py
[2024-02-11 08:08:46,758] {processor.py:651} INFO - DAG(s) dict_keys(['example_task_group']) retrieved from /home/airflow/.local/lib/python3.7/site-packages/airflow/example_dags/example_task_group.py
[2024-02-11 08:08:46,890] {logging_mixin.py:115} INFO - [2024-02-11 08:08:46,890] {dag.py:2371} INFO - Sync 1 DAGs
[2024-02-11 08:08:46,901] {logging_mixin.py:115} INFO - [2024-02-11 08:08:46,901] {dag.py:2919} INFO - Setting next_dagrun for example_task_group to 2024-02-10T08:08:46.901471+00:00, run_after=2024-02-11T08:08:46.901471+00:00
[2024-02-11 08:08:46,908] {processor.py:161} INFO - Processing /home/airflow/.local/lib/python3.7/site-packages/airflow/example_dags/example_task_group.py took 0.157 seconds
[2024-02-11 12:16:14,800] {processor.py:153} INFO - Started process (PID=69) to work on /home/airflow/.local/lib/python3.7/site-packages/airflow/example_dags/example_task_group.py
[2024-02-11 12:16:14,806] {processor.py:641} INFO - Processing file /home/airflow/.local/lib/python3.7/site-packages/airflow/example_dags/example_task_group.py for tasks to queue
[2024-02-11 12:16:14,808] {logging_mixin.py:115} INFO - [2024-02-11 12:16:14,808] {dagbag.py:507} INFO - Filling up the DagBag from /home/airflow/.local/lib/python3.7/site-packages/airflow/example_dags/example_task_group.py
[2024-02-11 12:16:14,841] {processor.py:651} INFO - DAG(s) dict_keys(['example_task_group']) retrieved from /home/airflow/.local/lib/python3.7/site-packages/airflow/example_dags/example_task_group.py
[2024-02-11 12:16:14,914] {logging_mixin.py:115} INFO - [2024-02-11 12:16:14,914] {dag.py:2371} INFO - Sync 1 DAGs
[2024-02-11 12:16:14,953] {logging_mixin.py:115} INFO - [2024-02-11 12:16:14,953] {dag.py:2919} INFO - Setting next_dagrun for example_task_group to 2024-02-10T12:16:14.953254+00:00, run_after=2024-02-11T12:16:14.953254+00:00
[2024-02-11 12:16:14,968] {processor.py:161} INFO - Processing /home/airflow/.local/lib/python3.7/site-packages/airflow/example_dags/example_task_group.py took 0.310 seconds
[2024-02-11 12:16:47,883] {processor.py:153} INFO - Started process (PID=124) to work on /home/airflow/.local/lib/python3.7/site-packages/airflow/example_dags/example_task_group.py
[2024-02-11 12:16:47,883] {processor.py:641} INFO - Processing file /home/airflow/.local/lib/python3.7/site-packages/airflow/example_dags/example_task_group.py for tasks to queue
[2024-02-11 12:16:47,884] {logging_mixin.py:115} INFO - [2024-02-11 12:16:47,884] {dagbag.py:507} INFO - Filling up the DagBag from /home/airflow/.local/lib/python3.7/site-packages/airflow/example_dags/example_task_group.py
[2024-02-11 12:16:47,892] {processor.py:651} INFO - DAG(s) dict_keys(['example_task_group']) retrieved from /home/airflow/.local/lib/python3.7/site-packages/airflow/example_dags/example_task_group.py
[2024-02-11 12:16:47,936] {logging_mixin.py:115} INFO - [2024-02-11 12:16:47,936] {dag.py:2371} INFO - Sync 1 DAGs
[2024-02-11 12:16:47,968] {logging_mixin.py:115} INFO - [2024-02-11 12:16:47,968] {dag.py:2919} INFO - Setting next_dagrun for example_task_group to 2024-02-10T12:16:47.967977+00:00, run_after=2024-02-11T12:16:47.967977+00:00
[2024-02-11 12:16:47,980] {processor.py:161} INFO - Processing /home/airflow/.local/lib/python3.7/site-packages/airflow/example_dags/example_task_group.py took 0.100 seconds
[2024-02-11 12:17:19,055] {processor.py:153} INFO - Started process (PID=179) to work on /home/airflow/.local/lib/python3.7/site-packages/airflow/example_dags/example_task_group.py
[2024-02-11 12:17:19,056] {processor.py:641} INFO - Processing file /home/airflow/.local/lib/python3.7/site-packages/airflow/example_dags/example_task_group.py for tasks to queue
[2024-02-11 12:17:19,057] {logging_mixin.py:115} INFO - [2024-02-11 12:17:19,057] {dagbag.py:507} INFO - Filling up the DagBag from /home/airflow/.local/lib/python3.7/site-packages/airflow/example_dags/example_task_group.py
[2024-02-11 12:17:19,066] {processor.py:651} INFO - DAG(s) dict_keys(['example_task_group']) retrieved from /home/airflow/.local/lib/python3.7/site-packages/airflow/example_dags/example_task_group.py
[2024-02-11 12:17:19,083] {logging_mixin.py:115} INFO - [2024-02-11 12:17:19,083] {dag.py:2371} INFO - Sync 1 DAGs
[2024-02-11 12:17:19,117] {logging_mixin.py:115} INFO - [2024-02-11 12:17:19,116] {dag.py:2919} INFO - Setting next_dagrun for example_task_group to 2024-02-10T12:17:19.116605+00:00, run_after=2024-02-11T12:17:19.116605+00:00
[2024-02-11 12:17:19,126] {processor.py:161} INFO - Processing /home/airflow/.local/lib/python3.7/site-packages/airflow/example_dags/example_task_group.py took 0.073 seconds
[2024-02-11 12:17:50,379] {processor.py:153} INFO - Started process (PID=242) to work on /home/airflow/.local/lib/python3.7/site-packages/airflow/example_dags/example_task_group.py
[2024-02-11 12:17:50,381] {processor.py:641} INFO - Processing file /home/airflow/.local/lib/python3.7/site-packages/airflow/example_dags/example_task_group.py for tasks to queue
[2024-02-11 12:17:50,382] {logging_mixin.py:115} INFO - [2024-02-11 12:17:50,382] {dagbag.py:507} INFO - Filling up the DagBag from /home/airflow/.local/lib/python3.7/site-packages/airflow/example_dags/example_task_group.py
[2024-02-11 12:17:50,389] {processor.py:651} INFO - DAG(s) dict_keys(['example_task_group']) retrieved from /home/airflow/.local/lib/python3.7/site-packages/airflow/example_dags/example_task_group.py
[2024-02-11 12:17:50,406] {logging_mixin.py:115} INFO - [2024-02-11 12:17:50,406] {dag.py:2371} INFO - Sync 1 DAGs
[2024-02-11 12:17:50,421] {logging_mixin.py:115} INFO - [2024-02-11 12:17:50,421] {dag.py:2919} INFO - Setting next_dagrun for example_task_group to 2024-02-10T12:17:50.421028+00:00, run_after=2024-02-11T12:17:50.421028+00:00
[2024-02-11 12:17:50,434] {processor.py:161} INFO - Processing /home/airflow/.local/lib/python3.7/site-packages/airflow/example_dags/example_task_group.py took 0.058 seconds
[2024-02-11 12:18:21,652] {processor.py:153} INFO - Started process (PID=306) to work on /home/airflow/.local/lib/python3.7/site-packages/airflow/example_dags/example_task_group.py
[2024-02-11 12:18:21,653] {processor.py:641} INFO - Processing file /home/airflow/.local/lib/python3.7/site-packages/airflow/example_dags/example_task_group.py for tasks to queue
[2024-02-11 12:18:21,654] {logging_mixin.py:115} INFO - [2024-02-11 12:18:21,654] {dagbag.py:507} INFO - Filling up the DagBag from /home/airflow/.local/lib/python3.7/site-packages/airflow/example_dags/example_task_group.py
[2024-02-11 12:18:21,706] {processor.py:651} INFO - DAG(s) dict_keys(['example_task_group']) retrieved from /home/airflow/.local/lib/python3.7/site-packages/airflow/example_dags/example_task_group.py
[2024-02-11 12:18:21,762] {logging_mixin.py:115} INFO - [2024-02-11 12:18:21,762] {dag.py:2371} INFO - Sync 1 DAGs
[2024-02-11 12:18:21,779] {logging_mixin.py:115} INFO - [2024-02-11 12:18:21,779] {dag.py:2919} INFO - Setting next_dagrun for example_task_group to 2024-02-10T12:18:21.779477+00:00, run_after=2024-02-11T12:18:21.779477+00:00
[2024-02-11 12:18:21,786] {processor.py:161} INFO - Processing /home/airflow/.local/lib/python3.7/site-packages/airflow/example_dags/example_task_group.py took 0.137 seconds
[2024-02-11 12:18:52,457] {processor.py:153} INFO - Started process (PID=370) to work on /home/airflow/.local/lib/python3.7/site-packages/airflow/example_dags/example_task_group.py
[2024-02-11 12:18:52,458] {processor.py:641} INFO - Processing file /home/airflow/.local/lib/python3.7/site-packages/airflow/example_dags/example_task_group.py for tasks to queue
[2024-02-11 12:18:52,459] {logging_mixin.py:115} INFO - [2024-02-11 12:18:52,459] {dagbag.py:507} INFO - Filling up the DagBag from /home/airflow/.local/lib/python3.7/site-packages/airflow/example_dags/example_task_group.py
[2024-02-11 12:18:52,471] {processor.py:651} INFO - DAG(s) dict_keys(['example_task_group']) retrieved from /home/airflow/.local/lib/python3.7/site-packages/airflow/example_dags/example_task_group.py
[2024-02-11 12:18:52,491] {logging_mixin.py:115} INFO - [2024-02-11 12:18:52,491] {dag.py:2371} INFO - Sync 1 DAGs
[2024-02-11 12:18:52,503] {logging_mixin.py:115} INFO - [2024-02-11 12:18:52,503] {dag.py:2919} INFO - Setting next_dagrun for example_task_group to 2024-02-10T12:18:52.503525+00:00, run_after=2024-02-11T12:18:52.503525+00:00
[2024-02-11 12:18:52,511] {processor.py:161} INFO - Processing /home/airflow/.local/lib/python3.7/site-packages/airflow/example_dags/example_task_group.py took 0.057 seconds
[2024-02-11 12:19:23,186] {processor.py:153} INFO - Started process (PID=432) to work on /home/airflow/.local/lib/python3.7/site-packages/airflow/example_dags/example_task_group.py
[2024-02-11 12:19:23,190] {processor.py:641} INFO - Processing file /home/airflow/.local/lib/python3.7/site-packages/airflow/example_dags/example_task_group.py for tasks to queue
[2024-02-11 12:19:23,192] {logging_mixin.py:115} INFO - [2024-02-11 12:19:23,192] {dagbag.py:507} INFO - Filling up the DagBag from /home/airflow/.local/lib/python3.7/site-packages/airflow/example_dags/example_task_group.py
[2024-02-11 12:19:23,208] {processor.py:651} INFO - DAG(s) dict_keys(['example_task_group']) retrieved from /home/airflow/.local/lib/python3.7/site-packages/airflow/example_dags/example_task_group.py
[2024-02-11 12:19:23,233] {logging_mixin.py:115} INFO - [2024-02-11 12:19:23,233] {dag.py:2371} INFO - Sync 1 DAGs
[2024-02-11 12:19:23,265] {logging_mixin.py:115} INFO - [2024-02-11 12:19:23,260] {dag.py:2919} INFO - Setting next_dagrun for example_task_group to 2024-02-10T12:19:23.259405+00:00, run_after=2024-02-11T12:19:23.259405+00:00
[2024-02-11 12:19:23,277] {processor.py:161} INFO - Processing /home/airflow/.local/lib/python3.7/site-packages/airflow/example_dags/example_task_group.py took 0.094 seconds
[2024-02-11 12:19:54,157] {processor.py:153} INFO - Started process (PID=487) to work on /home/airflow/.local/lib/python3.7/site-packages/airflow/example_dags/example_task_group.py
[2024-02-11 12:19:54,158] {processor.py:641} INFO - Processing file /home/airflow/.local/lib/python3.7/site-packages/airflow/example_dags/example_task_group.py for tasks to queue
[2024-02-11 12:19:54,159] {logging_mixin.py:115} INFO - [2024-02-11 12:19:54,159] {dagbag.py:507} INFO - Filling up the DagBag from /home/airflow/.local/lib/python3.7/site-packages/airflow/example_dags/example_task_group.py
[2024-02-11 12:19:54,165] {processor.py:651} INFO - DAG(s) dict_keys(['example_task_group']) retrieved from /home/airflow/.local/lib/python3.7/site-packages/airflow/example_dags/example_task_group.py
[2024-02-11 12:19:54,177] {logging_mixin.py:115} INFO - [2024-02-11 12:19:54,177] {dag.py:2371} INFO - Sync 1 DAGs
[2024-02-11 12:19:54,190] {logging_mixin.py:115} INFO - [2024-02-11 12:19:54,190] {dag.py:2919} INFO - Setting next_dagrun for example_task_group to 2024-02-10T12:19:54.189966+00:00, run_after=2024-02-11T12:19:54.189966+00:00
[2024-02-11 12:19:54,197] {processor.py:161} INFO - Processing /home/airflow/.local/lib/python3.7/site-packages/airflow/example_dags/example_task_group.py took 0.042 seconds
[2024-02-11 12:20:24,955] {processor.py:153} INFO - Started process (PID=551) to work on /home/airflow/.local/lib/python3.7/site-packages/airflow/example_dags/example_task_group.py
[2024-02-11 12:20:24,956] {processor.py:641} INFO - Processing file /home/airflow/.local/lib/python3.7/site-packages/airflow/example_dags/example_task_group.py for tasks to queue
[2024-02-11 12:20:24,957] {logging_mixin.py:115} INFO - [2024-02-11 12:20:24,956] {dagbag.py:507} INFO - Filling up the DagBag from /home/airflow/.local/lib/python3.7/site-packages/airflow/example_dags/example_task_group.py
[2024-02-11 12:20:24,964] {processor.py:651} INFO - DAG(s) dict_keys(['example_task_group']) retrieved from /home/airflow/.local/lib/python3.7/site-packages/airflow/example_dags/example_task_group.py
[2024-02-11 12:20:25,000] {logging_mixin.py:115} INFO - [2024-02-11 12:20:25,000] {dag.py:2371} INFO - Sync 1 DAGs
[2024-02-11 12:20:25,018] {logging_mixin.py:115} INFO - [2024-02-11 12:20:25,018] {dag.py:2919} INFO - Setting next_dagrun for example_task_group to 2024-02-10T12:20:25.018415+00:00, run_after=2024-02-11T12:20:25.018415+00:00
[2024-02-11 12:20:25,027] {processor.py:161} INFO - Processing /home/airflow/.local/lib/python3.7/site-packages/airflow/example_dags/example_task_group.py took 0.075 seconds
[2024-02-11 12:20:55,602] {processor.py:153} INFO - Started process (PID=615) to work on /home/airflow/.local/lib/python3.7/site-packages/airflow/example_dags/example_task_group.py
[2024-02-11 12:20:55,602] {processor.py:641} INFO - Processing file /home/airflow/.local/lib/python3.7/site-packages/airflow/example_dags/example_task_group.py for tasks to queue
[2024-02-11 12:20:55,603] {logging_mixin.py:115} INFO - [2024-02-11 12:20:55,603] {dagbag.py:507} INFO - Filling up the DagBag from /home/airflow/.local/lib/python3.7/site-packages/airflow/example_dags/example_task_group.py
[2024-02-11 12:20:55,611] {processor.py:651} INFO - DAG(s) dict_keys(['example_task_group']) retrieved from /home/airflow/.local/lib/python3.7/site-packages/airflow/example_dags/example_task_group.py
[2024-02-11 12:20:55,629] {logging_mixin.py:115} INFO - [2024-02-11 12:20:55,629] {dag.py:2371} INFO - Sync 1 DAGs
[2024-02-11 12:20:55,641] {logging_mixin.py:115} INFO - [2024-02-11 12:20:55,641] {dag.py:2919} INFO - Setting next_dagrun for example_task_group to 2024-02-10T12:20:55.641297+00:00, run_after=2024-02-11T12:20:55.641297+00:00
[2024-02-11 12:20:55,648] {processor.py:161} INFO - Processing /home/airflow/.local/lib/python3.7/site-packages/airflow/example_dags/example_task_group.py took 0.049 seconds
[2024-02-11 12:21:26,613] {processor.py:153} INFO - Started process (PID=669) to work on /home/airflow/.local/lib/python3.7/site-packages/airflow/example_dags/example_task_group.py
[2024-02-11 12:21:26,614] {processor.py:641} INFO - Processing file /home/airflow/.local/lib/python3.7/site-packages/airflow/example_dags/example_task_group.py for tasks to queue
[2024-02-11 12:21:26,615] {logging_mixin.py:115} INFO - [2024-02-11 12:21:26,615] {dagbag.py:507} INFO - Filling up the DagBag from /home/airflow/.local/lib/python3.7/site-packages/airflow/example_dags/example_task_group.py
[2024-02-11 12:21:26,619] {processor.py:651} INFO - DAG(s) dict_keys(['example_task_group']) retrieved from /home/airflow/.local/lib/python3.7/site-packages/airflow/example_dags/example_task_group.py
[2024-02-11 12:21:26,631] {logging_mixin.py:115} INFO - [2024-02-11 12:21:26,631] {dag.py:2371} INFO - Sync 1 DAGs
[2024-02-11 12:21:26,642] {logging_mixin.py:115} INFO - [2024-02-11 12:21:26,642] {dag.py:2919} INFO - Setting next_dagrun for example_task_group to 2024-02-10T12:21:26.642632+00:00, run_after=2024-02-11T12:21:26.642632+00:00
[2024-02-11 12:21:26,648] {processor.py:161} INFO - Processing /home/airflow/.local/lib/python3.7/site-packages/airflow/example_dags/example_task_group.py took 0.036 seconds
[2024-02-11 12:21:57,851] {processor.py:153} INFO - Started process (PID=736) to work on /home/airflow/.local/lib/python3.7/site-packages/airflow/example_dags/example_task_group.py
[2024-02-11 12:21:57,852] {processor.py:641} INFO - Processing file /home/airflow/.local/lib/python3.7/site-packages/airflow/example_dags/example_task_group.py for tasks to queue
[2024-02-11 12:21:57,853] {logging_mixin.py:115} INFO - [2024-02-11 12:21:57,852] {dagbag.py:507} INFO - Filling up the DagBag from /home/airflow/.local/lib/python3.7/site-packages/airflow/example_dags/example_task_group.py
[2024-02-11 12:21:57,860] {processor.py:651} INFO - DAG(s) dict_keys(['example_task_group']) retrieved from /home/airflow/.local/lib/python3.7/site-packages/airflow/example_dags/example_task_group.py
[2024-02-11 12:21:57,876] {logging_mixin.py:115} INFO - [2024-02-11 12:21:57,876] {dag.py:2371} INFO - Sync 1 DAGs
[2024-02-11 12:21:57,887] {logging_mixin.py:115} INFO - [2024-02-11 12:21:57,887] {dag.py:2919} INFO - Setting next_dagrun for example_task_group to 2024-02-10T12:21:57.886932+00:00, run_after=2024-02-11T12:21:57.886932+00:00
[2024-02-11 12:21:57,892] {processor.py:161} INFO - Processing /home/airflow/.local/lib/python3.7/site-packages/airflow/example_dags/example_task_group.py took 0.044 seconds
[2024-02-11 12:23:19,833] {processor.py:153} INFO - Started process (PID=57) to work on /home/airflow/.local/lib/python3.7/site-packages/airflow/example_dags/example_task_group.py
[2024-02-11 12:23:19,834] {processor.py:641} INFO - Processing file /home/airflow/.local/lib/python3.7/site-packages/airflow/example_dags/example_task_group.py for tasks to queue
[2024-02-11 12:23:19,836] {logging_mixin.py:115} INFO - [2024-02-11 12:23:19,836] {dagbag.py:507} INFO - Filling up the DagBag from /home/airflow/.local/lib/python3.7/site-packages/airflow/example_dags/example_task_group.py
[2024-02-11 12:23:19,845] {processor.py:651} INFO - DAG(s) dict_keys(['example_task_group']) retrieved from /home/airflow/.local/lib/python3.7/site-packages/airflow/example_dags/example_task_group.py
[2024-02-11 12:23:19,879] {logging_mixin.py:115} INFO - [2024-02-11 12:23:19,879] {dag.py:2371} INFO - Sync 1 DAGs
[2024-02-11 12:23:19,923] {logging_mixin.py:115} INFO - [2024-02-11 12:23:19,923] {dag.py:2919} INFO - Setting next_dagrun for example_task_group to 2024-02-10T12:23:19.923304+00:00, run_after=2024-02-11T12:23:19.923304+00:00
[2024-02-11 12:23:19,953] {processor.py:161} INFO - Processing /home/airflow/.local/lib/python3.7/site-packages/airflow/example_dags/example_task_group.py took 0.126 seconds
[2024-02-11 12:24:15,793] {processor.py:153} INFO - Started process (PID=66) to work on /home/airflow/.local/lib/python3.7/site-packages/airflow/example_dags/example_task_group.py
[2024-02-11 12:24:15,809] {processor.py:641} INFO - Processing file /home/airflow/.local/lib/python3.7/site-packages/airflow/example_dags/example_task_group.py for tasks to queue
[2024-02-11 12:24:15,811] {logging_mixin.py:115} INFO - [2024-02-11 12:24:15,810] {dagbag.py:507} INFO - Filling up the DagBag from /home/airflow/.local/lib/python3.7/site-packages/airflow/example_dags/example_task_group.py
[2024-02-11 12:24:15,827] {processor.py:651} INFO - DAG(s) dict_keys(['example_task_group']) retrieved from /home/airflow/.local/lib/python3.7/site-packages/airflow/example_dags/example_task_group.py
[2024-02-11 12:24:15,890] {logging_mixin.py:115} INFO - [2024-02-11 12:24:15,889] {dag.py:2371} INFO - Sync 1 DAGs
[2024-02-11 12:24:15,934] {logging_mixin.py:115} INFO - [2024-02-11 12:24:15,934] {dag.py:2919} INFO - Setting next_dagrun for example_task_group to 2024-02-10T12:24:15.933995+00:00, run_after=2024-02-11T12:24:15.933995+00:00
[2024-02-11 12:24:15,965] {processor.py:161} INFO - Processing /home/airflow/.local/lib/python3.7/site-packages/airflow/example_dags/example_task_group.py took 0.179 seconds
[2024-02-11 12:24:46,997] {processor.py:153} INFO - Started process (PID=120) to work on /home/airflow/.local/lib/python3.7/site-packages/airflow/example_dags/example_task_group.py
[2024-02-11 12:24:46,999] {processor.py:641} INFO - Processing file /home/airflow/.local/lib/python3.7/site-packages/airflow/example_dags/example_task_group.py for tasks to queue
[2024-02-11 12:24:46,999] {logging_mixin.py:115} INFO - [2024-02-11 12:24:46,999] {dagbag.py:507} INFO - Filling up the DagBag from /home/airflow/.local/lib/python3.7/site-packages/airflow/example_dags/example_task_group.py
[2024-02-11 12:24:47,005] {processor.py:651} INFO - DAG(s) dict_keys(['example_task_group']) retrieved from /home/airflow/.local/lib/python3.7/site-packages/airflow/example_dags/example_task_group.py
[2024-02-11 12:24:47,042] {logging_mixin.py:115} INFO - [2024-02-11 12:24:47,042] {dag.py:2371} INFO - Sync 1 DAGs
[2024-02-11 12:24:47,078] {logging_mixin.py:115} INFO - [2024-02-11 12:24:47,078] {dag.py:2919} INFO - Setting next_dagrun for example_task_group to 2024-02-10T12:24:47.077855+00:00, run_after=2024-02-11T12:24:47.077855+00:00
[2024-02-11 12:24:47,095] {processor.py:161} INFO - Processing /home/airflow/.local/lib/python3.7/site-packages/airflow/example_dags/example_task_group.py took 0.099 seconds
[2024-02-11 12:25:17,882] {processor.py:153} INFO - Started process (PID=188) to work on /home/airflow/.local/lib/python3.7/site-packages/airflow/example_dags/example_task_group.py
[2024-02-11 12:25:17,885] {processor.py:641} INFO - Processing file /home/airflow/.local/lib/python3.7/site-packages/airflow/example_dags/example_task_group.py for tasks to queue
[2024-02-11 12:25:17,886] {logging_mixin.py:115} INFO - [2024-02-11 12:25:17,886] {dagbag.py:507} INFO - Filling up the DagBag from /home/airflow/.local/lib/python3.7/site-packages/airflow/example_dags/example_task_group.py
[2024-02-11 12:25:17,895] {processor.py:651} INFO - DAG(s) dict_keys(['example_task_group']) retrieved from /home/airflow/.local/lib/python3.7/site-packages/airflow/example_dags/example_task_group.py
[2024-02-11 12:25:17,933] {logging_mixin.py:115} INFO - [2024-02-11 12:25:17,933] {dag.py:2371} INFO - Sync 1 DAGs
[2024-02-11 12:25:17,964] {logging_mixin.py:115} INFO - [2024-02-11 12:25:17,964] {dag.py:2919} INFO - Setting next_dagrun for example_task_group to 2024-02-10T12:25:17.961775+00:00, run_after=2024-02-11T12:25:17.961775+00:00
[2024-02-11 12:25:17,985] {processor.py:161} INFO - Processing /home/airflow/.local/lib/python3.7/site-packages/airflow/example_dags/example_task_group.py took 0.110 seconds
[2024-02-11 12:25:49,001] {processor.py:153} INFO - Started process (PID=252) to work on /home/airflow/.local/lib/python3.7/site-packages/airflow/example_dags/example_task_group.py
[2024-02-11 12:25:49,002] {processor.py:641} INFO - Processing file /home/airflow/.local/lib/python3.7/site-packages/airflow/example_dags/example_task_group.py for tasks to queue
[2024-02-11 12:25:49,004] {logging_mixin.py:115} INFO - [2024-02-11 12:25:49,003] {dagbag.py:507} INFO - Filling up the DagBag from /home/airflow/.local/lib/python3.7/site-packages/airflow/example_dags/example_task_group.py
[2024-02-11 12:25:49,016] {processor.py:651} INFO - DAG(s) dict_keys(['example_task_group']) retrieved from /home/airflow/.local/lib/python3.7/site-packages/airflow/example_dags/example_task_group.py
[2024-02-11 12:25:49,034] {logging_mixin.py:115} INFO - [2024-02-11 12:25:49,034] {dag.py:2371} INFO - Sync 1 DAGs
[2024-02-11 12:25:49,047] {logging_mixin.py:115} INFO - [2024-02-11 12:25:49,047] {dag.py:2919} INFO - Setting next_dagrun for example_task_group to 2024-02-10T12:25:49.047139+00:00, run_after=2024-02-11T12:25:49.047139+00:00
[2024-02-11 12:25:49,054] {processor.py:161} INFO - Processing /home/airflow/.local/lib/python3.7/site-packages/airflow/example_dags/example_task_group.py took 0.055 seconds
[2024-02-11 12:26:19,679] {processor.py:153} INFO - Started process (PID=319) to work on /home/airflow/.local/lib/python3.7/site-packages/airflow/example_dags/example_task_group.py
[2024-02-11 12:26:19,680] {processor.py:641} INFO - Processing file /home/airflow/.local/lib/python3.7/site-packages/airflow/example_dags/example_task_group.py for tasks to queue
[2024-02-11 12:26:19,681] {logging_mixin.py:115} INFO - [2024-02-11 12:26:19,681] {dagbag.py:507} INFO - Filling up the DagBag from /home/airflow/.local/lib/python3.7/site-packages/airflow/example_dags/example_task_group.py
[2024-02-11 12:26:19,686] {processor.py:651} INFO - DAG(s) dict_keys(['example_task_group']) retrieved from /home/airflow/.local/lib/python3.7/site-packages/airflow/example_dags/example_task_group.py
[2024-02-11 12:26:19,727] {logging_mixin.py:115} INFO - [2024-02-11 12:26:19,727] {dag.py:2371} INFO - Sync 1 DAGs
[2024-02-11 12:26:19,746] {logging_mixin.py:115} INFO - [2024-02-11 12:26:19,746] {dag.py:2919} INFO - Setting next_dagrun for example_task_group to 2024-02-10T12:26:19.746175+00:00, run_after=2024-02-11T12:26:19.746175+00:00
[2024-02-11 12:26:19,756] {processor.py:161} INFO - Processing /home/airflow/.local/lib/python3.7/site-packages/airflow/example_dags/example_task_group.py took 0.080 seconds
[2024-02-11 12:26:49,952] {processor.py:153} INFO - Started process (PID=380) to work on /home/airflow/.local/lib/python3.7/site-packages/airflow/example_dags/example_task_group.py
[2024-02-11 12:26:49,953] {processor.py:641} INFO - Processing file /home/airflow/.local/lib/python3.7/site-packages/airflow/example_dags/example_task_group.py for tasks to queue
[2024-02-11 12:26:49,954] {logging_mixin.py:115} INFO - [2024-02-11 12:26:49,954] {dagbag.py:507} INFO - Filling up the DagBag from /home/airflow/.local/lib/python3.7/site-packages/airflow/example_dags/example_task_group.py
[2024-02-11 12:26:49,961] {processor.py:651} INFO - DAG(s) dict_keys(['example_task_group']) retrieved from /home/airflow/.local/lib/python3.7/site-packages/airflow/example_dags/example_task_group.py
[2024-02-11 12:26:50,012] {logging_mixin.py:115} INFO - [2024-02-11 12:26:50,012] {dag.py:2371} INFO - Sync 1 DAGs
[2024-02-11 12:26:50,047] {logging_mixin.py:115} INFO - [2024-02-11 12:26:50,047] {dag.py:2919} INFO - Setting next_dagrun for example_task_group to 2024-02-10T12:26:50.047494+00:00, run_after=2024-02-11T12:26:50.047494+00:00
[2024-02-11 12:26:50,070] {processor.py:161} INFO - Processing /home/airflow/.local/lib/python3.7/site-packages/airflow/example_dags/example_task_group.py took 0.121 seconds
[2024-02-11 12:27:20,122] {processor.py:153} INFO - Started process (PID=438) to work on /home/airflow/.local/lib/python3.7/site-packages/airflow/example_dags/example_task_group.py
[2024-02-11 12:27:20,123] {processor.py:641} INFO - Processing file /home/airflow/.local/lib/python3.7/site-packages/airflow/example_dags/example_task_group.py for tasks to queue
[2024-02-11 12:27:20,124] {logging_mixin.py:115} INFO - [2024-02-11 12:27:20,124] {dagbag.py:507} INFO - Filling up the DagBag from /home/airflow/.local/lib/python3.7/site-packages/airflow/example_dags/example_task_group.py
[2024-02-11 12:27:20,142] {processor.py:651} INFO - DAG(s) dict_keys(['example_task_group']) retrieved from /home/airflow/.local/lib/python3.7/site-packages/airflow/example_dags/example_task_group.py
[2024-02-11 12:27:20,169] {logging_mixin.py:115} INFO - [2024-02-11 12:27:20,169] {dag.py:2371} INFO - Sync 1 DAGs
[2024-02-11 12:27:20,186] {logging_mixin.py:115} INFO - [2024-02-11 12:27:20,186] {dag.py:2919} INFO - Setting next_dagrun for example_task_group to 2024-02-10T12:27:20.186181+00:00, run_after=2024-02-11T12:27:20.186181+00:00
[2024-02-11 12:27:20,196] {processor.py:161} INFO - Processing /home/airflow/.local/lib/python3.7/site-packages/airflow/example_dags/example_task_group.py took 0.080 seconds
[2024-02-11 12:27:50,459] {processor.py:153} INFO - Started process (PID=501) to work on /home/airflow/.local/lib/python3.7/site-packages/airflow/example_dags/example_task_group.py
[2024-02-11 12:27:50,462] {processor.py:641} INFO - Processing file /home/airflow/.local/lib/python3.7/site-packages/airflow/example_dags/example_task_group.py for tasks to queue
[2024-02-11 12:27:50,462] {logging_mixin.py:115} INFO - [2024-02-11 12:27:50,462] {dagbag.py:507} INFO - Filling up the DagBag from /home/airflow/.local/lib/python3.7/site-packages/airflow/example_dags/example_task_group.py
[2024-02-11 12:27:50,471] {processor.py:651} INFO - DAG(s) dict_keys(['example_task_group']) retrieved from /home/airflow/.local/lib/python3.7/site-packages/airflow/example_dags/example_task_group.py
[2024-02-11 12:27:50,510] {logging_mixin.py:115} INFO - [2024-02-11 12:27:50,510] {dag.py:2371} INFO - Sync 1 DAGs
[2024-02-11 12:27:50,561] {logging_mixin.py:115} INFO - [2024-02-11 12:27:50,561] {dag.py:2919} INFO - Setting next_dagrun for example_task_group to 2024-02-10T12:27:50.560050+00:00, run_after=2024-02-11T12:27:50.560050+00:00
[2024-02-11 12:27:50,588] {processor.py:161} INFO - Processing /home/airflow/.local/lib/python3.7/site-packages/airflow/example_dags/example_task_group.py took 0.133 seconds
[2024-02-11 12:28:20,711] {processor.py:153} INFO - Started process (PID=569) to work on /home/airflow/.local/lib/python3.7/site-packages/airflow/example_dags/example_task_group.py
[2024-02-11 12:28:20,712] {processor.py:641} INFO - Processing file /home/airflow/.local/lib/python3.7/site-packages/airflow/example_dags/example_task_group.py for tasks to queue
[2024-02-11 12:28:20,713] {logging_mixin.py:115} INFO - [2024-02-11 12:28:20,713] {dagbag.py:507} INFO - Filling up the DagBag from /home/airflow/.local/lib/python3.7/site-packages/airflow/example_dags/example_task_group.py
[2024-02-11 12:28:20,725] {processor.py:651} INFO - DAG(s) dict_keys(['example_task_group']) retrieved from /home/airflow/.local/lib/python3.7/site-packages/airflow/example_dags/example_task_group.py
[2024-02-11 12:28:20,750] {logging_mixin.py:115} INFO - [2024-02-11 12:28:20,750] {dag.py:2371} INFO - Sync 1 DAGs
[2024-02-11 12:28:20,767] {logging_mixin.py:115} INFO - [2024-02-11 12:28:20,767] {dag.py:2919} INFO - Setting next_dagrun for example_task_group to 2024-02-10T12:28:20.767227+00:00, run_after=2024-02-11T12:28:20.767227+00:00
[2024-02-11 12:28:20,778] {processor.py:161} INFO - Processing /home/airflow/.local/lib/python3.7/site-packages/airflow/example_dags/example_task_group.py took 0.072 seconds
[2024-02-11 12:28:50,903] {processor.py:153} INFO - Started process (PID=633) to work on /home/airflow/.local/lib/python3.7/site-packages/airflow/example_dags/example_task_group.py
[2024-02-11 12:28:50,904] {processor.py:641} INFO - Processing file /home/airflow/.local/lib/python3.7/site-packages/airflow/example_dags/example_task_group.py for tasks to queue
[2024-02-11 12:28:50,905] {logging_mixin.py:115} INFO - [2024-02-11 12:28:50,905] {dagbag.py:507} INFO - Filling up the DagBag from /home/airflow/.local/lib/python3.7/site-packages/airflow/example_dags/example_task_group.py
[2024-02-11 12:28:50,912] {processor.py:651} INFO - DAG(s) dict_keys(['example_task_group']) retrieved from /home/airflow/.local/lib/python3.7/site-packages/airflow/example_dags/example_task_group.py
[2024-02-11 12:28:50,934] {logging_mixin.py:115} INFO - [2024-02-11 12:28:50,934] {dag.py:2371} INFO - Sync 1 DAGs
[2024-02-11 12:28:50,952] {logging_mixin.py:115} INFO - [2024-02-11 12:28:50,952] {dag.py:2919} INFO - Setting next_dagrun for example_task_group to 2024-02-10T12:28:50.952188+00:00, run_after=2024-02-11T12:28:50.952188+00:00
[2024-02-11 12:28:50,964] {processor.py:161} INFO - Processing /home/airflow/.local/lib/python3.7/site-packages/airflow/example_dags/example_task_group.py took 0.063 seconds
[2024-02-11 12:29:21,674] {processor.py:153} INFO - Started process (PID=692) to work on /home/airflow/.local/lib/python3.7/site-packages/airflow/example_dags/example_task_group.py
[2024-02-11 12:29:21,675] {processor.py:641} INFO - Processing file /home/airflow/.local/lib/python3.7/site-packages/airflow/example_dags/example_task_group.py for tasks to queue
[2024-02-11 12:29:21,675] {logging_mixin.py:115} INFO - [2024-02-11 12:29:21,675] {dagbag.py:507} INFO - Filling up the DagBag from /home/airflow/.local/lib/python3.7/site-packages/airflow/example_dags/example_task_group.py
[2024-02-11 12:29:21,681] {processor.py:651} INFO - DAG(s) dict_keys(['example_task_group']) retrieved from /home/airflow/.local/lib/python3.7/site-packages/airflow/example_dags/example_task_group.py
[2024-02-11 12:29:21,712] {logging_mixin.py:115} INFO - [2024-02-11 12:29:21,712] {dag.py:2371} INFO - Sync 1 DAGs
[2024-02-11 12:29:21,730] {logging_mixin.py:115} INFO - [2024-02-11 12:29:21,730] {dag.py:2919} INFO - Setting next_dagrun for example_task_group to 2024-02-10T12:29:21.730429+00:00, run_after=2024-02-11T12:29:21.730429+00:00
[2024-02-11 12:29:21,854] {processor.py:161} INFO - Processing /home/airflow/.local/lib/python3.7/site-packages/airflow/example_dags/example_task_group.py took 0.183 seconds
[2024-02-11 12:29:52,561] {processor.py:153} INFO - Started process (PID=757) to work on /home/airflow/.local/lib/python3.7/site-packages/airflow/example_dags/example_task_group.py
[2024-02-11 12:29:52,563] {processor.py:641} INFO - Processing file /home/airflow/.local/lib/python3.7/site-packages/airflow/example_dags/example_task_group.py for tasks to queue
[2024-02-11 12:29:52,567] {logging_mixin.py:115} INFO - [2024-02-11 12:29:52,567] {dagbag.py:507} INFO - Filling up the DagBag from /home/airflow/.local/lib/python3.7/site-packages/airflow/example_dags/example_task_group.py
[2024-02-11 12:29:52,574] {processor.py:651} INFO - DAG(s) dict_keys(['example_task_group']) retrieved from /home/airflow/.local/lib/python3.7/site-packages/airflow/example_dags/example_task_group.py
[2024-02-11 12:29:52,597] {logging_mixin.py:115} INFO - [2024-02-11 12:29:52,597] {dag.py:2371} INFO - Sync 1 DAGs
[2024-02-11 12:29:52,615] {logging_mixin.py:115} INFO - [2024-02-11 12:29:52,615] {dag.py:2919} INFO - Setting next_dagrun for example_task_group to 2024-02-10T12:29:52.615530+00:00, run_after=2024-02-11T12:29:52.615530+00:00
[2024-02-11 12:29:52,759] {processor.py:161} INFO - Processing /home/airflow/.local/lib/python3.7/site-packages/airflow/example_dags/example_task_group.py took 0.201 seconds
[2024-02-11 12:30:23,751] {processor.py:153} INFO - Started process (PID=825) to work on /home/airflow/.local/lib/python3.7/site-packages/airflow/example_dags/example_task_group.py
[2024-02-11 12:30:23,754] {processor.py:641} INFO - Processing file /home/airflow/.local/lib/python3.7/site-packages/airflow/example_dags/example_task_group.py for tasks to queue
[2024-02-11 12:30:23,755] {logging_mixin.py:115} INFO - [2024-02-11 12:30:23,755] {dagbag.py:507} INFO - Filling up the DagBag from /home/airflow/.local/lib/python3.7/site-packages/airflow/example_dags/example_task_group.py
[2024-02-11 12:30:23,771] {processor.py:651} INFO - DAG(s) dict_keys(['example_task_group']) retrieved from /home/airflow/.local/lib/python3.7/site-packages/airflow/example_dags/example_task_group.py
[2024-02-11 12:30:23,811] {logging_mixin.py:115} INFO - [2024-02-11 12:30:23,811] {dag.py:2371} INFO - Sync 1 DAGs
[2024-02-11 12:30:23,831] {logging_mixin.py:115} INFO - [2024-02-11 12:30:23,831] {dag.py:2919} INFO - Setting next_dagrun for example_task_group to 2024-02-10T12:30:23.831047+00:00, run_after=2024-02-11T12:30:23.831047+00:00
[2024-02-11 12:30:23,947] {processor.py:161} INFO - Processing /home/airflow/.local/lib/python3.7/site-packages/airflow/example_dags/example_task_group.py took 0.199 seconds
[2024-02-11 12:30:54,463] {processor.py:153} INFO - Started process (PID=888) to work on /home/airflow/.local/lib/python3.7/site-packages/airflow/example_dags/example_task_group.py
[2024-02-11 12:30:54,463] {processor.py:641} INFO - Processing file /home/airflow/.local/lib/python3.7/site-packages/airflow/example_dags/example_task_group.py for tasks to queue
[2024-02-11 12:30:54,464] {logging_mixin.py:115} INFO - [2024-02-11 12:30:54,464] {dagbag.py:507} INFO - Filling up the DagBag from /home/airflow/.local/lib/python3.7/site-packages/airflow/example_dags/example_task_group.py
[2024-02-11 12:30:54,468] {processor.py:651} INFO - DAG(s) dict_keys(['example_task_group']) retrieved from /home/airflow/.local/lib/python3.7/site-packages/airflow/example_dags/example_task_group.py
[2024-02-11 12:30:54,482] {logging_mixin.py:115} INFO - [2024-02-11 12:30:54,482] {dag.py:2371} INFO - Sync 1 DAGs
[2024-02-11 12:30:54,494] {logging_mixin.py:115} INFO - [2024-02-11 12:30:54,494] {dag.py:2919} INFO - Setting next_dagrun for example_task_group to 2024-02-10T12:30:54.494579+00:00, run_after=2024-02-11T12:30:54.494579+00:00
[2024-02-11 12:30:54,600] {processor.py:161} INFO - Processing /home/airflow/.local/lib/python3.7/site-packages/airflow/example_dags/example_task_group.py took 0.139 seconds
[2024-02-11 12:31:25,467] {processor.py:153} INFO - Started process (PID=949) to work on /home/airflow/.local/lib/python3.7/site-packages/airflow/example_dags/example_task_group.py
[2024-02-11 12:31:25,468] {processor.py:641} INFO - Processing file /home/airflow/.local/lib/python3.7/site-packages/airflow/example_dags/example_task_group.py for tasks to queue
[2024-02-11 12:31:25,468] {logging_mixin.py:115} INFO - [2024-02-11 12:31:25,468] {dagbag.py:507} INFO - Filling up the DagBag from /home/airflow/.local/lib/python3.7/site-packages/airflow/example_dags/example_task_group.py
[2024-02-11 12:31:25,472] {processor.py:651} INFO - DAG(s) dict_keys(['example_task_group']) retrieved from /home/airflow/.local/lib/python3.7/site-packages/airflow/example_dags/example_task_group.py
[2024-02-11 12:31:25,484] {logging_mixin.py:115} INFO - [2024-02-11 12:31:25,484] {dag.py:2371} INFO - Sync 1 DAGs
[2024-02-11 12:31:25,495] {logging_mixin.py:115} INFO - [2024-02-11 12:31:25,495] {dag.py:2919} INFO - Setting next_dagrun for example_task_group to 2024-02-10T12:31:25.495170+00:00, run_after=2024-02-11T12:31:25.495170+00:00
[2024-02-11 12:31:25,595] {processor.py:161} INFO - Processing /home/airflow/.local/lib/python3.7/site-packages/airflow/example_dags/example_task_group.py took 0.129 seconds
[2024-02-11 12:31:56,135] {processor.py:153} INFO - Started process (PID=1013) to work on /home/airflow/.local/lib/python3.7/site-packages/airflow/example_dags/example_task_group.py
[2024-02-11 12:31:56,136] {processor.py:641} INFO - Processing file /home/airflow/.local/lib/python3.7/site-packages/airflow/example_dags/example_task_group.py for tasks to queue
[2024-02-11 12:31:56,136] {logging_mixin.py:115} INFO - [2024-02-11 12:31:56,136] {dagbag.py:507} INFO - Filling up the DagBag from /home/airflow/.local/lib/python3.7/site-packages/airflow/example_dags/example_task_group.py
[2024-02-11 12:31:56,140] {processor.py:651} INFO - DAG(s) dict_keys(['example_task_group']) retrieved from /home/airflow/.local/lib/python3.7/site-packages/airflow/example_dags/example_task_group.py
[2024-02-11 12:31:56,162] {logging_mixin.py:115} INFO - [2024-02-11 12:31:56,162] {dag.py:2371} INFO - Sync 1 DAGs
[2024-02-11 12:31:56,177] {logging_mixin.py:115} INFO - [2024-02-11 12:31:56,177] {dag.py:2919} INFO - Setting next_dagrun for example_task_group to 2024-02-10T12:31:56.177278+00:00, run_after=2024-02-11T12:31:56.177278+00:00
[2024-02-11 12:31:56,281] {processor.py:161} INFO - Processing /home/airflow/.local/lib/python3.7/site-packages/airflow/example_dags/example_task_group.py took 0.148 seconds
[2024-02-11 12:32:27,103] {processor.py:153} INFO - Started process (PID=1083) to work on /home/airflow/.local/lib/python3.7/site-packages/airflow/example_dags/example_task_group.py
[2024-02-11 12:32:27,104] {processor.py:641} INFO - Processing file /home/airflow/.local/lib/python3.7/site-packages/airflow/example_dags/example_task_group.py for tasks to queue
[2024-02-11 12:32:27,104] {logging_mixin.py:115} INFO - [2024-02-11 12:32:27,104] {dagbag.py:507} INFO - Filling up the DagBag from /home/airflow/.local/lib/python3.7/site-packages/airflow/example_dags/example_task_group.py
[2024-02-11 12:32:27,108] {processor.py:651} INFO - DAG(s) dict_keys(['example_task_group']) retrieved from /home/airflow/.local/lib/python3.7/site-packages/airflow/example_dags/example_task_group.py
[2024-02-11 12:32:27,121] {logging_mixin.py:115} INFO - [2024-02-11 12:32:27,121] {dag.py:2371} INFO - Sync 1 DAGs
[2024-02-11 12:32:27,132] {logging_mixin.py:115} INFO - [2024-02-11 12:32:27,132] {dag.py:2919} INFO - Setting next_dagrun for example_task_group to 2024-02-10T12:32:27.132435+00:00, run_after=2024-02-11T12:32:27.132435+00:00
[2024-02-11 12:32:27,246] {processor.py:161} INFO - Processing /home/airflow/.local/lib/python3.7/site-packages/airflow/example_dags/example_task_group.py took 0.145 seconds
[2024-02-11 12:32:58,259] {processor.py:153} INFO - Started process (PID=1146) to work on /home/airflow/.local/lib/python3.7/site-packages/airflow/example_dags/example_task_group.py
[2024-02-11 12:32:58,261] {processor.py:641} INFO - Processing file /home/airflow/.local/lib/python3.7/site-packages/airflow/example_dags/example_task_group.py for tasks to queue
[2024-02-11 12:32:58,261] {logging_mixin.py:115} INFO - [2024-02-11 12:32:58,261] {dagbag.py:507} INFO - Filling up the DagBag from /home/airflow/.local/lib/python3.7/site-packages/airflow/example_dags/example_task_group.py
[2024-02-11 12:32:58,265] {processor.py:651} INFO - DAG(s) dict_keys(['example_task_group']) retrieved from /home/airflow/.local/lib/python3.7/site-packages/airflow/example_dags/example_task_group.py
[2024-02-11 12:32:58,279] {logging_mixin.py:115} INFO - [2024-02-11 12:32:58,279] {dag.py:2371} INFO - Sync 1 DAGs
[2024-02-11 12:32:58,294] {logging_mixin.py:115} INFO - [2024-02-11 12:32:58,294] {dag.py:2919} INFO - Setting next_dagrun for example_task_group to 2024-02-10T12:32:58.294042+00:00, run_after=2024-02-11T12:32:58.294042+00:00
[2024-02-11 12:32:58,387] {processor.py:161} INFO - Processing /home/airflow/.local/lib/python3.7/site-packages/airflow/example_dags/example_task_group.py took 0.130 seconds
[2024-02-11 12:55:36,421] {processor.py:153} INFO - Started process (PID=1230) to work on /home/airflow/.local/lib/python3.7/site-packages/airflow/example_dags/example_task_group.py
[2024-02-11 12:55:36,424] {processor.py:641} INFO - Processing file /home/airflow/.local/lib/python3.7/site-packages/airflow/example_dags/example_task_group.py for tasks to queue
[2024-02-11 12:55:36,427] {logging_mixin.py:115} INFO - [2024-02-11 12:55:36,427] {dagbag.py:507} INFO - Filling up the DagBag from /home/airflow/.local/lib/python3.7/site-packages/airflow/example_dags/example_task_group.py
[2024-02-11 12:55:36,497] {processor.py:651} INFO - DAG(s) dict_keys(['example_task_group']) retrieved from /home/airflow/.local/lib/python3.7/site-packages/airflow/example_dags/example_task_group.py
[2024-02-11 12:55:36,650] {logging_mixin.py:115} INFO - [2024-02-11 12:55:36,649] {dag.py:2371} INFO - Sync 1 DAGs
[2024-02-11 12:55:37,218] {logging_mixin.py:115} INFO - [2024-02-11 12:55:37,218] {dag.py:2919} INFO - Setting next_dagrun for example_task_group to 2024-02-10T12:55:37.218409+00:00, run_after=2024-02-11T12:55:37.218409+00:00
[2024-02-11 12:55:37,236] {processor.py:161} INFO - Processing /home/airflow/.local/lib/python3.7/site-packages/airflow/example_dags/example_task_group.py took 0.871 seconds
[2024-02-11 12:56:08,165] {processor.py:153} INFO - Started process (PID=1292) to work on /home/airflow/.local/lib/python3.7/site-packages/airflow/example_dags/example_task_group.py
[2024-02-11 12:56:08,166] {processor.py:641} INFO - Processing file /home/airflow/.local/lib/python3.7/site-packages/airflow/example_dags/example_task_group.py for tasks to queue
[2024-02-11 12:56:08,167] {logging_mixin.py:115} INFO - [2024-02-11 12:56:08,167] {dagbag.py:507} INFO - Filling up the DagBag from /home/airflow/.local/lib/python3.7/site-packages/airflow/example_dags/example_task_group.py
[2024-02-11 12:56:08,178] {processor.py:651} INFO - DAG(s) dict_keys(['example_task_group']) retrieved from /home/airflow/.local/lib/python3.7/site-packages/airflow/example_dags/example_task_group.py
[2024-02-11 12:56:08,207] {logging_mixin.py:115} INFO - [2024-02-11 12:56:08,207] {dag.py:2371} INFO - Sync 1 DAGs
[2024-02-11 12:56:08,451] {logging_mixin.py:115} INFO - [2024-02-11 12:56:08,451] {dag.py:2919} INFO - Setting next_dagrun for example_task_group to 2024-02-10T12:56:08.451637+00:00, run_after=2024-02-11T12:56:08.451637+00:00
[2024-02-11 12:56:08,456] {processor.py:161} INFO - Processing /home/airflow/.local/lib/python3.7/site-packages/airflow/example_dags/example_task_group.py took 0.297 seconds
[2024-02-11 12:56:39,127] {processor.py:153} INFO - Started process (PID=1355) to work on /home/airflow/.local/lib/python3.7/site-packages/airflow/example_dags/example_task_group.py
[2024-02-11 12:56:39,130] {processor.py:641} INFO - Processing file /home/airflow/.local/lib/python3.7/site-packages/airflow/example_dags/example_task_group.py for tasks to queue
[2024-02-11 12:56:39,131] {logging_mixin.py:115} INFO - [2024-02-11 12:56:39,131] {dagbag.py:507} INFO - Filling up the DagBag from /home/airflow/.local/lib/python3.7/site-packages/airflow/example_dags/example_task_group.py
[2024-02-11 12:56:39,146] {processor.py:651} INFO - DAG(s) dict_keys(['example_task_group']) retrieved from /home/airflow/.local/lib/python3.7/site-packages/airflow/example_dags/example_task_group.py
[2024-02-11 12:56:39,211] {logging_mixin.py:115} INFO - [2024-02-11 12:56:39,211] {dag.py:2371} INFO - Sync 1 DAGs
[2024-02-11 12:56:39,484] {logging_mixin.py:115} INFO - [2024-02-11 12:56:39,484] {dag.py:2919} INFO - Setting next_dagrun for example_task_group to 2024-02-10T12:56:39.484501+00:00, run_after=2024-02-11T12:56:39.484501+00:00
[2024-02-11 12:56:39,491] {processor.py:161} INFO - Processing /home/airflow/.local/lib/python3.7/site-packages/airflow/example_dags/example_task_group.py took 0.378 seconds
[2024-02-11 13:46:22,622] {processor.py:153} INFO - Started process (PID=1418) to work on /home/airflow/.local/lib/python3.7/site-packages/airflow/example_dags/example_task_group.py
[2024-02-11 13:46:22,624] {processor.py:641} INFO - Processing file /home/airflow/.local/lib/python3.7/site-packages/airflow/example_dags/example_task_group.py for tasks to queue
[2024-02-11 13:46:22,625] {logging_mixin.py:115} INFO - [2024-02-11 13:46:22,625] {dagbag.py:507} INFO - Filling up the DagBag from /home/airflow/.local/lib/python3.7/site-packages/airflow/example_dags/example_task_group.py
[2024-02-11 13:46:22,639] {processor.py:651} INFO - DAG(s) dict_keys(['example_task_group']) retrieved from /home/airflow/.local/lib/python3.7/site-packages/airflow/example_dags/example_task_group.py
[2024-02-11 13:46:22,664] {logging_mixin.py:115} INFO - [2024-02-11 13:46:22,664] {dag.py:2371} INFO - Sync 1 DAGs
[2024-02-11 13:46:23,152] {logging_mixin.py:115} INFO - [2024-02-11 13:46:23,152] {dag.py:2919} INFO - Setting next_dagrun for example_task_group to 2024-02-10T13:46:23.150930+00:00, run_after=2024-02-11T13:46:23.150930+00:00
[2024-02-11 13:46:23,185] {processor.py:161} INFO - Processing /home/airflow/.local/lib/python3.7/site-packages/airflow/example_dags/example_task_group.py took 0.565 seconds
[2024-02-11 14:33:12,045] {processor.py:153} INFO - Started process (PID=1476) to work on /home/airflow/.local/lib/python3.7/site-packages/airflow/example_dags/example_task_group.py
[2024-02-11 14:33:12,049] {processor.py:641} INFO - Processing file /home/airflow/.local/lib/python3.7/site-packages/airflow/example_dags/example_task_group.py for tasks to queue
[2024-02-11 14:33:12,052] {logging_mixin.py:115} INFO - [2024-02-11 14:33:12,052] {dagbag.py:507} INFO - Filling up the DagBag from /home/airflow/.local/lib/python3.7/site-packages/airflow/example_dags/example_task_group.py
[2024-02-11 14:33:12,063] {processor.py:651} INFO - DAG(s) dict_keys(['example_task_group']) retrieved from /home/airflow/.local/lib/python3.7/site-packages/airflow/example_dags/example_task_group.py
[2024-02-11 14:33:12,117] {logging_mixin.py:115} INFO - [2024-02-11 14:33:12,117] {dag.py:2371} INFO - Sync 1 DAGs
[2024-02-11 14:33:12,356] {logging_mixin.py:115} INFO - [2024-02-11 14:33:12,356] {dag.py:2919} INFO - Setting next_dagrun for example_task_group to 2024-02-10T14:33:12.355822+00:00, run_after=2024-02-11T14:33:12.355822+00:00
[2024-02-11 14:33:12,383] {processor.py:161} INFO - Processing /home/airflow/.local/lib/python3.7/site-packages/airflow/example_dags/example_task_group.py took 0.344 seconds
[2024-02-11 14:33:42,823] {processor.py:153} INFO - Started process (PID=1539) to work on /home/airflow/.local/lib/python3.7/site-packages/airflow/example_dags/example_task_group.py
[2024-02-11 14:33:42,825] {processor.py:641} INFO - Processing file /home/airflow/.local/lib/python3.7/site-packages/airflow/example_dags/example_task_group.py for tasks to queue
[2024-02-11 14:33:42,825] {logging_mixin.py:115} INFO - [2024-02-11 14:33:42,825] {dagbag.py:507} INFO - Filling up the DagBag from /home/airflow/.local/lib/python3.7/site-packages/airflow/example_dags/example_task_group.py
[2024-02-11 14:33:42,829] {processor.py:651} INFO - DAG(s) dict_keys(['example_task_group']) retrieved from /home/airflow/.local/lib/python3.7/site-packages/airflow/example_dags/example_task_group.py
[2024-02-11 14:33:42,845] {logging_mixin.py:115} INFO - [2024-02-11 14:33:42,845] {dag.py:2371} INFO - Sync 1 DAGs
[2024-02-11 14:33:43,048] {logging_mixin.py:115} INFO - [2024-02-11 14:33:43,047] {dag.py:2919} INFO - Setting next_dagrun for example_task_group to 2024-02-10T14:33:43.047678+00:00, run_after=2024-02-11T14:33:43.047678+00:00
[2024-02-11 14:33:43,064] {processor.py:161} INFO - Processing /home/airflow/.local/lib/python3.7/site-packages/airflow/example_dags/example_task_group.py took 0.242 seconds
[2024-02-11 14:42:40,536] {processor.py:153} INFO - Started process (PID=1620) to work on /home/airflow/.local/lib/python3.7/site-packages/airflow/example_dags/example_task_group.py
[2024-02-11 14:42:40,541] {processor.py:641} INFO - Processing file /home/airflow/.local/lib/python3.7/site-packages/airflow/example_dags/example_task_group.py for tasks to queue
[2024-02-11 14:42:40,550] {logging_mixin.py:115} INFO - [2024-02-11 14:42:40,548] {dagbag.py:507} INFO - Filling up the DagBag from /home/airflow/.local/lib/python3.7/site-packages/airflow/example_dags/example_task_group.py
[2024-02-11 14:42:40,756] {processor.py:651} INFO - DAG(s) dict_keys(['example_task_group']) retrieved from /home/airflow/.local/lib/python3.7/site-packages/airflow/example_dags/example_task_group.py
[2024-02-11 14:42:40,983] {logging_mixin.py:115} INFO - [2024-02-11 14:42:40,983] {dag.py:2371} INFO - Sync 1 DAGs
[2024-02-11 14:42:41,164] {logging_mixin.py:115} INFO - [2024-02-11 14:42:41,163] {dag.py:2919} INFO - Setting next_dagrun for example_task_group to 2024-02-10T14:42:41.144949+00:00, run_after=2024-02-11T14:42:41.144949+00:00
[2024-02-11 14:42:41,275] {processor.py:161} INFO - Processing /home/airflow/.local/lib/python3.7/site-packages/airflow/example_dags/example_task_group.py took 0.772 seconds
[2024-02-11 14:58:29,435] {processor.py:153} INFO - Started process (PID=1692) to work on /home/airflow/.local/lib/python3.7/site-packages/airflow/example_dags/example_task_group.py
[2024-02-11 14:58:29,438] {processor.py:641} INFO - Processing file /home/airflow/.local/lib/python3.7/site-packages/airflow/example_dags/example_task_group.py for tasks to queue
[2024-02-11 14:58:29,462] {logging_mixin.py:115} INFO - [2024-02-11 14:58:29,461] {dagbag.py:507} INFO - Filling up the DagBag from /home/airflow/.local/lib/python3.7/site-packages/airflow/example_dags/example_task_group.py
[2024-02-11 14:58:29,623] {processor.py:651} INFO - DAG(s) dict_keys(['example_task_group']) retrieved from /home/airflow/.local/lib/python3.7/site-packages/airflow/example_dags/example_task_group.py
[2024-02-11 14:58:29,917] {logging_mixin.py:115} INFO - [2024-02-11 14:58:29,917] {dag.py:2371} INFO - Sync 1 DAGs
[2024-02-11 14:58:30,061] {logging_mixin.py:115} INFO - [2024-02-11 14:58:30,061] {dag.py:2919} INFO - Setting next_dagrun for example_task_group to 2024-02-10T14:58:30.060742+00:00, run_after=2024-02-11T14:58:30.060742+00:00
[2024-02-11 14:58:30,103] {processor.py:161} INFO - Processing /home/airflow/.local/lib/python3.7/site-packages/airflow/example_dags/example_task_group.py took 0.691 seconds
[2024-02-11 15:34:10,444] {processor.py:153} INFO - Started process (PID=1758) to work on /home/airflow/.local/lib/python3.7/site-packages/airflow/example_dags/example_task_group.py
[2024-02-11 15:34:10,468] {processor.py:641} INFO - Processing file /home/airflow/.local/lib/python3.7/site-packages/airflow/example_dags/example_task_group.py for tasks to queue
[2024-02-11 15:34:10,481] {logging_mixin.py:115} INFO - [2024-02-11 15:34:10,481] {dagbag.py:507} INFO - Filling up the DagBag from /home/airflow/.local/lib/python3.7/site-packages/airflow/example_dags/example_task_group.py
[2024-02-11 15:34:10,582] {processor.py:651} INFO - DAG(s) dict_keys(['example_task_group']) retrieved from /home/airflow/.local/lib/python3.7/site-packages/airflow/example_dags/example_task_group.py
[2024-02-11 15:34:10,743] {logging_mixin.py:115} INFO - [2024-02-11 15:34:10,743] {dag.py:2371} INFO - Sync 1 DAGs
[2024-02-11 15:34:10,835] {logging_mixin.py:115} INFO - [2024-02-11 15:34:10,835] {dag.py:2919} INFO - Setting next_dagrun for example_task_group to 2024-02-10T15:34:10.830630+00:00, run_after=2024-02-11T15:34:10.830630+00:00
[2024-02-11 15:34:10,888] {processor.py:161} INFO - Processing /home/airflow/.local/lib/python3.7/site-packages/airflow/example_dags/example_task_group.py took 0.481 seconds
[2024-02-11 15:34:41,489] {processor.py:153} INFO - Started process (PID=1822) to work on /home/airflow/.local/lib/python3.7/site-packages/airflow/example_dags/example_task_group.py
[2024-02-11 15:34:41,490] {processor.py:641} INFO - Processing file /home/airflow/.local/lib/python3.7/site-packages/airflow/example_dags/example_task_group.py for tasks to queue
[2024-02-11 15:34:41,491] {logging_mixin.py:115} INFO - [2024-02-11 15:34:41,491] {dagbag.py:507} INFO - Filling up the DagBag from /home/airflow/.local/lib/python3.7/site-packages/airflow/example_dags/example_task_group.py
[2024-02-11 15:34:41,501] {processor.py:651} INFO - DAG(s) dict_keys(['example_task_group']) retrieved from /home/airflow/.local/lib/python3.7/site-packages/airflow/example_dags/example_task_group.py
[2024-02-11 15:34:41,538] {logging_mixin.py:115} INFO - [2024-02-11 15:34:41,538] {dag.py:2371} INFO - Sync 1 DAGs
[2024-02-11 15:34:41,557] {logging_mixin.py:115} INFO - [2024-02-11 15:34:41,557] {dag.py:2919} INFO - Setting next_dagrun for example_task_group to 2024-02-10T15:34:41.556903+00:00, run_after=2024-02-11T15:34:41.556903+00:00
[2024-02-11 15:34:41,564] {processor.py:161} INFO - Processing /home/airflow/.local/lib/python3.7/site-packages/airflow/example_dags/example_task_group.py took 0.081 seconds
[2024-02-11 15:41:13,904] {processor.py:153} INFO - Started process (PID=1902) to work on /home/airflow/.local/lib/python3.7/site-packages/airflow/example_dags/example_task_group.py
[2024-02-11 15:41:13,909] {processor.py:641} INFO - Processing file /home/airflow/.local/lib/python3.7/site-packages/airflow/example_dags/example_task_group.py for tasks to queue
[2024-02-11 15:41:13,919] {logging_mixin.py:115} INFO - [2024-02-11 15:41:13,918] {dagbag.py:507} INFO - Filling up the DagBag from /home/airflow/.local/lib/python3.7/site-packages/airflow/example_dags/example_task_group.py
[2024-02-11 15:41:13,983] {processor.py:651} INFO - DAG(s) dict_keys(['example_task_group']) retrieved from /home/airflow/.local/lib/python3.7/site-packages/airflow/example_dags/example_task_group.py
[2024-02-11 15:41:14,261] {logging_mixin.py:115} INFO - [2024-02-11 15:41:14,259] {dag.py:2371} INFO - Sync 1 DAGs
[2024-02-11 15:41:14,441] {logging_mixin.py:115} INFO - [2024-02-11 15:41:14,440] {dag.py:2919} INFO - Setting next_dagrun for example_task_group to 2024-02-10T15:41:14.439295+00:00, run_after=2024-02-11T15:41:14.439295+00:00
[2024-02-11 15:41:14,537] {processor.py:161} INFO - Processing /home/airflow/.local/lib/python3.7/site-packages/airflow/example_dags/example_task_group.py took 0.675 seconds
[2024-02-11 16:05:35,372] {processor.py:153} INFO - Started process (PID=1967) to work on /home/airflow/.local/lib/python3.7/site-packages/airflow/example_dags/example_task_group.py
[2024-02-11 16:05:35,375] {processor.py:641} INFO - Processing file /home/airflow/.local/lib/python3.7/site-packages/airflow/example_dags/example_task_group.py for tasks to queue
[2024-02-11 16:05:35,378] {logging_mixin.py:115} INFO - [2024-02-11 16:05:35,378] {dagbag.py:507} INFO - Filling up the DagBag from /home/airflow/.local/lib/python3.7/site-packages/airflow/example_dags/example_task_group.py
[2024-02-11 16:05:35,394] {processor.py:651} INFO - DAG(s) dict_keys(['example_task_group']) retrieved from /home/airflow/.local/lib/python3.7/site-packages/airflow/example_dags/example_task_group.py
[2024-02-11 16:05:35,438] {logging_mixin.py:115} INFO - [2024-02-11 16:05:35,438] {dag.py:2371} INFO - Sync 1 DAGs
[2024-02-11 16:05:35,475] {logging_mixin.py:115} INFO - [2024-02-11 16:05:35,475] {dag.py:2919} INFO - Setting next_dagrun for example_task_group to 2024-02-10T16:05:35.474892+00:00, run_after=2024-02-11T16:05:35.474892+00:00
[2024-02-11 16:05:35,487] {processor.py:161} INFO - Processing /home/airflow/.local/lib/python3.7/site-packages/airflow/example_dags/example_task_group.py took 0.124 seconds
[2024-02-11 16:06:17,725] {processor.py:153} INFO - Started process (PID=2034) to work on /home/airflow/.local/lib/python3.7/site-packages/airflow/example_dags/example_task_group.py
[2024-02-11 16:06:17,725] {processor.py:641} INFO - Processing file /home/airflow/.local/lib/python3.7/site-packages/airflow/example_dags/example_task_group.py for tasks to queue
[2024-02-11 16:06:17,726] {logging_mixin.py:115} INFO - [2024-02-11 16:06:17,726] {dagbag.py:507} INFO - Filling up the DagBag from /home/airflow/.local/lib/python3.7/site-packages/airflow/example_dags/example_task_group.py
[2024-02-11 16:06:17,732] {processor.py:651} INFO - DAG(s) dict_keys(['example_task_group']) retrieved from /home/airflow/.local/lib/python3.7/site-packages/airflow/example_dags/example_task_group.py
[2024-02-11 16:06:17,765] {logging_mixin.py:115} INFO - [2024-02-11 16:06:17,765] {dag.py:2371} INFO - Sync 1 DAGs
[2024-02-11 16:06:17,791] {logging_mixin.py:115} INFO - [2024-02-11 16:06:17,791] {dag.py:2919} INFO - Setting next_dagrun for example_task_group to 2024-02-10T16:06:17.790950+00:00, run_after=2024-02-11T16:06:17.790950+00:00
[2024-02-11 16:06:17,805] {processor.py:161} INFO - Processing /home/airflow/.local/lib/python3.7/site-packages/airflow/example_dags/example_task_group.py took 0.084 seconds
[2024-02-11 16:06:47,889] {processor.py:153} INFO - Started process (PID=2097) to work on /home/airflow/.local/lib/python3.7/site-packages/airflow/example_dags/example_task_group.py
[2024-02-11 16:06:47,891] {processor.py:641} INFO - Processing file /home/airflow/.local/lib/python3.7/site-packages/airflow/example_dags/example_task_group.py for tasks to queue
[2024-02-11 16:06:47,892] {logging_mixin.py:115} INFO - [2024-02-11 16:06:47,892] {dagbag.py:507} INFO - Filling up the DagBag from /home/airflow/.local/lib/python3.7/site-packages/airflow/example_dags/example_task_group.py
[2024-02-11 16:06:47,897] {processor.py:651} INFO - DAG(s) dict_keys(['example_task_group']) retrieved from /home/airflow/.local/lib/python3.7/site-packages/airflow/example_dags/example_task_group.py
[2024-02-11 16:06:47,913] {logging_mixin.py:115} INFO - [2024-02-11 16:06:47,913] {dag.py:2371} INFO - Sync 1 DAGs
[2024-02-11 16:06:47,927] {logging_mixin.py:115} INFO - [2024-02-11 16:06:47,927] {dag.py:2919} INFO - Setting next_dagrun for example_task_group to 2024-02-10T16:06:47.927094+00:00, run_after=2024-02-11T16:06:47.927094+00:00
[2024-02-11 16:06:47,935] {processor.py:161} INFO - Processing /home/airflow/.local/lib/python3.7/site-packages/airflow/example_dags/example_task_group.py took 0.048 seconds
[2024-02-11 16:07:18,282] {processor.py:153} INFO - Started process (PID=2156) to work on /home/airflow/.local/lib/python3.7/site-packages/airflow/example_dags/example_task_group.py
[2024-02-11 16:07:18,284] {processor.py:641} INFO - Processing file /home/airflow/.local/lib/python3.7/site-packages/airflow/example_dags/example_task_group.py for tasks to queue
[2024-02-11 16:07:18,284] {logging_mixin.py:115} INFO - [2024-02-11 16:07:18,284] {dagbag.py:507} INFO - Filling up the DagBag from /home/airflow/.local/lib/python3.7/site-packages/airflow/example_dags/example_task_group.py
[2024-02-11 16:07:18,289] {processor.py:651} INFO - DAG(s) dict_keys(['example_task_group']) retrieved from /home/airflow/.local/lib/python3.7/site-packages/airflow/example_dags/example_task_group.py
[2024-02-11 16:07:18,303] {logging_mixin.py:115} INFO - [2024-02-11 16:07:18,303] {dag.py:2371} INFO - Sync 1 DAGs
[2024-02-11 16:07:18,315] {logging_mixin.py:115} INFO - [2024-02-11 16:07:18,315] {dag.py:2919} INFO - Setting next_dagrun for example_task_group to 2024-02-10T16:07:18.314833+00:00, run_after=2024-02-11T16:07:18.314833+00:00
[2024-02-11 16:07:18,323] {processor.py:161} INFO - Processing /home/airflow/.local/lib/python3.7/site-packages/airflow/example_dags/example_task_group.py took 0.043 seconds
[2024-02-11 16:07:49,584] {processor.py:153} INFO - Started process (PID=2220) to work on /home/airflow/.local/lib/python3.7/site-packages/airflow/example_dags/example_task_group.py
[2024-02-11 16:07:49,585] {processor.py:641} INFO - Processing file /home/airflow/.local/lib/python3.7/site-packages/airflow/example_dags/example_task_group.py for tasks to queue
[2024-02-11 16:07:49,586] {logging_mixin.py:115} INFO - [2024-02-11 16:07:49,586] {dagbag.py:507} INFO - Filling up the DagBag from /home/airflow/.local/lib/python3.7/site-packages/airflow/example_dags/example_task_group.py
[2024-02-11 16:07:49,590] {processor.py:651} INFO - DAG(s) dict_keys(['example_task_group']) retrieved from /home/airflow/.local/lib/python3.7/site-packages/airflow/example_dags/example_task_group.py
[2024-02-11 16:07:49,604] {logging_mixin.py:115} INFO - [2024-02-11 16:07:49,604] {dag.py:2371} INFO - Sync 1 DAGs
[2024-02-11 16:07:49,623] {logging_mixin.py:115} INFO - [2024-02-11 16:07:49,623] {dag.py:2919} INFO - Setting next_dagrun for example_task_group to 2024-02-10T16:07:49.623219+00:00, run_after=2024-02-11T16:07:49.623219+00:00
[2024-02-11 16:07:49,637] {processor.py:161} INFO - Processing /home/airflow/.local/lib/python3.7/site-packages/airflow/example_dags/example_task_group.py took 0.054 seconds
[2024-02-11 16:08:20,379] {processor.py:153} INFO - Started process (PID=2287) to work on /home/airflow/.local/lib/python3.7/site-packages/airflow/example_dags/example_task_group.py
[2024-02-11 16:08:20,386] {processor.py:641} INFO - Processing file /home/airflow/.local/lib/python3.7/site-packages/airflow/example_dags/example_task_group.py for tasks to queue
[2024-02-11 16:08:20,388] {logging_mixin.py:115} INFO - [2024-02-11 16:08:20,388] {dagbag.py:507} INFO - Filling up the DagBag from /home/airflow/.local/lib/python3.7/site-packages/airflow/example_dags/example_task_group.py
[2024-02-11 16:08:20,403] {processor.py:651} INFO - DAG(s) dict_keys(['example_task_group']) retrieved from /home/airflow/.local/lib/python3.7/site-packages/airflow/example_dags/example_task_group.py
[2024-02-11 16:08:20,424] {logging_mixin.py:115} INFO - [2024-02-11 16:08:20,424] {dag.py:2371} INFO - Sync 1 DAGs
[2024-02-11 16:08:20,453] {logging_mixin.py:115} INFO - [2024-02-11 16:08:20,453] {dag.py:2919} INFO - Setting next_dagrun for example_task_group to 2024-02-10T16:08:20.452739+00:00, run_after=2024-02-11T16:08:20.452739+00:00
[2024-02-11 16:08:20,470] {processor.py:161} INFO - Processing /home/airflow/.local/lib/python3.7/site-packages/airflow/example_dags/example_task_group.py took 0.094 seconds
[2024-02-11 16:08:51,116] {processor.py:153} INFO - Started process (PID=2351) to work on /home/airflow/.local/lib/python3.7/site-packages/airflow/example_dags/example_task_group.py
[2024-02-11 16:08:51,118] {processor.py:641} INFO - Processing file /home/airflow/.local/lib/python3.7/site-packages/airflow/example_dags/example_task_group.py for tasks to queue
[2024-02-11 16:08:51,118] {logging_mixin.py:115} INFO - [2024-02-11 16:08:51,118] {dagbag.py:507} INFO - Filling up the DagBag from /home/airflow/.local/lib/python3.7/site-packages/airflow/example_dags/example_task_group.py
[2024-02-11 16:08:51,125] {processor.py:651} INFO - DAG(s) dict_keys(['example_task_group']) retrieved from /home/airflow/.local/lib/python3.7/site-packages/airflow/example_dags/example_task_group.py
[2024-02-11 16:08:51,145] {logging_mixin.py:115} INFO - [2024-02-11 16:08:51,144] {dag.py:2371} INFO - Sync 1 DAGs
[2024-02-11 16:08:51,160] {logging_mixin.py:115} INFO - [2024-02-11 16:08:51,160] {dag.py:2919} INFO - Setting next_dagrun for example_task_group to 2024-02-10T16:08:51.160652+00:00, run_after=2024-02-11T16:08:51.160652+00:00
[2024-02-11 16:08:51,168] {processor.py:161} INFO - Processing /home/airflow/.local/lib/python3.7/site-packages/airflow/example_dags/example_task_group.py took 0.055 seconds
