[2024-02-11 00:01:21,995] {processor.py:153} INFO - Started process (PID=4444) to work on /home/airflow/.local/lib/python3.7/site-packages/airflow/example_dags/example_latest_only.py
[2024-02-11 00:01:21,996] {processor.py:641} INFO - Processing file /home/airflow/.local/lib/python3.7/site-packages/airflow/example_dags/example_latest_only.py for tasks to queue
[2024-02-11 00:01:21,996] {logging_mixin.py:115} INFO - [2024-02-11 00:01:21,996] {dagbag.py:507} INFO - Filling up the DagBag from /home/airflow/.local/lib/python3.7/site-packages/airflow/example_dags/example_latest_only.py
[2024-02-11 00:01:22,001] {processor.py:651} INFO - DAG(s) dict_keys(['latest_only']) retrieved from /home/airflow/.local/lib/python3.7/site-packages/airflow/example_dags/example_latest_only.py
[2024-02-11 00:01:22,033] {logging_mixin.py:115} INFO - [2024-02-11 00:01:22,033] {dag.py:2371} INFO - Sync 1 DAGs
[2024-02-11 00:01:22,054] {logging_mixin.py:115} INFO - [2024-02-11 00:01:22,054] {dag.py:2919} INFO - Setting next_dagrun for latest_only to 2024-02-10T20:01:22.053846+00:00, run_after=2024-02-11T00:01:22.053846+00:00
[2024-02-11 00:01:22,083] {processor.py:161} INFO - Processing /home/airflow/.local/lib/python3.7/site-packages/airflow/example_dags/example_latest_only.py took 0.091 seconds
[2024-02-11 00:01:52,727] {processor.py:153} INFO - Started process (PID=4499) to work on /home/airflow/.local/lib/python3.7/site-packages/airflow/example_dags/example_latest_only.py
[2024-02-11 00:01:52,728] {processor.py:641} INFO - Processing file /home/airflow/.local/lib/python3.7/site-packages/airflow/example_dags/example_latest_only.py for tasks to queue
[2024-02-11 00:01:52,728] {logging_mixin.py:115} INFO - [2024-02-11 00:01:52,728] {dagbag.py:507} INFO - Filling up the DagBag from /home/airflow/.local/lib/python3.7/site-packages/airflow/example_dags/example_latest_only.py
[2024-02-11 00:01:52,732] {processor.py:651} INFO - DAG(s) dict_keys(['latest_only']) retrieved from /home/airflow/.local/lib/python3.7/site-packages/airflow/example_dags/example_latest_only.py
[2024-02-11 00:01:52,749] {logging_mixin.py:115} INFO - [2024-02-11 00:01:52,749] {dag.py:2371} INFO - Sync 1 DAGs
[2024-02-11 00:01:52,771] {logging_mixin.py:115} INFO - [2024-02-11 00:01:52,770] {dag.py:2919} INFO - Setting next_dagrun for latest_only to 2024-02-10T20:01:52.770525+00:00, run_after=2024-02-11T00:01:52.770525+00:00
[2024-02-11 00:01:52,780] {processor.py:161} INFO - Processing /home/airflow/.local/lib/python3.7/site-packages/airflow/example_dags/example_latest_only.py took 0.056 seconds
[2024-02-11 00:07:07,422] {processor.py:153} INFO - Started process (PID=4568) to work on /home/airflow/.local/lib/python3.7/site-packages/airflow/example_dags/example_latest_only.py
[2024-02-11 00:07:07,422] {processor.py:641} INFO - Processing file /home/airflow/.local/lib/python3.7/site-packages/airflow/example_dags/example_latest_only.py for tasks to queue
[2024-02-11 00:07:07,423] {logging_mixin.py:115} INFO - [2024-02-11 00:07:07,423] {dagbag.py:507} INFO - Filling up the DagBag from /home/airflow/.local/lib/python3.7/site-packages/airflow/example_dags/example_latest_only.py
[2024-02-11 00:07:07,426] {processor.py:651} INFO - DAG(s) dict_keys(['latest_only']) retrieved from /home/airflow/.local/lib/python3.7/site-packages/airflow/example_dags/example_latest_only.py
[2024-02-11 00:07:07,442] {logging_mixin.py:115} INFO - [2024-02-11 00:07:07,441] {dag.py:2371} INFO - Sync 1 DAGs
[2024-02-11 00:07:07,455] {logging_mixin.py:115} INFO - [2024-02-11 00:07:07,455] {dag.py:2919} INFO - Setting next_dagrun for latest_only to 2024-02-10T20:07:07.454851+00:00, run_after=2024-02-11T00:07:07.454851+00:00
[2024-02-11 00:07:07,546] {processor.py:161} INFO - Processing /home/airflow/.local/lib/python3.7/site-packages/airflow/example_dags/example_latest_only.py took 0.126 seconds
[2024-02-11 00:07:38,417] {processor.py:153} INFO - Started process (PID=4632) to work on /home/airflow/.local/lib/python3.7/site-packages/airflow/example_dags/example_latest_only.py
[2024-02-11 00:07:38,418] {processor.py:641} INFO - Processing file /home/airflow/.local/lib/python3.7/site-packages/airflow/example_dags/example_latest_only.py for tasks to queue
[2024-02-11 00:07:38,418] {logging_mixin.py:115} INFO - [2024-02-11 00:07:38,418] {dagbag.py:507} INFO - Filling up the DagBag from /home/airflow/.local/lib/python3.7/site-packages/airflow/example_dags/example_latest_only.py
[2024-02-11 00:07:38,422] {processor.py:651} INFO - DAG(s) dict_keys(['latest_only']) retrieved from /home/airflow/.local/lib/python3.7/site-packages/airflow/example_dags/example_latest_only.py
[2024-02-11 00:07:38,447] {logging_mixin.py:115} INFO - [2024-02-11 00:07:38,447] {dag.py:2371} INFO - Sync 1 DAGs
[2024-02-11 00:07:38,463] {logging_mixin.py:115} INFO - [2024-02-11 00:07:38,463] {dag.py:2919} INFO - Setting next_dagrun for latest_only to 2024-02-10T20:07:38.462876+00:00, run_after=2024-02-11T00:07:38.462876+00:00
[2024-02-11 00:07:38,549] {processor.py:161} INFO - Processing /home/airflow/.local/lib/python3.7/site-packages/airflow/example_dags/example_latest_only.py took 0.134 seconds
[2024-02-11 00:08:09,714] {processor.py:153} INFO - Started process (PID=4687) to work on /home/airflow/.local/lib/python3.7/site-packages/airflow/example_dags/example_latest_only.py
[2024-02-11 00:08:09,715] {processor.py:641} INFO - Processing file /home/airflow/.local/lib/python3.7/site-packages/airflow/example_dags/example_latest_only.py for tasks to queue
[2024-02-11 00:08:09,715] {logging_mixin.py:115} INFO - [2024-02-11 00:08:09,715] {dagbag.py:507} INFO - Filling up the DagBag from /home/airflow/.local/lib/python3.7/site-packages/airflow/example_dags/example_latest_only.py
[2024-02-11 00:08:09,717] {processor.py:651} INFO - DAG(s) dict_keys(['latest_only']) retrieved from /home/airflow/.local/lib/python3.7/site-packages/airflow/example_dags/example_latest_only.py
[2024-02-11 00:08:09,736] {logging_mixin.py:115} INFO - [2024-02-11 00:08:09,736] {dag.py:2371} INFO - Sync 1 DAGs
[2024-02-11 00:08:09,749] {logging_mixin.py:115} INFO - [2024-02-11 00:08:09,749] {dag.py:2919} INFO - Setting next_dagrun for latest_only to 2024-02-10T20:08:09.748957+00:00, run_after=2024-02-11T00:08:09.748957+00:00
[2024-02-11 00:08:09,837] {processor.py:161} INFO - Processing /home/airflow/.local/lib/python3.7/site-packages/airflow/example_dags/example_latest_only.py took 0.125 seconds
[2024-02-11 00:41:55,346] {processor.py:153} INFO - Started process (PID=4757) to work on /home/airflow/.local/lib/python3.7/site-packages/airflow/example_dags/example_latest_only.py
[2024-02-11 00:41:55,346] {processor.py:641} INFO - Processing file /home/airflow/.local/lib/python3.7/site-packages/airflow/example_dags/example_latest_only.py for tasks to queue
[2024-02-11 00:41:55,347] {logging_mixin.py:115} INFO - [2024-02-11 00:41:55,347] {dagbag.py:507} INFO - Filling up the DagBag from /home/airflow/.local/lib/python3.7/site-packages/airflow/example_dags/example_latest_only.py
[2024-02-11 00:41:55,350] {processor.py:651} INFO - DAG(s) dict_keys(['latest_only']) retrieved from /home/airflow/.local/lib/python3.7/site-packages/airflow/example_dags/example_latest_only.py
[2024-02-11 00:41:55,370] {logging_mixin.py:115} INFO - [2024-02-11 00:41:55,370] {dag.py:2371} INFO - Sync 1 DAGs
[2024-02-11 00:41:55,486] {logging_mixin.py:115} INFO - [2024-02-11 00:41:55,485] {dag.py:2919} INFO - Setting next_dagrun for latest_only to 2024-02-10T20:41:55.485852+00:00, run_after=2024-02-11T00:41:55.485852+00:00
[2024-02-11 00:41:55,491] {processor.py:161} INFO - Processing /home/airflow/.local/lib/python3.7/site-packages/airflow/example_dags/example_latest_only.py took 0.146 seconds
[2024-02-11 00:58:51,425] {processor.py:153} INFO - Started process (PID=4818) to work on /home/airflow/.local/lib/python3.7/site-packages/airflow/example_dags/example_latest_only.py
[2024-02-11 00:58:51,426] {processor.py:641} INFO - Processing file /home/airflow/.local/lib/python3.7/site-packages/airflow/example_dags/example_latest_only.py for tasks to queue
[2024-02-11 00:58:51,427] {logging_mixin.py:115} INFO - [2024-02-11 00:58:51,427] {dagbag.py:507} INFO - Filling up the DagBag from /home/airflow/.local/lib/python3.7/site-packages/airflow/example_dags/example_latest_only.py
[2024-02-11 00:58:51,433] {processor.py:651} INFO - DAG(s) dict_keys(['latest_only']) retrieved from /home/airflow/.local/lib/python3.7/site-packages/airflow/example_dags/example_latest_only.py
[2024-02-11 00:58:51,474] {logging_mixin.py:115} INFO - [2024-02-11 00:58:51,474] {dag.py:2371} INFO - Sync 1 DAGs
[2024-02-11 00:58:51,637] {logging_mixin.py:115} INFO - [2024-02-11 00:58:51,637] {dag.py:2919} INFO - Setting next_dagrun for latest_only to 2024-02-10T20:58:51.637529+00:00, run_after=2024-02-11T00:58:51.637529+00:00
[2024-02-11 00:58:51,645] {processor.py:161} INFO - Processing /home/airflow/.local/lib/python3.7/site-packages/airflow/example_dags/example_latest_only.py took 0.223 seconds
[2024-02-11 02:19:51,104] {processor.py:153} INFO - Started process (PID=4885) to work on /home/airflow/.local/lib/python3.7/site-packages/airflow/example_dags/example_latest_only.py
[2024-02-11 02:19:51,106] {processor.py:641} INFO - Processing file /home/airflow/.local/lib/python3.7/site-packages/airflow/example_dags/example_latest_only.py for tasks to queue
[2024-02-11 02:19:51,108] {logging_mixin.py:115} INFO - [2024-02-11 02:19:51,107] {dagbag.py:507} INFO - Filling up the DagBag from /home/airflow/.local/lib/python3.7/site-packages/airflow/example_dags/example_latest_only.py
[2024-02-11 02:19:51,113] {processor.py:651} INFO - DAG(s) dict_keys(['latest_only']) retrieved from /home/airflow/.local/lib/python3.7/site-packages/airflow/example_dags/example_latest_only.py
[2024-02-11 02:19:51,131] {logging_mixin.py:115} INFO - [2024-02-11 02:19:51,131] {dag.py:2371} INFO - Sync 1 DAGs
[2024-02-11 02:19:51,285] {logging_mixin.py:115} INFO - [2024-02-11 02:19:51,285] {dag.py:2919} INFO - Setting next_dagrun for latest_only to 2024-02-10T22:19:51.284854+00:00, run_after=2024-02-11T02:19:51.284854+00:00
[2024-02-11 02:19:51,295] {processor.py:161} INFO - Processing /home/airflow/.local/lib/python3.7/site-packages/airflow/example_dags/example_latest_only.py took 0.193 seconds
[2024-02-11 03:27:04,632] {processor.py:153} INFO - Started process (PID=4948) to work on /home/airflow/.local/lib/python3.7/site-packages/airflow/example_dags/example_latest_only.py
[2024-02-11 03:27:04,633] {processor.py:641} INFO - Processing file /home/airflow/.local/lib/python3.7/site-packages/airflow/example_dags/example_latest_only.py for tasks to queue
[2024-02-11 03:27:04,634] {logging_mixin.py:115} INFO - [2024-02-11 03:27:04,634] {dagbag.py:507} INFO - Filling up the DagBag from /home/airflow/.local/lib/python3.7/site-packages/airflow/example_dags/example_latest_only.py
[2024-02-11 03:27:04,640] {processor.py:651} INFO - DAG(s) dict_keys(['latest_only']) retrieved from /home/airflow/.local/lib/python3.7/site-packages/airflow/example_dags/example_latest_only.py
[2024-02-11 03:27:04,814] {logging_mixin.py:115} INFO - [2024-02-11 03:27:04,814] {dag.py:2371} INFO - Sync 1 DAGs
[2024-02-11 03:27:04,829] {logging_mixin.py:115} INFO - [2024-02-11 03:27:04,829] {dag.py:2919} INFO - Setting next_dagrun for latest_only to 2024-02-10T23:27:04.828840+00:00, run_after=2024-02-11T03:27:04.828840+00:00
[2024-02-11 03:27:04,838] {processor.py:161} INFO - Processing /home/airflow/.local/lib/python3.7/site-packages/airflow/example_dags/example_latest_only.py took 0.209 seconds
[2024-02-11 03:32:32,495] {processor.py:153} INFO - Started process (PID=5018) to work on /home/airflow/.local/lib/python3.7/site-packages/airflow/example_dags/example_latest_only.py
[2024-02-11 03:32:32,497] {processor.py:641} INFO - Processing file /home/airflow/.local/lib/python3.7/site-packages/airflow/example_dags/example_latest_only.py for tasks to queue
[2024-02-11 03:32:32,500] {logging_mixin.py:115} INFO - [2024-02-11 03:32:32,499] {dagbag.py:507} INFO - Filling up the DagBag from /home/airflow/.local/lib/python3.7/site-packages/airflow/example_dags/example_latest_only.py
[2024-02-11 03:32:32,506] {processor.py:651} INFO - DAG(s) dict_keys(['latest_only']) retrieved from /home/airflow/.local/lib/python3.7/site-packages/airflow/example_dags/example_latest_only.py
[2024-02-11 03:32:32,531] {logging_mixin.py:115} INFO - [2024-02-11 03:32:32,531] {dag.py:2371} INFO - Sync 1 DAGs
[2024-02-11 03:32:32,552] {logging_mixin.py:115} INFO - [2024-02-11 03:32:32,552] {dag.py:2919} INFO - Setting next_dagrun for latest_only to 2024-02-10T23:32:32.552009+00:00, run_after=2024-02-11T03:32:32.552009+00:00
[2024-02-11 03:32:32,583] {processor.py:161} INFO - Processing /home/airflow/.local/lib/python3.7/site-packages/airflow/example_dags/example_latest_only.py took 0.093 seconds
[2024-02-11 04:04:51,796] {processor.py:153} INFO - Started process (PID=5076) to work on /home/airflow/.local/lib/python3.7/site-packages/airflow/example_dags/example_latest_only.py
[2024-02-11 04:04:51,798] {processor.py:641} INFO - Processing file /home/airflow/.local/lib/python3.7/site-packages/airflow/example_dags/example_latest_only.py for tasks to queue
[2024-02-11 04:04:51,800] {logging_mixin.py:115} INFO - [2024-02-11 04:04:51,800] {dagbag.py:507} INFO - Filling up the DagBag from /home/airflow/.local/lib/python3.7/site-packages/airflow/example_dags/example_latest_only.py
[2024-02-11 04:04:51,806] {processor.py:651} INFO - DAG(s) dict_keys(['latest_only']) retrieved from /home/airflow/.local/lib/python3.7/site-packages/airflow/example_dags/example_latest_only.py
[2024-02-11 04:04:51,834] {logging_mixin.py:115} INFO - [2024-02-11 04:04:51,834] {dag.py:2371} INFO - Sync 1 DAGs
[2024-02-11 04:04:51,852] {logging_mixin.py:115} INFO - [2024-02-11 04:04:51,852] {dag.py:2919} INFO - Setting next_dagrun for latest_only to 2024-02-11T00:04:51.852340+00:00, run_after=2024-02-11T04:04:51.852340+00:00
[2024-02-11 04:04:51,861] {processor.py:161} INFO - Processing /home/airflow/.local/lib/python3.7/site-packages/airflow/example_dags/example_latest_only.py took 0.071 seconds
[2024-02-11 04:23:11,793] {processor.py:153} INFO - Started process (PID=5145) to work on /home/airflow/.local/lib/python3.7/site-packages/airflow/example_dags/example_latest_only.py
[2024-02-11 04:23:11,795] {processor.py:641} INFO - Processing file /home/airflow/.local/lib/python3.7/site-packages/airflow/example_dags/example_latest_only.py for tasks to queue
[2024-02-11 04:23:11,798] {logging_mixin.py:115} INFO - [2024-02-11 04:23:11,798] {dagbag.py:507} INFO - Filling up the DagBag from /home/airflow/.local/lib/python3.7/site-packages/airflow/example_dags/example_latest_only.py
[2024-02-11 04:23:11,802] {processor.py:651} INFO - DAG(s) dict_keys(['latest_only']) retrieved from /home/airflow/.local/lib/python3.7/site-packages/airflow/example_dags/example_latest_only.py
[2024-02-11 04:23:11,829] {logging_mixin.py:115} INFO - [2024-02-11 04:23:11,829] {dag.py:2371} INFO - Sync 1 DAGs
[2024-02-11 04:23:11,851] {logging_mixin.py:115} INFO - [2024-02-11 04:23:11,850] {dag.py:2919} INFO - Setting next_dagrun for latest_only to 2024-02-11T00:23:11.850761+00:00, run_after=2024-02-11T04:23:11.850761+00:00
[2024-02-11 04:23:11,864] {processor.py:161} INFO - Processing /home/airflow/.local/lib/python3.7/site-packages/airflow/example_dags/example_latest_only.py took 0.074 seconds
[2024-02-11 05:29:10,017] {processor.py:153} INFO - Started process (PID=5205) to work on /home/airflow/.local/lib/python3.7/site-packages/airflow/example_dags/example_latest_only.py
[2024-02-11 05:29:10,018] {processor.py:641} INFO - Processing file /home/airflow/.local/lib/python3.7/site-packages/airflow/example_dags/example_latest_only.py for tasks to queue
[2024-02-11 05:29:10,019] {logging_mixin.py:115} INFO - [2024-02-11 05:29:10,019] {dagbag.py:507} INFO - Filling up the DagBag from /home/airflow/.local/lib/python3.7/site-packages/airflow/example_dags/example_latest_only.py
[2024-02-11 05:29:10,029] {processor.py:651} INFO - DAG(s) dict_keys(['latest_only']) retrieved from /home/airflow/.local/lib/python3.7/site-packages/airflow/example_dags/example_latest_only.py
[2024-02-11 05:29:10,057] {logging_mixin.py:115} INFO - [2024-02-11 05:29:10,057] {dag.py:2371} INFO - Sync 1 DAGs
[2024-02-11 05:29:10,073] {logging_mixin.py:115} INFO - [2024-02-11 05:29:10,073] {dag.py:2919} INFO - Setting next_dagrun for latest_only to 2024-02-11T01:29:10.073122+00:00, run_after=2024-02-11T05:29:10.073122+00:00
[2024-02-11 05:29:10,085] {processor.py:161} INFO - Processing /home/airflow/.local/lib/python3.7/site-packages/airflow/example_dags/example_latest_only.py took 0.071 seconds
[2024-02-11 05:33:28,465] {processor.py:153} INFO - Started process (PID=5260) to work on /home/airflow/.local/lib/python3.7/site-packages/airflow/example_dags/example_latest_only.py
[2024-02-11 05:33:28,466] {processor.py:641} INFO - Processing file /home/airflow/.local/lib/python3.7/site-packages/airflow/example_dags/example_latest_only.py for tasks to queue
[2024-02-11 05:33:28,467] {logging_mixin.py:115} INFO - [2024-02-11 05:33:28,467] {dagbag.py:507} INFO - Filling up the DagBag from /home/airflow/.local/lib/python3.7/site-packages/airflow/example_dags/example_latest_only.py
[2024-02-11 05:33:28,472] {processor.py:651} INFO - DAG(s) dict_keys(['latest_only']) retrieved from /home/airflow/.local/lib/python3.7/site-packages/airflow/example_dags/example_latest_only.py
[2024-02-11 05:33:28,492] {logging_mixin.py:115} INFO - [2024-02-11 05:33:28,492] {dag.py:2371} INFO - Sync 1 DAGs
[2024-02-11 05:33:28,530] {logging_mixin.py:115} INFO - [2024-02-11 05:33:28,529] {dag.py:2919} INFO - Setting next_dagrun for latest_only to 2024-02-11T01:33:28.529641+00:00, run_after=2024-02-11T05:33:28.529641+00:00
[2024-02-11 05:33:28,543] {processor.py:161} INFO - Processing /home/airflow/.local/lib/python3.7/site-packages/airflow/example_dags/example_latest_only.py took 0.080 seconds
[2024-02-11 06:21:41,062] {processor.py:153} INFO - Started process (PID=5328) to work on /home/airflow/.local/lib/python3.7/site-packages/airflow/example_dags/example_latest_only.py
[2024-02-11 06:21:41,063] {processor.py:641} INFO - Processing file /home/airflow/.local/lib/python3.7/site-packages/airflow/example_dags/example_latest_only.py for tasks to queue
[2024-02-11 06:21:41,063] {logging_mixin.py:115} INFO - [2024-02-11 06:21:41,063] {dagbag.py:507} INFO - Filling up the DagBag from /home/airflow/.local/lib/python3.7/site-packages/airflow/example_dags/example_latest_only.py
[2024-02-11 06:21:41,068] {processor.py:651} INFO - DAG(s) dict_keys(['latest_only']) retrieved from /home/airflow/.local/lib/python3.7/site-packages/airflow/example_dags/example_latest_only.py
[2024-02-11 06:21:41,087] {logging_mixin.py:115} INFO - [2024-02-11 06:21:41,086] {dag.py:2371} INFO - Sync 1 DAGs
[2024-02-11 06:21:41,100] {logging_mixin.py:115} INFO - [2024-02-11 06:21:41,100] {dag.py:2919} INFO - Setting next_dagrun for latest_only to 2024-02-11T02:21:41.099883+00:00, run_after=2024-02-11T06:21:41.099883+00:00
[2024-02-11 06:21:41,106] {processor.py:161} INFO - Processing /home/airflow/.local/lib/python3.7/site-packages/airflow/example_dags/example_latest_only.py took 0.046 seconds
[2024-02-11 06:34:33,008] {processor.py:153} INFO - Started process (PID=5398) to work on /home/airflow/.local/lib/python3.7/site-packages/airflow/example_dags/example_latest_only.py
[2024-02-11 06:34:33,009] {processor.py:641} INFO - Processing file /home/airflow/.local/lib/python3.7/site-packages/airflow/example_dags/example_latest_only.py for tasks to queue
[2024-02-11 06:34:33,009] {logging_mixin.py:115} INFO - [2024-02-11 06:34:33,009] {dagbag.py:507} INFO - Filling up the DagBag from /home/airflow/.local/lib/python3.7/site-packages/airflow/example_dags/example_latest_only.py
[2024-02-11 06:34:33,014] {processor.py:651} INFO - DAG(s) dict_keys(['latest_only']) retrieved from /home/airflow/.local/lib/python3.7/site-packages/airflow/example_dags/example_latest_only.py
[2024-02-11 06:34:33,056] {logging_mixin.py:115} INFO - [2024-02-11 06:34:33,056] {dag.py:2371} INFO - Sync 1 DAGs
[2024-02-11 06:34:33,081] {logging_mixin.py:115} INFO - [2024-02-11 06:34:33,081] {dag.py:2919} INFO - Setting next_dagrun for latest_only to 2024-02-11T02:34:33.081690+00:00, run_after=2024-02-11T06:34:33.081690+00:00
[2024-02-11 06:34:33,089] {processor.py:161} INFO - Processing /home/airflow/.local/lib/python3.7/site-packages/airflow/example_dags/example_latest_only.py took 0.083 seconds
[2024-02-11 07:08:52,568] {processor.py:153} INFO - Started process (PID=5456) to work on /home/airflow/.local/lib/python3.7/site-packages/airflow/example_dags/example_latest_only.py
[2024-02-11 07:08:52,569] {processor.py:641} INFO - Processing file /home/airflow/.local/lib/python3.7/site-packages/airflow/example_dags/example_latest_only.py for tasks to queue
[2024-02-11 07:08:52,569] {logging_mixin.py:115} INFO - [2024-02-11 07:08:52,569] {dagbag.py:507} INFO - Filling up the DagBag from /home/airflow/.local/lib/python3.7/site-packages/airflow/example_dags/example_latest_only.py
[2024-02-11 07:08:52,572] {processor.py:651} INFO - DAG(s) dict_keys(['latest_only']) retrieved from /home/airflow/.local/lib/python3.7/site-packages/airflow/example_dags/example_latest_only.py
[2024-02-11 07:08:52,587] {logging_mixin.py:115} INFO - [2024-02-11 07:08:52,587] {dag.py:2371} INFO - Sync 1 DAGs
[2024-02-11 07:08:52,599] {logging_mixin.py:115} INFO - [2024-02-11 07:08:52,598] {dag.py:2919} INFO - Setting next_dagrun for latest_only to 2024-02-11T03:08:52.598851+00:00, run_after=2024-02-11T07:08:52.598851+00:00
[2024-02-11 07:08:52,695] {processor.py:161} INFO - Processing /home/airflow/.local/lib/python3.7/site-packages/airflow/example_dags/example_latest_only.py took 0.129 seconds
[2024-02-11 07:35:28,011] {processor.py:153} INFO - Started process (PID=5525) to work on /home/airflow/.local/lib/python3.7/site-packages/airflow/example_dags/example_latest_only.py
[2024-02-11 07:35:28,012] {processor.py:641} INFO - Processing file /home/airflow/.local/lib/python3.7/site-packages/airflow/example_dags/example_latest_only.py for tasks to queue
[2024-02-11 07:35:28,012] {logging_mixin.py:115} INFO - [2024-02-11 07:35:28,012] {dagbag.py:507} INFO - Filling up the DagBag from /home/airflow/.local/lib/python3.7/site-packages/airflow/example_dags/example_latest_only.py
[2024-02-11 07:35:28,016] {processor.py:651} INFO - DAG(s) dict_keys(['latest_only']) retrieved from /home/airflow/.local/lib/python3.7/site-packages/airflow/example_dags/example_latest_only.py
[2024-02-11 07:35:28,030] {logging_mixin.py:115} INFO - [2024-02-11 07:35:28,030] {dag.py:2371} INFO - Sync 1 DAGs
[2024-02-11 07:35:28,207] {logging_mixin.py:115} INFO - [2024-02-11 07:35:28,206] {dag.py:2919} INFO - Setting next_dagrun for latest_only to 2024-02-11T03:35:28.206178+00:00, run_after=2024-02-11T07:35:28.206178+00:00
[2024-02-11 07:35:28,217] {processor.py:161} INFO - Processing /home/airflow/.local/lib/python3.7/site-packages/airflow/example_dags/example_latest_only.py took 0.207 seconds
[2024-02-11 08:02:46,911] {processor.py:153} INFO - Started process (PID=5594) to work on /home/airflow/.local/lib/python3.7/site-packages/airflow/example_dags/example_latest_only.py
[2024-02-11 08:02:46,912] {processor.py:641} INFO - Processing file /home/airflow/.local/lib/python3.7/site-packages/airflow/example_dags/example_latest_only.py for tasks to queue
[2024-02-11 08:02:46,912] {logging_mixin.py:115} INFO - [2024-02-11 08:02:46,912] {dagbag.py:507} INFO - Filling up the DagBag from /home/airflow/.local/lib/python3.7/site-packages/airflow/example_dags/example_latest_only.py
[2024-02-11 08:02:46,916] {processor.py:651} INFO - DAG(s) dict_keys(['latest_only']) retrieved from /home/airflow/.local/lib/python3.7/site-packages/airflow/example_dags/example_latest_only.py
[2024-02-11 08:02:46,931] {logging_mixin.py:115} INFO - [2024-02-11 08:02:46,931] {dag.py:2371} INFO - Sync 1 DAGs
[2024-02-11 08:02:47,056] {logging_mixin.py:115} INFO - [2024-02-11 08:02:47,056] {dag.py:2919} INFO - Setting next_dagrun for latest_only to 2024-02-11T04:02:47.056063+00:00, run_after=2024-02-11T08:02:47.056063+00:00
[2024-02-11 08:02:47,062] {processor.py:161} INFO - Processing /home/airflow/.local/lib/python3.7/site-packages/airflow/example_dags/example_latest_only.py took 0.152 seconds
[2024-02-11 08:03:17,341] {processor.py:153} INFO - Started process (PID=5648) to work on /home/airflow/.local/lib/python3.7/site-packages/airflow/example_dags/example_latest_only.py
[2024-02-11 08:03:17,342] {processor.py:641} INFO - Processing file /home/airflow/.local/lib/python3.7/site-packages/airflow/example_dags/example_latest_only.py for tasks to queue
[2024-02-11 08:03:17,342] {logging_mixin.py:115} INFO - [2024-02-11 08:03:17,342] {dagbag.py:507} INFO - Filling up the DagBag from /home/airflow/.local/lib/python3.7/site-packages/airflow/example_dags/example_latest_only.py
[2024-02-11 08:03:17,345] {processor.py:651} INFO - DAG(s) dict_keys(['latest_only']) retrieved from /home/airflow/.local/lib/python3.7/site-packages/airflow/example_dags/example_latest_only.py
[2024-02-11 08:03:17,357] {logging_mixin.py:115} INFO - [2024-02-11 08:03:17,357] {dag.py:2371} INFO - Sync 1 DAGs
[2024-02-11 08:03:17,442] {logging_mixin.py:115} INFO - [2024-02-11 08:03:17,442] {dag.py:2919} INFO - Setting next_dagrun for latest_only to 2024-02-11T04:03:17.442046+00:00, run_after=2024-02-11T08:03:17.442046+00:00
[2024-02-11 08:03:17,448] {processor.py:161} INFO - Processing /home/airflow/.local/lib/python3.7/site-packages/airflow/example_dags/example_latest_only.py took 0.109 seconds
[2024-02-11 08:05:41,310] {processor.py:153} INFO - Started process (PID=5703) to work on /home/airflow/.local/lib/python3.7/site-packages/airflow/example_dags/example_latest_only.py
[2024-02-11 08:05:41,312] {processor.py:641} INFO - Processing file /home/airflow/.local/lib/python3.7/site-packages/airflow/example_dags/example_latest_only.py for tasks to queue
[2024-02-11 08:05:41,313] {logging_mixin.py:115} INFO - [2024-02-11 08:05:41,313] {dagbag.py:507} INFO - Filling up the DagBag from /home/airflow/.local/lib/python3.7/site-packages/airflow/example_dags/example_latest_only.py
[2024-02-11 08:05:41,322] {processor.py:651} INFO - DAG(s) dict_keys(['latest_only']) retrieved from /home/airflow/.local/lib/python3.7/site-packages/airflow/example_dags/example_latest_only.py
[2024-02-11 08:05:41,348] {logging_mixin.py:115} INFO - [2024-02-11 08:05:41,348] {dag.py:2371} INFO - Sync 1 DAGs
[2024-02-11 08:05:41,494] {logging_mixin.py:115} INFO - [2024-02-11 08:05:41,494] {dag.py:2919} INFO - Setting next_dagrun for latest_only to 2024-02-11T04:05:41.494244+00:00, run_after=2024-02-11T08:05:41.494244+00:00
[2024-02-11 08:05:41,505] {processor.py:161} INFO - Processing /home/airflow/.local/lib/python3.7/site-packages/airflow/example_dags/example_latest_only.py took 0.199 seconds
[2024-02-11 08:06:12,955] {processor.py:153} INFO - Started process (PID=5767) to work on /home/airflow/.local/lib/python3.7/site-packages/airflow/example_dags/example_latest_only.py
[2024-02-11 08:06:12,955] {processor.py:641} INFO - Processing file /home/airflow/.local/lib/python3.7/site-packages/airflow/example_dags/example_latest_only.py for tasks to queue
[2024-02-11 08:06:12,956] {logging_mixin.py:115} INFO - [2024-02-11 08:06:12,955] {dagbag.py:507} INFO - Filling up the DagBag from /home/airflow/.local/lib/python3.7/site-packages/airflow/example_dags/example_latest_only.py
[2024-02-11 08:06:12,959] {processor.py:651} INFO - DAG(s) dict_keys(['latest_only']) retrieved from /home/airflow/.local/lib/python3.7/site-packages/airflow/example_dags/example_latest_only.py
[2024-02-11 08:06:12,975] {logging_mixin.py:115} INFO - [2024-02-11 08:06:12,975] {dag.py:2371} INFO - Sync 1 DAGs
[2024-02-11 08:06:13,203] {logging_mixin.py:115} INFO - [2024-02-11 08:06:13,203] {dag.py:2919} INFO - Setting next_dagrun for latest_only to 2024-02-11T04:06:13.203316+00:00, run_after=2024-02-11T08:06:13.203316+00:00
[2024-02-11 08:06:13,215] {processor.py:161} INFO - Processing /home/airflow/.local/lib/python3.7/site-packages/airflow/example_dags/example_latest_only.py took 0.263 seconds
[2024-02-11 08:06:44,154] {processor.py:153} INFO - Started process (PID=5831) to work on /home/airflow/.local/lib/python3.7/site-packages/airflow/example_dags/example_latest_only.py
[2024-02-11 08:06:44,155] {processor.py:641} INFO - Processing file /home/airflow/.local/lib/python3.7/site-packages/airflow/example_dags/example_latest_only.py for tasks to queue
[2024-02-11 08:06:44,156] {logging_mixin.py:115} INFO - [2024-02-11 08:06:44,155] {dagbag.py:507} INFO - Filling up the DagBag from /home/airflow/.local/lib/python3.7/site-packages/airflow/example_dags/example_latest_only.py
[2024-02-11 08:06:44,161] {processor.py:651} INFO - DAG(s) dict_keys(['latest_only']) retrieved from /home/airflow/.local/lib/python3.7/site-packages/airflow/example_dags/example_latest_only.py
[2024-02-11 08:06:44,189] {logging_mixin.py:115} INFO - [2024-02-11 08:06:44,188] {dag.py:2371} INFO - Sync 1 DAGs
[2024-02-11 08:06:44,363] {logging_mixin.py:115} INFO - [2024-02-11 08:06:44,363] {dag.py:2919} INFO - Setting next_dagrun for latest_only to 2024-02-11T04:06:44.362812+00:00, run_after=2024-02-11T08:06:44.362812+00:00
[2024-02-11 08:06:44,372] {processor.py:161} INFO - Processing /home/airflow/.local/lib/python3.7/site-packages/airflow/example_dags/example_latest_only.py took 0.220 seconds
[2024-02-11 08:07:14,577] {processor.py:153} INFO - Started process (PID=5895) to work on /home/airflow/.local/lib/python3.7/site-packages/airflow/example_dags/example_latest_only.py
[2024-02-11 08:07:14,578] {processor.py:641} INFO - Processing file /home/airflow/.local/lib/python3.7/site-packages/airflow/example_dags/example_latest_only.py for tasks to queue
[2024-02-11 08:07:14,579] {logging_mixin.py:115} INFO - [2024-02-11 08:07:14,579] {dagbag.py:507} INFO - Filling up the DagBag from /home/airflow/.local/lib/python3.7/site-packages/airflow/example_dags/example_latest_only.py
[2024-02-11 08:07:14,584] {processor.py:651} INFO - DAG(s) dict_keys(['latest_only']) retrieved from /home/airflow/.local/lib/python3.7/site-packages/airflow/example_dags/example_latest_only.py
[2024-02-11 08:07:14,598] {logging_mixin.py:115} INFO - [2024-02-11 08:07:14,598] {dag.py:2371} INFO - Sync 1 DAGs
[2024-02-11 08:07:14,713] {logging_mixin.py:115} INFO - [2024-02-11 08:07:14,713] {dag.py:2919} INFO - Setting next_dagrun for latest_only to 2024-02-11T04:07:14.713028+00:00, run_after=2024-02-11T08:07:14.713028+00:00
[2024-02-11 08:07:14,719] {processor.py:161} INFO - Processing /home/airflow/.local/lib/python3.7/site-packages/airflow/example_dags/example_latest_only.py took 0.145 seconds
[2024-02-11 08:07:45,574] {processor.py:153} INFO - Started process (PID=5959) to work on /home/airflow/.local/lib/python3.7/site-packages/airflow/example_dags/example_latest_only.py
[2024-02-11 08:07:45,575] {processor.py:641} INFO - Processing file /home/airflow/.local/lib/python3.7/site-packages/airflow/example_dags/example_latest_only.py for tasks to queue
[2024-02-11 08:07:45,577] {logging_mixin.py:115} INFO - [2024-02-11 08:07:45,577] {dagbag.py:507} INFO - Filling up the DagBag from /home/airflow/.local/lib/python3.7/site-packages/airflow/example_dags/example_latest_only.py
[2024-02-11 08:07:45,582] {processor.py:651} INFO - DAG(s) dict_keys(['latest_only']) retrieved from /home/airflow/.local/lib/python3.7/site-packages/airflow/example_dags/example_latest_only.py
[2024-02-11 08:07:45,597] {logging_mixin.py:115} INFO - [2024-02-11 08:07:45,597] {dag.py:2371} INFO - Sync 1 DAGs
[2024-02-11 08:07:45,702] {logging_mixin.py:115} INFO - [2024-02-11 08:07:45,701] {dag.py:2919} INFO - Setting next_dagrun for latest_only to 2024-02-11T04:07:45.701758+00:00, run_after=2024-02-11T08:07:45.701758+00:00
[2024-02-11 08:07:45,723] {processor.py:161} INFO - Processing /home/airflow/.local/lib/python3.7/site-packages/airflow/example_dags/example_latest_only.py took 0.153 seconds
[2024-02-11 08:08:16,555] {processor.py:153} INFO - Started process (PID=6023) to work on /home/airflow/.local/lib/python3.7/site-packages/airflow/example_dags/example_latest_only.py
[2024-02-11 08:08:16,555] {processor.py:641} INFO - Processing file /home/airflow/.local/lib/python3.7/site-packages/airflow/example_dags/example_latest_only.py for tasks to queue
[2024-02-11 08:08:16,556] {logging_mixin.py:115} INFO - [2024-02-11 08:08:16,556] {dagbag.py:507} INFO - Filling up the DagBag from /home/airflow/.local/lib/python3.7/site-packages/airflow/example_dags/example_latest_only.py
[2024-02-11 08:08:16,559] {processor.py:651} INFO - DAG(s) dict_keys(['latest_only']) retrieved from /home/airflow/.local/lib/python3.7/site-packages/airflow/example_dags/example_latest_only.py
[2024-02-11 08:08:16,573] {logging_mixin.py:115} INFO - [2024-02-11 08:08:16,573] {dag.py:2371} INFO - Sync 1 DAGs
[2024-02-11 08:08:16,672] {logging_mixin.py:115} INFO - [2024-02-11 08:08:16,672] {dag.py:2919} INFO - Setting next_dagrun for latest_only to 2024-02-11T04:08:16.672099+00:00, run_after=2024-02-11T08:08:16.672099+00:00
[2024-02-11 08:08:16,677] {processor.py:161} INFO - Processing /home/airflow/.local/lib/python3.7/site-packages/airflow/example_dags/example_latest_only.py took 0.125 seconds
[2024-02-11 08:08:55,017] {processor.py:153} INFO - Started process (PID=6087) to work on /home/airflow/.local/lib/python3.7/site-packages/airflow/example_dags/example_latest_only.py
[2024-02-11 08:08:55,017] {processor.py:641} INFO - Processing file /home/airflow/.local/lib/python3.7/site-packages/airflow/example_dags/example_latest_only.py for tasks to queue
[2024-02-11 08:08:55,018] {logging_mixin.py:115} INFO - [2024-02-11 08:08:55,018] {dagbag.py:507} INFO - Filling up the DagBag from /home/airflow/.local/lib/python3.7/site-packages/airflow/example_dags/example_latest_only.py
[2024-02-11 08:08:55,022] {processor.py:651} INFO - DAG(s) dict_keys(['latest_only']) retrieved from /home/airflow/.local/lib/python3.7/site-packages/airflow/example_dags/example_latest_only.py
[2024-02-11 08:08:55,042] {logging_mixin.py:115} INFO - [2024-02-11 08:08:55,042] {dag.py:2371} INFO - Sync 1 DAGs
[2024-02-11 08:08:55,320] {logging_mixin.py:115} INFO - [2024-02-11 08:08:55,320] {dag.py:2919} INFO - Setting next_dagrun for latest_only to 2024-02-11T04:08:55.320517+00:00, run_after=2024-02-11T08:08:55.320517+00:00
[2024-02-11 08:08:55,336] {processor.py:161} INFO - Processing /home/airflow/.local/lib/python3.7/site-packages/airflow/example_dags/example_latest_only.py took 0.322 seconds
[2024-02-11 12:16:24,205] {processor.py:153} INFO - Started process (PID=95) to work on /home/airflow/.local/lib/python3.7/site-packages/airflow/example_dags/example_latest_only.py
[2024-02-11 12:16:24,211] {processor.py:641} INFO - Processing file /home/airflow/.local/lib/python3.7/site-packages/airflow/example_dags/example_latest_only.py for tasks to queue
[2024-02-11 12:16:24,217] {logging_mixin.py:115} INFO - [2024-02-11 12:16:24,217] {dagbag.py:507} INFO - Filling up the DagBag from /home/airflow/.local/lib/python3.7/site-packages/airflow/example_dags/example_latest_only.py
[2024-02-11 12:16:24,245] {processor.py:651} INFO - DAG(s) dict_keys(['latest_only']) retrieved from /home/airflow/.local/lib/python3.7/site-packages/airflow/example_dags/example_latest_only.py
[2024-02-11 12:16:24,333] {logging_mixin.py:115} INFO - [2024-02-11 12:16:24,332] {dag.py:2371} INFO - Sync 1 DAGs
[2024-02-11 12:16:24,583] {logging_mixin.py:115} INFO - [2024-02-11 12:16:24,567] {dag.py:2919} INFO - Setting next_dagrun for latest_only to 2024-02-11T08:16:24.559421+00:00, run_after=2024-02-11T12:16:24.559421+00:00
[2024-02-11 12:16:24,769] {processor.py:161} INFO - Processing /home/airflow/.local/lib/python3.7/site-packages/airflow/example_dags/example_latest_only.py took 0.564 seconds
[2024-02-11 12:16:54,965] {processor.py:153} INFO - Started process (PID=141) to work on /home/airflow/.local/lib/python3.7/site-packages/airflow/example_dags/example_latest_only.py
[2024-02-11 12:16:54,966] {processor.py:641} INFO - Processing file /home/airflow/.local/lib/python3.7/site-packages/airflow/example_dags/example_latest_only.py for tasks to queue
[2024-02-11 12:16:54,967] {logging_mixin.py:115} INFO - [2024-02-11 12:16:54,966] {dagbag.py:507} INFO - Filling up the DagBag from /home/airflow/.local/lib/python3.7/site-packages/airflow/example_dags/example_latest_only.py
[2024-02-11 12:16:54,973] {processor.py:651} INFO - DAG(s) dict_keys(['latest_only']) retrieved from /home/airflow/.local/lib/python3.7/site-packages/airflow/example_dags/example_latest_only.py
[2024-02-11 12:16:55,016] {logging_mixin.py:115} INFO - [2024-02-11 12:16:55,015] {dag.py:2371} INFO - Sync 1 DAGs
[2024-02-11 12:16:55,032] {logging_mixin.py:115} INFO - [2024-02-11 12:16:55,032] {dag.py:2919} INFO - Setting next_dagrun for latest_only to 2024-02-11T08:16:55.031861+00:00, run_after=2024-02-11T12:16:55.031861+00:00
[2024-02-11 12:16:55,042] {processor.py:161} INFO - Processing /home/airflow/.local/lib/python3.7/site-packages/airflow/example_dags/example_latest_only.py took 0.080 seconds
[2024-02-11 12:17:26,025] {processor.py:153} INFO - Started process (PID=204) to work on /home/airflow/.local/lib/python3.7/site-packages/airflow/example_dags/example_latest_only.py
[2024-02-11 12:17:26,026] {processor.py:641} INFO - Processing file /home/airflow/.local/lib/python3.7/site-packages/airflow/example_dags/example_latest_only.py for tasks to queue
[2024-02-11 12:17:26,027] {logging_mixin.py:115} INFO - [2024-02-11 12:17:26,027] {dagbag.py:507} INFO - Filling up the DagBag from /home/airflow/.local/lib/python3.7/site-packages/airflow/example_dags/example_latest_only.py
[2024-02-11 12:17:26,041] {processor.py:651} INFO - DAG(s) dict_keys(['latest_only']) retrieved from /home/airflow/.local/lib/python3.7/site-packages/airflow/example_dags/example_latest_only.py
[2024-02-11 12:17:26,067] {logging_mixin.py:115} INFO - [2024-02-11 12:17:26,067] {dag.py:2371} INFO - Sync 1 DAGs
[2024-02-11 12:17:26,083] {logging_mixin.py:115} INFO - [2024-02-11 12:17:26,083] {dag.py:2919} INFO - Setting next_dagrun for latest_only to 2024-02-11T08:17:26.083294+00:00, run_after=2024-02-11T12:17:26.083294+00:00
[2024-02-11 12:17:26,095] {processor.py:161} INFO - Processing /home/airflow/.local/lib/python3.7/site-packages/airflow/example_dags/example_latest_only.py took 0.074 seconds
[2024-02-11 12:17:56,516] {processor.py:153} INFO - Started process (PID=268) to work on /home/airflow/.local/lib/python3.7/site-packages/airflow/example_dags/example_latest_only.py
[2024-02-11 12:17:56,516] {processor.py:641} INFO - Processing file /home/airflow/.local/lib/python3.7/site-packages/airflow/example_dags/example_latest_only.py for tasks to queue
[2024-02-11 12:17:56,517] {logging_mixin.py:115} INFO - [2024-02-11 12:17:56,517] {dagbag.py:507} INFO - Filling up the DagBag from /home/airflow/.local/lib/python3.7/site-packages/airflow/example_dags/example_latest_only.py
[2024-02-11 12:17:56,528] {processor.py:651} INFO - DAG(s) dict_keys(['latest_only']) retrieved from /home/airflow/.local/lib/python3.7/site-packages/airflow/example_dags/example_latest_only.py
[2024-02-11 12:17:56,589] {logging_mixin.py:115} INFO - [2024-02-11 12:17:56,588] {dag.py:2371} INFO - Sync 1 DAGs
[2024-02-11 12:17:56,603] {logging_mixin.py:115} INFO - [2024-02-11 12:17:56,603] {dag.py:2919} INFO - Setting next_dagrun for latest_only to 2024-02-11T08:17:56.603118+00:00, run_after=2024-02-11T12:17:56.603118+00:00
[2024-02-11 12:17:56,609] {processor.py:161} INFO - Processing /home/airflow/.local/lib/python3.7/site-packages/airflow/example_dags/example_latest_only.py took 0.095 seconds
[2024-02-11 12:18:27,376] {processor.py:153} INFO - Started process (PID=323) to work on /home/airflow/.local/lib/python3.7/site-packages/airflow/example_dags/example_latest_only.py
[2024-02-11 12:18:27,377] {processor.py:641} INFO - Processing file /home/airflow/.local/lib/python3.7/site-packages/airflow/example_dags/example_latest_only.py for tasks to queue
[2024-02-11 12:18:27,378] {logging_mixin.py:115} INFO - [2024-02-11 12:18:27,378] {dagbag.py:507} INFO - Filling up the DagBag from /home/airflow/.local/lib/python3.7/site-packages/airflow/example_dags/example_latest_only.py
[2024-02-11 12:18:27,383] {processor.py:651} INFO - DAG(s) dict_keys(['latest_only']) retrieved from /home/airflow/.local/lib/python3.7/site-packages/airflow/example_dags/example_latest_only.py
[2024-02-11 12:18:27,420] {logging_mixin.py:115} INFO - [2024-02-11 12:18:27,420] {dag.py:2371} INFO - Sync 1 DAGs
[2024-02-11 12:18:27,458] {logging_mixin.py:115} INFO - [2024-02-11 12:18:27,458] {dag.py:2919} INFO - Setting next_dagrun for latest_only to 2024-02-11T08:18:27.457516+00:00, run_after=2024-02-11T12:18:27.457516+00:00
[2024-02-11 12:18:27,476] {processor.py:161} INFO - Processing /home/airflow/.local/lib/python3.7/site-packages/airflow/example_dags/example_latest_only.py took 0.104 seconds
[2024-02-11 12:18:58,384] {processor.py:153} INFO - Started process (PID=387) to work on /home/airflow/.local/lib/python3.7/site-packages/airflow/example_dags/example_latest_only.py
[2024-02-11 12:18:58,390] {processor.py:641} INFO - Processing file /home/airflow/.local/lib/python3.7/site-packages/airflow/example_dags/example_latest_only.py for tasks to queue
[2024-02-11 12:18:58,394] {logging_mixin.py:115} INFO - [2024-02-11 12:18:58,393] {dagbag.py:507} INFO - Filling up the DagBag from /home/airflow/.local/lib/python3.7/site-packages/airflow/example_dags/example_latest_only.py
[2024-02-11 12:18:58,434] {processor.py:651} INFO - DAG(s) dict_keys(['latest_only']) retrieved from /home/airflow/.local/lib/python3.7/site-packages/airflow/example_dags/example_latest_only.py
[2024-02-11 12:18:58,482] {logging_mixin.py:115} INFO - [2024-02-11 12:18:58,482] {dag.py:2371} INFO - Sync 1 DAGs
[2024-02-11 12:18:58,498] {logging_mixin.py:115} INFO - [2024-02-11 12:18:58,498] {dag.py:2919} INFO - Setting next_dagrun for latest_only to 2024-02-11T08:18:58.498418+00:00, run_after=2024-02-11T12:18:58.498418+00:00
[2024-02-11 12:18:58,506] {processor.py:161} INFO - Processing /home/airflow/.local/lib/python3.7/site-packages/airflow/example_dags/example_latest_only.py took 0.129 seconds
[2024-02-11 12:19:29,287] {processor.py:153} INFO - Started process (PID=449) to work on /home/airflow/.local/lib/python3.7/site-packages/airflow/example_dags/example_latest_only.py
[2024-02-11 12:19:29,288] {processor.py:641} INFO - Processing file /home/airflow/.local/lib/python3.7/site-packages/airflow/example_dags/example_latest_only.py for tasks to queue
[2024-02-11 12:19:29,288] {logging_mixin.py:115} INFO - [2024-02-11 12:19:29,288] {dagbag.py:507} INFO - Filling up the DagBag from /home/airflow/.local/lib/python3.7/site-packages/airflow/example_dags/example_latest_only.py
[2024-02-11 12:19:29,295] {processor.py:651} INFO - DAG(s) dict_keys(['latest_only']) retrieved from /home/airflow/.local/lib/python3.7/site-packages/airflow/example_dags/example_latest_only.py
[2024-02-11 12:19:29,316] {logging_mixin.py:115} INFO - [2024-02-11 12:19:29,316] {dag.py:2371} INFO - Sync 1 DAGs
[2024-02-11 12:19:29,329] {logging_mixin.py:115} INFO - [2024-02-11 12:19:29,329] {dag.py:2919} INFO - Setting next_dagrun for latest_only to 2024-02-11T08:19:29.329744+00:00, run_after=2024-02-11T12:19:29.329744+00:00
[2024-02-11 12:19:29,336] {processor.py:161} INFO - Processing /home/airflow/.local/lib/python3.7/site-packages/airflow/example_dags/example_latest_only.py took 0.052 seconds
[2024-02-11 12:19:59,856] {processor.py:153} INFO - Started process (PID=513) to work on /home/airflow/.local/lib/python3.7/site-packages/airflow/example_dags/example_latest_only.py
[2024-02-11 12:19:59,860] {processor.py:641} INFO - Processing file /home/airflow/.local/lib/python3.7/site-packages/airflow/example_dags/example_latest_only.py for tasks to queue
[2024-02-11 12:19:59,861] {logging_mixin.py:115} INFO - [2024-02-11 12:19:59,861] {dagbag.py:507} INFO - Filling up the DagBag from /home/airflow/.local/lib/python3.7/site-packages/airflow/example_dags/example_latest_only.py
[2024-02-11 12:19:59,875] {processor.py:651} INFO - DAG(s) dict_keys(['latest_only']) retrieved from /home/airflow/.local/lib/python3.7/site-packages/airflow/example_dags/example_latest_only.py
[2024-02-11 12:19:59,900] {logging_mixin.py:115} INFO - [2024-02-11 12:19:59,900] {dag.py:2371} INFO - Sync 1 DAGs
[2024-02-11 12:19:59,913] {logging_mixin.py:115} INFO - [2024-02-11 12:19:59,913] {dag.py:2919} INFO - Setting next_dagrun for latest_only to 2024-02-11T08:19:59.913372+00:00, run_after=2024-02-11T12:19:59.913372+00:00
[2024-02-11 12:19:59,919] {processor.py:161} INFO - Processing /home/airflow/.local/lib/python3.7/site-packages/airflow/example_dags/example_latest_only.py took 0.070 seconds
[2024-02-11 12:20:30,689] {processor.py:153} INFO - Started process (PID=568) to work on /home/airflow/.local/lib/python3.7/site-packages/airflow/example_dags/example_latest_only.py
[2024-02-11 12:20:30,691] {processor.py:641} INFO - Processing file /home/airflow/.local/lib/python3.7/site-packages/airflow/example_dags/example_latest_only.py for tasks to queue
[2024-02-11 12:20:30,692] {logging_mixin.py:115} INFO - [2024-02-11 12:20:30,692] {dagbag.py:507} INFO - Filling up the DagBag from /home/airflow/.local/lib/python3.7/site-packages/airflow/example_dags/example_latest_only.py
[2024-02-11 12:20:30,703] {processor.py:651} INFO - DAG(s) dict_keys(['latest_only']) retrieved from /home/airflow/.local/lib/python3.7/site-packages/airflow/example_dags/example_latest_only.py
[2024-02-11 12:20:30,723] {logging_mixin.py:115} INFO - [2024-02-11 12:20:30,723] {dag.py:2371} INFO - Sync 1 DAGs
[2024-02-11 12:20:30,738] {logging_mixin.py:115} INFO - [2024-02-11 12:20:30,738] {dag.py:2919} INFO - Setting next_dagrun for latest_only to 2024-02-11T08:20:30.738397+00:00, run_after=2024-02-11T12:20:30.738397+00:00
[2024-02-11 12:20:30,755] {processor.py:161} INFO - Processing /home/airflow/.local/lib/python3.7/site-packages/airflow/example_dags/example_latest_only.py took 0.069 seconds
[2024-02-11 12:21:01,348] {processor.py:153} INFO - Started process (PID=632) to work on /home/airflow/.local/lib/python3.7/site-packages/airflow/example_dags/example_latest_only.py
[2024-02-11 12:21:01,350] {processor.py:641} INFO - Processing file /home/airflow/.local/lib/python3.7/site-packages/airflow/example_dags/example_latest_only.py for tasks to queue
[2024-02-11 12:21:01,350] {logging_mixin.py:115} INFO - [2024-02-11 12:21:01,350] {dagbag.py:507} INFO - Filling up the DagBag from /home/airflow/.local/lib/python3.7/site-packages/airflow/example_dags/example_latest_only.py
[2024-02-11 12:21:01,357] {processor.py:651} INFO - DAG(s) dict_keys(['latest_only']) retrieved from /home/airflow/.local/lib/python3.7/site-packages/airflow/example_dags/example_latest_only.py
[2024-02-11 12:21:01,389] {logging_mixin.py:115} INFO - [2024-02-11 12:21:01,389] {dag.py:2371} INFO - Sync 1 DAGs
[2024-02-11 12:21:01,404] {logging_mixin.py:115} INFO - [2024-02-11 12:21:01,404] {dag.py:2919} INFO - Setting next_dagrun for latest_only to 2024-02-11T08:21:01.404605+00:00, run_after=2024-02-11T12:21:01.404605+00:00
[2024-02-11 12:21:01,415] {processor.py:161} INFO - Processing /home/airflow/.local/lib/python3.7/site-packages/airflow/example_dags/example_latest_only.py took 0.070 seconds
[2024-02-11 12:21:32,144] {processor.py:153} INFO - Started process (PID=695) to work on /home/airflow/.local/lib/python3.7/site-packages/airflow/example_dags/example_latest_only.py
[2024-02-11 12:21:32,147] {processor.py:641} INFO - Processing file /home/airflow/.local/lib/python3.7/site-packages/airflow/example_dags/example_latest_only.py for tasks to queue
[2024-02-11 12:21:32,148] {logging_mixin.py:115} INFO - [2024-02-11 12:21:32,148] {dagbag.py:507} INFO - Filling up the DagBag from /home/airflow/.local/lib/python3.7/site-packages/airflow/example_dags/example_latest_only.py
[2024-02-11 12:21:32,158] {processor.py:651} INFO - DAG(s) dict_keys(['latest_only']) retrieved from /home/airflow/.local/lib/python3.7/site-packages/airflow/example_dags/example_latest_only.py
[2024-02-11 12:21:32,183] {logging_mixin.py:115} INFO - [2024-02-11 12:21:32,183] {dag.py:2371} INFO - Sync 1 DAGs
[2024-02-11 12:21:32,196] {logging_mixin.py:115} INFO - [2024-02-11 12:21:32,196] {dag.py:2919} INFO - Setting next_dagrun for latest_only to 2024-02-11T08:21:32.196569+00:00, run_after=2024-02-11T12:21:32.196569+00:00
[2024-02-11 12:21:32,204] {processor.py:161} INFO - Processing /home/airflow/.local/lib/python3.7/site-packages/airflow/example_dags/example_latest_only.py took 0.061 seconds
[2024-02-11 12:22:02,453] {processor.py:153} INFO - Started process (PID=758) to work on /home/airflow/.local/lib/python3.7/site-packages/airflow/example_dags/example_latest_only.py
[2024-02-11 12:22:02,456] {processor.py:641} INFO - Processing file /home/airflow/.local/lib/python3.7/site-packages/airflow/example_dags/example_latest_only.py for tasks to queue
[2024-02-11 12:22:02,458] {logging_mixin.py:115} INFO - [2024-02-11 12:22:02,458] {dagbag.py:507} INFO - Filling up the DagBag from /home/airflow/.local/lib/python3.7/site-packages/airflow/example_dags/example_latest_only.py
[2024-02-11 12:22:02,465] {processor.py:651} INFO - DAG(s) dict_keys(['latest_only']) retrieved from /home/airflow/.local/lib/python3.7/site-packages/airflow/example_dags/example_latest_only.py
[2024-02-11 12:22:02,503] {logging_mixin.py:115} INFO - [2024-02-11 12:22:02,503] {dag.py:2371} INFO - Sync 1 DAGs
[2024-02-11 12:22:02,523] {logging_mixin.py:115} INFO - [2024-02-11 12:22:02,523] {dag.py:2919} INFO - Setting next_dagrun for latest_only to 2024-02-11T08:22:02.523329+00:00, run_after=2024-02-11T12:22:02.523329+00:00
[2024-02-11 12:22:02,551] {processor.py:161} INFO - Processing /home/airflow/.local/lib/python3.7/site-packages/airflow/example_dags/example_latest_only.py took 0.103 seconds
[2024-02-11 12:23:21,484] {processor.py:153} INFO - Started process (PID=74) to work on /home/airflow/.local/lib/python3.7/site-packages/airflow/example_dags/example_latest_only.py
[2024-02-11 12:23:21,485] {processor.py:641} INFO - Processing file /home/airflow/.local/lib/python3.7/site-packages/airflow/example_dags/example_latest_only.py for tasks to queue
[2024-02-11 12:23:21,486] {logging_mixin.py:115} INFO - [2024-02-11 12:23:21,486] {dagbag.py:507} INFO - Filling up the DagBag from /home/airflow/.local/lib/python3.7/site-packages/airflow/example_dags/example_latest_only.py
[2024-02-11 12:23:21,492] {processor.py:651} INFO - DAG(s) dict_keys(['latest_only']) retrieved from /home/airflow/.local/lib/python3.7/site-packages/airflow/example_dags/example_latest_only.py
[2024-02-11 12:23:21,513] {logging_mixin.py:115} INFO - [2024-02-11 12:23:21,513] {dag.py:2371} INFO - Sync 1 DAGs
[2024-02-11 12:23:21,528] {logging_mixin.py:115} INFO - [2024-02-11 12:23:21,528] {dag.py:2919} INFO - Setting next_dagrun for latest_only to 2024-02-11T08:23:21.528660+00:00, run_after=2024-02-11T12:23:21.528660+00:00
[2024-02-11 12:23:21,539] {processor.py:161} INFO - Processing /home/airflow/.local/lib/python3.7/site-packages/airflow/example_dags/example_latest_only.py took 0.060 seconds
[2024-02-11 12:24:19,916] {processor.py:153} INFO - Started process (PID=83) to work on /home/airflow/.local/lib/python3.7/site-packages/airflow/example_dags/example_latest_only.py
[2024-02-11 12:24:19,919] {processor.py:641} INFO - Processing file /home/airflow/.local/lib/python3.7/site-packages/airflow/example_dags/example_latest_only.py for tasks to queue
[2024-02-11 12:24:19,923] {logging_mixin.py:115} INFO - [2024-02-11 12:24:19,922] {dagbag.py:507} INFO - Filling up the DagBag from /home/airflow/.local/lib/python3.7/site-packages/airflow/example_dags/example_latest_only.py
[2024-02-11 12:24:19,954] {processor.py:651} INFO - DAG(s) dict_keys(['latest_only']) retrieved from /home/airflow/.local/lib/python3.7/site-packages/airflow/example_dags/example_latest_only.py
[2024-02-11 12:24:20,004] {logging_mixin.py:115} INFO - [2024-02-11 12:24:20,004] {dag.py:2371} INFO - Sync 1 DAGs
[2024-02-11 12:24:20,038] {logging_mixin.py:115} INFO - [2024-02-11 12:24:20,038] {dag.py:2919} INFO - Setting next_dagrun for latest_only to 2024-02-11T08:24:20.037980+00:00, run_after=2024-02-11T12:24:20.037980+00:00
[2024-02-11 12:24:20,046] {processor.py:161} INFO - Processing /home/airflow/.local/lib/python3.7/site-packages/airflow/example_dags/example_latest_only.py took 0.146 seconds
[2024-02-11 12:24:50,902] {processor.py:153} INFO - Started process (PID=137) to work on /home/airflow/.local/lib/python3.7/site-packages/airflow/example_dags/example_latest_only.py
[2024-02-11 12:24:50,904] {processor.py:641} INFO - Processing file /home/airflow/.local/lib/python3.7/site-packages/airflow/example_dags/example_latest_only.py for tasks to queue
[2024-02-11 12:24:50,905] {logging_mixin.py:115} INFO - [2024-02-11 12:24:50,905] {dagbag.py:507} INFO - Filling up the DagBag from /home/airflow/.local/lib/python3.7/site-packages/airflow/example_dags/example_latest_only.py
[2024-02-11 12:24:50,911] {processor.py:651} INFO - DAG(s) dict_keys(['latest_only']) retrieved from /home/airflow/.local/lib/python3.7/site-packages/airflow/example_dags/example_latest_only.py
[2024-02-11 12:24:50,930] {logging_mixin.py:115} INFO - [2024-02-11 12:24:50,929] {dag.py:2371} INFO - Sync 1 DAGs
[2024-02-11 12:24:50,943] {logging_mixin.py:115} INFO - [2024-02-11 12:24:50,943] {dag.py:2919} INFO - Setting next_dagrun for latest_only to 2024-02-11T08:24:50.943535+00:00, run_after=2024-02-11T12:24:50.943535+00:00
[2024-02-11 12:24:50,952] {processor.py:161} INFO - Processing /home/airflow/.local/lib/python3.7/site-packages/airflow/example_dags/example_latest_only.py took 0.057 seconds
[2024-02-11 12:25:21,962] {processor.py:153} INFO - Started process (PID=214) to work on /home/airflow/.local/lib/python3.7/site-packages/airflow/example_dags/example_latest_only.py
[2024-02-11 12:25:21,963] {processor.py:641} INFO - Processing file /home/airflow/.local/lib/python3.7/site-packages/airflow/example_dags/example_latest_only.py for tasks to queue
[2024-02-11 12:25:21,963] {logging_mixin.py:115} INFO - [2024-02-11 12:25:21,963] {dagbag.py:507} INFO - Filling up the DagBag from /home/airflow/.local/lib/python3.7/site-packages/airflow/example_dags/example_latest_only.py
[2024-02-11 12:25:21,966] {processor.py:651} INFO - DAG(s) dict_keys(['latest_only']) retrieved from /home/airflow/.local/lib/python3.7/site-packages/airflow/example_dags/example_latest_only.py
[2024-02-11 12:25:21,989] {logging_mixin.py:115} INFO - [2024-02-11 12:25:21,989] {dag.py:2371} INFO - Sync 1 DAGs
[2024-02-11 12:25:22,004] {logging_mixin.py:115} INFO - [2024-02-11 12:25:22,004] {dag.py:2919} INFO - Setting next_dagrun for latest_only to 2024-02-11T08:25:22.004053+00:00, run_after=2024-02-11T12:25:22.004053+00:00
[2024-02-11 12:25:22,012] {processor.py:161} INFO - Processing /home/airflow/.local/lib/python3.7/site-packages/airflow/example_dags/example_latest_only.py took 0.052 seconds
[2024-02-11 12:25:52,463] {processor.py:153} INFO - Started process (PID=277) to work on /home/airflow/.local/lib/python3.7/site-packages/airflow/example_dags/example_latest_only.py
[2024-02-11 12:25:52,464] {processor.py:641} INFO - Processing file /home/airflow/.local/lib/python3.7/site-packages/airflow/example_dags/example_latest_only.py for tasks to queue
[2024-02-11 12:25:52,465] {logging_mixin.py:115} INFO - [2024-02-11 12:25:52,465] {dagbag.py:507} INFO - Filling up the DagBag from /home/airflow/.local/lib/python3.7/site-packages/airflow/example_dags/example_latest_only.py
[2024-02-11 12:25:52,469] {processor.py:651} INFO - DAG(s) dict_keys(['latest_only']) retrieved from /home/airflow/.local/lib/python3.7/site-packages/airflow/example_dags/example_latest_only.py
[2024-02-11 12:25:52,492] {logging_mixin.py:115} INFO - [2024-02-11 12:25:52,492] {dag.py:2371} INFO - Sync 1 DAGs
[2024-02-11 12:25:52,509] {logging_mixin.py:115} INFO - [2024-02-11 12:25:52,509] {dag.py:2919} INFO - Setting next_dagrun for latest_only to 2024-02-11T08:25:52.509284+00:00, run_after=2024-02-11T12:25:52.509284+00:00
[2024-02-11 12:25:52,520] {processor.py:161} INFO - Processing /home/airflow/.local/lib/python3.7/site-packages/airflow/example_dags/example_latest_only.py took 0.058 seconds
[2024-02-11 12:26:23,059] {processor.py:153} INFO - Started process (PID=336) to work on /home/airflow/.local/lib/python3.7/site-packages/airflow/example_dags/example_latest_only.py
[2024-02-11 12:26:23,060] {processor.py:641} INFO - Processing file /home/airflow/.local/lib/python3.7/site-packages/airflow/example_dags/example_latest_only.py for tasks to queue
[2024-02-11 12:26:23,061] {logging_mixin.py:115} INFO - [2024-02-11 12:26:23,061] {dagbag.py:507} INFO - Filling up the DagBag from /home/airflow/.local/lib/python3.7/site-packages/airflow/example_dags/example_latest_only.py
[2024-02-11 12:26:23,064] {processor.py:651} INFO - DAG(s) dict_keys(['latest_only']) retrieved from /home/airflow/.local/lib/python3.7/site-packages/airflow/example_dags/example_latest_only.py
[2024-02-11 12:26:23,078] {logging_mixin.py:115} INFO - [2024-02-11 12:26:23,077] {dag.py:2371} INFO - Sync 1 DAGs
[2024-02-11 12:26:23,090] {logging_mixin.py:115} INFO - [2024-02-11 12:26:23,090] {dag.py:2919} INFO - Setting next_dagrun for latest_only to 2024-02-11T08:26:23.090327+00:00, run_after=2024-02-11T12:26:23.090327+00:00
[2024-02-11 12:26:23,097] {processor.py:161} INFO - Processing /home/airflow/.local/lib/python3.7/site-packages/airflow/example_dags/example_latest_only.py took 0.040 seconds
[2024-02-11 12:26:53,773] {processor.py:153} INFO - Started process (PID=398) to work on /home/airflow/.local/lib/python3.7/site-packages/airflow/example_dags/example_latest_only.py
[2024-02-11 12:26:53,774] {processor.py:641} INFO - Processing file /home/airflow/.local/lib/python3.7/site-packages/airflow/example_dags/example_latest_only.py for tasks to queue
[2024-02-11 12:26:53,775] {logging_mixin.py:115} INFO - [2024-02-11 12:26:53,774] {dagbag.py:507} INFO - Filling up the DagBag from /home/airflow/.local/lib/python3.7/site-packages/airflow/example_dags/example_latest_only.py
[2024-02-11 12:26:53,778] {processor.py:651} INFO - DAG(s) dict_keys(['latest_only']) retrieved from /home/airflow/.local/lib/python3.7/site-packages/airflow/example_dags/example_latest_only.py
[2024-02-11 12:26:53,803] {logging_mixin.py:115} INFO - [2024-02-11 12:26:53,803] {dag.py:2371} INFO - Sync 1 DAGs
[2024-02-11 12:26:53,839] {logging_mixin.py:115} INFO - [2024-02-11 12:26:53,839] {dag.py:2919} INFO - Setting next_dagrun for latest_only to 2024-02-11T08:26:53.839364+00:00, run_after=2024-02-11T12:26:53.839364+00:00
[2024-02-11 12:26:53,870] {processor.py:161} INFO - Processing /home/airflow/.local/lib/python3.7/site-packages/airflow/example_dags/example_latest_only.py took 0.099 seconds
[2024-02-11 12:27:24,922] {processor.py:153} INFO - Started process (PID=466) to work on /home/airflow/.local/lib/python3.7/site-packages/airflow/example_dags/example_latest_only.py
[2024-02-11 12:27:24,923] {processor.py:641} INFO - Processing file /home/airflow/.local/lib/python3.7/site-packages/airflow/example_dags/example_latest_only.py for tasks to queue
[2024-02-11 12:27:24,924] {logging_mixin.py:115} INFO - [2024-02-11 12:27:24,923] {dagbag.py:507} INFO - Filling up the DagBag from /home/airflow/.local/lib/python3.7/site-packages/airflow/example_dags/example_latest_only.py
[2024-02-11 12:27:24,928] {processor.py:651} INFO - DAG(s) dict_keys(['latest_only']) retrieved from /home/airflow/.local/lib/python3.7/site-packages/airflow/example_dags/example_latest_only.py
[2024-02-11 12:27:24,959] {logging_mixin.py:115} INFO - [2024-02-11 12:27:24,959] {dag.py:2371} INFO - Sync 1 DAGs
[2024-02-11 12:27:24,973] {logging_mixin.py:115} INFO - [2024-02-11 12:27:24,973] {dag.py:2919} INFO - Setting next_dagrun for latest_only to 2024-02-11T08:27:24.973002+00:00, run_after=2024-02-11T12:27:24.973002+00:00
[2024-02-11 12:27:24,988] {processor.py:161} INFO - Processing /home/airflow/.local/lib/python3.7/site-packages/airflow/example_dags/example_latest_only.py took 0.068 seconds
[2024-02-11 12:27:55,322] {processor.py:153} INFO - Started process (PID=529) to work on /home/airflow/.local/lib/python3.7/site-packages/airflow/example_dags/example_latest_only.py
[2024-02-11 12:27:55,323] {processor.py:641} INFO - Processing file /home/airflow/.local/lib/python3.7/site-packages/airflow/example_dags/example_latest_only.py for tasks to queue
[2024-02-11 12:27:55,324] {logging_mixin.py:115} INFO - [2024-02-11 12:27:55,324] {dagbag.py:507} INFO - Filling up the DagBag from /home/airflow/.local/lib/python3.7/site-packages/airflow/example_dags/example_latest_only.py
[2024-02-11 12:27:55,330] {processor.py:651} INFO - DAG(s) dict_keys(['latest_only']) retrieved from /home/airflow/.local/lib/python3.7/site-packages/airflow/example_dags/example_latest_only.py
[2024-02-11 12:27:55,355] {logging_mixin.py:115} INFO - [2024-02-11 12:27:55,355] {dag.py:2371} INFO - Sync 1 DAGs
[2024-02-11 12:27:55,368] {logging_mixin.py:115} INFO - [2024-02-11 12:27:55,368] {dag.py:2919} INFO - Setting next_dagrun for latest_only to 2024-02-11T08:27:55.368464+00:00, run_after=2024-02-11T12:27:55.368464+00:00
[2024-02-11 12:27:55,376] {processor.py:161} INFO - Processing /home/airflow/.local/lib/python3.7/site-packages/airflow/example_dags/example_latest_only.py took 0.056 seconds
[2024-02-11 12:28:26,557] {processor.py:153} INFO - Started process (PID=588) to work on /home/airflow/.local/lib/python3.7/site-packages/airflow/example_dags/example_latest_only.py
[2024-02-11 12:28:26,558] {processor.py:641} INFO - Processing file /home/airflow/.local/lib/python3.7/site-packages/airflow/example_dags/example_latest_only.py for tasks to queue
[2024-02-11 12:28:26,558] {logging_mixin.py:115} INFO - [2024-02-11 12:28:26,558] {dagbag.py:507} INFO - Filling up the DagBag from /home/airflow/.local/lib/python3.7/site-packages/airflow/example_dags/example_latest_only.py
[2024-02-11 12:28:26,562] {processor.py:651} INFO - DAG(s) dict_keys(['latest_only']) retrieved from /home/airflow/.local/lib/python3.7/site-packages/airflow/example_dags/example_latest_only.py
[2024-02-11 12:28:26,587] {logging_mixin.py:115} INFO - [2024-02-11 12:28:26,587] {dag.py:2371} INFO - Sync 1 DAGs
[2024-02-11 12:28:26,604] {logging_mixin.py:115} INFO - [2024-02-11 12:28:26,604] {dag.py:2919} INFO - Setting next_dagrun for latest_only to 2024-02-11T08:28:26.604499+00:00, run_after=2024-02-11T12:28:26.604499+00:00
[2024-02-11 12:28:26,614] {processor.py:161} INFO - Processing /home/airflow/.local/lib/python3.7/site-packages/airflow/example_dags/example_latest_only.py took 0.059 seconds
[2024-02-11 12:28:57,904] {processor.py:153} INFO - Started process (PID=652) to work on /home/airflow/.local/lib/python3.7/site-packages/airflow/example_dags/example_latest_only.py
[2024-02-11 12:28:57,908] {processor.py:641} INFO - Processing file /home/airflow/.local/lib/python3.7/site-packages/airflow/example_dags/example_latest_only.py for tasks to queue
[2024-02-11 12:28:57,909] {logging_mixin.py:115} INFO - [2024-02-11 12:28:57,909] {dagbag.py:507} INFO - Filling up the DagBag from /home/airflow/.local/lib/python3.7/site-packages/airflow/example_dags/example_latest_only.py
[2024-02-11 12:28:57,914] {processor.py:651} INFO - DAG(s) dict_keys(['latest_only']) retrieved from /home/airflow/.local/lib/python3.7/site-packages/airflow/example_dags/example_latest_only.py
[2024-02-11 12:28:57,936] {logging_mixin.py:115} INFO - [2024-02-11 12:28:57,936] {dag.py:2371} INFO - Sync 1 DAGs
[2024-02-11 12:28:57,948] {logging_mixin.py:115} INFO - [2024-02-11 12:28:57,948] {dag.py:2919} INFO - Setting next_dagrun for latest_only to 2024-02-11T08:28:57.947861+00:00, run_after=2024-02-11T12:28:57.947861+00:00
[2024-02-11 12:28:57,955] {processor.py:161} INFO - Processing /home/airflow/.local/lib/python3.7/site-packages/airflow/example_dags/example_latest_only.py took 0.053 seconds
[2024-02-11 12:29:29,696] {processor.py:153} INFO - Started process (PID=721) to work on /home/airflow/.local/lib/python3.7/site-packages/airflow/example_dags/example_latest_only.py
[2024-02-11 12:29:29,698] {processor.py:641} INFO - Processing file /home/airflow/.local/lib/python3.7/site-packages/airflow/example_dags/example_latest_only.py for tasks to queue
[2024-02-11 12:29:29,698] {logging_mixin.py:115} INFO - [2024-02-11 12:29:29,698] {dagbag.py:507} INFO - Filling up the DagBag from /home/airflow/.local/lib/python3.7/site-packages/airflow/example_dags/example_latest_only.py
[2024-02-11 12:29:29,703] {processor.py:651} INFO - DAG(s) dict_keys(['latest_only']) retrieved from /home/airflow/.local/lib/python3.7/site-packages/airflow/example_dags/example_latest_only.py
[2024-02-11 12:29:29,721] {logging_mixin.py:115} INFO - [2024-02-11 12:29:29,721] {dag.py:2371} INFO - Sync 1 DAGs
[2024-02-11 12:29:29,735] {logging_mixin.py:115} INFO - [2024-02-11 12:29:29,735] {dag.py:2919} INFO - Setting next_dagrun for latest_only to 2024-02-11T08:29:29.735235+00:00, run_after=2024-02-11T12:29:29.735235+00:00
[2024-02-11 12:29:29,836] {processor.py:161} INFO - Processing /home/airflow/.local/lib/python3.7/site-packages/airflow/example_dags/example_latest_only.py took 0.143 seconds
[2024-02-11 12:30:00,850] {processor.py:153} INFO - Started process (PID=785) to work on /home/airflow/.local/lib/python3.7/site-packages/airflow/example_dags/example_latest_only.py
[2024-02-11 12:30:00,851] {processor.py:641} INFO - Processing file /home/airflow/.local/lib/python3.7/site-packages/airflow/example_dags/example_latest_only.py for tasks to queue
[2024-02-11 12:30:00,852] {logging_mixin.py:115} INFO - [2024-02-11 12:30:00,852] {dagbag.py:507} INFO - Filling up the DagBag from /home/airflow/.local/lib/python3.7/site-packages/airflow/example_dags/example_latest_only.py
[2024-02-11 12:30:00,854] {processor.py:651} INFO - DAG(s) dict_keys(['latest_only']) retrieved from /home/airflow/.local/lib/python3.7/site-packages/airflow/example_dags/example_latest_only.py
[2024-02-11 12:30:00,869] {logging_mixin.py:115} INFO - [2024-02-11 12:30:00,869] {dag.py:2371} INFO - Sync 1 DAGs
[2024-02-11 12:30:00,898] {logging_mixin.py:115} INFO - [2024-02-11 12:30:00,897] {dag.py:2919} INFO - Setting next_dagrun for latest_only to 2024-02-11T08:30:00.897737+00:00, run_after=2024-02-11T12:30:00.897737+00:00
[2024-02-11 12:30:01,004] {processor.py:161} INFO - Processing /home/airflow/.local/lib/python3.7/site-packages/airflow/example_dags/example_latest_only.py took 0.155 seconds
[2024-02-11 12:30:32,410] {processor.py:153} INFO - Started process (PID=852) to work on /home/airflow/.local/lib/python3.7/site-packages/airflow/example_dags/example_latest_only.py
[2024-02-11 12:30:32,411] {processor.py:641} INFO - Processing file /home/airflow/.local/lib/python3.7/site-packages/airflow/example_dags/example_latest_only.py for tasks to queue
[2024-02-11 12:30:32,412] {logging_mixin.py:115} INFO - [2024-02-11 12:30:32,412] {dagbag.py:507} INFO - Filling up the DagBag from /home/airflow/.local/lib/python3.7/site-packages/airflow/example_dags/example_latest_only.py
[2024-02-11 12:30:32,416] {processor.py:651} INFO - DAG(s) dict_keys(['latest_only']) retrieved from /home/airflow/.local/lib/python3.7/site-packages/airflow/example_dags/example_latest_only.py
[2024-02-11 12:30:32,435] {logging_mixin.py:115} INFO - [2024-02-11 12:30:32,435] {dag.py:2371} INFO - Sync 1 DAGs
[2024-02-11 12:30:32,452] {logging_mixin.py:115} INFO - [2024-02-11 12:30:32,452] {dag.py:2919} INFO - Setting next_dagrun for latest_only to 2024-02-11T08:30:32.452326+00:00, run_after=2024-02-11T12:30:32.452326+00:00
[2024-02-11 12:30:32,560] {processor.py:161} INFO - Processing /home/airflow/.local/lib/python3.7/site-packages/airflow/example_dags/example_latest_only.py took 0.152 seconds
[2024-02-11 12:31:02,576] {processor.py:153} INFO - Started process (PID=911) to work on /home/airflow/.local/lib/python3.7/site-packages/airflow/example_dags/example_latest_only.py
[2024-02-11 12:31:02,577] {processor.py:641} INFO - Processing file /home/airflow/.local/lib/python3.7/site-packages/airflow/example_dags/example_latest_only.py for tasks to queue
[2024-02-11 12:31:02,577] {logging_mixin.py:115} INFO - [2024-02-11 12:31:02,577] {dagbag.py:507} INFO - Filling up the DagBag from /home/airflow/.local/lib/python3.7/site-packages/airflow/example_dags/example_latest_only.py
[2024-02-11 12:31:02,581] {processor.py:651} INFO - DAG(s) dict_keys(['latest_only']) retrieved from /home/airflow/.local/lib/python3.7/site-packages/airflow/example_dags/example_latest_only.py
[2024-02-11 12:31:02,601] {logging_mixin.py:115} INFO - [2024-02-11 12:31:02,601] {dag.py:2371} INFO - Sync 1 DAGs
[2024-02-11 12:31:02,614] {logging_mixin.py:115} INFO - [2024-02-11 12:31:02,614] {dag.py:2919} INFO - Setting next_dagrun for latest_only to 2024-02-11T08:31:02.614516+00:00, run_after=2024-02-11T12:31:02.614516+00:00
[2024-02-11 12:31:02,704] {processor.py:161} INFO - Processing /home/airflow/.local/lib/python3.7/site-packages/airflow/example_dags/example_latest_only.py took 0.129 seconds
[2024-02-11 12:31:33,377] {processor.py:153} INFO - Started process (PID=977) to work on /home/airflow/.local/lib/python3.7/site-packages/airflow/example_dags/example_latest_only.py
[2024-02-11 12:31:33,378] {processor.py:641} INFO - Processing file /home/airflow/.local/lib/python3.7/site-packages/airflow/example_dags/example_latest_only.py for tasks to queue
[2024-02-11 12:31:33,378] {logging_mixin.py:115} INFO - [2024-02-11 12:31:33,378] {dagbag.py:507} INFO - Filling up the DagBag from /home/airflow/.local/lib/python3.7/site-packages/airflow/example_dags/example_latest_only.py
[2024-02-11 12:31:33,382] {processor.py:651} INFO - DAG(s) dict_keys(['latest_only']) retrieved from /home/airflow/.local/lib/python3.7/site-packages/airflow/example_dags/example_latest_only.py
[2024-02-11 12:31:33,398] {logging_mixin.py:115} INFO - [2024-02-11 12:31:33,398] {dag.py:2371} INFO - Sync 1 DAGs
[2024-02-11 12:31:33,411] {logging_mixin.py:115} INFO - [2024-02-11 12:31:33,410] {dag.py:2919} INFO - Setting next_dagrun for latest_only to 2024-02-11T08:31:33.410850+00:00, run_after=2024-02-11T12:31:33.410850+00:00
[2024-02-11 12:31:33,482] {processor.py:161} INFO - Processing /home/airflow/.local/lib/python3.7/site-packages/airflow/example_dags/example_latest_only.py took 0.109 seconds
[2024-02-11 12:32:04,350] {processor.py:153} INFO - Started process (PID=1047) to work on /home/airflow/.local/lib/python3.7/site-packages/airflow/example_dags/example_latest_only.py
[2024-02-11 12:32:04,351] {processor.py:641} INFO - Processing file /home/airflow/.local/lib/python3.7/site-packages/airflow/example_dags/example_latest_only.py for tasks to queue
[2024-02-11 12:32:04,352] {logging_mixin.py:115} INFO - [2024-02-11 12:32:04,352] {dagbag.py:507} INFO - Filling up the DagBag from /home/airflow/.local/lib/python3.7/site-packages/airflow/example_dags/example_latest_only.py
[2024-02-11 12:32:04,361] {processor.py:651} INFO - DAG(s) dict_keys(['latest_only']) retrieved from /home/airflow/.local/lib/python3.7/site-packages/airflow/example_dags/example_latest_only.py
[2024-02-11 12:32:04,404] {logging_mixin.py:115} INFO - [2024-02-11 12:32:04,403] {dag.py:2371} INFO - Sync 1 DAGs
[2024-02-11 12:32:04,460] {logging_mixin.py:115} INFO - [2024-02-11 12:32:04,460] {dag.py:2919} INFO - Setting next_dagrun for latest_only to 2024-02-11T08:32:04.460465+00:00, run_after=2024-02-11T12:32:04.460465+00:00
[2024-02-11 12:32:04,676] {processor.py:161} INFO - Processing /home/airflow/.local/lib/python3.7/site-packages/airflow/example_dags/example_latest_only.py took 0.328 seconds
[2024-02-11 12:32:35,070] {processor.py:153} INFO - Started process (PID=1110) to work on /home/airflow/.local/lib/python3.7/site-packages/airflow/example_dags/example_latest_only.py
[2024-02-11 12:32:35,071] {processor.py:641} INFO - Processing file /home/airflow/.local/lib/python3.7/site-packages/airflow/example_dags/example_latest_only.py for tasks to queue
[2024-02-11 12:32:35,071] {logging_mixin.py:115} INFO - [2024-02-11 12:32:35,071] {dagbag.py:507} INFO - Filling up the DagBag from /home/airflow/.local/lib/python3.7/site-packages/airflow/example_dags/example_latest_only.py
[2024-02-11 12:32:35,073] {processor.py:651} INFO - DAG(s) dict_keys(['latest_only']) retrieved from /home/airflow/.local/lib/python3.7/site-packages/airflow/example_dags/example_latest_only.py
[2024-02-11 12:32:35,087] {logging_mixin.py:115} INFO - [2024-02-11 12:32:35,087] {dag.py:2371} INFO - Sync 1 DAGs
[2024-02-11 12:32:35,099] {logging_mixin.py:115} INFO - [2024-02-11 12:32:35,099] {dag.py:2919} INFO - Setting next_dagrun for latest_only to 2024-02-11T08:32:35.099189+00:00, run_after=2024-02-11T12:32:35.099189+00:00
[2024-02-11 12:32:35,188] {processor.py:161} INFO - Processing /home/airflow/.local/lib/python3.7/site-packages/airflow/example_dags/example_latest_only.py took 0.119 seconds
[2024-02-11 12:33:05,459] {processor.py:153} INFO - Started process (PID=1173) to work on /home/airflow/.local/lib/python3.7/site-packages/airflow/example_dags/example_latest_only.py
[2024-02-11 12:33:05,459] {processor.py:641} INFO - Processing file /home/airflow/.local/lib/python3.7/site-packages/airflow/example_dags/example_latest_only.py for tasks to queue
[2024-02-11 12:33:05,460] {logging_mixin.py:115} INFO - [2024-02-11 12:33:05,460] {dagbag.py:507} INFO - Filling up the DagBag from /home/airflow/.local/lib/python3.7/site-packages/airflow/example_dags/example_latest_only.py
[2024-02-11 12:33:05,463] {processor.py:651} INFO - DAG(s) dict_keys(['latest_only']) retrieved from /home/airflow/.local/lib/python3.7/site-packages/airflow/example_dags/example_latest_only.py
[2024-02-11 12:33:05,479] {logging_mixin.py:115} INFO - [2024-02-11 12:33:05,479] {dag.py:2371} INFO - Sync 1 DAGs
[2024-02-11 12:33:05,491] {logging_mixin.py:115} INFO - [2024-02-11 12:33:05,491] {dag.py:2919} INFO - Setting next_dagrun for latest_only to 2024-02-11T08:33:05.490908+00:00, run_after=2024-02-11T12:33:05.490908+00:00
[2024-02-11 12:33:05,568] {processor.py:161} INFO - Processing /home/airflow/.local/lib/python3.7/site-packages/airflow/example_dags/example_latest_only.py took 0.112 seconds
[2024-02-11 12:55:40,100] {processor.py:153} INFO - Started process (PID=1250) to work on /home/airflow/.local/lib/python3.7/site-packages/airflow/example_dags/example_latest_only.py
[2024-02-11 12:55:40,101] {processor.py:641} INFO - Processing file /home/airflow/.local/lib/python3.7/site-packages/airflow/example_dags/example_latest_only.py for tasks to queue
[2024-02-11 12:55:40,102] {logging_mixin.py:115} INFO - [2024-02-11 12:55:40,102] {dagbag.py:507} INFO - Filling up the DagBag from /home/airflow/.local/lib/python3.7/site-packages/airflow/example_dags/example_latest_only.py
[2024-02-11 12:55:40,106] {processor.py:651} INFO - DAG(s) dict_keys(['latest_only']) retrieved from /home/airflow/.local/lib/python3.7/site-packages/airflow/example_dags/example_latest_only.py
[2024-02-11 12:55:40,124] {logging_mixin.py:115} INFO - [2024-02-11 12:55:40,124] {dag.py:2371} INFO - Sync 1 DAGs
[2024-02-11 12:55:40,236] {logging_mixin.py:115} INFO - [2024-02-11 12:55:40,236] {dag.py:2919} INFO - Setting next_dagrun for latest_only to 2024-02-11T08:55:40.236151+00:00, run_after=2024-02-11T12:55:40.236151+00:00
[2024-02-11 12:55:40,241] {processor.py:161} INFO - Processing /home/airflow/.local/lib/python3.7/site-packages/airflow/example_dags/example_latest_only.py took 0.143 seconds
[2024-02-11 12:56:11,050] {processor.py:153} INFO - Started process (PID=1309) to work on /home/airflow/.local/lib/python3.7/site-packages/airflow/example_dags/example_latest_only.py
[2024-02-11 12:56:11,051] {processor.py:641} INFO - Processing file /home/airflow/.local/lib/python3.7/site-packages/airflow/example_dags/example_latest_only.py for tasks to queue
[2024-02-11 12:56:11,051] {logging_mixin.py:115} INFO - [2024-02-11 12:56:11,051] {dagbag.py:507} INFO - Filling up the DagBag from /home/airflow/.local/lib/python3.7/site-packages/airflow/example_dags/example_latest_only.py
[2024-02-11 12:56:11,054] {processor.py:651} INFO - DAG(s) dict_keys(['latest_only']) retrieved from /home/airflow/.local/lib/python3.7/site-packages/airflow/example_dags/example_latest_only.py
[2024-02-11 12:56:11,067] {logging_mixin.py:115} INFO - [2024-02-11 12:56:11,067] {dag.py:2371} INFO - Sync 1 DAGs
[2024-02-11 12:56:11,165] {logging_mixin.py:115} INFO - [2024-02-11 12:56:11,165] {dag.py:2919} INFO - Setting next_dagrun for latest_only to 2024-02-11T08:56:11.165579+00:00, run_after=2024-02-11T12:56:11.165579+00:00
[2024-02-11 12:56:11,172] {processor.py:161} INFO - Processing /home/airflow/.local/lib/python3.7/site-packages/airflow/example_dags/example_latest_only.py took 0.123 seconds
[2024-02-11 12:56:42,226] {processor.py:153} INFO - Started process (PID=1372) to work on /home/airflow/.local/lib/python3.7/site-packages/airflow/example_dags/example_latest_only.py
[2024-02-11 12:56:42,226] {processor.py:641} INFO - Processing file /home/airflow/.local/lib/python3.7/site-packages/airflow/example_dags/example_latest_only.py for tasks to queue
[2024-02-11 12:56:42,227] {logging_mixin.py:115} INFO - [2024-02-11 12:56:42,227] {dagbag.py:507} INFO - Filling up the DagBag from /home/airflow/.local/lib/python3.7/site-packages/airflow/example_dags/example_latest_only.py
[2024-02-11 12:56:42,230] {processor.py:651} INFO - DAG(s) dict_keys(['latest_only']) retrieved from /home/airflow/.local/lib/python3.7/site-packages/airflow/example_dags/example_latest_only.py
[2024-02-11 12:56:42,252] {logging_mixin.py:115} INFO - [2024-02-11 12:56:42,252] {dag.py:2371} INFO - Sync 1 DAGs
[2024-02-11 12:56:42,349] {logging_mixin.py:115} INFO - [2024-02-11 12:56:42,349] {dag.py:2919} INFO - Setting next_dagrun for latest_only to 2024-02-11T08:56:42.349496+00:00, run_after=2024-02-11T12:56:42.349496+00:00
[2024-02-11 12:56:42,359] {processor.py:161} INFO - Processing /home/airflow/.local/lib/python3.7/site-packages/airflow/example_dags/example_latest_only.py took 0.135 seconds
[2024-02-11 13:46:26,391] {processor.py:153} INFO - Started process (PID=1435) to work on /home/airflow/.local/lib/python3.7/site-packages/airflow/example_dags/example_latest_only.py
[2024-02-11 13:46:26,392] {processor.py:641} INFO - Processing file /home/airflow/.local/lib/python3.7/site-packages/airflow/example_dags/example_latest_only.py for tasks to queue
[2024-02-11 13:46:26,408] {logging_mixin.py:115} INFO - [2024-02-11 13:46:26,408] {dagbag.py:507} INFO - Filling up the DagBag from /home/airflow/.local/lib/python3.7/site-packages/airflow/example_dags/example_latest_only.py
[2024-02-11 13:46:26,416] {processor.py:651} INFO - DAG(s) dict_keys(['latest_only']) retrieved from /home/airflow/.local/lib/python3.7/site-packages/airflow/example_dags/example_latest_only.py
[2024-02-11 13:46:26,439] {logging_mixin.py:115} INFO - [2024-02-11 13:46:26,439] {dag.py:2371} INFO - Sync 1 DAGs
[2024-02-11 13:46:26,667] {logging_mixin.py:115} INFO - [2024-02-11 13:46:26,667] {dag.py:2919} INFO - Setting next_dagrun for latest_only to 2024-02-11T09:46:26.666753+00:00, run_after=2024-02-11T13:46:26.666753+00:00
[2024-02-11 13:46:26,685] {processor.py:161} INFO - Processing /home/airflow/.local/lib/python3.7/site-packages/airflow/example_dags/example_latest_only.py took 0.296 seconds
[2024-02-11 14:33:14,901] {processor.py:153} INFO - Started process (PID=1501) to work on /home/airflow/.local/lib/python3.7/site-packages/airflow/example_dags/example_latest_only.py
[2024-02-11 14:33:14,904] {processor.py:641} INFO - Processing file /home/airflow/.local/lib/python3.7/site-packages/airflow/example_dags/example_latest_only.py for tasks to queue
[2024-02-11 14:33:14,904] {logging_mixin.py:115} INFO - [2024-02-11 14:33:14,904] {dagbag.py:507} INFO - Filling up the DagBag from /home/airflow/.local/lib/python3.7/site-packages/airflow/example_dags/example_latest_only.py
[2024-02-11 14:33:14,907] {processor.py:651} INFO - DAG(s) dict_keys(['latest_only']) retrieved from /home/airflow/.local/lib/python3.7/site-packages/airflow/example_dags/example_latest_only.py
[2024-02-11 14:33:14,923] {logging_mixin.py:115} INFO - [2024-02-11 14:33:14,923] {dag.py:2371} INFO - Sync 1 DAGs
[2024-02-11 14:33:15,033] {logging_mixin.py:115} INFO - [2024-02-11 14:33:15,033] {dag.py:2919} INFO - Setting next_dagrun for latest_only to 2024-02-11T10:33:15.033076+00:00, run_after=2024-02-11T14:33:15.033076+00:00
[2024-02-11 14:33:15,039] {processor.py:161} INFO - Processing /home/airflow/.local/lib/python3.7/site-packages/airflow/example_dags/example_latest_only.py took 0.140 seconds
[2024-02-11 14:33:45,938] {processor.py:153} INFO - Started process (PID=1556) to work on /home/airflow/.local/lib/python3.7/site-packages/airflow/example_dags/example_latest_only.py
[2024-02-11 14:33:45,940] {processor.py:641} INFO - Processing file /home/airflow/.local/lib/python3.7/site-packages/airflow/example_dags/example_latest_only.py for tasks to queue
[2024-02-11 14:33:45,941] {logging_mixin.py:115} INFO - [2024-02-11 14:33:45,941] {dagbag.py:507} INFO - Filling up the DagBag from /home/airflow/.local/lib/python3.7/site-packages/airflow/example_dags/example_latest_only.py
[2024-02-11 14:33:45,943] {processor.py:651} INFO - DAG(s) dict_keys(['latest_only']) retrieved from /home/airflow/.local/lib/python3.7/site-packages/airflow/example_dags/example_latest_only.py
[2024-02-11 14:33:45,957] {logging_mixin.py:115} INFO - [2024-02-11 14:33:45,957] {dag.py:2371} INFO - Sync 1 DAGs
[2024-02-11 14:33:46,040] {logging_mixin.py:115} INFO - [2024-02-11 14:33:46,040] {dag.py:2919} INFO - Setting next_dagrun for latest_only to 2024-02-11T10:33:46.040345+00:00, run_after=2024-02-11T14:33:46.040345+00:00
[2024-02-11 14:33:46,045] {processor.py:161} INFO - Processing /home/airflow/.local/lib/python3.7/site-packages/airflow/example_dags/example_latest_only.py took 0.108 seconds
[2024-02-11 14:42:45,322] {processor.py:153} INFO - Started process (PID=1637) to work on /home/airflow/.local/lib/python3.7/site-packages/airflow/example_dags/example_latest_only.py
[2024-02-11 14:42:45,324] {processor.py:641} INFO - Processing file /home/airflow/.local/lib/python3.7/site-packages/airflow/example_dags/example_latest_only.py for tasks to queue
[2024-02-11 14:42:45,327] {logging_mixin.py:115} INFO - [2024-02-11 14:42:45,326] {dagbag.py:507} INFO - Filling up the DagBag from /home/airflow/.local/lib/python3.7/site-packages/airflow/example_dags/example_latest_only.py
[2024-02-11 14:42:45,347] {processor.py:651} INFO - DAG(s) dict_keys(['latest_only']) retrieved from /home/airflow/.local/lib/python3.7/site-packages/airflow/example_dags/example_latest_only.py
[2024-02-11 14:42:45,409] {logging_mixin.py:115} INFO - [2024-02-11 14:42:45,409] {dag.py:2371} INFO - Sync 1 DAGs
[2024-02-11 14:42:45,446] {logging_mixin.py:115} INFO - [2024-02-11 14:42:45,446] {dag.py:2919} INFO - Setting next_dagrun for latest_only to 2024-02-11T10:42:45.445492+00:00, run_after=2024-02-11T14:42:45.445492+00:00
[2024-02-11 14:42:45,462] {processor.py:161} INFO - Processing /home/airflow/.local/lib/python3.7/site-packages/airflow/example_dags/example_latest_only.py took 0.145 seconds
[2024-02-11 14:58:32,342] {processor.py:153} INFO - Started process (PID=1709) to work on /home/airflow/.local/lib/python3.7/site-packages/airflow/example_dags/example_latest_only.py
[2024-02-11 14:58:32,344] {processor.py:641} INFO - Processing file /home/airflow/.local/lib/python3.7/site-packages/airflow/example_dags/example_latest_only.py for tasks to queue
[2024-02-11 14:58:32,345] {logging_mixin.py:115} INFO - [2024-02-11 14:58:32,345] {dagbag.py:507} INFO - Filling up the DagBag from /home/airflow/.local/lib/python3.7/site-packages/airflow/example_dags/example_latest_only.py
[2024-02-11 14:58:32,349] {processor.py:651} INFO - DAG(s) dict_keys(['latest_only']) retrieved from /home/airflow/.local/lib/python3.7/site-packages/airflow/example_dags/example_latest_only.py
[2024-02-11 14:58:32,371] {logging_mixin.py:115} INFO - [2024-02-11 14:58:32,371] {dag.py:2371} INFO - Sync 1 DAGs
[2024-02-11 14:58:32,385] {logging_mixin.py:115} INFO - [2024-02-11 14:58:32,385] {dag.py:2919} INFO - Setting next_dagrun for latest_only to 2024-02-11T10:58:32.385581+00:00, run_after=2024-02-11T14:58:32.385581+00:00
[2024-02-11 14:58:32,411] {processor.py:161} INFO - Processing /home/airflow/.local/lib/python3.7/site-packages/airflow/example_dags/example_latest_only.py took 0.072 seconds
[2024-02-11 15:34:13,098] {processor.py:153} INFO - Started process (PID=1775) to work on /home/airflow/.local/lib/python3.7/site-packages/airflow/example_dags/example_latest_only.py
[2024-02-11 15:34:13,102] {processor.py:641} INFO - Processing file /home/airflow/.local/lib/python3.7/site-packages/airflow/example_dags/example_latest_only.py for tasks to queue
[2024-02-11 15:34:13,111] {logging_mixin.py:115} INFO - [2024-02-11 15:34:13,111] {dagbag.py:507} INFO - Filling up the DagBag from /home/airflow/.local/lib/python3.7/site-packages/airflow/example_dags/example_latest_only.py
[2024-02-11 15:34:13,121] {processor.py:651} INFO - DAG(s) dict_keys(['latest_only']) retrieved from /home/airflow/.local/lib/python3.7/site-packages/airflow/example_dags/example_latest_only.py
[2024-02-11 15:34:13,151] {logging_mixin.py:115} INFO - [2024-02-11 15:34:13,151] {dag.py:2371} INFO - Sync 1 DAGs
[2024-02-11 15:34:13,182] {logging_mixin.py:115} INFO - [2024-02-11 15:34:13,182] {dag.py:2919} INFO - Setting next_dagrun for latest_only to 2024-02-11T11:34:13.182139+00:00, run_after=2024-02-11T15:34:13.182139+00:00
[2024-02-11 15:34:13,207] {processor.py:161} INFO - Processing /home/airflow/.local/lib/python3.7/site-packages/airflow/example_dags/example_latest_only.py took 0.118 seconds
[2024-02-11 15:34:43,670] {processor.py:153} INFO - Started process (PID=1839) to work on /home/airflow/.local/lib/python3.7/site-packages/airflow/example_dags/example_latest_only.py
[2024-02-11 15:34:43,671] {processor.py:641} INFO - Processing file /home/airflow/.local/lib/python3.7/site-packages/airflow/example_dags/example_latest_only.py for tasks to queue
[2024-02-11 15:34:43,672] {logging_mixin.py:115} INFO - [2024-02-11 15:34:43,672] {dagbag.py:507} INFO - Filling up the DagBag from /home/airflow/.local/lib/python3.7/site-packages/airflow/example_dags/example_latest_only.py
[2024-02-11 15:34:43,677] {processor.py:651} INFO - DAG(s) dict_keys(['latest_only']) retrieved from /home/airflow/.local/lib/python3.7/site-packages/airflow/example_dags/example_latest_only.py
[2024-02-11 15:34:43,699] {logging_mixin.py:115} INFO - [2024-02-11 15:34:43,699] {dag.py:2371} INFO - Sync 1 DAGs
[2024-02-11 15:34:43,710] {logging_mixin.py:115} INFO - [2024-02-11 15:34:43,710] {dag.py:2919} INFO - Setting next_dagrun for latest_only to 2024-02-11T11:34:43.710585+00:00, run_after=2024-02-11T15:34:43.710585+00:00
[2024-02-11 15:34:43,716] {processor.py:161} INFO - Processing /home/airflow/.local/lib/python3.7/site-packages/airflow/example_dags/example_latest_only.py took 0.048 seconds
[2024-02-11 15:41:20,291] {processor.py:153} INFO - Started process (PID=1919) to work on /home/airflow/.local/lib/python3.7/site-packages/airflow/example_dags/example_latest_only.py
[2024-02-11 15:41:20,294] {processor.py:641} INFO - Processing file /home/airflow/.local/lib/python3.7/site-packages/airflow/example_dags/example_latest_only.py for tasks to queue
[2024-02-11 15:41:20,296] {logging_mixin.py:115} INFO - [2024-02-11 15:41:20,295] {dagbag.py:507} INFO - Filling up the DagBag from /home/airflow/.local/lib/python3.7/site-packages/airflow/example_dags/example_latest_only.py
[2024-02-11 15:41:20,310] {processor.py:651} INFO - DAG(s) dict_keys(['latest_only']) retrieved from /home/airflow/.local/lib/python3.7/site-packages/airflow/example_dags/example_latest_only.py
[2024-02-11 15:41:20,343] {logging_mixin.py:115} INFO - [2024-02-11 15:41:20,343] {dag.py:2371} INFO - Sync 1 DAGs
[2024-02-11 15:41:20,384] {logging_mixin.py:115} INFO - [2024-02-11 15:41:20,383] {dag.py:2919} INFO - Setting next_dagrun for latest_only to 2024-02-11T11:41:20.383592+00:00, run_after=2024-02-11T15:41:20.383592+00:00
[2024-02-11 15:41:20,409] {processor.py:161} INFO - Processing /home/airflow/.local/lib/python3.7/site-packages/airflow/example_dags/example_latest_only.py took 0.122 seconds
[2024-02-11 16:05:36,846] {processor.py:153} INFO - Started process (PID=1984) to work on /home/airflow/.local/lib/python3.7/site-packages/airflow/example_dags/example_latest_only.py
[2024-02-11 16:05:36,850] {processor.py:641} INFO - Processing file /home/airflow/.local/lib/python3.7/site-packages/airflow/example_dags/example_latest_only.py for tasks to queue
[2024-02-11 16:05:36,853] {logging_mixin.py:115} INFO - [2024-02-11 16:05:36,853] {dagbag.py:507} INFO - Filling up the DagBag from /home/airflow/.local/lib/python3.7/site-packages/airflow/example_dags/example_latest_only.py
[2024-02-11 16:05:36,860] {processor.py:651} INFO - DAG(s) dict_keys(['latest_only']) retrieved from /home/airflow/.local/lib/python3.7/site-packages/airflow/example_dags/example_latest_only.py
[2024-02-11 16:05:36,888] {logging_mixin.py:115} INFO - [2024-02-11 16:05:36,888] {dag.py:2371} INFO - Sync 1 DAGs
[2024-02-11 16:05:36,923] {logging_mixin.py:115} INFO - [2024-02-11 16:05:36,923] {dag.py:2919} INFO - Setting next_dagrun for latest_only to 2024-02-11T12:05:36.923511+00:00, run_after=2024-02-11T16:05:36.923511+00:00
[2024-02-11 16:05:36,954] {processor.py:161} INFO - Processing /home/airflow/.local/lib/python3.7/site-packages/airflow/example_dags/example_latest_only.py took 0.112 seconds
[2024-02-11 16:06:18,969] {processor.py:153} INFO - Started process (PID=2051) to work on /home/airflow/.local/lib/python3.7/site-packages/airflow/example_dags/example_latest_only.py
[2024-02-11 16:06:18,970] {processor.py:641} INFO - Processing file /home/airflow/.local/lib/python3.7/site-packages/airflow/example_dags/example_latest_only.py for tasks to queue
[2024-02-11 16:06:18,971] {logging_mixin.py:115} INFO - [2024-02-11 16:06:18,971] {dagbag.py:507} INFO - Filling up the DagBag from /home/airflow/.local/lib/python3.7/site-packages/airflow/example_dags/example_latest_only.py
[2024-02-11 16:06:18,974] {processor.py:651} INFO - DAG(s) dict_keys(['latest_only']) retrieved from /home/airflow/.local/lib/python3.7/site-packages/airflow/example_dags/example_latest_only.py
[2024-02-11 16:06:18,989] {logging_mixin.py:115} INFO - [2024-02-11 16:06:18,989] {dag.py:2371} INFO - Sync 1 DAGs
[2024-02-11 16:06:19,005] {logging_mixin.py:115} INFO - [2024-02-11 16:06:19,005] {dag.py:2919} INFO - Setting next_dagrun for latest_only to 2024-02-11T12:06:19.005300+00:00, run_after=2024-02-11T16:06:19.005300+00:00
[2024-02-11 16:06:19,012] {processor.py:161} INFO - Processing /home/airflow/.local/lib/python3.7/site-packages/airflow/example_dags/example_latest_only.py took 0.046 seconds
[2024-02-11 16:06:49,861] {processor.py:153} INFO - Started process (PID=2114) to work on /home/airflow/.local/lib/python3.7/site-packages/airflow/example_dags/example_latest_only.py
[2024-02-11 16:06:49,861] {processor.py:641} INFO - Processing file /home/airflow/.local/lib/python3.7/site-packages/airflow/example_dags/example_latest_only.py for tasks to queue
[2024-02-11 16:06:49,862] {logging_mixin.py:115} INFO - [2024-02-11 16:06:49,862] {dagbag.py:507} INFO - Filling up the DagBag from /home/airflow/.local/lib/python3.7/site-packages/airflow/example_dags/example_latest_only.py
[2024-02-11 16:06:49,864] {processor.py:651} INFO - DAG(s) dict_keys(['latest_only']) retrieved from /home/airflow/.local/lib/python3.7/site-packages/airflow/example_dags/example_latest_only.py
[2024-02-11 16:06:49,883] {logging_mixin.py:115} INFO - [2024-02-11 16:06:49,883] {dag.py:2371} INFO - Sync 1 DAGs
[2024-02-11 16:06:49,895] {logging_mixin.py:115} INFO - [2024-02-11 16:06:49,895] {dag.py:2919} INFO - Setting next_dagrun for latest_only to 2024-02-11T12:06:49.895409+00:00, run_after=2024-02-11T16:06:49.895409+00:00
[2024-02-11 16:06:49,902] {processor.py:161} INFO - Processing /home/airflow/.local/lib/python3.7/site-packages/airflow/example_dags/example_latest_only.py took 0.043 seconds
[2024-02-11 16:07:20,127] {processor.py:153} INFO - Started process (PID=2182) to work on /home/airflow/.local/lib/python3.7/site-packages/airflow/example_dags/example_latest_only.py
[2024-02-11 16:07:20,129] {processor.py:641} INFO - Processing file /home/airflow/.local/lib/python3.7/site-packages/airflow/example_dags/example_latest_only.py for tasks to queue
[2024-02-11 16:07:20,129] {logging_mixin.py:115} INFO - [2024-02-11 16:07:20,129] {dagbag.py:507} INFO - Filling up the DagBag from /home/airflow/.local/lib/python3.7/site-packages/airflow/example_dags/example_latest_only.py
[2024-02-11 16:07:20,132] {processor.py:651} INFO - DAG(s) dict_keys(['latest_only']) retrieved from /home/airflow/.local/lib/python3.7/site-packages/airflow/example_dags/example_latest_only.py
[2024-02-11 16:07:20,146] {logging_mixin.py:115} INFO - [2024-02-11 16:07:20,146] {dag.py:2371} INFO - Sync 1 DAGs
[2024-02-11 16:07:20,158] {logging_mixin.py:115} INFO - [2024-02-11 16:07:20,157] {dag.py:2919} INFO - Setting next_dagrun for latest_only to 2024-02-11T12:07:20.157782+00:00, run_after=2024-02-11T16:07:20.157782+00:00
[2024-02-11 16:07:20,163] {processor.py:161} INFO - Processing /home/airflow/.local/lib/python3.7/site-packages/airflow/example_dags/example_latest_only.py took 0.038 seconds
[2024-02-11 16:07:51,545] {processor.py:153} INFO - Started process (PID=2244) to work on /home/airflow/.local/lib/python3.7/site-packages/airflow/example_dags/example_latest_only.py
[2024-02-11 16:07:51,546] {processor.py:641} INFO - Processing file /home/airflow/.local/lib/python3.7/site-packages/airflow/example_dags/example_latest_only.py for tasks to queue
[2024-02-11 16:07:51,546] {logging_mixin.py:115} INFO - [2024-02-11 16:07:51,546] {dagbag.py:507} INFO - Filling up the DagBag from /home/airflow/.local/lib/python3.7/site-packages/airflow/example_dags/example_latest_only.py
[2024-02-11 16:07:51,550] {processor.py:651} INFO - DAG(s) dict_keys(['latest_only']) retrieved from /home/airflow/.local/lib/python3.7/site-packages/airflow/example_dags/example_latest_only.py
[2024-02-11 16:07:51,574] {logging_mixin.py:115} INFO - [2024-02-11 16:07:51,574] {dag.py:2371} INFO - Sync 1 DAGs
[2024-02-11 16:07:51,586] {logging_mixin.py:115} INFO - [2024-02-11 16:07:51,586] {dag.py:2919} INFO - Setting next_dagrun for latest_only to 2024-02-11T12:07:51.586451+00:00, run_after=2024-02-11T16:07:51.586451+00:00
[2024-02-11 16:07:51,593] {processor.py:161} INFO - Processing /home/airflow/.local/lib/python3.7/site-packages/airflow/example_dags/example_latest_only.py took 0.051 seconds
[2024-02-11 16:08:22,680] {processor.py:153} INFO - Started process (PID=2304) to work on /home/airflow/.local/lib/python3.7/site-packages/airflow/example_dags/example_latest_only.py
[2024-02-11 16:08:22,682] {processor.py:641} INFO - Processing file /home/airflow/.local/lib/python3.7/site-packages/airflow/example_dags/example_latest_only.py for tasks to queue
[2024-02-11 16:08:22,683] {logging_mixin.py:115} INFO - [2024-02-11 16:08:22,683] {dagbag.py:507} INFO - Filling up the DagBag from /home/airflow/.local/lib/python3.7/site-packages/airflow/example_dags/example_latest_only.py
[2024-02-11 16:08:22,686] {processor.py:651} INFO - DAG(s) dict_keys(['latest_only']) retrieved from /home/airflow/.local/lib/python3.7/site-packages/airflow/example_dags/example_latest_only.py
[2024-02-11 16:08:22,698] {logging_mixin.py:115} INFO - [2024-02-11 16:08:22,698] {dag.py:2371} INFO - Sync 1 DAGs
[2024-02-11 16:08:22,710] {logging_mixin.py:115} INFO - [2024-02-11 16:08:22,710] {dag.py:2919} INFO - Setting next_dagrun for latest_only to 2024-02-11T12:08:22.709877+00:00, run_after=2024-02-11T16:08:22.709877+00:00
[2024-02-11 16:08:22,716] {processor.py:161} INFO - Processing /home/airflow/.local/lib/python3.7/site-packages/airflow/example_dags/example_latest_only.py took 0.037 seconds
[2024-02-11 16:08:53,439] {processor.py:153} INFO - Started process (PID=2368) to work on /home/airflow/.local/lib/python3.7/site-packages/airflow/example_dags/example_latest_only.py
[2024-02-11 16:08:53,441] {processor.py:641} INFO - Processing file /home/airflow/.local/lib/python3.7/site-packages/airflow/example_dags/example_latest_only.py for tasks to queue
[2024-02-11 16:08:53,441] {logging_mixin.py:115} INFO - [2024-02-11 16:08:53,441] {dagbag.py:507} INFO - Filling up the DagBag from /home/airflow/.local/lib/python3.7/site-packages/airflow/example_dags/example_latest_only.py
[2024-02-11 16:08:53,445] {processor.py:651} INFO - DAG(s) dict_keys(['latest_only']) retrieved from /home/airflow/.local/lib/python3.7/site-packages/airflow/example_dags/example_latest_only.py
[2024-02-11 16:08:53,460] {logging_mixin.py:115} INFO - [2024-02-11 16:08:53,460] {dag.py:2371} INFO - Sync 1 DAGs
[2024-02-11 16:08:53,472] {logging_mixin.py:115} INFO - [2024-02-11 16:08:53,472] {dag.py:2919} INFO - Setting next_dagrun for latest_only to 2024-02-11T12:08:53.472521+00:00, run_after=2024-02-11T16:08:53.472521+00:00
[2024-02-11 16:08:53,483] {processor.py:161} INFO - Processing /home/airflow/.local/lib/python3.7/site-packages/airflow/example_dags/example_latest_only.py took 0.045 seconds
