[2024-02-11 00:01:20,063] {processor.py:153} INFO - Started process (PID=4421) to work on /home/airflow/.local/lib/python3.7/site-packages/airflow/example_dags/example_sla_dag.py
[2024-02-11 00:01:20,064] {processor.py:641} INFO - Processing file /home/airflow/.local/lib/python3.7/site-packages/airflow/example_dags/example_sla_dag.py for tasks to queue
[2024-02-11 00:01:20,065] {logging_mixin.py:115} INFO - [2024-02-11 00:01:20,064] {dagbag.py:507} INFO - Filling up the DagBag from /home/airflow/.local/lib/python3.7/site-packages/airflow/example_dags/example_sla_dag.py
[2024-02-11 00:01:20,084] {processor.py:651} INFO - DAG(s) dict_keys(['example_sla_dag']) retrieved from /home/airflow/.local/lib/python3.7/site-packages/airflow/example_dags/example_sla_dag.py
[2024-02-11 00:01:20,128] {logging_mixin.py:115} INFO - [2024-02-11 00:01:20,128] {dag.py:2371} INFO - Sync 1 DAGs
[2024-02-11 00:01:20,325] {logging_mixin.py:115} INFO - [2024-02-11 00:01:20,325] {dag.py:2919} INFO - Setting next_dagrun for example_sla_dag to 2024-02-10T23:58:00+00:00, run_after=2024-02-11T00:00:00+00:00
[2024-02-11 00:01:20,358] {processor.py:161} INFO - Processing /home/airflow/.local/lib/python3.7/site-packages/airflow/example_dags/example_sla_dag.py took 0.297 seconds
[2024-02-11 00:01:50,611] {processor.py:153} INFO - Started process (PID=4484) to work on /home/airflow/.local/lib/python3.7/site-packages/airflow/example_dags/example_sla_dag.py
[2024-02-11 00:01:50,612] {processor.py:641} INFO - Processing file /home/airflow/.local/lib/python3.7/site-packages/airflow/example_dags/example_sla_dag.py for tasks to queue
[2024-02-11 00:01:50,613] {logging_mixin.py:115} INFO - [2024-02-11 00:01:50,612] {dagbag.py:507} INFO - Filling up the DagBag from /home/airflow/.local/lib/python3.7/site-packages/airflow/example_dags/example_sla_dag.py
[2024-02-11 00:01:50,629] {processor.py:651} INFO - DAG(s) dict_keys(['example_sla_dag']) retrieved from /home/airflow/.local/lib/python3.7/site-packages/airflow/example_dags/example_sla_dag.py
[2024-02-11 00:01:50,672] {logging_mixin.py:115} INFO - [2024-02-11 00:01:50,672] {dag.py:2371} INFO - Sync 1 DAGs
[2024-02-11 00:01:50,797] {logging_mixin.py:115} INFO - [2024-02-11 00:01:50,797] {dag.py:2919} INFO - Setting next_dagrun for example_sla_dag to 2024-02-10T23:58:00+00:00, run_after=2024-02-11T00:00:00+00:00
[2024-02-11 00:01:50,803] {processor.py:161} INFO - Processing /home/airflow/.local/lib/python3.7/site-packages/airflow/example_dags/example_sla_dag.py took 0.195 seconds
[2024-02-11 00:07:05,062] {processor.py:153} INFO - Started process (PID=4553) to work on /home/airflow/.local/lib/python3.7/site-packages/airflow/example_dags/example_sla_dag.py
[2024-02-11 00:07:05,064] {processor.py:641} INFO - Processing file /home/airflow/.local/lib/python3.7/site-packages/airflow/example_dags/example_sla_dag.py for tasks to queue
[2024-02-11 00:07:05,067] {logging_mixin.py:115} INFO - [2024-02-11 00:07:05,067] {dagbag.py:507} INFO - Filling up the DagBag from /home/airflow/.local/lib/python3.7/site-packages/airflow/example_dags/example_sla_dag.py
[2024-02-11 00:07:05,095] {processor.py:651} INFO - DAG(s) dict_keys(['example_sla_dag']) retrieved from /home/airflow/.local/lib/python3.7/site-packages/airflow/example_dags/example_sla_dag.py
[2024-02-11 00:07:05,150] {logging_mixin.py:115} INFO - [2024-02-11 00:07:05,149] {dag.py:2371} INFO - Sync 1 DAGs
[2024-02-11 00:07:05,513] {logging_mixin.py:115} INFO - [2024-02-11 00:07:05,513] {dag.py:2919} INFO - Setting next_dagrun for example_sla_dag to 2024-02-11T00:04:00+00:00, run_after=2024-02-11T00:06:00+00:00
[2024-02-11 00:07:05,522] {processor.py:161} INFO - Processing /home/airflow/.local/lib/python3.7/site-packages/airflow/example_dags/example_sla_dag.py took 0.474 seconds
[2024-02-11 00:07:35,574] {processor.py:153} INFO - Started process (PID=4609) to work on /home/airflow/.local/lib/python3.7/site-packages/airflow/example_dags/example_sla_dag.py
[2024-02-11 00:07:35,574] {processor.py:641} INFO - Processing file /home/airflow/.local/lib/python3.7/site-packages/airflow/example_dags/example_sla_dag.py for tasks to queue
[2024-02-11 00:07:35,575] {logging_mixin.py:115} INFO - [2024-02-11 00:07:35,575] {dagbag.py:507} INFO - Filling up the DagBag from /home/airflow/.local/lib/python3.7/site-packages/airflow/example_dags/example_sla_dag.py
[2024-02-11 00:07:35,585] {processor.py:651} INFO - DAG(s) dict_keys(['example_sla_dag']) retrieved from /home/airflow/.local/lib/python3.7/site-packages/airflow/example_dags/example_sla_dag.py
[2024-02-11 00:07:35,599] {logging_mixin.py:115} INFO - [2024-02-11 00:07:35,599] {dag.py:2371} INFO - Sync 1 DAGs
[2024-02-11 00:07:35,685] {logging_mixin.py:115} INFO - [2024-02-11 00:07:35,685] {dag.py:2919} INFO - Setting next_dagrun for example_sla_dag to 2024-02-11T00:04:00+00:00, run_after=2024-02-11T00:06:00+00:00
[2024-02-11 00:07:35,690] {processor.py:161} INFO - Processing /home/airflow/.local/lib/python3.7/site-packages/airflow/example_dags/example_sla_dag.py took 0.119 seconds
[2024-02-11 00:08:06,805] {processor.py:153} INFO - Started process (PID=4672) to work on /home/airflow/.local/lib/python3.7/site-packages/airflow/example_dags/example_sla_dag.py
[2024-02-11 00:08:06,806] {processor.py:641} INFO - Processing file /home/airflow/.local/lib/python3.7/site-packages/airflow/example_dags/example_sla_dag.py for tasks to queue
[2024-02-11 00:08:06,806] {logging_mixin.py:115} INFO - [2024-02-11 00:08:06,806] {dagbag.py:507} INFO - Filling up the DagBag from /home/airflow/.local/lib/python3.7/site-packages/airflow/example_dags/example_sla_dag.py
[2024-02-11 00:08:06,821] {processor.py:651} INFO - DAG(s) dict_keys(['example_sla_dag']) retrieved from /home/airflow/.local/lib/python3.7/site-packages/airflow/example_dags/example_sla_dag.py
[2024-02-11 00:08:07,192] {logging_mixin.py:115} INFO - [2024-02-11 00:08:07,192] {dag.py:2371} INFO - Sync 1 DAGs
[2024-02-11 00:08:08,245] {logging_mixin.py:115} INFO - [2024-02-11 00:08:08,245] {dag.py:2919} INFO - Setting next_dagrun for example_sla_dag to 2024-02-11T00:06:00+00:00, run_after=2024-02-11T00:08:00+00:00
[2024-02-11 00:08:08,257] {processor.py:161} INFO - Processing /home/airflow/.local/lib/python3.7/site-packages/airflow/example_dags/example_sla_dag.py took 1.456 seconds
[2024-02-11 00:41:53,586] {processor.py:153} INFO - Started process (PID=4742) to work on /home/airflow/.local/lib/python3.7/site-packages/airflow/example_dags/example_sla_dag.py
[2024-02-11 00:41:53,587] {processor.py:641} INFO - Processing file /home/airflow/.local/lib/python3.7/site-packages/airflow/example_dags/example_sla_dag.py for tasks to queue
[2024-02-11 00:41:53,587] {logging_mixin.py:115} INFO - [2024-02-11 00:41:53,587] {dagbag.py:507} INFO - Filling up the DagBag from /home/airflow/.local/lib/python3.7/site-packages/airflow/example_dags/example_sla_dag.py
[2024-02-11 00:41:53,604] {processor.py:651} INFO - DAG(s) dict_keys(['example_sla_dag']) retrieved from /home/airflow/.local/lib/python3.7/site-packages/airflow/example_dags/example_sla_dag.py
[2024-02-11 00:41:53,630] {logging_mixin.py:115} INFO - [2024-02-11 00:41:53,630] {dag.py:2371} INFO - Sync 1 DAGs
[2024-02-11 00:41:53,864] {logging_mixin.py:115} INFO - [2024-02-11 00:41:53,863] {dag.py:2919} INFO - Setting next_dagrun for example_sla_dag to 2024-02-11T00:38:00+00:00, run_after=2024-02-11T00:40:00+00:00
[2024-02-11 00:41:53,884] {processor.py:161} INFO - Processing /home/airflow/.local/lib/python3.7/site-packages/airflow/example_dags/example_sla_dag.py took 0.301 seconds
[2024-02-11 00:58:49,246] {processor.py:153} INFO - Started process (PID=4803) to work on /home/airflow/.local/lib/python3.7/site-packages/airflow/example_dags/example_sla_dag.py
[2024-02-11 00:58:49,249] {processor.py:641} INFO - Processing file /home/airflow/.local/lib/python3.7/site-packages/airflow/example_dags/example_sla_dag.py for tasks to queue
[2024-02-11 00:58:49,252] {logging_mixin.py:115} INFO - [2024-02-11 00:58:49,252] {dagbag.py:507} INFO - Filling up the DagBag from /home/airflow/.local/lib/python3.7/site-packages/airflow/example_dags/example_sla_dag.py
[2024-02-11 00:58:49,306] {processor.py:651} INFO - DAG(s) dict_keys(['example_sla_dag']) retrieved from /home/airflow/.local/lib/python3.7/site-packages/airflow/example_dags/example_sla_dag.py
[2024-02-11 00:58:49,733] {logging_mixin.py:115} INFO - [2024-02-11 00:58:49,732] {dag.py:2371} INFO - Sync 1 DAGs
[2024-02-11 00:58:49,758] {logging_mixin.py:115} INFO - [2024-02-11 00:58:49,758] {dag.py:2919} INFO - Setting next_dagrun for example_sla_dag to 2024-02-11T00:56:00+00:00, run_after=2024-02-11T00:58:00+00:00
[2024-02-11 00:58:49,768] {processor.py:161} INFO - Processing /home/airflow/.local/lib/python3.7/site-packages/airflow/example_dags/example_sla_dag.py took 0.546 seconds
[2024-02-11 02:19:48,717] {processor.py:153} INFO - Started process (PID=4863) to work on /home/airflow/.local/lib/python3.7/site-packages/airflow/example_dags/example_sla_dag.py
[2024-02-11 02:19:48,718] {processor.py:641} INFO - Processing file /home/airflow/.local/lib/python3.7/site-packages/airflow/example_dags/example_sla_dag.py for tasks to queue
[2024-02-11 02:19:48,718] {logging_mixin.py:115} INFO - [2024-02-11 02:19:48,718] {dagbag.py:507} INFO - Filling up the DagBag from /home/airflow/.local/lib/python3.7/site-packages/airflow/example_dags/example_sla_dag.py
[2024-02-11 02:19:48,747] {processor.py:651} INFO - DAG(s) dict_keys(['example_sla_dag']) retrieved from /home/airflow/.local/lib/python3.7/site-packages/airflow/example_dags/example_sla_dag.py
[2024-02-11 02:19:48,938] {logging_mixin.py:115} INFO - [2024-02-11 02:19:48,938] {dag.py:2371} INFO - Sync 1 DAGs
[2024-02-11 02:19:48,951] {logging_mixin.py:115} INFO - [2024-02-11 02:19:48,951] {dag.py:2919} INFO - Setting next_dagrun for example_sla_dag to 2024-02-11T02:16:00+00:00, run_after=2024-02-11T02:18:00+00:00
[2024-02-11 02:19:48,957] {processor.py:161} INFO - Processing /home/airflow/.local/lib/python3.7/site-packages/airflow/example_dags/example_sla_dag.py took 0.243 seconds
[2024-02-11 03:27:02,060] {processor.py:153} INFO - Started process (PID=4933) to work on /home/airflow/.local/lib/python3.7/site-packages/airflow/example_dags/example_sla_dag.py
[2024-02-11 03:27:02,063] {processor.py:641} INFO - Processing file /home/airflow/.local/lib/python3.7/site-packages/airflow/example_dags/example_sla_dag.py for tasks to queue
[2024-02-11 03:27:02,065] {logging_mixin.py:115} INFO - [2024-02-11 03:27:02,065] {dagbag.py:507} INFO - Filling up the DagBag from /home/airflow/.local/lib/python3.7/site-packages/airflow/example_dags/example_sla_dag.py
[2024-02-11 03:27:02,444] {processor.py:651} INFO - DAG(s) dict_keys(['example_sla_dag']) retrieved from /home/airflow/.local/lib/python3.7/site-packages/airflow/example_dags/example_sla_dag.py
[2024-02-11 03:27:02,467] {logging_mixin.py:115} INFO - [2024-02-11 03:27:02,467] {dag.py:2371} INFO - Sync 1 DAGs
[2024-02-11 03:27:02,486] {logging_mixin.py:115} INFO - [2024-02-11 03:27:02,486] {dag.py:2919} INFO - Setting next_dagrun for example_sla_dag to 2024-02-11T03:24:00+00:00, run_after=2024-02-11T03:26:00+00:00
[2024-02-11 03:27:02,496] {processor.py:161} INFO - Processing /home/airflow/.local/lib/python3.7/site-packages/airflow/example_dags/example_sla_dag.py took 0.440 seconds
[2024-02-11 03:32:29,016] {processor.py:153} INFO - Started process (PID=4994) to work on /home/airflow/.local/lib/python3.7/site-packages/airflow/example_dags/example_sla_dag.py
[2024-02-11 03:32:29,017] {processor.py:641} INFO - Processing file /home/airflow/.local/lib/python3.7/site-packages/airflow/example_dags/example_sla_dag.py for tasks to queue
[2024-02-11 03:32:29,019] {logging_mixin.py:115} INFO - [2024-02-11 03:32:29,019] {dagbag.py:507} INFO - Filling up the DagBag from /home/airflow/.local/lib/python3.7/site-packages/airflow/example_dags/example_sla_dag.py
[2024-02-11 03:32:29,054] {processor.py:651} INFO - DAG(s) dict_keys(['example_sla_dag']) retrieved from /home/airflow/.local/lib/python3.7/site-packages/airflow/example_dags/example_sla_dag.py
[2024-02-11 03:32:29,091] {logging_mixin.py:115} INFO - [2024-02-11 03:32:29,090] {dag.py:2371} INFO - Sync 1 DAGs
[2024-02-11 03:32:29,140] {logging_mixin.py:115} INFO - [2024-02-11 03:32:29,140] {dag.py:2919} INFO - Setting next_dagrun for example_sla_dag to 2024-02-11T03:30:00+00:00, run_after=2024-02-11T03:32:00+00:00
[2024-02-11 03:32:29,158] {processor.py:161} INFO - Processing /home/airflow/.local/lib/python3.7/site-packages/airflow/example_dags/example_sla_dag.py took 0.148 seconds
[2024-02-11 04:04:50,565] {processor.py:153} INFO - Started process (PID=5061) to work on /home/airflow/.local/lib/python3.7/site-packages/airflow/example_dags/example_sla_dag.py
[2024-02-11 04:04:50,567] {processor.py:641} INFO - Processing file /home/airflow/.local/lib/python3.7/site-packages/airflow/example_dags/example_sla_dag.py for tasks to queue
[2024-02-11 04:04:50,569] {logging_mixin.py:115} INFO - [2024-02-11 04:04:50,569] {dagbag.py:507} INFO - Filling up the DagBag from /home/airflow/.local/lib/python3.7/site-packages/airflow/example_dags/example_sla_dag.py
[2024-02-11 04:04:50,589] {processor.py:651} INFO - DAG(s) dict_keys(['example_sla_dag']) retrieved from /home/airflow/.local/lib/python3.7/site-packages/airflow/example_dags/example_sla_dag.py
[2024-02-11 04:04:50,624] {logging_mixin.py:115} INFO - [2024-02-11 04:04:50,624] {dag.py:2371} INFO - Sync 1 DAGs
[2024-02-11 04:04:50,655] {logging_mixin.py:115} INFO - [2024-02-11 04:04:50,654] {dag.py:2919} INFO - Setting next_dagrun for example_sla_dag to 2024-02-11T04:02:00+00:00, run_after=2024-02-11T04:04:00+00:00
[2024-02-11 04:04:50,671] {processor.py:161} INFO - Processing /home/airflow/.local/lib/python3.7/site-packages/airflow/example_dags/example_sla_dag.py took 0.113 seconds
[2024-02-11 04:23:10,092] {processor.py:153} INFO - Started process (PID=5130) to work on /home/airflow/.local/lib/python3.7/site-packages/airflow/example_dags/example_sla_dag.py
[2024-02-11 04:23:10,106] {processor.py:641} INFO - Processing file /home/airflow/.local/lib/python3.7/site-packages/airflow/example_dags/example_sla_dag.py for tasks to queue
[2024-02-11 04:23:10,116] {logging_mixin.py:115} INFO - [2024-02-11 04:23:10,116] {dagbag.py:507} INFO - Filling up the DagBag from /home/airflow/.local/lib/python3.7/site-packages/airflow/example_dags/example_sla_dag.py
[2024-02-11 04:23:10,216] {processor.py:651} INFO - DAG(s) dict_keys(['example_sla_dag']) retrieved from /home/airflow/.local/lib/python3.7/site-packages/airflow/example_dags/example_sla_dag.py
[2024-02-11 04:23:10,490] {logging_mixin.py:115} INFO - [2024-02-11 04:23:10,489] {dag.py:2371} INFO - Sync 1 DAGs
[2024-02-11 04:23:10,598] {logging_mixin.py:115} INFO - [2024-02-11 04:23:10,598] {dag.py:2919} INFO - Setting next_dagrun for example_sla_dag to 2024-02-11T04:20:00+00:00, run_after=2024-02-11T04:22:00+00:00
[2024-02-11 04:23:10,670] {processor.py:161} INFO - Processing /home/airflow/.local/lib/python3.7/site-packages/airflow/example_dags/example_sla_dag.py took 0.586 seconds
[2024-02-11 05:29:08,663] {processor.py:153} INFO - Started process (PID=5190) to work on /home/airflow/.local/lib/python3.7/site-packages/airflow/example_dags/example_sla_dag.py
[2024-02-11 05:29:08,669] {processor.py:641} INFO - Processing file /home/airflow/.local/lib/python3.7/site-packages/airflow/example_dags/example_sla_dag.py for tasks to queue
[2024-02-11 05:29:08,673] {logging_mixin.py:115} INFO - [2024-02-11 05:29:08,672] {dagbag.py:507} INFO - Filling up the DagBag from /home/airflow/.local/lib/python3.7/site-packages/airflow/example_dags/example_sla_dag.py
[2024-02-11 05:29:08,704] {processor.py:651} INFO - DAG(s) dict_keys(['example_sla_dag']) retrieved from /home/airflow/.local/lib/python3.7/site-packages/airflow/example_dags/example_sla_dag.py
[2024-02-11 05:29:08,754] {logging_mixin.py:115} INFO - [2024-02-11 05:29:08,753] {dag.py:2371} INFO - Sync 1 DAGs
[2024-02-11 05:29:08,778] {logging_mixin.py:115} INFO - [2024-02-11 05:29:08,778] {dag.py:2919} INFO - Setting next_dagrun for example_sla_dag to 2024-02-11T05:26:00+00:00, run_after=2024-02-11T05:28:00+00:00
[2024-02-11 05:29:08,792] {processor.py:161} INFO - Processing /home/airflow/.local/lib/python3.7/site-packages/airflow/example_dags/example_sla_dag.py took 0.160 seconds
[2024-02-11 05:33:26,176] {processor.py:153} INFO - Started process (PID=5245) to work on /home/airflow/.local/lib/python3.7/site-packages/airflow/example_dags/example_sla_dag.py
[2024-02-11 05:33:26,219] {processor.py:641} INFO - Processing file /home/airflow/.local/lib/python3.7/site-packages/airflow/example_dags/example_sla_dag.py for tasks to queue
[2024-02-11 05:33:26,231] {logging_mixin.py:115} INFO - [2024-02-11 05:33:26,230] {dagbag.py:507} INFO - Filling up the DagBag from /home/airflow/.local/lib/python3.7/site-packages/airflow/example_dags/example_sla_dag.py
[2024-02-11 05:33:26,443] {processor.py:651} INFO - DAG(s) dict_keys(['example_sla_dag']) retrieved from /home/airflow/.local/lib/python3.7/site-packages/airflow/example_dags/example_sla_dag.py
[2024-02-11 05:33:26,618] {logging_mixin.py:115} INFO - [2024-02-11 05:33:26,617] {dag.py:2371} INFO - Sync 1 DAGs
[2024-02-11 05:33:26,741] {logging_mixin.py:115} INFO - [2024-02-11 05:33:26,741] {dag.py:2919} INFO - Setting next_dagrun for example_sla_dag to 2024-02-11T05:30:00+00:00, run_after=2024-02-11T05:32:00+00:00
[2024-02-11 05:33:26,782] {processor.py:161} INFO - Processing /home/airflow/.local/lib/python3.7/site-packages/airflow/example_dags/example_sla_dag.py took 0.633 seconds
[2024-02-11 06:21:40,052] {processor.py:153} INFO - Started process (PID=5313) to work on /home/airflow/.local/lib/python3.7/site-packages/airflow/example_dags/example_sla_dag.py
[2024-02-11 06:21:40,053] {processor.py:641} INFO - Processing file /home/airflow/.local/lib/python3.7/site-packages/airflow/example_dags/example_sla_dag.py for tasks to queue
[2024-02-11 06:21:40,053] {logging_mixin.py:115} INFO - [2024-02-11 06:21:40,053] {dagbag.py:507} INFO - Filling up the DagBag from /home/airflow/.local/lib/python3.7/site-packages/airflow/example_dags/example_sla_dag.py
[2024-02-11 06:21:40,089] {processor.py:651} INFO - DAG(s) dict_keys(['example_sla_dag']) retrieved from /home/airflow/.local/lib/python3.7/site-packages/airflow/example_dags/example_sla_dag.py
[2024-02-11 06:21:40,109] {logging_mixin.py:115} INFO - [2024-02-11 06:21:40,109] {dag.py:2371} INFO - Sync 1 DAGs
[2024-02-11 06:21:40,123] {logging_mixin.py:115} INFO - [2024-02-11 06:21:40,123] {dag.py:2919} INFO - Setting next_dagrun for example_sla_dag to 2024-02-11T06:18:00+00:00, run_after=2024-02-11T06:20:00+00:00
[2024-02-11 06:21:40,210] {processor.py:161} INFO - Processing /home/airflow/.local/lib/python3.7/site-packages/airflow/example_dags/example_sla_dag.py took 0.164 seconds
[2024-02-11 06:34:30,462] {processor.py:153} INFO - Started process (PID=5383) to work on /home/airflow/.local/lib/python3.7/site-packages/airflow/example_dags/example_sla_dag.py
[2024-02-11 06:34:30,464] {processor.py:641} INFO - Processing file /home/airflow/.local/lib/python3.7/site-packages/airflow/example_dags/example_sla_dag.py for tasks to queue
[2024-02-11 06:34:30,465] {logging_mixin.py:115} INFO - [2024-02-11 06:34:30,465] {dagbag.py:507} INFO - Filling up the DagBag from /home/airflow/.local/lib/python3.7/site-packages/airflow/example_dags/example_sla_dag.py
[2024-02-11 06:34:30,488] {processor.py:651} INFO - DAG(s) dict_keys(['example_sla_dag']) retrieved from /home/airflow/.local/lib/python3.7/site-packages/airflow/example_dags/example_sla_dag.py
[2024-02-11 06:34:30,546] {logging_mixin.py:115} INFO - [2024-02-11 06:34:30,546] {dag.py:2371} INFO - Sync 1 DAGs
[2024-02-11 06:34:31,495] {logging_mixin.py:115} INFO - [2024-02-11 06:34:31,495] {dag.py:2919} INFO - Setting next_dagrun for example_sla_dag to 2024-02-11T06:32:00+00:00, run_after=2024-02-11T06:34:00+00:00
[2024-02-11 06:34:31,556] {processor.py:161} INFO - Processing /home/airflow/.local/lib/python3.7/site-packages/airflow/example_dags/example_sla_dag.py took 1.097 seconds
[2024-02-11 07:08:51,316] {processor.py:153} INFO - Started process (PID=5441) to work on /home/airflow/.local/lib/python3.7/site-packages/airflow/example_dags/example_sla_dag.py
[2024-02-11 07:08:51,318] {processor.py:641} INFO - Processing file /home/airflow/.local/lib/python3.7/site-packages/airflow/example_dags/example_sla_dag.py for tasks to queue
[2024-02-11 07:08:51,319] {logging_mixin.py:115} INFO - [2024-02-11 07:08:51,319] {dagbag.py:507} INFO - Filling up the DagBag from /home/airflow/.local/lib/python3.7/site-packages/airflow/example_dags/example_sla_dag.py
[2024-02-11 07:08:51,336] {processor.py:651} INFO - DAG(s) dict_keys(['example_sla_dag']) retrieved from /home/airflow/.local/lib/python3.7/site-packages/airflow/example_dags/example_sla_dag.py
[2024-02-11 07:08:51,357] {logging_mixin.py:115} INFO - [2024-02-11 07:08:51,357] {dag.py:2371} INFO - Sync 1 DAGs
[2024-02-11 07:08:51,467] {logging_mixin.py:115} INFO - [2024-02-11 07:08:51,467] {dag.py:2919} INFO - Setting next_dagrun for example_sla_dag to 2024-02-11T07:06:00+00:00, run_after=2024-02-11T07:08:00+00:00
[2024-02-11 07:08:51,472] {processor.py:161} INFO - Processing /home/airflow/.local/lib/python3.7/site-packages/airflow/example_dags/example_sla_dag.py took 0.160 seconds
[2024-02-11 07:35:25,629] {processor.py:153} INFO - Started process (PID=5510) to work on /home/airflow/.local/lib/python3.7/site-packages/airflow/example_dags/example_sla_dag.py
[2024-02-11 07:35:25,637] {processor.py:641} INFO - Processing file /home/airflow/.local/lib/python3.7/site-packages/airflow/example_dags/example_sla_dag.py for tasks to queue
[2024-02-11 07:35:25,638] {logging_mixin.py:115} INFO - [2024-02-11 07:35:25,638] {dagbag.py:507} INFO - Filling up the DagBag from /home/airflow/.local/lib/python3.7/site-packages/airflow/example_dags/example_sla_dag.py
[2024-02-11 07:35:25,698] {processor.py:651} INFO - DAG(s) dict_keys(['example_sla_dag']) retrieved from /home/airflow/.local/lib/python3.7/site-packages/airflow/example_dags/example_sla_dag.py
[2024-02-11 07:35:25,742] {logging_mixin.py:115} INFO - [2024-02-11 07:35:25,742] {dag.py:2371} INFO - Sync 1 DAGs
[2024-02-11 07:35:26,103] {logging_mixin.py:115} INFO - [2024-02-11 07:35:26,102] {dag.py:2919} INFO - Setting next_dagrun for example_sla_dag to 2024-02-11T07:32:00+00:00, run_after=2024-02-11T07:34:00+00:00
[2024-02-11 07:35:26,121] {processor.py:161} INFO - Processing /home/airflow/.local/lib/python3.7/site-packages/airflow/example_dags/example_sla_dag.py took 0.507 seconds
[2024-02-11 08:02:44,897] {processor.py:153} INFO - Started process (PID=5570) to work on /home/airflow/.local/lib/python3.7/site-packages/airflow/example_dags/example_sla_dag.py
[2024-02-11 08:02:44,902] {processor.py:641} INFO - Processing file /home/airflow/.local/lib/python3.7/site-packages/airflow/example_dags/example_sla_dag.py for tasks to queue
[2024-02-11 08:02:44,906] {logging_mixin.py:115} INFO - [2024-02-11 08:02:44,905] {dagbag.py:507} INFO - Filling up the DagBag from /home/airflow/.local/lib/python3.7/site-packages/airflow/example_dags/example_sla_dag.py
[2024-02-11 08:02:44,942] {processor.py:651} INFO - DAG(s) dict_keys(['example_sla_dag']) retrieved from /home/airflow/.local/lib/python3.7/site-packages/airflow/example_dags/example_sla_dag.py
[2024-02-11 08:02:45,155] {logging_mixin.py:115} INFO - [2024-02-11 08:02:45,155] {dag.py:2371} INFO - Sync 1 DAGs
[2024-02-11 08:02:45,225] {logging_mixin.py:115} INFO - [2024-02-11 08:02:45,225] {dag.py:2919} INFO - Setting next_dagrun for example_sla_dag to 2024-02-11T08:00:00+00:00, run_after=2024-02-11T08:02:00+00:00
[2024-02-11 08:02:45,247] {processor.py:161} INFO - Processing /home/airflow/.local/lib/python3.7/site-packages/airflow/example_dags/example_sla_dag.py took 0.354 seconds
[2024-02-11 08:03:15,276] {processor.py:153} INFO - Started process (PID=5633) to work on /home/airflow/.local/lib/python3.7/site-packages/airflow/example_dags/example_sla_dag.py
[2024-02-11 08:03:15,277] {processor.py:641} INFO - Processing file /home/airflow/.local/lib/python3.7/site-packages/airflow/example_dags/example_sla_dag.py for tasks to queue
[2024-02-11 08:03:15,277] {logging_mixin.py:115} INFO - [2024-02-11 08:03:15,277] {dagbag.py:507} INFO - Filling up the DagBag from /home/airflow/.local/lib/python3.7/site-packages/airflow/example_dags/example_sla_dag.py
[2024-02-11 08:03:15,286] {processor.py:651} INFO - DAG(s) dict_keys(['example_sla_dag']) retrieved from /home/airflow/.local/lib/python3.7/site-packages/airflow/example_dags/example_sla_dag.py
[2024-02-11 08:03:15,370] {logging_mixin.py:115} INFO - [2024-02-11 08:03:15,370] {dag.py:2371} INFO - Sync 1 DAGs
[2024-02-11 08:03:15,379] {logging_mixin.py:115} INFO - [2024-02-11 08:03:15,379] {dag.py:2919} INFO - Setting next_dagrun for example_sla_dag to 2024-02-11T08:00:00+00:00, run_after=2024-02-11T08:02:00+00:00
[2024-02-11 08:03:15,385] {processor.py:161} INFO - Processing /home/airflow/.local/lib/python3.7/site-packages/airflow/example_dags/example_sla_dag.py took 0.110 seconds
[2024-02-11 08:05:39,786] {processor.py:153} INFO - Started process (PID=5688) to work on /home/airflow/.local/lib/python3.7/site-packages/airflow/example_dags/example_sla_dag.py
[2024-02-11 08:05:39,788] {processor.py:641} INFO - Processing file /home/airflow/.local/lib/python3.7/site-packages/airflow/example_dags/example_sla_dag.py for tasks to queue
[2024-02-11 08:05:39,788] {logging_mixin.py:115} INFO - [2024-02-11 08:05:39,788] {dagbag.py:507} INFO - Filling up the DagBag from /home/airflow/.local/lib/python3.7/site-packages/airflow/example_dags/example_sla_dag.py
[2024-02-11 08:05:39,805] {processor.py:651} INFO - DAG(s) dict_keys(['example_sla_dag']) retrieved from /home/airflow/.local/lib/python3.7/site-packages/airflow/example_dags/example_sla_dag.py
[2024-02-11 08:05:39,940] {logging_mixin.py:115} INFO - [2024-02-11 08:05:39,940] {dag.py:2371} INFO - Sync 1 DAGs
[2024-02-11 08:05:39,956] {logging_mixin.py:115} INFO - [2024-02-11 08:05:39,956] {dag.py:2919} INFO - Setting next_dagrun for example_sla_dag to 2024-02-11T08:02:00+00:00, run_after=2024-02-11T08:04:00+00:00
[2024-02-11 08:05:39,963] {processor.py:161} INFO - Processing /home/airflow/.local/lib/python3.7/site-packages/airflow/example_dags/example_sla_dag.py took 0.180 seconds
[2024-02-11 08:06:11,470] {processor.py:153} INFO - Started process (PID=5752) to work on /home/airflow/.local/lib/python3.7/site-packages/airflow/example_dags/example_sla_dag.py
[2024-02-11 08:06:11,470] {processor.py:641} INFO - Processing file /home/airflow/.local/lib/python3.7/site-packages/airflow/example_dags/example_sla_dag.py for tasks to queue
[2024-02-11 08:06:11,471] {logging_mixin.py:115} INFO - [2024-02-11 08:06:11,471] {dagbag.py:507} INFO - Filling up the DagBag from /home/airflow/.local/lib/python3.7/site-packages/airflow/example_dags/example_sla_dag.py
[2024-02-11 08:06:11,483] {processor.py:651} INFO - DAG(s) dict_keys(['example_sla_dag']) retrieved from /home/airflow/.local/lib/python3.7/site-packages/airflow/example_dags/example_sla_dag.py
[2024-02-11 08:06:11,671] {logging_mixin.py:115} INFO - [2024-02-11 08:06:11,670] {dag.py:2371} INFO - Sync 1 DAGs
[2024-02-11 08:06:11,690] {logging_mixin.py:115} INFO - [2024-02-11 08:06:11,690] {dag.py:2919} INFO - Setting next_dagrun for example_sla_dag to 2024-02-11T08:04:00+00:00, run_after=2024-02-11T08:06:00+00:00
[2024-02-11 08:06:11,699] {processor.py:161} INFO - Processing /home/airflow/.local/lib/python3.7/site-packages/airflow/example_dags/example_sla_dag.py took 0.232 seconds
[2024-02-11 08:06:41,804] {processor.py:153} INFO - Started process (PID=5816) to work on /home/airflow/.local/lib/python3.7/site-packages/airflow/example_dags/example_sla_dag.py
[2024-02-11 08:06:41,804] {processor.py:641} INFO - Processing file /home/airflow/.local/lib/python3.7/site-packages/airflow/example_dags/example_sla_dag.py for tasks to queue
[2024-02-11 08:06:41,805] {logging_mixin.py:115} INFO - [2024-02-11 08:06:41,805] {dagbag.py:507} INFO - Filling up the DagBag from /home/airflow/.local/lib/python3.7/site-packages/airflow/example_dags/example_sla_dag.py
[2024-02-11 08:06:41,815] {processor.py:651} INFO - DAG(s) dict_keys(['example_sla_dag']) retrieved from /home/airflow/.local/lib/python3.7/site-packages/airflow/example_dags/example_sla_dag.py
[2024-02-11 08:06:41,923] {logging_mixin.py:115} INFO - [2024-02-11 08:06:41,923] {dag.py:2371} INFO - Sync 1 DAGs
[2024-02-11 08:06:41,934] {logging_mixin.py:115} INFO - [2024-02-11 08:06:41,934] {dag.py:2919} INFO - Setting next_dagrun for example_sla_dag to 2024-02-11T08:04:00+00:00, run_after=2024-02-11T08:06:00+00:00
[2024-02-11 08:06:41,939] {processor.py:161} INFO - Processing /home/airflow/.local/lib/python3.7/site-packages/airflow/example_dags/example_sla_dag.py took 0.137 seconds
[2024-02-11 08:07:12,201] {processor.py:153} INFO - Started process (PID=5880) to work on /home/airflow/.local/lib/python3.7/site-packages/airflow/example_dags/example_sla_dag.py
[2024-02-11 08:07:12,203] {processor.py:641} INFO - Processing file /home/airflow/.local/lib/python3.7/site-packages/airflow/example_dags/example_sla_dag.py for tasks to queue
[2024-02-11 08:07:12,203] {logging_mixin.py:115} INFO - [2024-02-11 08:07:12,203] {dagbag.py:507} INFO - Filling up the DagBag from /home/airflow/.local/lib/python3.7/site-packages/airflow/example_dags/example_sla_dag.py
[2024-02-11 08:07:12,213] {processor.py:651} INFO - DAG(s) dict_keys(['example_sla_dag']) retrieved from /home/airflow/.local/lib/python3.7/site-packages/airflow/example_dags/example_sla_dag.py
[2024-02-11 08:07:12,321] {logging_mixin.py:115} INFO - [2024-02-11 08:07:12,321] {dag.py:2371} INFO - Sync 1 DAGs
[2024-02-11 08:07:12,341] {logging_mixin.py:115} INFO - [2024-02-11 08:07:12,341] {dag.py:2919} INFO - Setting next_dagrun for example_sla_dag to 2024-02-11T08:04:00+00:00, run_after=2024-02-11T08:06:00+00:00
[2024-02-11 08:07:12,351] {processor.py:161} INFO - Processing /home/airflow/.local/lib/python3.7/site-packages/airflow/example_dags/example_sla_dag.py took 0.151 seconds
[2024-02-11 08:07:44,323] {processor.py:153} INFO - Started process (PID=5944) to work on /home/airflow/.local/lib/python3.7/site-packages/airflow/example_dags/example_sla_dag.py
[2024-02-11 08:07:44,325] {processor.py:641} INFO - Processing file /home/airflow/.local/lib/python3.7/site-packages/airflow/example_dags/example_sla_dag.py for tasks to queue
[2024-02-11 08:07:44,325] {logging_mixin.py:115} INFO - [2024-02-11 08:07:44,325] {dagbag.py:507} INFO - Filling up the DagBag from /home/airflow/.local/lib/python3.7/site-packages/airflow/example_dags/example_sla_dag.py
[2024-02-11 08:07:44,334] {processor.py:651} INFO - DAG(s) dict_keys(['example_sla_dag']) retrieved from /home/airflow/.local/lib/python3.7/site-packages/airflow/example_dags/example_sla_dag.py
[2024-02-11 08:07:44,421] {logging_mixin.py:115} INFO - [2024-02-11 08:07:44,421] {dag.py:2371} INFO - Sync 1 DAGs
[2024-02-11 08:07:44,431] {logging_mixin.py:115} INFO - [2024-02-11 08:07:44,431] {dag.py:2919} INFO - Setting next_dagrun for example_sla_dag to 2024-02-11T08:04:00+00:00, run_after=2024-02-11T08:06:00+00:00
[2024-02-11 08:07:44,435] {processor.py:161} INFO - Processing /home/airflow/.local/lib/python3.7/site-packages/airflow/example_dags/example_sla_dag.py took 0.113 seconds
[2024-02-11 08:08:15,302] {processor.py:153} INFO - Started process (PID=6006) to work on /home/airflow/.local/lib/python3.7/site-packages/airflow/example_dags/example_sla_dag.py
[2024-02-11 08:08:15,303] {processor.py:641} INFO - Processing file /home/airflow/.local/lib/python3.7/site-packages/airflow/example_dags/example_sla_dag.py for tasks to queue
[2024-02-11 08:08:15,304] {logging_mixin.py:115} INFO - [2024-02-11 08:08:15,304] {dagbag.py:507} INFO - Filling up the DagBag from /home/airflow/.local/lib/python3.7/site-packages/airflow/example_dags/example_sla_dag.py
[2024-02-11 08:08:15,325] {processor.py:651} INFO - DAG(s) dict_keys(['example_sla_dag']) retrieved from /home/airflow/.local/lib/python3.7/site-packages/airflow/example_dags/example_sla_dag.py
[2024-02-11 08:08:15,438] {logging_mixin.py:115} INFO - [2024-02-11 08:08:15,438] {dag.py:2371} INFO - Sync 1 DAGs
[2024-02-11 08:08:15,455] {logging_mixin.py:115} INFO - [2024-02-11 08:08:15,455] {dag.py:2919} INFO - Setting next_dagrun for example_sla_dag to 2024-02-11T08:06:00+00:00, run_after=2024-02-11T08:08:00+00:00
[2024-02-11 08:08:15,461] {processor.py:161} INFO - Processing /home/airflow/.local/lib/python3.7/site-packages/airflow/example_dags/example_sla_dag.py took 0.163 seconds
[2024-02-11 08:08:46,921] {processor.py:153} INFO - Started process (PID=6063) to work on /home/airflow/.local/lib/python3.7/site-packages/airflow/example_dags/example_sla_dag.py
[2024-02-11 08:08:46,922] {processor.py:641} INFO - Processing file /home/airflow/.local/lib/python3.7/site-packages/airflow/example_dags/example_sla_dag.py for tasks to queue
[2024-02-11 08:08:46,922] {logging_mixin.py:115} INFO - [2024-02-11 08:08:46,922] {dagbag.py:507} INFO - Filling up the DagBag from /home/airflow/.local/lib/python3.7/site-packages/airflow/example_dags/example_sla_dag.py
[2024-02-11 08:08:46,932] {processor.py:651} INFO - DAG(s) dict_keys(['example_sla_dag']) retrieved from /home/airflow/.local/lib/python3.7/site-packages/airflow/example_dags/example_sla_dag.py
[2024-02-11 08:08:47,120] {logging_mixin.py:115} INFO - [2024-02-11 08:08:47,119] {dag.py:2371} INFO - Sync 1 DAGs
[2024-02-11 08:08:47,158] {logging_mixin.py:115} INFO - [2024-02-11 08:08:47,157] {dag.py:2919} INFO - Setting next_dagrun for example_sla_dag to 2024-02-11T08:06:00+00:00, run_after=2024-02-11T08:08:00+00:00
[2024-02-11 08:08:47,174] {processor.py:161} INFO - Processing /home/airflow/.local/lib/python3.7/site-packages/airflow/example_dags/example_sla_dag.py took 0.255 seconds
[2024-02-11 12:16:15,013] {processor.py:153} INFO - Started process (PID=71) to work on /home/airflow/.local/lib/python3.7/site-packages/airflow/example_dags/example_sla_dag.py
[2024-02-11 12:16:15,014] {processor.py:641} INFO - Processing file /home/airflow/.local/lib/python3.7/site-packages/airflow/example_dags/example_sla_dag.py for tasks to queue
[2024-02-11 12:16:15,015] {logging_mixin.py:115} INFO - [2024-02-11 12:16:15,015] {dagbag.py:507} INFO - Filling up the DagBag from /home/airflow/.local/lib/python3.7/site-packages/airflow/example_dags/example_sla_dag.py
[2024-02-11 12:16:15,041] {processor.py:651} INFO - DAG(s) dict_keys(['example_sla_dag']) retrieved from /home/airflow/.local/lib/python3.7/site-packages/airflow/example_dags/example_sla_dag.py
[2024-02-11 12:16:15,100] {logging_mixin.py:115} INFO - [2024-02-11 12:16:15,100] {dag.py:2371} INFO - Sync 1 DAGs
[2024-02-11 12:16:15,156] {logging_mixin.py:115} INFO - [2024-02-11 12:16:15,156] {dag.py:2919} INFO - Setting next_dagrun for example_sla_dag to 2024-02-11T12:14:00+00:00, run_after=2024-02-11T12:16:00+00:00
[2024-02-11 12:16:15,178] {processor.py:161} INFO - Processing /home/airflow/.local/lib/python3.7/site-packages/airflow/example_dags/example_sla_dag.py took 0.171 seconds
[2024-02-11 12:16:47,996] {processor.py:153} INFO - Started process (PID=126) to work on /home/airflow/.local/lib/python3.7/site-packages/airflow/example_dags/example_sla_dag.py
[2024-02-11 12:16:47,997] {processor.py:641} INFO - Processing file /home/airflow/.local/lib/python3.7/site-packages/airflow/example_dags/example_sla_dag.py for tasks to queue
[2024-02-11 12:16:47,998] {logging_mixin.py:115} INFO - [2024-02-11 12:16:47,998] {dagbag.py:507} INFO - Filling up the DagBag from /home/airflow/.local/lib/python3.7/site-packages/airflow/example_dags/example_sla_dag.py
[2024-02-11 12:16:48,026] {processor.py:651} INFO - DAG(s) dict_keys(['example_sla_dag']) retrieved from /home/airflow/.local/lib/python3.7/site-packages/airflow/example_dags/example_sla_dag.py
[2024-02-11 12:16:48,049] {logging_mixin.py:115} INFO - [2024-02-11 12:16:48,049] {dag.py:2371} INFO - Sync 1 DAGs
[2024-02-11 12:16:48,071] {logging_mixin.py:115} INFO - [2024-02-11 12:16:48,071] {dag.py:2919} INFO - Setting next_dagrun for example_sla_dag to 2024-02-11T12:14:00+00:00, run_after=2024-02-11T12:16:00+00:00
[2024-02-11 12:16:48,089] {processor.py:161} INFO - Processing /home/airflow/.local/lib/python3.7/site-packages/airflow/example_dags/example_sla_dag.py took 0.096 seconds
[2024-02-11 12:17:19,214] {processor.py:153} INFO - Started process (PID=181) to work on /home/airflow/.local/lib/python3.7/site-packages/airflow/example_dags/example_sla_dag.py
[2024-02-11 12:17:19,215] {processor.py:641} INFO - Processing file /home/airflow/.local/lib/python3.7/site-packages/airflow/example_dags/example_sla_dag.py for tasks to queue
[2024-02-11 12:17:19,215] {logging_mixin.py:115} INFO - [2024-02-11 12:17:19,215] {dagbag.py:507} INFO - Filling up the DagBag from /home/airflow/.local/lib/python3.7/site-packages/airflow/example_dags/example_sla_dag.py
[2024-02-11 12:17:19,229] {processor.py:651} INFO - DAG(s) dict_keys(['example_sla_dag']) retrieved from /home/airflow/.local/lib/python3.7/site-packages/airflow/example_dags/example_sla_dag.py
[2024-02-11 12:17:19,270] {logging_mixin.py:115} INFO - [2024-02-11 12:17:19,270] {dag.py:2371} INFO - Sync 1 DAGs
[2024-02-11 12:17:19,285] {logging_mixin.py:115} INFO - [2024-02-11 12:17:19,285] {dag.py:2919} INFO - Setting next_dagrun for example_sla_dag to 2024-02-11T12:14:00+00:00, run_after=2024-02-11T12:16:00+00:00
[2024-02-11 12:17:19,291] {processor.py:161} INFO - Processing /home/airflow/.local/lib/python3.7/site-packages/airflow/example_dags/example_sla_dag.py took 0.078 seconds
[2024-02-11 12:17:50,448] {processor.py:153} INFO - Started process (PID=244) to work on /home/airflow/.local/lib/python3.7/site-packages/airflow/example_dags/example_sla_dag.py
[2024-02-11 12:17:50,449] {processor.py:641} INFO - Processing file /home/airflow/.local/lib/python3.7/site-packages/airflow/example_dags/example_sla_dag.py for tasks to queue
[2024-02-11 12:17:50,449] {logging_mixin.py:115} INFO - [2024-02-11 12:17:50,449] {dagbag.py:507} INFO - Filling up the DagBag from /home/airflow/.local/lib/python3.7/site-packages/airflow/example_dags/example_sla_dag.py
[2024-02-11 12:17:50,463] {processor.py:651} INFO - DAG(s) dict_keys(['example_sla_dag']) retrieved from /home/airflow/.local/lib/python3.7/site-packages/airflow/example_dags/example_sla_dag.py
[2024-02-11 12:17:50,476] {logging_mixin.py:115} INFO - [2024-02-11 12:17:50,476] {dag.py:2371} INFO - Sync 1 DAGs
[2024-02-11 12:17:50,490] {logging_mixin.py:115} INFO - [2024-02-11 12:17:50,490] {dag.py:2919} INFO - Setting next_dagrun for example_sla_dag to 2024-02-11T12:14:00+00:00, run_after=2024-02-11T12:16:00+00:00
[2024-02-11 12:17:50,497] {processor.py:161} INFO - Processing /home/airflow/.local/lib/python3.7/site-packages/airflow/example_dags/example_sla_dag.py took 0.050 seconds
[2024-02-11 12:18:21,833] {processor.py:153} INFO - Started process (PID=308) to work on /home/airflow/.local/lib/python3.7/site-packages/airflow/example_dags/example_sla_dag.py
[2024-02-11 12:18:21,834] {processor.py:641} INFO - Processing file /home/airflow/.local/lib/python3.7/site-packages/airflow/example_dags/example_sla_dag.py for tasks to queue
[2024-02-11 12:18:21,835] {logging_mixin.py:115} INFO - [2024-02-11 12:18:21,835] {dagbag.py:507} INFO - Filling up the DagBag from /home/airflow/.local/lib/python3.7/site-packages/airflow/example_dags/example_sla_dag.py
[2024-02-11 12:18:21,847] {processor.py:651} INFO - DAG(s) dict_keys(['example_sla_dag']) retrieved from /home/airflow/.local/lib/python3.7/site-packages/airflow/example_dags/example_sla_dag.py
[2024-02-11 12:18:21,863] {logging_mixin.py:115} INFO - [2024-02-11 12:18:21,863] {dag.py:2371} INFO - Sync 1 DAGs
[2024-02-11 12:18:21,876] {logging_mixin.py:115} INFO - [2024-02-11 12:18:21,876] {dag.py:2919} INFO - Setting next_dagrun for example_sla_dag to 2024-02-11T12:16:00+00:00, run_after=2024-02-11T12:18:00+00:00
[2024-02-11 12:18:21,883] {processor.py:161} INFO - Processing /home/airflow/.local/lib/python3.7/site-packages/airflow/example_dags/example_sla_dag.py took 0.052 seconds
[2024-02-11 12:18:52,530] {processor.py:153} INFO - Started process (PID=372) to work on /home/airflow/.local/lib/python3.7/site-packages/airflow/example_dags/example_sla_dag.py
[2024-02-11 12:18:52,531] {processor.py:641} INFO - Processing file /home/airflow/.local/lib/python3.7/site-packages/airflow/example_dags/example_sla_dag.py for tasks to queue
[2024-02-11 12:18:52,532] {logging_mixin.py:115} INFO - [2024-02-11 12:18:52,532] {dagbag.py:507} INFO - Filling up the DagBag from /home/airflow/.local/lib/python3.7/site-packages/airflow/example_dags/example_sla_dag.py
[2024-02-11 12:18:52,559] {processor.py:651} INFO - DAG(s) dict_keys(['example_sla_dag']) retrieved from /home/airflow/.local/lib/python3.7/site-packages/airflow/example_dags/example_sla_dag.py
[2024-02-11 12:18:52,589] {logging_mixin.py:115} INFO - [2024-02-11 12:18:52,588] {dag.py:2371} INFO - Sync 1 DAGs
[2024-02-11 12:18:52,617] {logging_mixin.py:115} INFO - [2024-02-11 12:18:52,617] {dag.py:2919} INFO - Setting next_dagrun for example_sla_dag to 2024-02-11T12:16:00+00:00, run_after=2024-02-11T12:18:00+00:00
[2024-02-11 12:18:52,639] {processor.py:161} INFO - Processing /home/airflow/.local/lib/python3.7/site-packages/airflow/example_dags/example_sla_dag.py took 0.112 seconds
[2024-02-11 12:19:23,301] {processor.py:153} INFO - Started process (PID=434) to work on /home/airflow/.local/lib/python3.7/site-packages/airflow/example_dags/example_sla_dag.py
[2024-02-11 12:19:23,302] {processor.py:641} INFO - Processing file /home/airflow/.local/lib/python3.7/site-packages/airflow/example_dags/example_sla_dag.py for tasks to queue
[2024-02-11 12:19:23,304] {logging_mixin.py:115} INFO - [2024-02-11 12:19:23,303] {dagbag.py:507} INFO - Filling up the DagBag from /home/airflow/.local/lib/python3.7/site-packages/airflow/example_dags/example_sla_dag.py
[2024-02-11 12:19:23,321] {processor.py:651} INFO - DAG(s) dict_keys(['example_sla_dag']) retrieved from /home/airflow/.local/lib/python3.7/site-packages/airflow/example_dags/example_sla_dag.py
[2024-02-11 12:19:23,349] {logging_mixin.py:115} INFO - [2024-02-11 12:19:23,349] {dag.py:2371} INFO - Sync 1 DAGs
[2024-02-11 12:19:23,366] {logging_mixin.py:115} INFO - [2024-02-11 12:19:23,366] {dag.py:2919} INFO - Setting next_dagrun for example_sla_dag to 2024-02-11T12:16:00+00:00, run_after=2024-02-11T12:18:00+00:00
[2024-02-11 12:19:23,375] {processor.py:161} INFO - Processing /home/airflow/.local/lib/python3.7/site-packages/airflow/example_dags/example_sla_dag.py took 0.077 seconds
[2024-02-11 12:19:54,207] {processor.py:153} INFO - Started process (PID=489) to work on /home/airflow/.local/lib/python3.7/site-packages/airflow/example_dags/example_sla_dag.py
[2024-02-11 12:19:54,208] {processor.py:641} INFO - Processing file /home/airflow/.local/lib/python3.7/site-packages/airflow/example_dags/example_sla_dag.py for tasks to queue
[2024-02-11 12:19:54,209] {logging_mixin.py:115} INFO - [2024-02-11 12:19:54,209] {dagbag.py:507} INFO - Filling up the DagBag from /home/airflow/.local/lib/python3.7/site-packages/airflow/example_dags/example_sla_dag.py
[2024-02-11 12:19:54,221] {processor.py:651} INFO - DAG(s) dict_keys(['example_sla_dag']) retrieved from /home/airflow/.local/lib/python3.7/site-packages/airflow/example_dags/example_sla_dag.py
[2024-02-11 12:19:54,234] {logging_mixin.py:115} INFO - [2024-02-11 12:19:54,234] {dag.py:2371} INFO - Sync 1 DAGs
[2024-02-11 12:19:54,244] {logging_mixin.py:115} INFO - [2024-02-11 12:19:54,244] {dag.py:2919} INFO - Setting next_dagrun for example_sla_dag to 2024-02-11T12:16:00+00:00, run_after=2024-02-11T12:18:00+00:00
[2024-02-11 12:19:54,250] {processor.py:161} INFO - Processing /home/airflow/.local/lib/python3.7/site-packages/airflow/example_dags/example_sla_dag.py took 0.044 seconds
[2024-02-11 12:20:25,048] {processor.py:153} INFO - Started process (PID=553) to work on /home/airflow/.local/lib/python3.7/site-packages/airflow/example_dags/example_sla_dag.py
[2024-02-11 12:20:25,049] {processor.py:641} INFO - Processing file /home/airflow/.local/lib/python3.7/site-packages/airflow/example_dags/example_sla_dag.py for tasks to queue
[2024-02-11 12:20:25,050] {logging_mixin.py:115} INFO - [2024-02-11 12:20:25,050] {dagbag.py:507} INFO - Filling up the DagBag from /home/airflow/.local/lib/python3.7/site-packages/airflow/example_dags/example_sla_dag.py
[2024-02-11 12:20:25,062] {processor.py:651} INFO - DAG(s) dict_keys(['example_sla_dag']) retrieved from /home/airflow/.local/lib/python3.7/site-packages/airflow/example_dags/example_sla_dag.py
[2024-02-11 12:20:25,074] {logging_mixin.py:115} INFO - [2024-02-11 12:20:25,074] {dag.py:2371} INFO - Sync 1 DAGs
[2024-02-11 12:20:25,086] {logging_mixin.py:115} INFO - [2024-02-11 12:20:25,086] {dag.py:2919} INFO - Setting next_dagrun for example_sla_dag to 2024-02-11T12:18:00+00:00, run_after=2024-02-11T12:20:00+00:00
[2024-02-11 12:20:25,092] {processor.py:161} INFO - Processing /home/airflow/.local/lib/python3.7/site-packages/airflow/example_dags/example_sla_dag.py took 0.045 seconds
[2024-02-11 12:20:55,692] {processor.py:153} INFO - Started process (PID=617) to work on /home/airflow/.local/lib/python3.7/site-packages/airflow/example_dags/example_sla_dag.py
[2024-02-11 12:20:55,694] {processor.py:641} INFO - Processing file /home/airflow/.local/lib/python3.7/site-packages/airflow/example_dags/example_sla_dag.py for tasks to queue
[2024-02-11 12:20:55,695] {logging_mixin.py:115} INFO - [2024-02-11 12:20:55,695] {dagbag.py:507} INFO - Filling up the DagBag from /home/airflow/.local/lib/python3.7/site-packages/airflow/example_dags/example_sla_dag.py
[2024-02-11 12:20:55,736] {processor.py:651} INFO - DAG(s) dict_keys(['example_sla_dag']) retrieved from /home/airflow/.local/lib/python3.7/site-packages/airflow/example_dags/example_sla_dag.py
[2024-02-11 12:20:55,768] {logging_mixin.py:115} INFO - [2024-02-11 12:20:55,768] {dag.py:2371} INFO - Sync 1 DAGs
[2024-02-11 12:20:55,802] {logging_mixin.py:115} INFO - [2024-02-11 12:20:55,802] {dag.py:2919} INFO - Setting next_dagrun for example_sla_dag to 2024-02-11T12:18:00+00:00, run_after=2024-02-11T12:20:00+00:00
[2024-02-11 12:20:55,811] {processor.py:161} INFO - Processing /home/airflow/.local/lib/python3.7/site-packages/airflow/example_dags/example_sla_dag.py took 0.122 seconds
[2024-02-11 12:21:26,657] {processor.py:153} INFO - Started process (PID=671) to work on /home/airflow/.local/lib/python3.7/site-packages/airflow/example_dags/example_sla_dag.py
[2024-02-11 12:21:26,657] {processor.py:641} INFO - Processing file /home/airflow/.local/lib/python3.7/site-packages/airflow/example_dags/example_sla_dag.py for tasks to queue
[2024-02-11 12:21:26,658] {logging_mixin.py:115} INFO - [2024-02-11 12:21:26,658] {dagbag.py:507} INFO - Filling up the DagBag from /home/airflow/.local/lib/python3.7/site-packages/airflow/example_dags/example_sla_dag.py
[2024-02-11 12:21:26,682] {processor.py:651} INFO - DAG(s) dict_keys(['example_sla_dag']) retrieved from /home/airflow/.local/lib/python3.7/site-packages/airflow/example_dags/example_sla_dag.py
[2024-02-11 12:21:26,699] {logging_mixin.py:115} INFO - [2024-02-11 12:21:26,699] {dag.py:2371} INFO - Sync 1 DAGs
[2024-02-11 12:21:26,710] {logging_mixin.py:115} INFO - [2024-02-11 12:21:26,710] {dag.py:2919} INFO - Setting next_dagrun for example_sla_dag to 2024-02-11T12:18:00+00:00, run_after=2024-02-11T12:20:00+00:00
[2024-02-11 12:21:26,716] {processor.py:161} INFO - Processing /home/airflow/.local/lib/python3.7/site-packages/airflow/example_dags/example_sla_dag.py took 0.061 seconds
[2024-02-11 12:21:57,906] {processor.py:153} INFO - Started process (PID=738) to work on /home/airflow/.local/lib/python3.7/site-packages/airflow/example_dags/example_sla_dag.py
[2024-02-11 12:21:57,907] {processor.py:641} INFO - Processing file /home/airflow/.local/lib/python3.7/site-packages/airflow/example_dags/example_sla_dag.py for tasks to queue
[2024-02-11 12:21:57,907] {logging_mixin.py:115} INFO - [2024-02-11 12:21:57,907] {dagbag.py:507} INFO - Filling up the DagBag from /home/airflow/.local/lib/python3.7/site-packages/airflow/example_dags/example_sla_dag.py
[2024-02-11 12:21:57,915] {processor.py:651} INFO - DAG(s) dict_keys(['example_sla_dag']) retrieved from /home/airflow/.local/lib/python3.7/site-packages/airflow/example_dags/example_sla_dag.py
[2024-02-11 12:21:57,927] {logging_mixin.py:115} INFO - [2024-02-11 12:21:57,927] {dag.py:2371} INFO - Sync 1 DAGs
[2024-02-11 12:21:57,940] {logging_mixin.py:115} INFO - [2024-02-11 12:21:57,940] {dag.py:2919} INFO - Setting next_dagrun for example_sla_dag to 2024-02-11T12:18:00+00:00, run_after=2024-02-11T12:20:00+00:00
[2024-02-11 12:21:57,945] {processor.py:161} INFO - Processing /home/airflow/.local/lib/python3.7/site-packages/airflow/example_dags/example_sla_dag.py took 0.041 seconds
[2024-02-11 12:23:19,975] {processor.py:153} INFO - Started process (PID=59) to work on /home/airflow/.local/lib/python3.7/site-packages/airflow/example_dags/example_sla_dag.py
[2024-02-11 12:23:19,981] {processor.py:641} INFO - Processing file /home/airflow/.local/lib/python3.7/site-packages/airflow/example_dags/example_sla_dag.py for tasks to queue
[2024-02-11 12:23:19,984] {logging_mixin.py:115} INFO - [2024-02-11 12:23:19,984] {dagbag.py:507} INFO - Filling up the DagBag from /home/airflow/.local/lib/python3.7/site-packages/airflow/example_dags/example_sla_dag.py
[2024-02-11 12:23:20,001] {processor.py:651} INFO - DAG(s) dict_keys(['example_sla_dag']) retrieved from /home/airflow/.local/lib/python3.7/site-packages/airflow/example_dags/example_sla_dag.py
[2024-02-11 12:23:20,038] {logging_mixin.py:115} INFO - [2024-02-11 12:23:20,038] {dag.py:2371} INFO - Sync 1 DAGs
[2024-02-11 12:23:20,078] {logging_mixin.py:115} INFO - [2024-02-11 12:23:20,078] {dag.py:2919} INFO - Setting next_dagrun for example_sla_dag to 2024-02-11T12:20:00+00:00, run_after=2024-02-11T12:22:00+00:00
[2024-02-11 12:23:20,098] {processor.py:161} INFO - Processing /home/airflow/.local/lib/python3.7/site-packages/airflow/example_dags/example_sla_dag.py took 0.128 seconds
[2024-02-11 12:24:15,990] {processor.py:153} INFO - Started process (PID=68) to work on /home/airflow/.local/lib/python3.7/site-packages/airflow/example_dags/example_sla_dag.py
[2024-02-11 12:24:15,992] {processor.py:641} INFO - Processing file /home/airflow/.local/lib/python3.7/site-packages/airflow/example_dags/example_sla_dag.py for tasks to queue
[2024-02-11 12:24:15,995] {logging_mixin.py:115} INFO - [2024-02-11 12:24:15,995] {dagbag.py:507} INFO - Filling up the DagBag from /home/airflow/.local/lib/python3.7/site-packages/airflow/example_dags/example_sla_dag.py
[2024-02-11 12:24:16,017] {processor.py:651} INFO - DAG(s) dict_keys(['example_sla_dag']) retrieved from /home/airflow/.local/lib/python3.7/site-packages/airflow/example_dags/example_sla_dag.py
[2024-02-11 12:24:16,096] {logging_mixin.py:115} INFO - [2024-02-11 12:24:16,096] {dag.py:2371} INFO - Sync 1 DAGs
[2024-02-11 12:24:16,135] {logging_mixin.py:115} INFO - [2024-02-11 12:24:16,135] {dag.py:2919} INFO - Setting next_dagrun for example_sla_dag to 2024-02-11T12:22:00+00:00, run_after=2024-02-11T12:24:00+00:00
[2024-02-11 12:24:16,714] {processor.py:161} INFO - Processing /home/airflow/.local/lib/python3.7/site-packages/airflow/example_dags/example_sla_dag.py took 0.727 seconds
[2024-02-11 12:24:47,109] {processor.py:153} INFO - Started process (PID=122) to work on /home/airflow/.local/lib/python3.7/site-packages/airflow/example_dags/example_sla_dag.py
[2024-02-11 12:24:47,110] {processor.py:641} INFO - Processing file /home/airflow/.local/lib/python3.7/site-packages/airflow/example_dags/example_sla_dag.py for tasks to queue
[2024-02-11 12:24:47,110] {logging_mixin.py:115} INFO - [2024-02-11 12:24:47,110] {dagbag.py:507} INFO - Filling up the DagBag from /home/airflow/.local/lib/python3.7/site-packages/airflow/example_dags/example_sla_dag.py
[2024-02-11 12:24:47,155] {processor.py:651} INFO - DAG(s) dict_keys(['example_sla_dag']) retrieved from /home/airflow/.local/lib/python3.7/site-packages/airflow/example_dags/example_sla_dag.py
[2024-02-11 12:24:47,268] {logging_mixin.py:115} INFO - [2024-02-11 12:24:47,268] {dag.py:2371} INFO - Sync 1 DAGs
[2024-02-11 12:24:47,335] {logging_mixin.py:115} INFO - [2024-02-11 12:24:47,335] {dag.py:2919} INFO - Setting next_dagrun for example_sla_dag to 2024-02-11T12:22:00+00:00, run_after=2024-02-11T12:24:00+00:00
[2024-02-11 12:24:47,616] {processor.py:161} INFO - Processing /home/airflow/.local/lib/python3.7/site-packages/airflow/example_dags/example_sla_dag.py took 0.509 seconds
[2024-02-11 12:25:18,110] {processor.py:153} INFO - Started process (PID=197) to work on /home/airflow/.local/lib/python3.7/site-packages/airflow/example_dags/example_sla_dag.py
[2024-02-11 12:25:18,111] {processor.py:641} INFO - Processing file /home/airflow/.local/lib/python3.7/site-packages/airflow/example_dags/example_sla_dag.py for tasks to queue
[2024-02-11 12:25:18,112] {logging_mixin.py:115} INFO - [2024-02-11 12:25:18,112] {dagbag.py:507} INFO - Filling up the DagBag from /home/airflow/.local/lib/python3.7/site-packages/airflow/example_dags/example_sla_dag.py
[2024-02-11 12:25:18,136] {processor.py:651} INFO - DAG(s) dict_keys(['example_sla_dag']) retrieved from /home/airflow/.local/lib/python3.7/site-packages/airflow/example_dags/example_sla_dag.py
[2024-02-11 12:25:18,173] {logging_mixin.py:115} INFO - [2024-02-11 12:25:18,172] {dag.py:2371} INFO - Sync 1 DAGs
[2024-02-11 12:25:18,211] {logging_mixin.py:115} INFO - [2024-02-11 12:25:18,211] {dag.py:2919} INFO - Setting next_dagrun for example_sla_dag to 2024-02-11T12:22:00+00:00, run_after=2024-02-11T12:24:00+00:00
[2024-02-11 12:25:18,567] {processor.py:161} INFO - Processing /home/airflow/.local/lib/python3.7/site-packages/airflow/example_dags/example_sla_dag.py took 0.458 seconds
[2024-02-11 12:25:49,121] {processor.py:153} INFO - Started process (PID=256) to work on /home/airflow/.local/lib/python3.7/site-packages/airflow/example_dags/example_sla_dag.py
[2024-02-11 12:25:49,126] {processor.py:641} INFO - Processing file /home/airflow/.local/lib/python3.7/site-packages/airflow/example_dags/example_sla_dag.py for tasks to queue
[2024-02-11 12:25:49,127] {logging_mixin.py:115} INFO - [2024-02-11 12:25:49,127] {dagbag.py:507} INFO - Filling up the DagBag from /home/airflow/.local/lib/python3.7/site-packages/airflow/example_dags/example_sla_dag.py
[2024-02-11 12:25:49,145] {processor.py:651} INFO - DAG(s) dict_keys(['example_sla_dag']) retrieved from /home/airflow/.local/lib/python3.7/site-packages/airflow/example_dags/example_sla_dag.py
[2024-02-11 12:25:49,162] {logging_mixin.py:115} INFO - [2024-02-11 12:25:49,162] {dag.py:2371} INFO - Sync 1 DAGs
[2024-02-11 12:25:49,177] {logging_mixin.py:115} INFO - [2024-02-11 12:25:49,177] {dag.py:2919} INFO - Setting next_dagrun for example_sla_dag to 2024-02-11T12:22:00+00:00, run_after=2024-02-11T12:24:00+00:00
[2024-02-11 12:25:49,281] {processor.py:161} INFO - Processing /home/airflow/.local/lib/python3.7/site-packages/airflow/example_dags/example_sla_dag.py took 0.163 seconds
[2024-02-11 12:26:19,819] {processor.py:153} INFO - Started process (PID=321) to work on /home/airflow/.local/lib/python3.7/site-packages/airflow/example_dags/example_sla_dag.py
[2024-02-11 12:26:19,820] {processor.py:641} INFO - Processing file /home/airflow/.local/lib/python3.7/site-packages/airflow/example_dags/example_sla_dag.py for tasks to queue
[2024-02-11 12:26:19,820] {logging_mixin.py:115} INFO - [2024-02-11 12:26:19,820] {dagbag.py:507} INFO - Filling up the DagBag from /home/airflow/.local/lib/python3.7/site-packages/airflow/example_dags/example_sla_dag.py
[2024-02-11 12:26:19,831] {processor.py:651} INFO - DAG(s) dict_keys(['example_sla_dag']) retrieved from /home/airflow/.local/lib/python3.7/site-packages/airflow/example_dags/example_sla_dag.py
[2024-02-11 12:26:19,843] {logging_mixin.py:115} INFO - [2024-02-11 12:26:19,843] {dag.py:2371} INFO - Sync 1 DAGs
[2024-02-11 12:26:19,857] {logging_mixin.py:115} INFO - [2024-02-11 12:26:19,857] {dag.py:2919} INFO - Setting next_dagrun for example_sla_dag to 2024-02-11T12:24:00+00:00, run_after=2024-02-11T12:26:00+00:00
[2024-02-11 12:26:19,949] {processor.py:161} INFO - Processing /home/airflow/.local/lib/python3.7/site-packages/airflow/example_dags/example_sla_dag.py took 0.131 seconds
[2024-02-11 12:26:50,242] {processor.py:153} INFO - Started process (PID=383) to work on /home/airflow/.local/lib/python3.7/site-packages/airflow/example_dags/example_sla_dag.py
[2024-02-11 12:26:50,243] {processor.py:641} INFO - Processing file /home/airflow/.local/lib/python3.7/site-packages/airflow/example_dags/example_sla_dag.py for tasks to queue
[2024-02-11 12:26:50,244] {logging_mixin.py:115} INFO - [2024-02-11 12:26:50,244] {dagbag.py:507} INFO - Filling up the DagBag from /home/airflow/.local/lib/python3.7/site-packages/airflow/example_dags/example_sla_dag.py
[2024-02-11 12:26:50,260] {processor.py:651} INFO - DAG(s) dict_keys(['example_sla_dag']) retrieved from /home/airflow/.local/lib/python3.7/site-packages/airflow/example_dags/example_sla_dag.py
[2024-02-11 12:26:50,275] {logging_mixin.py:115} INFO - [2024-02-11 12:26:50,275] {dag.py:2371} INFO - Sync 1 DAGs
[2024-02-11 12:26:50,302] {logging_mixin.py:115} INFO - [2024-02-11 12:26:50,301] {dag.py:2919} INFO - Setting next_dagrun for example_sla_dag to 2024-02-11T12:24:00+00:00, run_after=2024-02-11T12:26:00+00:00
[2024-02-11 12:26:50,448] {processor.py:161} INFO - Processing /home/airflow/.local/lib/python3.7/site-packages/airflow/example_dags/example_sla_dag.py took 0.207 seconds
[2024-02-11 12:27:20,606] {processor.py:153} INFO - Started process (PID=443) to work on /home/airflow/.local/lib/python3.7/site-packages/airflow/example_dags/example_sla_dag.py
[2024-02-11 12:27:20,607] {processor.py:641} INFO - Processing file /home/airflow/.local/lib/python3.7/site-packages/airflow/example_dags/example_sla_dag.py for tasks to queue
[2024-02-11 12:27:20,607] {logging_mixin.py:115} INFO - [2024-02-11 12:27:20,607] {dagbag.py:507} INFO - Filling up the DagBag from /home/airflow/.local/lib/python3.7/site-packages/airflow/example_dags/example_sla_dag.py
[2024-02-11 12:27:20,616] {processor.py:651} INFO - DAG(s) dict_keys(['example_sla_dag']) retrieved from /home/airflow/.local/lib/python3.7/site-packages/airflow/example_dags/example_sla_dag.py
[2024-02-11 12:27:20,631] {logging_mixin.py:115} INFO - [2024-02-11 12:27:20,631] {dag.py:2371} INFO - Sync 1 DAGs
[2024-02-11 12:27:20,647] {logging_mixin.py:115} INFO - [2024-02-11 12:27:20,646] {dag.py:2919} INFO - Setting next_dagrun for example_sla_dag to 2024-02-11T12:24:00+00:00, run_after=2024-02-11T12:26:00+00:00
[2024-02-11 12:27:20,808] {processor.py:161} INFO - Processing /home/airflow/.local/lib/python3.7/site-packages/airflow/example_dags/example_sla_dag.py took 0.206 seconds
[2024-02-11 12:27:50,970] {processor.py:153} INFO - Started process (PID=507) to work on /home/airflow/.local/lib/python3.7/site-packages/airflow/example_dags/example_sla_dag.py
[2024-02-11 12:27:50,972] {processor.py:641} INFO - Processing file /home/airflow/.local/lib/python3.7/site-packages/airflow/example_dags/example_sla_dag.py for tasks to queue
[2024-02-11 12:27:50,972] {logging_mixin.py:115} INFO - [2024-02-11 12:27:50,972] {dagbag.py:507} INFO - Filling up the DagBag from /home/airflow/.local/lib/python3.7/site-packages/airflow/example_dags/example_sla_dag.py
[2024-02-11 12:27:50,992] {processor.py:651} INFO - DAG(s) dict_keys(['example_sla_dag']) retrieved from /home/airflow/.local/lib/python3.7/site-packages/airflow/example_dags/example_sla_dag.py
[2024-02-11 12:27:51,011] {logging_mixin.py:115} INFO - [2024-02-11 12:27:51,011] {dag.py:2371} INFO - Sync 1 DAGs
[2024-02-11 12:27:51,030] {logging_mixin.py:115} INFO - [2024-02-11 12:27:51,030] {dag.py:2919} INFO - Setting next_dagrun for example_sla_dag to 2024-02-11T12:24:00+00:00, run_after=2024-02-11T12:26:00+00:00
[2024-02-11 12:27:51,130] {processor.py:161} INFO - Processing /home/airflow/.local/lib/python3.7/site-packages/airflow/example_dags/example_sla_dag.py took 0.165 seconds
[2024-02-11 12:28:22,228] {processor.py:153} INFO - Started process (PID=574) to work on /home/airflow/.local/lib/python3.7/site-packages/airflow/example_dags/example_sla_dag.py
[2024-02-11 12:28:22,230] {processor.py:641} INFO - Processing file /home/airflow/.local/lib/python3.7/site-packages/airflow/example_dags/example_sla_dag.py for tasks to queue
[2024-02-11 12:28:22,231] {logging_mixin.py:115} INFO - [2024-02-11 12:28:22,231] {dagbag.py:507} INFO - Filling up the DagBag from /home/airflow/.local/lib/python3.7/site-packages/airflow/example_dags/example_sla_dag.py
[2024-02-11 12:28:22,246] {processor.py:651} INFO - DAG(s) dict_keys(['example_sla_dag']) retrieved from /home/airflow/.local/lib/python3.7/site-packages/airflow/example_dags/example_sla_dag.py
[2024-02-11 12:28:22,260] {logging_mixin.py:115} INFO - [2024-02-11 12:28:22,260] {dag.py:2371} INFO - Sync 1 DAGs
[2024-02-11 12:28:22,272] {logging_mixin.py:115} INFO - [2024-02-11 12:28:22,272] {dag.py:2919} INFO - Setting next_dagrun for example_sla_dag to 2024-02-11T12:26:00+00:00, run_after=2024-02-11T12:28:00+00:00
[2024-02-11 12:28:22,340] {processor.py:161} INFO - Processing /home/airflow/.local/lib/python3.7/site-packages/airflow/example_dags/example_sla_dag.py took 0.114 seconds
[2024-02-11 12:28:53,642] {processor.py:153} INFO - Started process (PID=638) to work on /home/airflow/.local/lib/python3.7/site-packages/airflow/example_dags/example_sla_dag.py
[2024-02-11 12:28:53,643] {processor.py:641} INFO - Processing file /home/airflow/.local/lib/python3.7/site-packages/airflow/example_dags/example_sla_dag.py for tasks to queue
[2024-02-11 12:28:53,643] {logging_mixin.py:115} INFO - [2024-02-11 12:28:53,643] {dagbag.py:507} INFO - Filling up the DagBag from /home/airflow/.local/lib/python3.7/site-packages/airflow/example_dags/example_sla_dag.py
[2024-02-11 12:28:53,660] {processor.py:651} INFO - DAG(s) dict_keys(['example_sla_dag']) retrieved from /home/airflow/.local/lib/python3.7/site-packages/airflow/example_dags/example_sla_dag.py
[2024-02-11 12:28:53,678] {logging_mixin.py:115} INFO - [2024-02-11 12:28:53,678] {dag.py:2371} INFO - Sync 1 DAGs
[2024-02-11 12:28:53,693] {logging_mixin.py:115} INFO - [2024-02-11 12:28:53,692] {dag.py:2919} INFO - Setting next_dagrun for example_sla_dag to 2024-02-11T12:26:00+00:00, run_after=2024-02-11T12:28:00+00:00
[2024-02-11 12:28:53,807] {processor.py:161} INFO - Processing /home/airflow/.local/lib/python3.7/site-packages/airflow/example_dags/example_sla_dag.py took 0.167 seconds
[2024-02-11 12:29:24,520] {processor.py:153} INFO - Started process (PID=707) to work on /home/airflow/.local/lib/python3.7/site-packages/airflow/example_dags/example_sla_dag.py
[2024-02-11 12:29:24,521] {processor.py:641} INFO - Processing file /home/airflow/.local/lib/python3.7/site-packages/airflow/example_dags/example_sla_dag.py for tasks to queue
[2024-02-11 12:29:24,522] {logging_mixin.py:115} INFO - [2024-02-11 12:29:24,522] {dagbag.py:507} INFO - Filling up the DagBag from /home/airflow/.local/lib/python3.7/site-packages/airflow/example_dags/example_sla_dag.py
[2024-02-11 12:29:24,586] {processor.py:651} INFO - DAG(s) dict_keys(['example_sla_dag']) retrieved from /home/airflow/.local/lib/python3.7/site-packages/airflow/example_dags/example_sla_dag.py
[2024-02-11 12:29:24,640] {logging_mixin.py:115} INFO - [2024-02-11 12:29:24,639] {dag.py:2371} INFO - Sync 1 DAGs
[2024-02-11 12:29:25,493] {logging_mixin.py:115} INFO - [2024-02-11 12:29:25,493] {dag.py:2919} INFO - Setting next_dagrun for example_sla_dag to 2024-02-11T12:26:00+00:00, run_after=2024-02-11T12:28:00+00:00
[2024-02-11 12:29:25,500] {processor.py:161} INFO - Processing /home/airflow/.local/lib/python3.7/site-packages/airflow/example_dags/example_sla_dag.py took 0.987 seconds
[2024-02-11 12:29:56,154] {processor.py:153} INFO - Started process (PID=762) to work on /home/airflow/.local/lib/python3.7/site-packages/airflow/example_dags/example_sla_dag.py
[2024-02-11 12:29:56,156] {processor.py:641} INFO - Processing file /home/airflow/.local/lib/python3.7/site-packages/airflow/example_dags/example_sla_dag.py for tasks to queue
[2024-02-11 12:29:56,157] {logging_mixin.py:115} INFO - [2024-02-11 12:29:56,157] {dagbag.py:507} INFO - Filling up the DagBag from /home/airflow/.local/lib/python3.7/site-packages/airflow/example_dags/example_sla_dag.py
[2024-02-11 12:29:56,190] {processor.py:651} INFO - DAG(s) dict_keys(['example_sla_dag']) retrieved from /home/airflow/.local/lib/python3.7/site-packages/airflow/example_dags/example_sla_dag.py
[2024-02-11 12:29:56,240] {logging_mixin.py:115} INFO - [2024-02-11 12:29:56,240] {dag.py:2371} INFO - Sync 1 DAGs
[2024-02-11 12:29:56,548] {logging_mixin.py:115} INFO - [2024-02-11 12:29:56,548] {dag.py:2919} INFO - Setting next_dagrun for example_sla_dag to 2024-02-11T12:26:00+00:00, run_after=2024-02-11T12:28:00+00:00
[2024-02-11 12:29:56,573] {processor.py:161} INFO - Processing /home/airflow/.local/lib/python3.7/site-packages/airflow/example_dags/example_sla_dag.py took 0.425 seconds
[2024-02-11 12:30:27,434] {processor.py:153} INFO - Started process (PID=830) to work on /home/airflow/.local/lib/python3.7/site-packages/airflow/example_dags/example_sla_dag.py
[2024-02-11 12:30:27,439] {processor.py:641} INFO - Processing file /home/airflow/.local/lib/python3.7/site-packages/airflow/example_dags/example_sla_dag.py for tasks to queue
[2024-02-11 12:30:27,441] {logging_mixin.py:115} INFO - [2024-02-11 12:30:27,440] {dagbag.py:507} INFO - Filling up the DagBag from /home/airflow/.local/lib/python3.7/site-packages/airflow/example_dags/example_sla_dag.py
[2024-02-11 12:30:27,482] {processor.py:651} INFO - DAG(s) dict_keys(['example_sla_dag']) retrieved from /home/airflow/.local/lib/python3.7/site-packages/airflow/example_dags/example_sla_dag.py
[2024-02-11 12:30:27,528] {logging_mixin.py:115} INFO - [2024-02-11 12:30:27,528] {dag.py:2371} INFO - Sync 1 DAGs
[2024-02-11 12:30:28,444] {logging_mixin.py:115} INFO - [2024-02-11 12:30:28,443] {dag.py:2919} INFO - Setting next_dagrun for example_sla_dag to 2024-02-11T12:28:00+00:00, run_after=2024-02-11T12:30:00+00:00
[2024-02-11 12:30:28,464] {processor.py:161} INFO - Processing /home/airflow/.local/lib/python3.7/site-packages/airflow/example_dags/example_sla_dag.py took 1.039 seconds
[2024-02-11 12:30:58,977] {processor.py:153} INFO - Started process (PID=893) to work on /home/airflow/.local/lib/python3.7/site-packages/airflow/example_dags/example_sla_dag.py
[2024-02-11 12:30:58,979] {processor.py:641} INFO - Processing file /home/airflow/.local/lib/python3.7/site-packages/airflow/example_dags/example_sla_dag.py for tasks to queue
[2024-02-11 12:30:58,982] {logging_mixin.py:115} INFO - [2024-02-11 12:30:58,982] {dagbag.py:507} INFO - Filling up the DagBag from /home/airflow/.local/lib/python3.7/site-packages/airflow/example_dags/example_sla_dag.py
[2024-02-11 12:30:59,029] {processor.py:651} INFO - DAG(s) dict_keys(['example_sla_dag']) retrieved from /home/airflow/.local/lib/python3.7/site-packages/airflow/example_dags/example_sla_dag.py
[2024-02-11 12:30:59,065] {logging_mixin.py:115} INFO - [2024-02-11 12:30:59,065] {dag.py:2371} INFO - Sync 1 DAGs
[2024-02-11 12:30:59,263] {logging_mixin.py:115} INFO - [2024-02-11 12:30:59,263] {dag.py:2919} INFO - Setting next_dagrun for example_sla_dag to 2024-02-11T12:28:00+00:00, run_after=2024-02-11T12:30:00+00:00
[2024-02-11 12:30:59,270] {processor.py:161} INFO - Processing /home/airflow/.local/lib/python3.7/site-packages/airflow/example_dags/example_sla_dag.py took 0.299 seconds
[2024-02-11 12:31:29,330] {processor.py:153} INFO - Started process (PID=963) to work on /home/airflow/.local/lib/python3.7/site-packages/airflow/example_dags/example_sla_dag.py
[2024-02-11 12:31:29,333] {processor.py:641} INFO - Processing file /home/airflow/.local/lib/python3.7/site-packages/airflow/example_dags/example_sla_dag.py for tasks to queue
[2024-02-11 12:31:29,335] {logging_mixin.py:115} INFO - [2024-02-11 12:31:29,334] {dagbag.py:507} INFO - Filling up the DagBag from /home/airflow/.local/lib/python3.7/site-packages/airflow/example_dags/example_sla_dag.py
[2024-02-11 12:31:29,370] {processor.py:651} INFO - DAG(s) dict_keys(['example_sla_dag']) retrieved from /home/airflow/.local/lib/python3.7/site-packages/airflow/example_dags/example_sla_dag.py
[2024-02-11 12:31:29,393] {logging_mixin.py:115} INFO - [2024-02-11 12:31:29,393] {dag.py:2371} INFO - Sync 1 DAGs
[2024-02-11 12:31:29,495] {logging_mixin.py:115} INFO - [2024-02-11 12:31:29,495] {dag.py:2919} INFO - Setting next_dagrun for example_sla_dag to 2024-02-11T12:28:00+00:00, run_after=2024-02-11T12:30:00+00:00
[2024-02-11 12:31:29,500] {processor.py:161} INFO - Processing /home/airflow/.local/lib/python3.7/site-packages/airflow/example_dags/example_sla_dag.py took 0.179 seconds
[2024-02-11 12:31:59,908] {processor.py:153} INFO - Started process (PID=1027) to work on /home/airflow/.local/lib/python3.7/site-packages/airflow/example_dags/example_sla_dag.py
[2024-02-11 12:31:59,911] {processor.py:641} INFO - Processing file /home/airflow/.local/lib/python3.7/site-packages/airflow/example_dags/example_sla_dag.py for tasks to queue
[2024-02-11 12:31:59,913] {logging_mixin.py:115} INFO - [2024-02-11 12:31:59,912] {dagbag.py:507} INFO - Filling up the DagBag from /home/airflow/.local/lib/python3.7/site-packages/airflow/example_dags/example_sla_dag.py
[2024-02-11 12:31:59,952] {processor.py:651} INFO - DAG(s) dict_keys(['example_sla_dag']) retrieved from /home/airflow/.local/lib/python3.7/site-packages/airflow/example_dags/example_sla_dag.py
[2024-02-11 12:31:59,972] {logging_mixin.py:115} INFO - [2024-02-11 12:31:59,972] {dag.py:2371} INFO - Sync 1 DAGs
[2024-02-11 12:32:00,159] {logging_mixin.py:115} INFO - [2024-02-11 12:32:00,159] {dag.py:2919} INFO - Setting next_dagrun for example_sla_dag to 2024-02-11T12:30:00+00:00, run_after=2024-02-11T12:32:00+00:00
[2024-02-11 12:32:00,166] {processor.py:161} INFO - Processing /home/airflow/.local/lib/python3.7/site-packages/airflow/example_dags/example_sla_dag.py took 0.267 seconds
[2024-02-11 12:32:30,715] {processor.py:153} INFO - Started process (PID=1088) to work on /home/airflow/.local/lib/python3.7/site-packages/airflow/example_dags/example_sla_dag.py
[2024-02-11 12:32:30,717] {processor.py:641} INFO - Processing file /home/airflow/.local/lib/python3.7/site-packages/airflow/example_dags/example_sla_dag.py for tasks to queue
[2024-02-11 12:32:30,718] {logging_mixin.py:115} INFO - [2024-02-11 12:32:30,718] {dagbag.py:507} INFO - Filling up the DagBag from /home/airflow/.local/lib/python3.7/site-packages/airflow/example_dags/example_sla_dag.py
[2024-02-11 12:32:30,739] {processor.py:651} INFO - DAG(s) dict_keys(['example_sla_dag']) retrieved from /home/airflow/.local/lib/python3.7/site-packages/airflow/example_dags/example_sla_dag.py
[2024-02-11 12:32:30,758] {logging_mixin.py:115} INFO - [2024-02-11 12:32:30,758] {dag.py:2371} INFO - Sync 1 DAGs
[2024-02-11 12:32:30,849] {logging_mixin.py:115} INFO - [2024-02-11 12:32:30,848] {dag.py:2919} INFO - Setting next_dagrun for example_sla_dag to 2024-02-11T12:30:00+00:00, run_after=2024-02-11T12:32:00+00:00
[2024-02-11 12:32:30,854] {processor.py:161} INFO - Processing /home/airflow/.local/lib/python3.7/site-packages/airflow/example_dags/example_sla_dag.py took 0.145 seconds
[2024-02-11 12:33:01,536] {processor.py:153} INFO - Started process (PID=1155) to work on /home/airflow/.local/lib/python3.7/site-packages/airflow/example_dags/example_sla_dag.py
[2024-02-11 12:33:01,538] {processor.py:641} INFO - Processing file /home/airflow/.local/lib/python3.7/site-packages/airflow/example_dags/example_sla_dag.py for tasks to queue
[2024-02-11 12:33:01,539] {logging_mixin.py:115} INFO - [2024-02-11 12:33:01,539] {dagbag.py:507} INFO - Filling up the DagBag from /home/airflow/.local/lib/python3.7/site-packages/airflow/example_dags/example_sla_dag.py
[2024-02-11 12:33:01,557] {processor.py:651} INFO - DAG(s) dict_keys(['example_sla_dag']) retrieved from /home/airflow/.local/lib/python3.7/site-packages/airflow/example_dags/example_sla_dag.py
[2024-02-11 12:33:01,581] {logging_mixin.py:115} INFO - [2024-02-11 12:33:01,581] {dag.py:2371} INFO - Sync 1 DAGs
[2024-02-11 12:33:02,079] {logging_mixin.py:115} INFO - [2024-02-11 12:33:02,079] {dag.py:2919} INFO - Setting next_dagrun for example_sla_dag to 2024-02-11T12:30:00+00:00, run_after=2024-02-11T12:32:00+00:00
[2024-02-11 12:33:02,099] {processor.py:161} INFO - Processing /home/airflow/.local/lib/python3.7/site-packages/airflow/example_dags/example_sla_dag.py took 0.579 seconds
[2024-02-11 12:55:37,396] {processor.py:153} INFO - Started process (PID=1235) to work on /home/airflow/.local/lib/python3.7/site-packages/airflow/example_dags/example_sla_dag.py
[2024-02-11 12:55:37,415] {processor.py:641} INFO - Processing file /home/airflow/.local/lib/python3.7/site-packages/airflow/example_dags/example_sla_dag.py for tasks to queue
[2024-02-11 12:55:37,435] {logging_mixin.py:115} INFO - [2024-02-11 12:55:37,435] {dagbag.py:507} INFO - Filling up the DagBag from /home/airflow/.local/lib/python3.7/site-packages/airflow/example_dags/example_sla_dag.py
[2024-02-11 12:55:37,560] {processor.py:651} INFO - DAG(s) dict_keys(['example_sla_dag']) retrieved from /home/airflow/.local/lib/python3.7/site-packages/airflow/example_dags/example_sla_dag.py
[2024-02-11 12:55:37,732] {logging_mixin.py:115} INFO - [2024-02-11 12:55:37,732] {dag.py:2371} INFO - Sync 1 DAGs
[2024-02-11 12:55:38,460] {logging_mixin.py:115} INFO - [2024-02-11 12:55:38,460] {dag.py:2919} INFO - Setting next_dagrun for example_sla_dag to 2024-02-11T12:52:00+00:00, run_after=2024-02-11T12:54:00+00:00
[2024-02-11 12:55:38,471] {processor.py:161} INFO - Processing /home/airflow/.local/lib/python3.7/site-packages/airflow/example_dags/example_sla_dag.py took 1.159 seconds
[2024-02-11 12:56:08,584] {processor.py:153} INFO - Started process (PID=1294) to work on /home/airflow/.local/lib/python3.7/site-packages/airflow/example_dags/example_sla_dag.py
[2024-02-11 12:56:08,585] {processor.py:641} INFO - Processing file /home/airflow/.local/lib/python3.7/site-packages/airflow/example_dags/example_sla_dag.py for tasks to queue
[2024-02-11 12:56:08,585] {logging_mixin.py:115} INFO - [2024-02-11 12:56:08,585] {dagbag.py:507} INFO - Filling up the DagBag from /home/airflow/.local/lib/python3.7/site-packages/airflow/example_dags/example_sla_dag.py
[2024-02-11 12:56:08,593] {processor.py:651} INFO - DAG(s) dict_keys(['example_sla_dag']) retrieved from /home/airflow/.local/lib/python3.7/site-packages/airflow/example_dags/example_sla_dag.py
[2024-02-11 12:56:08,609] {logging_mixin.py:115} INFO - [2024-02-11 12:56:08,609] {dag.py:2371} INFO - Sync 1 DAGs
[2024-02-11 12:56:08,720] {logging_mixin.py:115} INFO - [2024-02-11 12:56:08,719] {dag.py:2919} INFO - Setting next_dagrun for example_sla_dag to 2024-02-11T12:54:00+00:00, run_after=2024-02-11T12:56:00+00:00
[2024-02-11 12:56:08,727] {processor.py:161} INFO - Processing /home/airflow/.local/lib/python3.7/site-packages/airflow/example_dags/example_sla_dag.py took 0.144 seconds
[2024-02-11 12:56:39,512] {processor.py:153} INFO - Started process (PID=1357) to work on /home/airflow/.local/lib/python3.7/site-packages/airflow/example_dags/example_sla_dag.py
[2024-02-11 12:56:39,514] {processor.py:641} INFO - Processing file /home/airflow/.local/lib/python3.7/site-packages/airflow/example_dags/example_sla_dag.py for tasks to queue
[2024-02-11 12:56:39,514] {logging_mixin.py:115} INFO - [2024-02-11 12:56:39,514] {dagbag.py:507} INFO - Filling up the DagBag from /home/airflow/.local/lib/python3.7/site-packages/airflow/example_dags/example_sla_dag.py
[2024-02-11 12:56:39,524] {processor.py:651} INFO - DAG(s) dict_keys(['example_sla_dag']) retrieved from /home/airflow/.local/lib/python3.7/site-packages/airflow/example_dags/example_sla_dag.py
[2024-02-11 12:56:39,538] {logging_mixin.py:115} INFO - [2024-02-11 12:56:39,538] {dag.py:2371} INFO - Sync 1 DAGs
[2024-02-11 12:56:39,719] {logging_mixin.py:115} INFO - [2024-02-11 12:56:39,719] {dag.py:2919} INFO - Setting next_dagrun for example_sla_dag to 2024-02-11T12:54:00+00:00, run_after=2024-02-11T12:56:00+00:00
[2024-02-11 12:56:39,734] {processor.py:161} INFO - Processing /home/airflow/.local/lib/python3.7/site-packages/airflow/example_dags/example_sla_dag.py took 0.225 seconds
[2024-02-11 13:46:23,247] {processor.py:153} INFO - Started process (PID=1420) to work on /home/airflow/.local/lib/python3.7/site-packages/airflow/example_dags/example_sla_dag.py
[2024-02-11 13:46:23,251] {processor.py:641} INFO - Processing file /home/airflow/.local/lib/python3.7/site-packages/airflow/example_dags/example_sla_dag.py for tasks to queue
[2024-02-11 13:46:23,255] {logging_mixin.py:115} INFO - [2024-02-11 13:46:23,255] {dagbag.py:507} INFO - Filling up the DagBag from /home/airflow/.local/lib/python3.7/site-packages/airflow/example_dags/example_sla_dag.py
[2024-02-11 13:46:23,286] {processor.py:651} INFO - DAG(s) dict_keys(['example_sla_dag']) retrieved from /home/airflow/.local/lib/python3.7/site-packages/airflow/example_dags/example_sla_dag.py
[2024-02-11 13:46:23,624] {logging_mixin.py:115} INFO - [2024-02-11 13:46:23,624] {dag.py:2371} INFO - Sync 1 DAGs
[2024-02-11 13:46:23,654] {logging_mixin.py:115} INFO - [2024-02-11 13:46:23,654] {dag.py:2919} INFO - Setting next_dagrun for example_sla_dag to 2024-02-11T13:44:00+00:00, run_after=2024-02-11T13:46:00+00:00
[2024-02-11 13:46:23,672] {processor.py:161} INFO - Processing /home/airflow/.local/lib/python3.7/site-packages/airflow/example_dags/example_sla_dag.py took 0.434 seconds
[2024-02-11 14:33:12,424] {processor.py:153} INFO - Started process (PID=1478) to work on /home/airflow/.local/lib/python3.7/site-packages/airflow/example_dags/example_sla_dag.py
[2024-02-11 14:33:12,428] {processor.py:641} INFO - Processing file /home/airflow/.local/lib/python3.7/site-packages/airflow/example_dags/example_sla_dag.py for tasks to queue
[2024-02-11 14:33:12,435] {logging_mixin.py:115} INFO - [2024-02-11 14:33:12,435] {dagbag.py:507} INFO - Filling up the DagBag from /home/airflow/.local/lib/python3.7/site-packages/airflow/example_dags/example_sla_dag.py
[2024-02-11 14:33:12,480] {processor.py:651} INFO - DAG(s) dict_keys(['example_sla_dag']) retrieved from /home/airflow/.local/lib/python3.7/site-packages/airflow/example_dags/example_sla_dag.py
[2024-02-11 14:33:12,757] {logging_mixin.py:115} INFO - [2024-02-11 14:33:12,757] {dag.py:2371} INFO - Sync 1 DAGs
[2024-02-11 14:33:12,800] {logging_mixin.py:115} INFO - [2024-02-11 14:33:12,800] {dag.py:2919} INFO - Setting next_dagrun for example_sla_dag to 2024-02-11T14:30:00+00:00, run_after=2024-02-11T14:32:00+00:00
[2024-02-11 14:33:12,819] {processor.py:161} INFO - Processing /home/airflow/.local/lib/python3.7/site-packages/airflow/example_dags/example_sla_dag.py took 0.402 seconds
[2024-02-11 14:33:43,104] {processor.py:153} INFO - Started process (PID=1541) to work on /home/airflow/.local/lib/python3.7/site-packages/airflow/example_dags/example_sla_dag.py
[2024-02-11 14:33:43,106] {processor.py:641} INFO - Processing file /home/airflow/.local/lib/python3.7/site-packages/airflow/example_dags/example_sla_dag.py for tasks to queue
[2024-02-11 14:33:43,107] {logging_mixin.py:115} INFO - [2024-02-11 14:33:43,107] {dagbag.py:507} INFO - Filling up the DagBag from /home/airflow/.local/lib/python3.7/site-packages/airflow/example_dags/example_sla_dag.py
[2024-02-11 14:33:43,120] {processor.py:651} INFO - DAG(s) dict_keys(['example_sla_dag']) retrieved from /home/airflow/.local/lib/python3.7/site-packages/airflow/example_dags/example_sla_dag.py
[2024-02-11 14:33:43,215] {logging_mixin.py:115} INFO - [2024-02-11 14:33:43,215] {dag.py:2371} INFO - Sync 1 DAGs
[2024-02-11 14:33:43,226] {logging_mixin.py:115} INFO - [2024-02-11 14:33:43,226] {dag.py:2919} INFO - Setting next_dagrun for example_sla_dag to 2024-02-11T14:30:00+00:00, run_after=2024-02-11T14:32:00+00:00
[2024-02-11 14:33:43,230] {processor.py:161} INFO - Processing /home/airflow/.local/lib/python3.7/site-packages/airflow/example_dags/example_sla_dag.py took 0.129 seconds
[2024-02-11 14:42:42,438] {processor.py:153} INFO - Started process (PID=1622) to work on /home/airflow/.local/lib/python3.7/site-packages/airflow/example_dags/example_sla_dag.py
[2024-02-11 14:42:42,443] {processor.py:641} INFO - Processing file /home/airflow/.local/lib/python3.7/site-packages/airflow/example_dags/example_sla_dag.py for tasks to queue
[2024-02-11 14:42:42,450] {logging_mixin.py:115} INFO - [2024-02-11 14:42:42,450] {dagbag.py:507} INFO - Filling up the DagBag from /home/airflow/.local/lib/python3.7/site-packages/airflow/example_dags/example_sla_dag.py
[2024-02-11 14:42:42,756] {processor.py:651} INFO - DAG(s) dict_keys(['example_sla_dag']) retrieved from /home/airflow/.local/lib/python3.7/site-packages/airflow/example_dags/example_sla_dag.py
[2024-02-11 14:42:42,985] {logging_mixin.py:115} INFO - [2024-02-11 14:42:42,984] {dag.py:2371} INFO - Sync 1 DAGs
[2024-02-11 14:42:43,201] {logging_mixin.py:115} INFO - [2024-02-11 14:42:43,201] {dag.py:2919} INFO - Setting next_dagrun for example_sla_dag to 2024-02-11T14:40:00+00:00, run_after=2024-02-11T14:42:00+00:00
[2024-02-11 14:42:43,362] {processor.py:161} INFO - Processing /home/airflow/.local/lib/python3.7/site-packages/airflow/example_dags/example_sla_dag.py took 1.005 seconds
[2024-02-11 14:58:30,554] {processor.py:153} INFO - Started process (PID=1694) to work on /home/airflow/.local/lib/python3.7/site-packages/airflow/example_dags/example_sla_dag.py
[2024-02-11 14:58:30,559] {processor.py:641} INFO - Processing file /home/airflow/.local/lib/python3.7/site-packages/airflow/example_dags/example_sla_dag.py for tasks to queue
[2024-02-11 14:58:30,563] {logging_mixin.py:115} INFO - [2024-02-11 14:58:30,563] {dagbag.py:507} INFO - Filling up the DagBag from /home/airflow/.local/lib/python3.7/site-packages/airflow/example_dags/example_sla_dag.py
[2024-02-11 14:58:30,633] {processor.py:651} INFO - DAG(s) dict_keys(['example_sla_dag']) retrieved from /home/airflow/.local/lib/python3.7/site-packages/airflow/example_dags/example_sla_dag.py
[2024-02-11 14:58:30,696] {logging_mixin.py:115} INFO - [2024-02-11 14:58:30,696] {dag.py:2371} INFO - Sync 1 DAGs
[2024-02-11 14:58:30,766] {logging_mixin.py:115} INFO - [2024-02-11 14:58:30,766] {dag.py:2919} INFO - Setting next_dagrun for example_sla_dag to 2024-02-11T14:56:00+00:00, run_after=2024-02-11T14:58:00+00:00
[2024-02-11 14:58:30,803] {processor.py:161} INFO - Processing /home/airflow/.local/lib/python3.7/site-packages/airflow/example_dags/example_sla_dag.py took 0.261 seconds
[2024-02-11 15:34:11,044] {processor.py:153} INFO - Started process (PID=1760) to work on /home/airflow/.local/lib/python3.7/site-packages/airflow/example_dags/example_sla_dag.py
[2024-02-11 15:34:11,048] {processor.py:641} INFO - Processing file /home/airflow/.local/lib/python3.7/site-packages/airflow/example_dags/example_sla_dag.py for tasks to queue
[2024-02-11 15:34:11,051] {logging_mixin.py:115} INFO - [2024-02-11 15:34:11,051] {dagbag.py:507} INFO - Filling up the DagBag from /home/airflow/.local/lib/python3.7/site-packages/airflow/example_dags/example_sla_dag.py
[2024-02-11 15:34:11,117] {processor.py:651} INFO - DAG(s) dict_keys(['example_sla_dag']) retrieved from /home/airflow/.local/lib/python3.7/site-packages/airflow/example_dags/example_sla_dag.py
[2024-02-11 15:34:11,236] {logging_mixin.py:115} INFO - [2024-02-11 15:34:11,235] {dag.py:2371} INFO - Sync 1 DAGs
[2024-02-11 15:34:11,334] {logging_mixin.py:115} INFO - [2024-02-11 15:34:11,334] {dag.py:2919} INFO - Setting next_dagrun for example_sla_dag to 2024-02-11T15:32:00+00:00, run_after=2024-02-11T15:34:00+00:00
[2024-02-11 15:34:11,363] {processor.py:161} INFO - Processing /home/airflow/.local/lib/python3.7/site-packages/airflow/example_dags/example_sla_dag.py took 0.323 seconds
[2024-02-11 15:34:41,629] {processor.py:153} INFO - Started process (PID=1824) to work on /home/airflow/.local/lib/python3.7/site-packages/airflow/example_dags/example_sla_dag.py
[2024-02-11 15:34:41,630] {processor.py:641} INFO - Processing file /home/airflow/.local/lib/python3.7/site-packages/airflow/example_dags/example_sla_dag.py for tasks to queue
[2024-02-11 15:34:41,630] {logging_mixin.py:115} INFO - [2024-02-11 15:34:41,630] {dagbag.py:507} INFO - Filling up the DagBag from /home/airflow/.local/lib/python3.7/site-packages/airflow/example_dags/example_sla_dag.py
[2024-02-11 15:34:41,640] {processor.py:651} INFO - DAG(s) dict_keys(['example_sla_dag']) retrieved from /home/airflow/.local/lib/python3.7/site-packages/airflow/example_dags/example_sla_dag.py
[2024-02-11 15:34:41,654] {logging_mixin.py:115} INFO - [2024-02-11 15:34:41,654] {dag.py:2371} INFO - Sync 1 DAGs
[2024-02-11 15:34:41,670] {logging_mixin.py:115} INFO - [2024-02-11 15:34:41,670] {dag.py:2919} INFO - Setting next_dagrun for example_sla_dag to 2024-02-11T15:32:00+00:00, run_after=2024-02-11T15:34:00+00:00
[2024-02-11 15:34:41,676] {processor.py:161} INFO - Processing /home/airflow/.local/lib/python3.7/site-packages/airflow/example_dags/example_sla_dag.py took 0.049 seconds
[2024-02-11 15:41:16,031] {processor.py:153} INFO - Started process (PID=1904) to work on /home/airflow/.local/lib/python3.7/site-packages/airflow/example_dags/example_sla_dag.py
[2024-02-11 15:41:16,038] {processor.py:641} INFO - Processing file /home/airflow/.local/lib/python3.7/site-packages/airflow/example_dags/example_sla_dag.py for tasks to queue
[2024-02-11 15:41:16,050] {logging_mixin.py:115} INFO - [2024-02-11 15:41:16,050] {dagbag.py:507} INFO - Filling up the DagBag from /home/airflow/.local/lib/python3.7/site-packages/airflow/example_dags/example_sla_dag.py
[2024-02-11 15:41:16,251] {processor.py:651} INFO - DAG(s) dict_keys(['example_sla_dag']) retrieved from /home/airflow/.local/lib/python3.7/site-packages/airflow/example_dags/example_sla_dag.py
[2024-02-11 15:41:16,692] {logging_mixin.py:115} INFO - [2024-02-11 15:41:16,691] {dag.py:2371} INFO - Sync 1 DAGs
[2024-02-11 15:41:16,887] {logging_mixin.py:115} INFO - [2024-02-11 15:41:16,883] {dag.py:2919} INFO - Setting next_dagrun for example_sla_dag to 2024-02-11T15:38:00+00:00, run_after=2024-02-11T15:40:00+00:00
[2024-02-11 15:41:16,958] {processor.py:161} INFO - Processing /home/airflow/.local/lib/python3.7/site-packages/airflow/example_dags/example_sla_dag.py took 0.967 seconds
[2024-02-11 16:05:35,655] {processor.py:153} INFO - Started process (PID=1969) to work on /home/airflow/.local/lib/python3.7/site-packages/airflow/example_dags/example_sla_dag.py
[2024-02-11 16:05:35,657] {processor.py:641} INFO - Processing file /home/airflow/.local/lib/python3.7/site-packages/airflow/example_dags/example_sla_dag.py for tasks to queue
[2024-02-11 16:05:35,658] {logging_mixin.py:115} INFO - [2024-02-11 16:05:35,658] {dagbag.py:507} INFO - Filling up the DagBag from /home/airflow/.local/lib/python3.7/site-packages/airflow/example_dags/example_sla_dag.py
[2024-02-11 16:05:35,672] {processor.py:651} INFO - DAG(s) dict_keys(['example_sla_dag']) retrieved from /home/airflow/.local/lib/python3.7/site-packages/airflow/example_dags/example_sla_dag.py
[2024-02-11 16:05:35,710] {logging_mixin.py:115} INFO - [2024-02-11 16:05:35,710] {dag.py:2371} INFO - Sync 1 DAGs
[2024-02-11 16:05:35,735] {logging_mixin.py:115} INFO - [2024-02-11 16:05:35,735] {dag.py:2919} INFO - Setting next_dagrun for example_sla_dag to 2024-02-11T16:02:00+00:00, run_after=2024-02-11T16:04:00+00:00
[2024-02-11 16:05:35,743] {processor.py:161} INFO - Processing /home/airflow/.local/lib/python3.7/site-packages/airflow/example_dags/example_sla_dag.py took 0.091 seconds
[2024-02-11 16:06:17,833] {processor.py:153} INFO - Started process (PID=2036) to work on /home/airflow/.local/lib/python3.7/site-packages/airflow/example_dags/example_sla_dag.py
[2024-02-11 16:06:17,835] {processor.py:641} INFO - Processing file /home/airflow/.local/lib/python3.7/site-packages/airflow/example_dags/example_sla_dag.py for tasks to queue
[2024-02-11 16:06:17,835] {logging_mixin.py:115} INFO - [2024-02-11 16:06:17,835] {dagbag.py:507} INFO - Filling up the DagBag from /home/airflow/.local/lib/python3.7/site-packages/airflow/example_dags/example_sla_dag.py
[2024-02-11 16:06:17,848] {processor.py:651} INFO - DAG(s) dict_keys(['example_sla_dag']) retrieved from /home/airflow/.local/lib/python3.7/site-packages/airflow/example_dags/example_sla_dag.py
[2024-02-11 16:06:17,885] {logging_mixin.py:115} INFO - [2024-02-11 16:06:17,885] {dag.py:2371} INFO - Sync 1 DAGs
[2024-02-11 16:06:17,905] {logging_mixin.py:115} INFO - [2024-02-11 16:06:17,905] {dag.py:2919} INFO - Setting next_dagrun for example_sla_dag to 2024-02-11T16:04:00+00:00, run_after=2024-02-11T16:06:00+00:00
[2024-02-11 16:06:17,913] {processor.py:161} INFO - Processing /home/airflow/.local/lib/python3.7/site-packages/airflow/example_dags/example_sla_dag.py took 0.083 seconds
[2024-02-11 16:06:48,019] {processor.py:153} INFO - Started process (PID=2099) to work on /home/airflow/.local/lib/python3.7/site-packages/airflow/example_dags/example_sla_dag.py
[2024-02-11 16:06:48,020] {processor.py:641} INFO - Processing file /home/airflow/.local/lib/python3.7/site-packages/airflow/example_dags/example_sla_dag.py for tasks to queue
[2024-02-11 16:06:48,020] {logging_mixin.py:115} INFO - [2024-02-11 16:06:48,020] {dagbag.py:507} INFO - Filling up the DagBag from /home/airflow/.local/lib/python3.7/site-packages/airflow/example_dags/example_sla_dag.py
[2024-02-11 16:06:48,030] {processor.py:651} INFO - DAG(s) dict_keys(['example_sla_dag']) retrieved from /home/airflow/.local/lib/python3.7/site-packages/airflow/example_dags/example_sla_dag.py
[2024-02-11 16:06:48,042] {logging_mixin.py:115} INFO - [2024-02-11 16:06:48,042] {dag.py:2371} INFO - Sync 1 DAGs
[2024-02-11 16:06:48,054] {logging_mixin.py:115} INFO - [2024-02-11 16:06:48,054] {dag.py:2919} INFO - Setting next_dagrun for example_sla_dag to 2024-02-11T16:04:00+00:00, run_after=2024-02-11T16:06:00+00:00
[2024-02-11 16:06:48,060] {processor.py:161} INFO - Processing /home/airflow/.local/lib/python3.7/site-packages/airflow/example_dags/example_sla_dag.py took 0.042 seconds
[2024-02-11 16:07:18,366] {processor.py:153} INFO - Started process (PID=2158) to work on /home/airflow/.local/lib/python3.7/site-packages/airflow/example_dags/example_sla_dag.py
[2024-02-11 16:07:18,367] {processor.py:641} INFO - Processing file /home/airflow/.local/lib/python3.7/site-packages/airflow/example_dags/example_sla_dag.py for tasks to queue
[2024-02-11 16:07:18,368] {logging_mixin.py:115} INFO - [2024-02-11 16:07:18,368] {dagbag.py:507} INFO - Filling up the DagBag from /home/airflow/.local/lib/python3.7/site-packages/airflow/example_dags/example_sla_dag.py
[2024-02-11 16:07:18,377] {processor.py:651} INFO - DAG(s) dict_keys(['example_sla_dag']) retrieved from /home/airflow/.local/lib/python3.7/site-packages/airflow/example_dags/example_sla_dag.py
[2024-02-11 16:07:18,392] {logging_mixin.py:115} INFO - [2024-02-11 16:07:18,392] {dag.py:2371} INFO - Sync 1 DAGs
[2024-02-11 16:07:18,405] {logging_mixin.py:115} INFO - [2024-02-11 16:07:18,405] {dag.py:2919} INFO - Setting next_dagrun for example_sla_dag to 2024-02-11T16:04:00+00:00, run_after=2024-02-11T16:06:00+00:00
[2024-02-11 16:07:18,410] {processor.py:161} INFO - Processing /home/airflow/.local/lib/python3.7/site-packages/airflow/example_dags/example_sla_dag.py took 0.046 seconds
[2024-02-11 16:07:49,652] {processor.py:153} INFO - Started process (PID=2222) to work on /home/airflow/.local/lib/python3.7/site-packages/airflow/example_dags/example_sla_dag.py
[2024-02-11 16:07:49,654] {processor.py:641} INFO - Processing file /home/airflow/.local/lib/python3.7/site-packages/airflow/example_dags/example_sla_dag.py for tasks to queue
[2024-02-11 16:07:49,655] {logging_mixin.py:115} INFO - [2024-02-11 16:07:49,655] {dagbag.py:507} INFO - Filling up the DagBag from /home/airflow/.local/lib/python3.7/site-packages/airflow/example_dags/example_sla_dag.py
[2024-02-11 16:07:49,672] {processor.py:651} INFO - DAG(s) dict_keys(['example_sla_dag']) retrieved from /home/airflow/.local/lib/python3.7/site-packages/airflow/example_dags/example_sla_dag.py
[2024-02-11 16:07:49,687] {logging_mixin.py:115} INFO - [2024-02-11 16:07:49,687] {dag.py:2371} INFO - Sync 1 DAGs
[2024-02-11 16:07:49,705] {logging_mixin.py:115} INFO - [2024-02-11 16:07:49,705] {dag.py:2919} INFO - Setting next_dagrun for example_sla_dag to 2024-02-11T16:04:00+00:00, run_after=2024-02-11T16:06:00+00:00
[2024-02-11 16:07:49,712] {processor.py:161} INFO - Processing /home/airflow/.local/lib/python3.7/site-packages/airflow/example_dags/example_sla_dag.py took 0.064 seconds
[2024-02-11 16:08:20,511] {processor.py:153} INFO - Started process (PID=2289) to work on /home/airflow/.local/lib/python3.7/site-packages/airflow/example_dags/example_sla_dag.py
[2024-02-11 16:08:20,515] {processor.py:641} INFO - Processing file /home/airflow/.local/lib/python3.7/site-packages/airflow/example_dags/example_sla_dag.py for tasks to queue
[2024-02-11 16:08:20,517] {logging_mixin.py:115} INFO - [2024-02-11 16:08:20,517] {dagbag.py:507} INFO - Filling up the DagBag from /home/airflow/.local/lib/python3.7/site-packages/airflow/example_dags/example_sla_dag.py
[2024-02-11 16:08:20,537] {processor.py:651} INFO - DAG(s) dict_keys(['example_sla_dag']) retrieved from /home/airflow/.local/lib/python3.7/site-packages/airflow/example_dags/example_sla_dag.py
[2024-02-11 16:08:20,566] {logging_mixin.py:115} INFO - [2024-02-11 16:08:20,566] {dag.py:2371} INFO - Sync 1 DAGs
[2024-02-11 16:08:20,607] {logging_mixin.py:115} INFO - [2024-02-11 16:08:20,607] {dag.py:2919} INFO - Setting next_dagrun for example_sla_dag to 2024-02-11T16:06:00+00:00, run_after=2024-02-11T16:08:00+00:00
[2024-02-11 16:08:20,623] {processor.py:161} INFO - Processing /home/airflow/.local/lib/python3.7/site-packages/airflow/example_dags/example_sla_dag.py took 0.114 seconds
[2024-02-11 16:08:51,220] {processor.py:153} INFO - Started process (PID=2353) to work on /home/airflow/.local/lib/python3.7/site-packages/airflow/example_dags/example_sla_dag.py
[2024-02-11 16:08:51,221] {processor.py:641} INFO - Processing file /home/airflow/.local/lib/python3.7/site-packages/airflow/example_dags/example_sla_dag.py for tasks to queue
[2024-02-11 16:08:51,222] {logging_mixin.py:115} INFO - [2024-02-11 16:08:51,222] {dagbag.py:507} INFO - Filling up the DagBag from /home/airflow/.local/lib/python3.7/site-packages/airflow/example_dags/example_sla_dag.py
[2024-02-11 16:08:51,232] {processor.py:651} INFO - DAG(s) dict_keys(['example_sla_dag']) retrieved from /home/airflow/.local/lib/python3.7/site-packages/airflow/example_dags/example_sla_dag.py
[2024-02-11 16:08:51,246] {logging_mixin.py:115} INFO - [2024-02-11 16:08:51,246] {dag.py:2371} INFO - Sync 1 DAGs
[2024-02-11 16:08:51,260] {logging_mixin.py:115} INFO - [2024-02-11 16:08:51,260] {dag.py:2919} INFO - Setting next_dagrun for example_sla_dag to 2024-02-11T16:06:00+00:00, run_after=2024-02-11T16:08:00+00:00
[2024-02-11 16:08:51,267] {processor.py:161} INFO - Processing /home/airflow/.local/lib/python3.7/site-packages/airflow/example_dags/example_sla_dag.py took 0.048 seconds
