[2024-02-11 00:01:21,594] {processor.py:153} INFO - Started process (PID=4439) to work on /home/airflow/.local/lib/python3.7/site-packages/airflow/example_dags/example_dag_decorator.py
[2024-02-11 00:01:21,595] {processor.py:641} INFO - Processing file /home/airflow/.local/lib/python3.7/site-packages/airflow/example_dags/example_dag_decorator.py for tasks to queue
[2024-02-11 00:01:21,595] {logging_mixin.py:115} INFO - [2024-02-11 00:01:21,595] {dagbag.py:507} INFO - Filling up the DagBag from /home/airflow/.local/lib/python3.7/site-packages/airflow/example_dags/example_dag_decorator.py
[2024-02-11 00:01:21,608] {processor.py:651} INFO - DAG(s) dict_keys(['example_dag_decorator']) retrieved from /home/airflow/.local/lib/python3.7/site-packages/airflow/example_dags/example_dag_decorator.py
[2024-02-11 00:01:21,818] {logging_mixin.py:115} INFO - [2024-02-11 00:01:21,818] {dag.py:2371} INFO - Sync 1 DAGs
[2024-02-11 00:01:21,829] {logging_mixin.py:115} INFO - [2024-02-11 00:01:21,829] {dag.py:2919} INFO - Setting next_dagrun for example_dag_decorator to None, run_after=None
[2024-02-11 00:01:21,841] {processor.py:161} INFO - Processing /home/airflow/.local/lib/python3.7/site-packages/airflow/example_dags/example_dag_decorator.py took 0.249 seconds
[2024-02-11 00:01:52,462] {processor.py:153} INFO - Started process (PID=4494) to work on /home/airflow/.local/lib/python3.7/site-packages/airflow/example_dags/example_dag_decorator.py
[2024-02-11 00:01:52,462] {processor.py:641} INFO - Processing file /home/airflow/.local/lib/python3.7/site-packages/airflow/example_dags/example_dag_decorator.py for tasks to queue
[2024-02-11 00:01:52,463] {logging_mixin.py:115} INFO - [2024-02-11 00:01:52,462] {dagbag.py:507} INFO - Filling up the DagBag from /home/airflow/.local/lib/python3.7/site-packages/airflow/example_dags/example_dag_decorator.py
[2024-02-11 00:01:52,477] {processor.py:651} INFO - DAG(s) dict_keys(['example_dag_decorator']) retrieved from /home/airflow/.local/lib/python3.7/site-packages/airflow/example_dags/example_dag_decorator.py
[2024-02-11 00:01:52,614] {logging_mixin.py:115} INFO - [2024-02-11 00:01:52,614] {dag.py:2371} INFO - Sync 1 DAGs
[2024-02-11 00:01:52,625] {logging_mixin.py:115} INFO - [2024-02-11 00:01:52,625] {dag.py:2919} INFO - Setting next_dagrun for example_dag_decorator to None, run_after=None
[2024-02-11 00:01:52,636] {processor.py:161} INFO - Processing /home/airflow/.local/lib/python3.7/site-packages/airflow/example_dags/example_dag_decorator.py took 0.176 seconds
[2024-02-11 00:07:06,907] {processor.py:153} INFO - Started process (PID=4563) to work on /home/airflow/.local/lib/python3.7/site-packages/airflow/example_dags/example_dag_decorator.py
[2024-02-11 00:07:06,908] {processor.py:641} INFO - Processing file /home/airflow/.local/lib/python3.7/site-packages/airflow/example_dags/example_dag_decorator.py for tasks to queue
[2024-02-11 00:07:06,908] {logging_mixin.py:115} INFO - [2024-02-11 00:07:06,908] {dagbag.py:507} INFO - Filling up the DagBag from /home/airflow/.local/lib/python3.7/site-packages/airflow/example_dags/example_dag_decorator.py
[2024-02-11 00:07:06,925] {processor.py:651} INFO - DAG(s) dict_keys(['example_dag_decorator']) retrieved from /home/airflow/.local/lib/python3.7/site-packages/airflow/example_dags/example_dag_decorator.py
[2024-02-11 00:07:07,065] {logging_mixin.py:115} INFO - [2024-02-11 00:07:07,064] {dag.py:2371} INFO - Sync 1 DAGs
[2024-02-11 00:07:07,076] {logging_mixin.py:115} INFO - [2024-02-11 00:07:07,075] {dag.py:2919} INFO - Setting next_dagrun for example_dag_decorator to None, run_after=None
[2024-02-11 00:07:07,084] {processor.py:161} INFO - Processing /home/airflow/.local/lib/python3.7/site-packages/airflow/example_dags/example_dag_decorator.py took 0.180 seconds
[2024-02-11 00:07:37,865] {processor.py:153} INFO - Started process (PID=4627) to work on /home/airflow/.local/lib/python3.7/site-packages/airflow/example_dags/example_dag_decorator.py
[2024-02-11 00:07:37,865] {processor.py:641} INFO - Processing file /home/airflow/.local/lib/python3.7/site-packages/airflow/example_dags/example_dag_decorator.py for tasks to queue
[2024-02-11 00:07:37,866] {logging_mixin.py:115} INFO - [2024-02-11 00:07:37,866] {dagbag.py:507} INFO - Filling up the DagBag from /home/airflow/.local/lib/python3.7/site-packages/airflow/example_dags/example_dag_decorator.py
[2024-02-11 00:07:37,880] {processor.py:651} INFO - DAG(s) dict_keys(['example_dag_decorator']) retrieved from /home/airflow/.local/lib/python3.7/site-packages/airflow/example_dags/example_dag_decorator.py
[2024-02-11 00:07:38,023] {logging_mixin.py:115} INFO - [2024-02-11 00:07:38,023] {dag.py:2371} INFO - Sync 1 DAGs
[2024-02-11 00:07:38,032] {logging_mixin.py:115} INFO - [2024-02-11 00:07:38,032] {dag.py:2919} INFO - Setting next_dagrun for example_dag_decorator to None, run_after=None
[2024-02-11 00:07:38,039] {processor.py:161} INFO - Processing /home/airflow/.local/lib/python3.7/site-packages/airflow/example_dags/example_dag_decorator.py took 0.176 seconds
[2024-02-11 00:08:09,378] {processor.py:153} INFO - Started process (PID=4682) to work on /home/airflow/.local/lib/python3.7/site-packages/airflow/example_dags/example_dag_decorator.py
[2024-02-11 00:08:09,379] {processor.py:641} INFO - Processing file /home/airflow/.local/lib/python3.7/site-packages/airflow/example_dags/example_dag_decorator.py for tasks to queue
[2024-02-11 00:08:09,379] {logging_mixin.py:115} INFO - [2024-02-11 00:08:09,379] {dagbag.py:507} INFO - Filling up the DagBag from /home/airflow/.local/lib/python3.7/site-packages/airflow/example_dags/example_dag_decorator.py
[2024-02-11 00:08:09,395] {processor.py:651} INFO - DAG(s) dict_keys(['example_dag_decorator']) retrieved from /home/airflow/.local/lib/python3.7/site-packages/airflow/example_dags/example_dag_decorator.py
[2024-02-11 00:08:09,414] {logging_mixin.py:115} INFO - [2024-02-11 00:08:09,414] {dag.py:2371} INFO - Sync 1 DAGs
[2024-02-11 00:08:09,539] {logging_mixin.py:115} INFO - [2024-02-11 00:08:09,539] {dag.py:2919} INFO - Setting next_dagrun for example_dag_decorator to None, run_after=None
[2024-02-11 00:08:09,547] {processor.py:161} INFO - Processing /home/airflow/.local/lib/python3.7/site-packages/airflow/example_dags/example_dag_decorator.py took 0.171 seconds
[2024-02-11 00:41:54,888] {processor.py:153} INFO - Started process (PID=4752) to work on /home/airflow/.local/lib/python3.7/site-packages/airflow/example_dags/example_dag_decorator.py
[2024-02-11 00:41:54,889] {processor.py:641} INFO - Processing file /home/airflow/.local/lib/python3.7/site-packages/airflow/example_dags/example_dag_decorator.py for tasks to queue
[2024-02-11 00:41:54,889] {logging_mixin.py:115} INFO - [2024-02-11 00:41:54,889] {dagbag.py:507} INFO - Filling up the DagBag from /home/airflow/.local/lib/python3.7/site-packages/airflow/example_dags/example_dag_decorator.py
[2024-02-11 00:41:54,903] {processor.py:651} INFO - DAG(s) dict_keys(['example_dag_decorator']) retrieved from /home/airflow/.local/lib/python3.7/site-packages/airflow/example_dags/example_dag_decorator.py
[2024-02-11 00:41:55,025] {logging_mixin.py:115} INFO - [2024-02-11 00:41:55,025] {dag.py:2371} INFO - Sync 1 DAGs
[2024-02-11 00:41:55,035] {logging_mixin.py:115} INFO - [2024-02-11 00:41:55,035] {dag.py:2919} INFO - Setting next_dagrun for example_dag_decorator to None, run_after=None
[2024-02-11 00:41:55,041] {processor.py:161} INFO - Processing /home/airflow/.local/lib/python3.7/site-packages/airflow/example_dags/example_dag_decorator.py took 0.155 seconds
[2024-02-11 00:58:50,724] {processor.py:153} INFO - Started process (PID=4813) to work on /home/airflow/.local/lib/python3.7/site-packages/airflow/example_dags/example_dag_decorator.py
[2024-02-11 00:58:50,725] {processor.py:641} INFO - Processing file /home/airflow/.local/lib/python3.7/site-packages/airflow/example_dags/example_dag_decorator.py for tasks to queue
[2024-02-11 00:58:50,725] {logging_mixin.py:115} INFO - [2024-02-11 00:58:50,725] {dagbag.py:507} INFO - Filling up the DagBag from /home/airflow/.local/lib/python3.7/site-packages/airflow/example_dags/example_dag_decorator.py
[2024-02-11 00:58:50,740] {processor.py:651} INFO - DAG(s) dict_keys(['example_dag_decorator']) retrieved from /home/airflow/.local/lib/python3.7/site-packages/airflow/example_dags/example_dag_decorator.py
[2024-02-11 00:58:50,896] {logging_mixin.py:115} INFO - [2024-02-11 00:58:50,896] {dag.py:2371} INFO - Sync 1 DAGs
[2024-02-11 00:58:50,906] {logging_mixin.py:115} INFO - [2024-02-11 00:58:50,906] {dag.py:2919} INFO - Setting next_dagrun for example_dag_decorator to None, run_after=None
[2024-02-11 00:58:50,914] {processor.py:161} INFO - Processing /home/airflow/.local/lib/python3.7/site-packages/airflow/example_dags/example_dag_decorator.py took 0.192 seconds
[2024-02-11 02:19:50,547] {processor.py:153} INFO - Started process (PID=4873) to work on /home/airflow/.local/lib/python3.7/site-packages/airflow/example_dags/example_dag_decorator.py
[2024-02-11 02:19:50,547] {processor.py:641} INFO - Processing file /home/airflow/.local/lib/python3.7/site-packages/airflow/example_dags/example_dag_decorator.py for tasks to queue
[2024-02-11 02:19:50,548] {logging_mixin.py:115} INFO - [2024-02-11 02:19:50,548] {dagbag.py:507} INFO - Filling up the DagBag from /home/airflow/.local/lib/python3.7/site-packages/airflow/example_dags/example_dag_decorator.py
[2024-02-11 02:19:50,676] {processor.py:651} INFO - DAG(s) dict_keys(['example_dag_decorator']) retrieved from /home/airflow/.local/lib/python3.7/site-packages/airflow/example_dags/example_dag_decorator.py
[2024-02-11 02:19:50,727] {logging_mixin.py:115} INFO - [2024-02-11 02:19:50,727] {dag.py:2371} INFO - Sync 1 DAGs
[2024-02-11 02:19:50,737] {logging_mixin.py:115} INFO - [2024-02-11 02:19:50,737] {dag.py:2919} INFO - Setting next_dagrun for example_dag_decorator to None, run_after=None
[2024-02-11 02:19:50,745] {processor.py:161} INFO - Processing /home/airflow/.local/lib/python3.7/site-packages/airflow/example_dags/example_dag_decorator.py took 0.200 seconds
[2024-02-11 03:27:03,855] {processor.py:153} INFO - Started process (PID=4943) to work on /home/airflow/.local/lib/python3.7/site-packages/airflow/example_dags/example_dag_decorator.py
[2024-02-11 03:27:03,856] {processor.py:641} INFO - Processing file /home/airflow/.local/lib/python3.7/site-packages/airflow/example_dags/example_dag_decorator.py for tasks to queue
[2024-02-11 03:27:03,856] {logging_mixin.py:115} INFO - [2024-02-11 03:27:03,856] {dagbag.py:507} INFO - Filling up the DagBag from /home/airflow/.local/lib/python3.7/site-packages/airflow/example_dags/example_dag_decorator.py
[2024-02-11 03:27:03,969] {processor.py:651} INFO - DAG(s) dict_keys(['example_dag_decorator']) retrieved from /home/airflow/.local/lib/python3.7/site-packages/airflow/example_dags/example_dag_decorator.py
[2024-02-11 03:27:04,007] {logging_mixin.py:115} INFO - [2024-02-11 03:27:04,007] {dag.py:2371} INFO - Sync 1 DAGs
[2024-02-11 03:27:04,018] {logging_mixin.py:115} INFO - [2024-02-11 03:27:04,018] {dag.py:2919} INFO - Setting next_dagrun for example_dag_decorator to None, run_after=None
[2024-02-11 03:27:04,024] {processor.py:161} INFO - Processing /home/airflow/.local/lib/python3.7/site-packages/airflow/example_dags/example_dag_decorator.py took 0.171 seconds
[2024-02-11 03:32:30,962] {processor.py:153} INFO - Started process (PID=5004) to work on /home/airflow/.local/lib/python3.7/site-packages/airflow/example_dags/example_dag_decorator.py
[2024-02-11 03:32:30,965] {processor.py:641} INFO - Processing file /home/airflow/.local/lib/python3.7/site-packages/airflow/example_dags/example_dag_decorator.py for tasks to queue
[2024-02-11 03:32:30,968] {logging_mixin.py:115} INFO - [2024-02-11 03:32:30,968] {dagbag.py:507} INFO - Filling up the DagBag from /home/airflow/.local/lib/python3.7/site-packages/airflow/example_dags/example_dag_decorator.py
[2024-02-11 03:32:31,189] {processor.py:651} INFO - DAG(s) dict_keys(['example_dag_decorator']) retrieved from /home/airflow/.local/lib/python3.7/site-packages/airflow/example_dags/example_dag_decorator.py
[2024-02-11 03:32:31,847] {logging_mixin.py:115} INFO - [2024-02-11 03:32:31,844] {dag.py:2371} INFO - Sync 1 DAGs
[2024-02-11 03:32:32,431] {logging_mixin.py:115} INFO - [2024-02-11 03:32:32,431] {dag.py:2919} INFO - Setting next_dagrun for example_dag_decorator to None, run_after=None
[2024-02-11 03:32:32,457] {processor.py:161} INFO - Processing /home/airflow/.local/lib/python3.7/site-packages/airflow/example_dags/example_dag_decorator.py took 1.531 seconds
[2024-02-11 04:04:51,245] {processor.py:153} INFO - Started process (PID=5071) to work on /home/airflow/.local/lib/python3.7/site-packages/airflow/example_dags/example_dag_decorator.py
[2024-02-11 04:04:51,246] {processor.py:641} INFO - Processing file /home/airflow/.local/lib/python3.7/site-packages/airflow/example_dags/example_dag_decorator.py for tasks to queue
[2024-02-11 04:04:51,248] {logging_mixin.py:115} INFO - [2024-02-11 04:04:51,247] {dagbag.py:507} INFO - Filling up the DagBag from /home/airflow/.local/lib/python3.7/site-packages/airflow/example_dags/example_dag_decorator.py
[2024-02-11 04:04:51,291] {processor.py:651} INFO - DAG(s) dict_keys(['example_dag_decorator']) retrieved from /home/airflow/.local/lib/python3.7/site-packages/airflow/example_dags/example_dag_decorator.py
[2024-02-11 04:04:51,363] {logging_mixin.py:115} INFO - [2024-02-11 04:04:51,363] {dag.py:2371} INFO - Sync 1 DAGs
[2024-02-11 04:04:51,630] {logging_mixin.py:115} INFO - [2024-02-11 04:04:51,630] {dag.py:2919} INFO - Setting next_dagrun for example_dag_decorator to None, run_after=None
[2024-02-11 04:04:51,641] {processor.py:161} INFO - Processing /home/airflow/.local/lib/python3.7/site-packages/airflow/example_dags/example_dag_decorator.py took 0.401 seconds
[2024-02-11 04:23:11,347] {processor.py:153} INFO - Started process (PID=5140) to work on /home/airflow/.local/lib/python3.7/site-packages/airflow/example_dags/example_dag_decorator.py
[2024-02-11 04:23:11,348] {processor.py:641} INFO - Processing file /home/airflow/.local/lib/python3.7/site-packages/airflow/example_dags/example_dag_decorator.py for tasks to queue
[2024-02-11 04:23:11,349] {logging_mixin.py:115} INFO - [2024-02-11 04:23:11,349] {dagbag.py:507} INFO - Filling up the DagBag from /home/airflow/.local/lib/python3.7/site-packages/airflow/example_dags/example_dag_decorator.py
[2024-02-11 04:23:11,366] {processor.py:651} INFO - DAG(s) dict_keys(['example_dag_decorator']) retrieved from /home/airflow/.local/lib/python3.7/site-packages/airflow/example_dags/example_dag_decorator.py
[2024-02-11 04:23:11,723] {logging_mixin.py:115} INFO - [2024-02-11 04:23:11,722] {dag.py:2371} INFO - Sync 1 DAGs
[2024-02-11 04:23:11,748] {logging_mixin.py:115} INFO - [2024-02-11 04:23:11,748] {dag.py:2919} INFO - Setting next_dagrun for example_dag_decorator to None, run_after=None
[2024-02-11 04:23:11,766] {processor.py:161} INFO - Processing /home/airflow/.local/lib/python3.7/site-packages/airflow/example_dags/example_dag_decorator.py took 0.422 seconds
[2024-02-11 05:29:09,598] {processor.py:153} INFO - Started process (PID=5200) to work on /home/airflow/.local/lib/python3.7/site-packages/airflow/example_dags/example_dag_decorator.py
[2024-02-11 05:29:09,599] {processor.py:641} INFO - Processing file /home/airflow/.local/lib/python3.7/site-packages/airflow/example_dags/example_dag_decorator.py for tasks to queue
[2024-02-11 05:29:09,601] {logging_mixin.py:115} INFO - [2024-02-11 05:29:09,601] {dagbag.py:507} INFO - Filling up the DagBag from /home/airflow/.local/lib/python3.7/site-packages/airflow/example_dags/example_dag_decorator.py
[2024-02-11 05:29:09,631] {processor.py:651} INFO - DAG(s) dict_keys(['example_dag_decorator']) retrieved from /home/airflow/.local/lib/python3.7/site-packages/airflow/example_dags/example_dag_decorator.py
[2024-02-11 05:29:09,887] {logging_mixin.py:115} INFO - [2024-02-11 05:29:09,887] {dag.py:2371} INFO - Sync 1 DAGs
[2024-02-11 05:29:09,908] {logging_mixin.py:115} INFO - [2024-02-11 05:29:09,908] {dag.py:2919} INFO - Setting next_dagrun for example_dag_decorator to None, run_after=None
[2024-02-11 05:29:09,924] {processor.py:161} INFO - Processing /home/airflow/.local/lib/python3.7/site-packages/airflow/example_dags/example_dag_decorator.py took 0.331 seconds
[2024-02-11 05:33:28,043] {processor.py:153} INFO - Started process (PID=5255) to work on /home/airflow/.local/lib/python3.7/site-packages/airflow/example_dags/example_dag_decorator.py
[2024-02-11 05:33:28,045] {processor.py:641} INFO - Processing file /home/airflow/.local/lib/python3.7/site-packages/airflow/example_dags/example_dag_decorator.py for tasks to queue
[2024-02-11 05:33:28,047] {logging_mixin.py:115} INFO - [2024-02-11 05:33:28,046] {dagbag.py:507} INFO - Filling up the DagBag from /home/airflow/.local/lib/python3.7/site-packages/airflow/example_dags/example_dag_decorator.py
[2024-02-11 05:33:28,065] {processor.py:651} INFO - DAG(s) dict_keys(['example_dag_decorator']) retrieved from /home/airflow/.local/lib/python3.7/site-packages/airflow/example_dags/example_dag_decorator.py
[2024-02-11 05:33:28,358] {logging_mixin.py:115} INFO - [2024-02-11 05:33:28,358] {dag.py:2371} INFO - Sync 1 DAGs
[2024-02-11 05:33:28,380] {logging_mixin.py:115} INFO - [2024-02-11 05:33:28,380] {dag.py:2919} INFO - Setting next_dagrun for example_dag_decorator to None, run_after=None
[2024-02-11 05:33:28,390] {processor.py:161} INFO - Processing /home/airflow/.local/lib/python3.7/site-packages/airflow/example_dags/example_dag_decorator.py took 0.350 seconds
[2024-02-11 06:21:40,689] {processor.py:153} INFO - Started process (PID=5323) to work on /home/airflow/.local/lib/python3.7/site-packages/airflow/example_dags/example_dag_decorator.py
[2024-02-11 06:21:40,691] {processor.py:641} INFO - Processing file /home/airflow/.local/lib/python3.7/site-packages/airflow/example_dags/example_dag_decorator.py for tasks to queue
[2024-02-11 06:21:40,692] {logging_mixin.py:115} INFO - [2024-02-11 06:21:40,692] {dagbag.py:507} INFO - Filling up the DagBag from /home/airflow/.local/lib/python3.7/site-packages/airflow/example_dags/example_dag_decorator.py
[2024-02-11 06:21:40,710] {processor.py:651} INFO - DAG(s) dict_keys(['example_dag_decorator']) retrieved from /home/airflow/.local/lib/python3.7/site-packages/airflow/example_dags/example_dag_decorator.py
[2024-02-11 06:21:40,905] {logging_mixin.py:115} INFO - [2024-02-11 06:21:40,905] {dag.py:2371} INFO - Sync 1 DAGs
[2024-02-11 06:21:40,915] {logging_mixin.py:115} INFO - [2024-02-11 06:21:40,915] {dag.py:2919} INFO - Setting next_dagrun for example_dag_decorator to None, run_after=None
[2024-02-11 06:21:40,934] {processor.py:161} INFO - Processing /home/airflow/.local/lib/python3.7/site-packages/airflow/example_dags/example_dag_decorator.py took 0.250 seconds
[2024-02-11 06:34:32,608] {processor.py:153} INFO - Started process (PID=5393) to work on /home/airflow/.local/lib/python3.7/site-packages/airflow/example_dags/example_dag_decorator.py
[2024-02-11 06:34:32,609] {processor.py:641} INFO - Processing file /home/airflow/.local/lib/python3.7/site-packages/airflow/example_dags/example_dag_decorator.py for tasks to queue
[2024-02-11 06:34:32,610] {logging_mixin.py:115} INFO - [2024-02-11 06:34:32,610] {dagbag.py:507} INFO - Filling up the DagBag from /home/airflow/.local/lib/python3.7/site-packages/airflow/example_dags/example_dag_decorator.py
[2024-02-11 06:34:32,626] {processor.py:651} INFO - DAG(s) dict_keys(['example_dag_decorator']) retrieved from /home/airflow/.local/lib/python3.7/site-packages/airflow/example_dags/example_dag_decorator.py
[2024-02-11 06:34:32,844] {logging_mixin.py:115} INFO - [2024-02-11 06:34:32,844] {dag.py:2371} INFO - Sync 1 DAGs
[2024-02-11 06:34:32,859] {logging_mixin.py:115} INFO - [2024-02-11 06:34:32,859] {dag.py:2919} INFO - Setting next_dagrun for example_dag_decorator to None, run_after=None
[2024-02-11 06:34:32,870] {processor.py:161} INFO - Processing /home/airflow/.local/lib/python3.7/site-packages/airflow/example_dags/example_dag_decorator.py took 0.264 seconds
[2024-02-11 07:08:52,068] {processor.py:153} INFO - Started process (PID=5451) to work on /home/airflow/.local/lib/python3.7/site-packages/airflow/example_dags/example_dag_decorator.py
[2024-02-11 07:08:52,069] {processor.py:641} INFO - Processing file /home/airflow/.local/lib/python3.7/site-packages/airflow/example_dags/example_dag_decorator.py for tasks to queue
[2024-02-11 07:08:52,069] {logging_mixin.py:115} INFO - [2024-02-11 07:08:52,069] {dagbag.py:507} INFO - Filling up the DagBag from /home/airflow/.local/lib/python3.7/site-packages/airflow/example_dags/example_dag_decorator.py
[2024-02-11 07:08:52,090] {processor.py:651} INFO - DAG(s) dict_keys(['example_dag_decorator']) retrieved from /home/airflow/.local/lib/python3.7/site-packages/airflow/example_dags/example_dag_decorator.py
[2024-02-11 07:08:52,232] {logging_mixin.py:115} INFO - [2024-02-11 07:08:52,232] {dag.py:2371} INFO - Sync 1 DAGs
[2024-02-11 07:08:52,245] {logging_mixin.py:115} INFO - [2024-02-11 07:08:52,245] {dag.py:2919} INFO - Setting next_dagrun for example_dag_decorator to None, run_after=None
[2024-02-11 07:08:52,254] {processor.py:161} INFO - Processing /home/airflow/.local/lib/python3.7/site-packages/airflow/example_dags/example_dag_decorator.py took 0.189 seconds
[2024-02-11 07:35:27,527] {processor.py:153} INFO - Started process (PID=5520) to work on /home/airflow/.local/lib/python3.7/site-packages/airflow/example_dags/example_dag_decorator.py
[2024-02-11 07:35:27,528] {processor.py:641} INFO - Processing file /home/airflow/.local/lib/python3.7/site-packages/airflow/example_dags/example_dag_decorator.py for tasks to queue
[2024-02-11 07:35:27,528] {logging_mixin.py:115} INFO - [2024-02-11 07:35:27,528] {dagbag.py:507} INFO - Filling up the DagBag from /home/airflow/.local/lib/python3.7/site-packages/airflow/example_dags/example_dag_decorator.py
[2024-02-11 07:35:27,550] {processor.py:651} INFO - DAG(s) dict_keys(['example_dag_decorator']) retrieved from /home/airflow/.local/lib/python3.7/site-packages/airflow/example_dags/example_dag_decorator.py
[2024-02-11 07:35:27,704] {logging_mixin.py:115} INFO - [2024-02-11 07:35:27,704] {dag.py:2371} INFO - Sync 1 DAGs
[2024-02-11 07:35:27,712] {logging_mixin.py:115} INFO - [2024-02-11 07:35:27,712] {dag.py:2919} INFO - Setting next_dagrun for example_dag_decorator to None, run_after=None
[2024-02-11 07:35:27,717] {processor.py:161} INFO - Processing /home/airflow/.local/lib/python3.7/site-packages/airflow/example_dags/example_dag_decorator.py took 0.192 seconds
[2024-02-11 08:02:46,404] {processor.py:153} INFO - Started process (PID=5589) to work on /home/airflow/.local/lib/python3.7/site-packages/airflow/example_dags/example_dag_decorator.py
[2024-02-11 08:02:46,406] {processor.py:641} INFO - Processing file /home/airflow/.local/lib/python3.7/site-packages/airflow/example_dags/example_dag_decorator.py for tasks to queue
[2024-02-11 08:02:46,407] {logging_mixin.py:115} INFO - [2024-02-11 08:02:46,407] {dagbag.py:507} INFO - Filling up the DagBag from /home/airflow/.local/lib/python3.7/site-packages/airflow/example_dags/example_dag_decorator.py
[2024-02-11 08:02:46,426] {processor.py:651} INFO - DAG(s) dict_keys(['example_dag_decorator']) retrieved from /home/airflow/.local/lib/python3.7/site-packages/airflow/example_dags/example_dag_decorator.py
[2024-02-11 08:02:46,626] {logging_mixin.py:115} INFO - [2024-02-11 08:02:46,625] {dag.py:2371} INFO - Sync 1 DAGs
[2024-02-11 08:02:46,636] {logging_mixin.py:115} INFO - [2024-02-11 08:02:46,636] {dag.py:2919} INFO - Setting next_dagrun for example_dag_decorator to None, run_after=None
[2024-02-11 08:02:46,646] {processor.py:161} INFO - Processing /home/airflow/.local/lib/python3.7/site-packages/airflow/example_dags/example_dag_decorator.py took 0.246 seconds
[2024-02-11 08:03:16,982] {processor.py:153} INFO - Started process (PID=5643) to work on /home/airflow/.local/lib/python3.7/site-packages/airflow/example_dags/example_dag_decorator.py
[2024-02-11 08:03:16,983] {processor.py:641} INFO - Processing file /home/airflow/.local/lib/python3.7/site-packages/airflow/example_dags/example_dag_decorator.py for tasks to queue
[2024-02-11 08:03:16,984] {logging_mixin.py:115} INFO - [2024-02-11 08:03:16,984] {dagbag.py:507} INFO - Filling up the DagBag from /home/airflow/.local/lib/python3.7/site-packages/airflow/example_dags/example_dag_decorator.py
[2024-02-11 08:03:16,996] {processor.py:651} INFO - DAG(s) dict_keys(['example_dag_decorator']) retrieved from /home/airflow/.local/lib/python3.7/site-packages/airflow/example_dags/example_dag_decorator.py
[2024-02-11 08:03:17,098] {logging_mixin.py:115} INFO - [2024-02-11 08:03:17,098] {dag.py:2371} INFO - Sync 1 DAGs
[2024-02-11 08:03:17,107] {logging_mixin.py:115} INFO - [2024-02-11 08:03:17,107] {dag.py:2919} INFO - Setting next_dagrun for example_dag_decorator to None, run_after=None
[2024-02-11 08:03:17,113] {processor.py:161} INFO - Processing /home/airflow/.local/lib/python3.7/site-packages/airflow/example_dags/example_dag_decorator.py took 0.132 seconds
[2024-02-11 08:05:40,878] {processor.py:153} INFO - Started process (PID=5698) to work on /home/airflow/.local/lib/python3.7/site-packages/airflow/example_dags/example_dag_decorator.py
[2024-02-11 08:05:40,879] {processor.py:641} INFO - Processing file /home/airflow/.local/lib/python3.7/site-packages/airflow/example_dags/example_dag_decorator.py for tasks to queue
[2024-02-11 08:05:40,879] {logging_mixin.py:115} INFO - [2024-02-11 08:05:40,879] {dagbag.py:507} INFO - Filling up the DagBag from /home/airflow/.local/lib/python3.7/site-packages/airflow/example_dags/example_dag_decorator.py
[2024-02-11 08:05:40,894] {processor.py:651} INFO - DAG(s) dict_keys(['example_dag_decorator']) retrieved from /home/airflow/.local/lib/python3.7/site-packages/airflow/example_dags/example_dag_decorator.py
[2024-02-11 08:05:41,051] {logging_mixin.py:115} INFO - [2024-02-11 08:05:41,050] {dag.py:2371} INFO - Sync 1 DAGs
[2024-02-11 08:05:41,061] {logging_mixin.py:115} INFO - [2024-02-11 08:05:41,061] {dag.py:2919} INFO - Setting next_dagrun for example_dag_decorator to None, run_after=None
[2024-02-11 08:05:41,081] {processor.py:161} INFO - Processing /home/airflow/.local/lib/python3.7/site-packages/airflow/example_dags/example_dag_decorator.py took 0.205 seconds
[2024-02-11 08:06:12,445] {processor.py:153} INFO - Started process (PID=5762) to work on /home/airflow/.local/lib/python3.7/site-packages/airflow/example_dags/example_dag_decorator.py
[2024-02-11 08:06:12,447] {processor.py:641} INFO - Processing file /home/airflow/.local/lib/python3.7/site-packages/airflow/example_dags/example_dag_decorator.py for tasks to queue
[2024-02-11 08:06:12,447] {logging_mixin.py:115} INFO - [2024-02-11 08:06:12,447] {dagbag.py:507} INFO - Filling up the DagBag from /home/airflow/.local/lib/python3.7/site-packages/airflow/example_dags/example_dag_decorator.py
[2024-02-11 08:06:12,471] {processor.py:651} INFO - DAG(s) dict_keys(['example_dag_decorator']) retrieved from /home/airflow/.local/lib/python3.7/site-packages/airflow/example_dags/example_dag_decorator.py
[2024-02-11 08:06:12,680] {logging_mixin.py:115} INFO - [2024-02-11 08:06:12,679] {dag.py:2371} INFO - Sync 1 DAGs
[2024-02-11 08:06:12,703] {logging_mixin.py:115} INFO - [2024-02-11 08:06:12,703] {dag.py:2919} INFO - Setting next_dagrun for example_dag_decorator to None, run_after=None
[2024-02-11 08:06:12,712] {processor.py:161} INFO - Processing /home/airflow/.local/lib/python3.7/site-packages/airflow/example_dags/example_dag_decorator.py took 0.269 seconds
[2024-02-11 08:06:43,340] {processor.py:153} INFO - Started process (PID=5826) to work on /home/airflow/.local/lib/python3.7/site-packages/airflow/example_dags/example_dag_decorator.py
[2024-02-11 08:06:43,341] {processor.py:641} INFO - Processing file /home/airflow/.local/lib/python3.7/site-packages/airflow/example_dags/example_dag_decorator.py for tasks to queue
[2024-02-11 08:06:43,342] {logging_mixin.py:115} INFO - [2024-02-11 08:06:43,342] {dagbag.py:507} INFO - Filling up the DagBag from /home/airflow/.local/lib/python3.7/site-packages/airflow/example_dags/example_dag_decorator.py
[2024-02-11 08:06:43,361] {processor.py:651} INFO - DAG(s) dict_keys(['example_dag_decorator']) retrieved from /home/airflow/.local/lib/python3.7/site-packages/airflow/example_dags/example_dag_decorator.py
[2024-02-11 08:06:43,671] {logging_mixin.py:115} INFO - [2024-02-11 08:06:43,671] {dag.py:2371} INFO - Sync 1 DAGs
[2024-02-11 08:06:43,691] {logging_mixin.py:115} INFO - [2024-02-11 08:06:43,691] {dag.py:2919} INFO - Setting next_dagrun for example_dag_decorator to None, run_after=None
[2024-02-11 08:06:43,703] {processor.py:161} INFO - Processing /home/airflow/.local/lib/python3.7/site-packages/airflow/example_dags/example_dag_decorator.py took 0.366 seconds
[2024-02-11 08:07:14,143] {processor.py:153} INFO - Started process (PID=5890) to work on /home/airflow/.local/lib/python3.7/site-packages/airflow/example_dags/example_dag_decorator.py
[2024-02-11 08:07:14,144] {processor.py:641} INFO - Processing file /home/airflow/.local/lib/python3.7/site-packages/airflow/example_dags/example_dag_decorator.py for tasks to queue
[2024-02-11 08:07:14,144] {logging_mixin.py:115} INFO - [2024-02-11 08:07:14,144] {dagbag.py:507} INFO - Filling up the DagBag from /home/airflow/.local/lib/python3.7/site-packages/airflow/example_dags/example_dag_decorator.py
[2024-02-11 08:07:14,163] {processor.py:651} INFO - DAG(s) dict_keys(['example_dag_decorator']) retrieved from /home/airflow/.local/lib/python3.7/site-packages/airflow/example_dags/example_dag_decorator.py
[2024-02-11 08:07:14,265] {logging_mixin.py:115} INFO - [2024-02-11 08:07:14,265] {dag.py:2371} INFO - Sync 1 DAGs
[2024-02-11 08:07:14,277] {logging_mixin.py:115} INFO - [2024-02-11 08:07:14,277] {dag.py:2919} INFO - Setting next_dagrun for example_dag_decorator to None, run_after=None
[2024-02-11 08:07:14,288] {processor.py:161} INFO - Processing /home/airflow/.local/lib/python3.7/site-packages/airflow/example_dags/example_dag_decorator.py took 0.147 seconds
[2024-02-11 08:07:45,156] {processor.py:153} INFO - Started process (PID=5954) to work on /home/airflow/.local/lib/python3.7/site-packages/airflow/example_dags/example_dag_decorator.py
[2024-02-11 08:07:45,156] {processor.py:641} INFO - Processing file /home/airflow/.local/lib/python3.7/site-packages/airflow/example_dags/example_dag_decorator.py for tasks to queue
[2024-02-11 08:07:45,157] {logging_mixin.py:115} INFO - [2024-02-11 08:07:45,157] {dagbag.py:507} INFO - Filling up the DagBag from /home/airflow/.local/lib/python3.7/site-packages/airflow/example_dags/example_dag_decorator.py
[2024-02-11 08:07:45,240] {processor.py:651} INFO - DAG(s) dict_keys(['example_dag_decorator']) retrieved from /home/airflow/.local/lib/python3.7/site-packages/airflow/example_dags/example_dag_decorator.py
[2024-02-11 08:07:45,265] {logging_mixin.py:115} INFO - [2024-02-11 08:07:45,265] {dag.py:2371} INFO - Sync 1 DAGs
[2024-02-11 08:07:45,275] {logging_mixin.py:115} INFO - [2024-02-11 08:07:45,275] {dag.py:2919} INFO - Setting next_dagrun for example_dag_decorator to None, run_after=None
[2024-02-11 08:07:45,283] {processor.py:161} INFO - Processing /home/airflow/.local/lib/python3.7/site-packages/airflow/example_dags/example_dag_decorator.py took 0.129 seconds
[2024-02-11 08:08:16,209] {processor.py:153} INFO - Started process (PID=6018) to work on /home/airflow/.local/lib/python3.7/site-packages/airflow/example_dags/example_dag_decorator.py
[2024-02-11 08:08:16,210] {processor.py:641} INFO - Processing file /home/airflow/.local/lib/python3.7/site-packages/airflow/example_dags/example_dag_decorator.py for tasks to queue
[2024-02-11 08:08:16,210] {logging_mixin.py:115} INFO - [2024-02-11 08:08:16,210] {dagbag.py:507} INFO - Filling up the DagBag from /home/airflow/.local/lib/python3.7/site-packages/airflow/example_dags/example_dag_decorator.py
[2024-02-11 08:08:16,341] {processor.py:651} INFO - DAG(s) dict_keys(['example_dag_decorator']) retrieved from /home/airflow/.local/lib/python3.7/site-packages/airflow/example_dags/example_dag_decorator.py
[2024-02-11 08:08:16,378] {logging_mixin.py:115} INFO - [2024-02-11 08:08:16,378] {dag.py:2371} INFO - Sync 1 DAGs
[2024-02-11 08:08:16,391] {logging_mixin.py:115} INFO - [2024-02-11 08:08:16,391] {dag.py:2919} INFO - Setting next_dagrun for example_dag_decorator to None, run_after=None
[2024-02-11 08:08:16,401] {processor.py:161} INFO - Processing /home/airflow/.local/lib/python3.7/site-packages/airflow/example_dags/example_dag_decorator.py took 0.199 seconds
[2024-02-11 08:08:53,854] {processor.py:153} INFO - Started process (PID=6082) to work on /home/airflow/.local/lib/python3.7/site-packages/airflow/example_dags/example_dag_decorator.py
[2024-02-11 08:08:53,855] {processor.py:641} INFO - Processing file /home/airflow/.local/lib/python3.7/site-packages/airflow/example_dags/example_dag_decorator.py for tasks to queue
[2024-02-11 08:08:53,857] {logging_mixin.py:115} INFO - [2024-02-11 08:08:53,857] {dagbag.py:507} INFO - Filling up the DagBag from /home/airflow/.local/lib/python3.7/site-packages/airflow/example_dags/example_dag_decorator.py
[2024-02-11 08:08:54,200] {processor.py:651} INFO - DAG(s) dict_keys(['example_dag_decorator']) retrieved from /home/airflow/.local/lib/python3.7/site-packages/airflow/example_dags/example_dag_decorator.py
[2024-02-11 08:08:54,279] {logging_mixin.py:115} INFO - [2024-02-11 08:08:54,279] {dag.py:2371} INFO - Sync 1 DAGs
[2024-02-11 08:08:54,301] {logging_mixin.py:115} INFO - [2024-02-11 08:08:54,301] {dag.py:2919} INFO - Setting next_dagrun for example_dag_decorator to None, run_after=None
[2024-02-11 08:08:54,321] {processor.py:161} INFO - Processing /home/airflow/.local/lib/python3.7/site-packages/airflow/example_dags/example_dag_decorator.py took 0.471 seconds
[2024-02-11 12:16:16,472] {processor.py:153} INFO - Started process (PID=81) to work on /home/airflow/.local/lib/python3.7/site-packages/airflow/example_dags/example_dag_decorator.py
[2024-02-11 12:16:16,478] {processor.py:641} INFO - Processing file /home/airflow/.local/lib/python3.7/site-packages/airflow/example_dags/example_dag_decorator.py for tasks to queue
[2024-02-11 12:16:16,487] {logging_mixin.py:115} INFO - [2024-02-11 12:16:16,486] {dagbag.py:507} INFO - Filling up the DagBag from /home/airflow/.local/lib/python3.7/site-packages/airflow/example_dags/example_dag_decorator.py
[2024-02-11 12:16:16,539] {processor.py:651} INFO - DAG(s) dict_keys(['example_dag_decorator']) retrieved from /home/airflow/.local/lib/python3.7/site-packages/airflow/example_dags/example_dag_decorator.py
[2024-02-11 12:16:18,028] {logging_mixin.py:115} INFO - [2024-02-11 12:16:18,027] {dag.py:2371} INFO - Sync 1 DAGs
[2024-02-11 12:16:19,229] {logging_mixin.py:115} INFO - [2024-02-11 12:16:19,228] {dag.py:2919} INFO - Setting next_dagrun for example_dag_decorator to None, run_after=None
[2024-02-11 12:16:23,982] {processor.py:161} INFO - Processing /home/airflow/.local/lib/python3.7/site-packages/airflow/example_dags/example_dag_decorator.py took 7.519 seconds
[2024-02-11 12:16:54,761] {processor.py:153} INFO - Started process (PID=138) to work on /home/airflow/.local/lib/python3.7/site-packages/airflow/example_dags/example_dag_decorator.py
[2024-02-11 12:16:54,762] {processor.py:641} INFO - Processing file /home/airflow/.local/lib/python3.7/site-packages/airflow/example_dags/example_dag_decorator.py for tasks to queue
[2024-02-11 12:16:54,763] {logging_mixin.py:115} INFO - [2024-02-11 12:16:54,763] {dagbag.py:507} INFO - Filling up the DagBag from /home/airflow/.local/lib/python3.7/site-packages/airflow/example_dags/example_dag_decorator.py
[2024-02-11 12:16:54,813] {processor.py:651} INFO - DAG(s) dict_keys(['example_dag_decorator']) retrieved from /home/airflow/.local/lib/python3.7/site-packages/airflow/example_dags/example_dag_decorator.py
[2024-02-11 12:16:54,891] {logging_mixin.py:115} INFO - [2024-02-11 12:16:54,891] {dag.py:2371} INFO - Sync 1 DAGs
[2024-02-11 12:16:55,059] {logging_mixin.py:115} INFO - [2024-02-11 12:16:55,059] {dag.py:2919} INFO - Setting next_dagrun for example_dag_decorator to None, run_after=None
[2024-02-11 12:16:55,067] {processor.py:161} INFO - Processing /home/airflow/.local/lib/python3.7/site-packages/airflow/example_dags/example_dag_decorator.py took 0.325 seconds
[2024-02-11 12:17:25,799] {processor.py:153} INFO - Started process (PID=201) to work on /home/airflow/.local/lib/python3.7/site-packages/airflow/example_dags/example_dag_decorator.py
[2024-02-11 12:17:25,802] {processor.py:641} INFO - Processing file /home/airflow/.local/lib/python3.7/site-packages/airflow/example_dags/example_dag_decorator.py for tasks to queue
[2024-02-11 12:17:25,804] {logging_mixin.py:115} INFO - [2024-02-11 12:17:25,803] {dagbag.py:507} INFO - Filling up the DagBag from /home/airflow/.local/lib/python3.7/site-packages/airflow/example_dags/example_dag_decorator.py
[2024-02-11 12:17:25,873] {processor.py:651} INFO - DAG(s) dict_keys(['example_dag_decorator']) retrieved from /home/airflow/.local/lib/python3.7/site-packages/airflow/example_dags/example_dag_decorator.py
[2024-02-11 12:17:25,942] {logging_mixin.py:115} INFO - [2024-02-11 12:17:25,942] {dag.py:2371} INFO - Sync 1 DAGs
[2024-02-11 12:17:26,117] {logging_mixin.py:115} INFO - [2024-02-11 12:17:26,117] {dag.py:2919} INFO - Setting next_dagrun for example_dag_decorator to None, run_after=None
[2024-02-11 12:17:26,124] {processor.py:161} INFO - Processing /home/airflow/.local/lib/python3.7/site-packages/airflow/example_dags/example_dag_decorator.py took 0.333 seconds
[2024-02-11 12:17:56,251] {processor.py:153} INFO - Started process (PID=267) to work on /home/airflow/.local/lib/python3.7/site-packages/airflow/example_dags/example_dag_decorator.py
[2024-02-11 12:17:56,252] {processor.py:641} INFO - Processing file /home/airflow/.local/lib/python3.7/site-packages/airflow/example_dags/example_dag_decorator.py for tasks to queue
[2024-02-11 12:17:56,252] {logging_mixin.py:115} INFO - [2024-02-11 12:17:56,252] {dagbag.py:507} INFO - Filling up the DagBag from /home/airflow/.local/lib/python3.7/site-packages/airflow/example_dags/example_dag_decorator.py
[2024-02-11 12:17:56,277] {processor.py:651} INFO - DAG(s) dict_keys(['example_dag_decorator']) retrieved from /home/airflow/.local/lib/python3.7/site-packages/airflow/example_dags/example_dag_decorator.py
[2024-02-11 12:17:56,318] {logging_mixin.py:115} INFO - [2024-02-11 12:17:56,318] {dag.py:2371} INFO - Sync 1 DAGs
[2024-02-11 12:17:56,497] {logging_mixin.py:115} INFO - [2024-02-11 12:17:56,497] {dag.py:2919} INFO - Setting next_dagrun for example_dag_decorator to None, run_after=None
[2024-02-11 12:17:56,504] {processor.py:161} INFO - Processing /home/airflow/.local/lib/python3.7/site-packages/airflow/example_dags/example_dag_decorator.py took 0.254 seconds
[2024-02-11 12:18:27,374] {processor.py:153} INFO - Started process (PID=322) to work on /home/airflow/.local/lib/python3.7/site-packages/airflow/example_dags/example_dag_decorator.py
[2024-02-11 12:18:27,375] {processor.py:641} INFO - Processing file /home/airflow/.local/lib/python3.7/site-packages/airflow/example_dags/example_dag_decorator.py for tasks to queue
[2024-02-11 12:18:27,375] {logging_mixin.py:115} INFO - [2024-02-11 12:18:27,375] {dagbag.py:507} INFO - Filling up the DagBag from /home/airflow/.local/lib/python3.7/site-packages/airflow/example_dags/example_dag_decorator.py
[2024-02-11 12:18:27,407] {processor.py:651} INFO - DAG(s) dict_keys(['example_dag_decorator']) retrieved from /home/airflow/.local/lib/python3.7/site-packages/airflow/example_dags/example_dag_decorator.py
[2024-02-11 12:18:27,486] {logging_mixin.py:115} INFO - [2024-02-11 12:18:27,485] {dag.py:2371} INFO - Sync 1 DAGs
[2024-02-11 12:18:27,804] {logging_mixin.py:115} INFO - [2024-02-11 12:18:27,804] {dag.py:2919} INFO - Setting next_dagrun for example_dag_decorator to None, run_after=None
[2024-02-11 12:18:27,812] {processor.py:161} INFO - Processing /home/airflow/.local/lib/python3.7/site-packages/airflow/example_dags/example_dag_decorator.py took 0.441 seconds
[2024-02-11 12:18:58,384] {processor.py:153} INFO - Started process (PID=386) to work on /home/airflow/.local/lib/python3.7/site-packages/airflow/example_dags/example_dag_decorator.py
[2024-02-11 12:18:58,389] {processor.py:641} INFO - Processing file /home/airflow/.local/lib/python3.7/site-packages/airflow/example_dags/example_dag_decorator.py for tasks to queue
[2024-02-11 12:18:58,393] {logging_mixin.py:115} INFO - [2024-02-11 12:18:58,393] {dagbag.py:507} INFO - Filling up the DagBag from /home/airflow/.local/lib/python3.7/site-packages/airflow/example_dags/example_dag_decorator.py
[2024-02-11 12:18:58,473] {processor.py:651} INFO - DAG(s) dict_keys(['example_dag_decorator']) retrieved from /home/airflow/.local/lib/python3.7/site-packages/airflow/example_dags/example_dag_decorator.py
[2024-02-11 12:18:58,524] {logging_mixin.py:115} INFO - [2024-02-11 12:18:58,524] {dag.py:2371} INFO - Sync 1 DAGs
[2024-02-11 12:18:58,805] {logging_mixin.py:115} INFO - [2024-02-11 12:18:58,805] {dag.py:2919} INFO - Setting next_dagrun for example_dag_decorator to None, run_after=None
[2024-02-11 12:18:58,812] {processor.py:161} INFO - Processing /home/airflow/.local/lib/python3.7/site-packages/airflow/example_dags/example_dag_decorator.py took 0.435 seconds
[2024-02-11 12:19:29,286] {processor.py:153} INFO - Started process (PID=448) to work on /home/airflow/.local/lib/python3.7/site-packages/airflow/example_dags/example_dag_decorator.py
[2024-02-11 12:19:29,287] {processor.py:641} INFO - Processing file /home/airflow/.local/lib/python3.7/site-packages/airflow/example_dags/example_dag_decorator.py for tasks to queue
[2024-02-11 12:19:29,288] {logging_mixin.py:115} INFO - [2024-02-11 12:19:29,288] {dagbag.py:507} INFO - Filling up the DagBag from /home/airflow/.local/lib/python3.7/site-packages/airflow/example_dags/example_dag_decorator.py
[2024-02-11 12:19:29,309] {processor.py:651} INFO - DAG(s) dict_keys(['example_dag_decorator']) retrieved from /home/airflow/.local/lib/python3.7/site-packages/airflow/example_dags/example_dag_decorator.py
[2024-02-11 12:19:29,360] {logging_mixin.py:115} INFO - [2024-02-11 12:19:29,360] {dag.py:2371} INFO - Sync 1 DAGs
[2024-02-11 12:19:29,577] {logging_mixin.py:115} INFO - [2024-02-11 12:19:29,576] {dag.py:2919} INFO - Setting next_dagrun for example_dag_decorator to None, run_after=None
[2024-02-11 12:19:29,586] {processor.py:161} INFO - Processing /home/airflow/.local/lib/python3.7/site-packages/airflow/example_dags/example_dag_decorator.py took 0.304 seconds
[2024-02-11 12:19:59,855] {processor.py:153} INFO - Started process (PID=512) to work on /home/airflow/.local/lib/python3.7/site-packages/airflow/example_dags/example_dag_decorator.py
[2024-02-11 12:19:59,857] {processor.py:641} INFO - Processing file /home/airflow/.local/lib/python3.7/site-packages/airflow/example_dags/example_dag_decorator.py for tasks to queue
[2024-02-11 12:19:59,860] {logging_mixin.py:115} INFO - [2024-02-11 12:19:59,860] {dagbag.py:507} INFO - Filling up the DagBag from /home/airflow/.local/lib/python3.7/site-packages/airflow/example_dags/example_dag_decorator.py
[2024-02-11 12:19:59,888] {processor.py:651} INFO - DAG(s) dict_keys(['example_dag_decorator']) retrieved from /home/airflow/.local/lib/python3.7/site-packages/airflow/example_dags/example_dag_decorator.py
[2024-02-11 12:19:59,928] {logging_mixin.py:115} INFO - [2024-02-11 12:19:59,928] {dag.py:2371} INFO - Sync 1 DAGs
[2024-02-11 12:20:00,175] {logging_mixin.py:115} INFO - [2024-02-11 12:20:00,175] {dag.py:2919} INFO - Setting next_dagrun for example_dag_decorator to None, run_after=None
[2024-02-11 12:20:00,183] {processor.py:161} INFO - Processing /home/airflow/.local/lib/python3.7/site-packages/airflow/example_dags/example_dag_decorator.py took 0.335 seconds
[2024-02-11 12:20:30,688] {processor.py:153} INFO - Started process (PID=567) to work on /home/airflow/.local/lib/python3.7/site-packages/airflow/example_dags/example_dag_decorator.py
[2024-02-11 12:20:30,689] {processor.py:641} INFO - Processing file /home/airflow/.local/lib/python3.7/site-packages/airflow/example_dags/example_dag_decorator.py for tasks to queue
[2024-02-11 12:20:30,692] {logging_mixin.py:115} INFO - [2024-02-11 12:20:30,692] {dagbag.py:507} INFO - Filling up the DagBag from /home/airflow/.local/lib/python3.7/site-packages/airflow/example_dags/example_dag_decorator.py
[2024-02-11 12:20:30,719] {processor.py:651} INFO - DAG(s) dict_keys(['example_dag_decorator']) retrieved from /home/airflow/.local/lib/python3.7/site-packages/airflow/example_dags/example_dag_decorator.py
[2024-02-11 12:20:30,779] {logging_mixin.py:115} INFO - [2024-02-11 12:20:30,779] {dag.py:2371} INFO - Sync 1 DAGs
[2024-02-11 12:20:30,988] {logging_mixin.py:115} INFO - [2024-02-11 12:20:30,988] {dag.py:2919} INFO - Setting next_dagrun for example_dag_decorator to None, run_after=None
[2024-02-11 12:20:30,995] {processor.py:161} INFO - Processing /home/airflow/.local/lib/python3.7/site-packages/airflow/example_dags/example_dag_decorator.py took 0.310 seconds
[2024-02-11 12:21:01,344] {processor.py:153} INFO - Started process (PID=631) to work on /home/airflow/.local/lib/python3.7/site-packages/airflow/example_dags/example_dag_decorator.py
[2024-02-11 12:21:01,345] {processor.py:641} INFO - Processing file /home/airflow/.local/lib/python3.7/site-packages/airflow/example_dags/example_dag_decorator.py for tasks to queue
[2024-02-11 12:21:01,345] {logging_mixin.py:115} INFO - [2024-02-11 12:21:01,345] {dagbag.py:507} INFO - Filling up the DagBag from /home/airflow/.local/lib/python3.7/site-packages/airflow/example_dags/example_dag_decorator.py
[2024-02-11 12:21:01,381] {processor.py:651} INFO - DAG(s) dict_keys(['example_dag_decorator']) retrieved from /home/airflow/.local/lib/python3.7/site-packages/airflow/example_dags/example_dag_decorator.py
[2024-02-11 12:21:01,424] {logging_mixin.py:115} INFO - [2024-02-11 12:21:01,424] {dag.py:2371} INFO - Sync 1 DAGs
[2024-02-11 12:21:01,605] {logging_mixin.py:115} INFO - [2024-02-11 12:21:01,605] {dag.py:2919} INFO - Setting next_dagrun for example_dag_decorator to None, run_after=None
[2024-02-11 12:21:01,612] {processor.py:161} INFO - Processing /home/airflow/.local/lib/python3.7/site-packages/airflow/example_dags/example_dag_decorator.py took 0.271 seconds
[2024-02-11 12:21:32,143] {processor.py:153} INFO - Started process (PID=694) to work on /home/airflow/.local/lib/python3.7/site-packages/airflow/example_dags/example_dag_decorator.py
[2024-02-11 12:21:32,144] {processor.py:641} INFO - Processing file /home/airflow/.local/lib/python3.7/site-packages/airflow/example_dags/example_dag_decorator.py for tasks to queue
[2024-02-11 12:21:32,144] {logging_mixin.py:115} INFO - [2024-02-11 12:21:32,144] {dagbag.py:507} INFO - Filling up the DagBag from /home/airflow/.local/lib/python3.7/site-packages/airflow/example_dags/example_dag_decorator.py
[2024-02-11 12:21:32,174] {processor.py:651} INFO - DAG(s) dict_keys(['example_dag_decorator']) retrieved from /home/airflow/.local/lib/python3.7/site-packages/airflow/example_dags/example_dag_decorator.py
[2024-02-11 12:21:32,215] {logging_mixin.py:115} INFO - [2024-02-11 12:21:32,215] {dag.py:2371} INFO - Sync 1 DAGs
[2024-02-11 12:21:32,428] {logging_mixin.py:115} INFO - [2024-02-11 12:21:32,428] {dag.py:2919} INFO - Setting next_dagrun for example_dag_decorator to None, run_after=None
[2024-02-11 12:21:32,437] {processor.py:161} INFO - Processing /home/airflow/.local/lib/python3.7/site-packages/airflow/example_dags/example_dag_decorator.py took 0.298 seconds
[2024-02-11 12:22:02,575] {processor.py:153} INFO - Started process (PID=763) to work on /home/airflow/.local/lib/python3.7/site-packages/airflow/example_dags/example_dag_decorator.py
[2024-02-11 12:22:02,579] {processor.py:641} INFO - Processing file /home/airflow/.local/lib/python3.7/site-packages/airflow/example_dags/example_dag_decorator.py for tasks to queue
[2024-02-11 12:22:02,580] {logging_mixin.py:115} INFO - [2024-02-11 12:22:02,580] {dagbag.py:507} INFO - Filling up the DagBag from /home/airflow/.local/lib/python3.7/site-packages/airflow/example_dags/example_dag_decorator.py
[2024-02-11 12:22:02,615] {processor.py:651} INFO - DAG(s) dict_keys(['example_dag_decorator']) retrieved from /home/airflow/.local/lib/python3.7/site-packages/airflow/example_dags/example_dag_decorator.py
[2024-02-11 12:22:02,927] {logging_mixin.py:115} INFO - [2024-02-11 12:22:02,926] {dag.py:2371} INFO - Sync 1 DAGs
[2024-02-11 12:22:04,203] {logging_mixin.py:115} INFO - [2024-02-11 12:22:04,202] {dag.py:2919} INFO - Setting next_dagrun for example_dag_decorator to None, run_after=None
[2024-02-11 12:22:04,224] {processor.py:161} INFO - Processing /home/airflow/.local/lib/python3.7/site-packages/airflow/example_dags/example_dag_decorator.py took 1.653 seconds
[2024-02-11 12:23:20,941] {processor.py:153} INFO - Started process (PID=69) to work on /home/airflow/.local/lib/python3.7/site-packages/airflow/example_dags/example_dag_decorator.py
[2024-02-11 12:23:20,943] {processor.py:641} INFO - Processing file /home/airflow/.local/lib/python3.7/site-packages/airflow/example_dags/example_dag_decorator.py for tasks to queue
[2024-02-11 12:23:20,944] {logging_mixin.py:115} INFO - [2024-02-11 12:23:20,944] {dagbag.py:507} INFO - Filling up the DagBag from /home/airflow/.local/lib/python3.7/site-packages/airflow/example_dags/example_dag_decorator.py
[2024-02-11 12:23:20,979] {processor.py:651} INFO - DAG(s) dict_keys(['example_dag_decorator']) retrieved from /home/airflow/.local/lib/python3.7/site-packages/airflow/example_dags/example_dag_decorator.py
[2024-02-11 12:23:21,076] {logging_mixin.py:115} INFO - [2024-02-11 12:23:21,075] {dag.py:2371} INFO - Sync 1 DAGs
[2024-02-11 12:23:21,098] {logging_mixin.py:115} INFO - [2024-02-11 12:23:21,098] {dag.py:2919} INFO - Setting next_dagrun for example_dag_decorator to None, run_after=None
[2024-02-11 12:23:21,430] {processor.py:161} INFO - Processing /home/airflow/.local/lib/python3.7/site-packages/airflow/example_dags/example_dag_decorator.py took 0.492 seconds
[2024-02-11 12:24:19,189] {processor.py:153} INFO - Started process (PID=78) to work on /home/airflow/.local/lib/python3.7/site-packages/airflow/example_dags/example_dag_decorator.py
[2024-02-11 12:24:19,194] {processor.py:641} INFO - Processing file /home/airflow/.local/lib/python3.7/site-packages/airflow/example_dags/example_dag_decorator.py for tasks to queue
[2024-02-11 12:24:19,195] {logging_mixin.py:115} INFO - [2024-02-11 12:24:19,195] {dagbag.py:507} INFO - Filling up the DagBag from /home/airflow/.local/lib/python3.7/site-packages/airflow/example_dags/example_dag_decorator.py
[2024-02-11 12:24:19,248] {processor.py:651} INFO - DAG(s) dict_keys(['example_dag_decorator']) retrieved from /home/airflow/.local/lib/python3.7/site-packages/airflow/example_dags/example_dag_decorator.py
[2024-02-11 12:24:19,632] {logging_mixin.py:115} INFO - [2024-02-11 12:24:19,632] {dag.py:2371} INFO - Sync 1 DAGs
[2024-02-11 12:24:19,662] {logging_mixin.py:115} INFO - [2024-02-11 12:24:19,662] {dag.py:2919} INFO - Setting next_dagrun for example_dag_decorator to None, run_after=None
[2024-02-11 12:24:19,699] {processor.py:161} INFO - Processing /home/airflow/.local/lib/python3.7/site-packages/airflow/example_dags/example_dag_decorator.py took 0.519 seconds
[2024-02-11 12:24:50,303] {processor.py:153} INFO - Started process (PID=132) to work on /home/airflow/.local/lib/python3.7/site-packages/airflow/example_dags/example_dag_decorator.py
[2024-02-11 12:24:50,304] {processor.py:641} INFO - Processing file /home/airflow/.local/lib/python3.7/site-packages/airflow/example_dags/example_dag_decorator.py for tasks to queue
[2024-02-11 12:24:50,305] {logging_mixin.py:115} INFO - [2024-02-11 12:24:50,305] {dagbag.py:507} INFO - Filling up the DagBag from /home/airflow/.local/lib/python3.7/site-packages/airflow/example_dags/example_dag_decorator.py
[2024-02-11 12:24:50,343] {processor.py:651} INFO - DAG(s) dict_keys(['example_dag_decorator']) retrieved from /home/airflow/.local/lib/python3.7/site-packages/airflow/example_dags/example_dag_decorator.py
[2024-02-11 12:24:50,637] {logging_mixin.py:115} INFO - [2024-02-11 12:24:50,637] {dag.py:2371} INFO - Sync 1 DAGs
[2024-02-11 12:24:50,654] {logging_mixin.py:115} INFO - [2024-02-11 12:24:50,654] {dag.py:2919} INFO - Setting next_dagrun for example_dag_decorator to None, run_after=None
[2024-02-11 12:24:50,693] {processor.py:161} INFO - Processing /home/airflow/.local/lib/python3.7/site-packages/airflow/example_dags/example_dag_decorator.py took 0.394 seconds
[2024-02-11 12:25:21,490] {processor.py:153} INFO - Started process (PID=209) to work on /home/airflow/.local/lib/python3.7/site-packages/airflow/example_dags/example_dag_decorator.py
[2024-02-11 12:25:21,491] {processor.py:641} INFO - Processing file /home/airflow/.local/lib/python3.7/site-packages/airflow/example_dags/example_dag_decorator.py for tasks to queue
[2024-02-11 12:25:21,492] {logging_mixin.py:115} INFO - [2024-02-11 12:25:21,492] {dagbag.py:507} INFO - Filling up the DagBag from /home/airflow/.local/lib/python3.7/site-packages/airflow/example_dags/example_dag_decorator.py
[2024-02-11 12:25:21,528] {processor.py:651} INFO - DAG(s) dict_keys(['example_dag_decorator']) retrieved from /home/airflow/.local/lib/python3.7/site-packages/airflow/example_dags/example_dag_decorator.py
[2024-02-11 12:25:21,841] {logging_mixin.py:115} INFO - [2024-02-11 12:25:21,841] {dag.py:2371} INFO - Sync 1 DAGs
[2024-02-11 12:25:21,857] {logging_mixin.py:115} INFO - [2024-02-11 12:25:21,857] {dag.py:2919} INFO - Setting next_dagrun for example_dag_decorator to None, run_after=None
[2024-02-11 12:25:21,865] {processor.py:161} INFO - Processing /home/airflow/.local/lib/python3.7/site-packages/airflow/example_dags/example_dag_decorator.py took 0.385 seconds
[2024-02-11 12:25:51,962] {processor.py:153} INFO - Started process (PID=264) to work on /home/airflow/.local/lib/python3.7/site-packages/airflow/example_dags/example_dag_decorator.py
[2024-02-11 12:25:51,965] {processor.py:641} INFO - Processing file /home/airflow/.local/lib/python3.7/site-packages/airflow/example_dags/example_dag_decorator.py for tasks to queue
[2024-02-11 12:25:51,967] {logging_mixin.py:115} INFO - [2024-02-11 12:25:51,967] {dagbag.py:507} INFO - Filling up the DagBag from /home/airflow/.local/lib/python3.7/site-packages/airflow/example_dags/example_dag_decorator.py
[2024-02-11 12:25:52,001] {processor.py:651} INFO - DAG(s) dict_keys(['example_dag_decorator']) retrieved from /home/airflow/.local/lib/python3.7/site-packages/airflow/example_dags/example_dag_decorator.py
[2024-02-11 12:25:52,303] {logging_mixin.py:115} INFO - [2024-02-11 12:25:52,303] {dag.py:2371} INFO - Sync 1 DAGs
[2024-02-11 12:25:52,317] {logging_mixin.py:115} INFO - [2024-02-11 12:25:52,317] {dag.py:2919} INFO - Setting next_dagrun for example_dag_decorator to None, run_after=None
[2024-02-11 12:25:52,332] {processor.py:161} INFO - Processing /home/airflow/.local/lib/python3.7/site-packages/airflow/example_dags/example_dag_decorator.py took 0.378 seconds
[2024-02-11 12:26:22,541] {processor.py:153} INFO - Started process (PID=331) to work on /home/airflow/.local/lib/python3.7/site-packages/airflow/example_dags/example_dag_decorator.py
[2024-02-11 12:26:22,545] {processor.py:641} INFO - Processing file /home/airflow/.local/lib/python3.7/site-packages/airflow/example_dags/example_dag_decorator.py for tasks to queue
[2024-02-11 12:26:22,546] {logging_mixin.py:115} INFO - [2024-02-11 12:26:22,546] {dagbag.py:507} INFO - Filling up the DagBag from /home/airflow/.local/lib/python3.7/site-packages/airflow/example_dags/example_dag_decorator.py
[2024-02-11 12:26:22,584] {processor.py:651} INFO - DAG(s) dict_keys(['example_dag_decorator']) retrieved from /home/airflow/.local/lib/python3.7/site-packages/airflow/example_dags/example_dag_decorator.py
[2024-02-11 12:26:22,920] {logging_mixin.py:115} INFO - [2024-02-11 12:26:22,919] {dag.py:2371} INFO - Sync 1 DAGs
[2024-02-11 12:26:22,937] {logging_mixin.py:115} INFO - [2024-02-11 12:26:22,937] {dag.py:2919} INFO - Setting next_dagrun for example_dag_decorator to None, run_after=None
[2024-02-11 12:26:22,951] {processor.py:161} INFO - Processing /home/airflow/.local/lib/python3.7/site-packages/airflow/example_dags/example_dag_decorator.py took 0.416 seconds
[2024-02-11 12:26:53,178] {processor.py:153} INFO - Started process (PID=393) to work on /home/airflow/.local/lib/python3.7/site-packages/airflow/example_dags/example_dag_decorator.py
[2024-02-11 12:26:53,180] {processor.py:641} INFO - Processing file /home/airflow/.local/lib/python3.7/site-packages/airflow/example_dags/example_dag_decorator.py for tasks to queue
[2024-02-11 12:26:53,181] {logging_mixin.py:115} INFO - [2024-02-11 12:26:53,181] {dagbag.py:507} INFO - Filling up the DagBag from /home/airflow/.local/lib/python3.7/site-packages/airflow/example_dags/example_dag_decorator.py
[2024-02-11 12:26:53,229] {processor.py:651} INFO - DAG(s) dict_keys(['example_dag_decorator']) retrieved from /home/airflow/.local/lib/python3.7/site-packages/airflow/example_dags/example_dag_decorator.py
[2024-02-11 12:26:53,578] {logging_mixin.py:115} INFO - [2024-02-11 12:26:53,578] {dag.py:2371} INFO - Sync 1 DAGs
[2024-02-11 12:26:53,595] {logging_mixin.py:115} INFO - [2024-02-11 12:26:53,595] {dag.py:2919} INFO - Setting next_dagrun for example_dag_decorator to None, run_after=None
[2024-02-11 12:26:53,605] {processor.py:161} INFO - Processing /home/airflow/.local/lib/python3.7/site-packages/airflow/example_dags/example_dag_decorator.py took 0.434 seconds
[2024-02-11 12:27:24,380] {processor.py:153} INFO - Started process (PID=461) to work on /home/airflow/.local/lib/python3.7/site-packages/airflow/example_dags/example_dag_decorator.py
[2024-02-11 12:27:24,383] {processor.py:641} INFO - Processing file /home/airflow/.local/lib/python3.7/site-packages/airflow/example_dags/example_dag_decorator.py for tasks to queue
[2024-02-11 12:27:24,384] {logging_mixin.py:115} INFO - [2024-02-11 12:27:24,384] {dagbag.py:507} INFO - Filling up the DagBag from /home/airflow/.local/lib/python3.7/site-packages/airflow/example_dags/example_dag_decorator.py
[2024-02-11 12:27:24,465] {processor.py:651} INFO - DAG(s) dict_keys(['example_dag_decorator']) retrieved from /home/airflow/.local/lib/python3.7/site-packages/airflow/example_dags/example_dag_decorator.py
[2024-02-11 12:27:24,781] {logging_mixin.py:115} INFO - [2024-02-11 12:27:24,781] {dag.py:2371} INFO - Sync 1 DAGs
[2024-02-11 12:27:24,796] {logging_mixin.py:115} INFO - [2024-02-11 12:27:24,796] {dag.py:2919} INFO - Setting next_dagrun for example_dag_decorator to None, run_after=None
[2024-02-11 12:27:24,804] {processor.py:161} INFO - Processing /home/airflow/.local/lib/python3.7/site-packages/airflow/example_dags/example_dag_decorator.py took 0.427 seconds
[2024-02-11 12:27:54,905] {processor.py:153} INFO - Started process (PID=524) to work on /home/airflow/.local/lib/python3.7/site-packages/airflow/example_dags/example_dag_decorator.py
[2024-02-11 12:27:54,907] {processor.py:641} INFO - Processing file /home/airflow/.local/lib/python3.7/site-packages/airflow/example_dags/example_dag_decorator.py for tasks to queue
[2024-02-11 12:27:54,908] {logging_mixin.py:115} INFO - [2024-02-11 12:27:54,908] {dagbag.py:507} INFO - Filling up the DagBag from /home/airflow/.local/lib/python3.7/site-packages/airflow/example_dags/example_dag_decorator.py
[2024-02-11 12:27:54,938] {processor.py:651} INFO - DAG(s) dict_keys(['example_dag_decorator']) retrieved from /home/airflow/.local/lib/python3.7/site-packages/airflow/example_dags/example_dag_decorator.py
[2024-02-11 12:27:55,172] {logging_mixin.py:115} INFO - [2024-02-11 12:27:55,172] {dag.py:2371} INFO - Sync 1 DAGs
[2024-02-11 12:27:55,184] {logging_mixin.py:115} INFO - [2024-02-11 12:27:55,184] {dag.py:2919} INFO - Setting next_dagrun for example_dag_decorator to None, run_after=None
[2024-02-11 12:27:55,191] {processor.py:161} INFO - Processing /home/airflow/.local/lib/python3.7/site-packages/airflow/example_dags/example_dag_decorator.py took 0.290 seconds
[2024-02-11 12:28:26,279] {processor.py:153} INFO - Started process (PID=583) to work on /home/airflow/.local/lib/python3.7/site-packages/airflow/example_dags/example_dag_decorator.py
[2024-02-11 12:28:26,283] {processor.py:641} INFO - Processing file /home/airflow/.local/lib/python3.7/site-packages/airflow/example_dags/example_dag_decorator.py for tasks to queue
[2024-02-11 12:28:26,284] {logging_mixin.py:115} INFO - [2024-02-11 12:28:26,284] {dagbag.py:507} INFO - Filling up the DagBag from /home/airflow/.local/lib/python3.7/site-packages/airflow/example_dags/example_dag_decorator.py
[2024-02-11 12:28:26,304] {processor.py:651} INFO - DAG(s) dict_keys(['example_dag_decorator']) retrieved from /home/airflow/.local/lib/python3.7/site-packages/airflow/example_dags/example_dag_decorator.py
[2024-02-11 12:28:26,461] {logging_mixin.py:115} INFO - [2024-02-11 12:28:26,461] {dag.py:2371} INFO - Sync 1 DAGs
[2024-02-11 12:28:26,471] {logging_mixin.py:115} INFO - [2024-02-11 12:28:26,471] {dag.py:2919} INFO - Setting next_dagrun for example_dag_decorator to None, run_after=None
[2024-02-11 12:28:26,478] {processor.py:161} INFO - Processing /home/airflow/.local/lib/python3.7/site-packages/airflow/example_dags/example_dag_decorator.py took 0.202 seconds
[2024-02-11 12:28:57,552] {processor.py:153} INFO - Started process (PID=647) to work on /home/airflow/.local/lib/python3.7/site-packages/airflow/example_dags/example_dag_decorator.py
[2024-02-11 12:28:57,554] {processor.py:641} INFO - Processing file /home/airflow/.local/lib/python3.7/site-packages/airflow/example_dags/example_dag_decorator.py for tasks to queue
[2024-02-11 12:28:57,555] {logging_mixin.py:115} INFO - [2024-02-11 12:28:57,555] {dagbag.py:507} INFO - Filling up the DagBag from /home/airflow/.local/lib/python3.7/site-packages/airflow/example_dags/example_dag_decorator.py
[2024-02-11 12:28:57,570] {processor.py:651} INFO - DAG(s) dict_keys(['example_dag_decorator']) retrieved from /home/airflow/.local/lib/python3.7/site-packages/airflow/example_dags/example_dag_decorator.py
[2024-02-11 12:28:57,753] {logging_mixin.py:115} INFO - [2024-02-11 12:28:57,753] {dag.py:2371} INFO - Sync 1 DAGs
[2024-02-11 12:28:57,770] {logging_mixin.py:115} INFO - [2024-02-11 12:28:57,770] {dag.py:2919} INFO - Setting next_dagrun for example_dag_decorator to None, run_after=None
[2024-02-11 12:28:57,779] {processor.py:161} INFO - Processing /home/airflow/.local/lib/python3.7/site-packages/airflow/example_dags/example_dag_decorator.py took 0.229 seconds
[2024-02-11 12:29:29,156] {processor.py:153} INFO - Started process (PID=716) to work on /home/airflow/.local/lib/python3.7/site-packages/airflow/example_dags/example_dag_decorator.py
[2024-02-11 12:29:29,159] {processor.py:641} INFO - Processing file /home/airflow/.local/lib/python3.7/site-packages/airflow/example_dags/example_dag_decorator.py for tasks to queue
[2024-02-11 12:29:29,161] {logging_mixin.py:115} INFO - [2024-02-11 12:29:29,161] {dagbag.py:507} INFO - Filling up the DagBag from /home/airflow/.local/lib/python3.7/site-packages/airflow/example_dags/example_dag_decorator.py
[2024-02-11 12:29:29,188] {processor.py:651} INFO - DAG(s) dict_keys(['example_dag_decorator']) retrieved from /home/airflow/.local/lib/python3.7/site-packages/airflow/example_dags/example_dag_decorator.py
[2024-02-11 12:29:29,395] {logging_mixin.py:115} INFO - [2024-02-11 12:29:29,394] {dag.py:2371} INFO - Sync 1 DAGs
[2024-02-11 12:29:29,416] {logging_mixin.py:115} INFO - [2024-02-11 12:29:29,416] {dag.py:2919} INFO - Setting next_dagrun for example_dag_decorator to None, run_after=None
[2024-02-11 12:29:29,437] {processor.py:161} INFO - Processing /home/airflow/.local/lib/python3.7/site-packages/airflow/example_dags/example_dag_decorator.py took 0.284 seconds
[2024-02-11 12:30:00,485] {processor.py:153} INFO - Started process (PID=780) to work on /home/airflow/.local/lib/python3.7/site-packages/airflow/example_dags/example_dag_decorator.py
[2024-02-11 12:30:00,488] {processor.py:641} INFO - Processing file /home/airflow/.local/lib/python3.7/site-packages/airflow/example_dags/example_dag_decorator.py for tasks to queue
[2024-02-11 12:30:00,488] {logging_mixin.py:115} INFO - [2024-02-11 12:30:00,488] {dagbag.py:507} INFO - Filling up the DagBag from /home/airflow/.local/lib/python3.7/site-packages/airflow/example_dags/example_dag_decorator.py
[2024-02-11 12:30:00,512] {processor.py:651} INFO - DAG(s) dict_keys(['example_dag_decorator']) retrieved from /home/airflow/.local/lib/python3.7/site-packages/airflow/example_dags/example_dag_decorator.py
[2024-02-11 12:30:00,558] {logging_mixin.py:115} INFO - [2024-02-11 12:30:00,558] {dag.py:2371} INFO - Sync 1 DAGs
[2024-02-11 12:30:00,681] {logging_mixin.py:115} INFO - [2024-02-11 12:30:00,681] {dag.py:2919} INFO - Setting next_dagrun for example_dag_decorator to None, run_after=None
[2024-02-11 12:30:00,691] {processor.py:161} INFO - Processing /home/airflow/.local/lib/python3.7/site-packages/airflow/example_dags/example_dag_decorator.py took 0.208 seconds
[2024-02-11 12:30:31,650] {processor.py:153} INFO - Started process (PID=847) to work on /home/airflow/.local/lib/python3.7/site-packages/airflow/example_dags/example_dag_decorator.py
[2024-02-11 12:30:31,652] {processor.py:641} INFO - Processing file /home/airflow/.local/lib/python3.7/site-packages/airflow/example_dags/example_dag_decorator.py for tasks to queue
[2024-02-11 12:30:31,653] {logging_mixin.py:115} INFO - [2024-02-11 12:30:31,653] {dagbag.py:507} INFO - Filling up the DagBag from /home/airflow/.local/lib/python3.7/site-packages/airflow/example_dags/example_dag_decorator.py
[2024-02-11 12:30:31,714] {processor.py:651} INFO - DAG(s) dict_keys(['example_dag_decorator']) retrieved from /home/airflow/.local/lib/python3.7/site-packages/airflow/example_dags/example_dag_decorator.py
[2024-02-11 12:30:32,057] {logging_mixin.py:115} INFO - [2024-02-11 12:30:32,057] {dag.py:2371} INFO - Sync 1 DAGs
[2024-02-11 12:30:32,070] {logging_mixin.py:115} INFO - [2024-02-11 12:30:32,070] {dag.py:2919} INFO - Setting next_dagrun for example_dag_decorator to None, run_after=None
[2024-02-11 12:30:32,080] {processor.py:161} INFO - Processing /home/airflow/.local/lib/python3.7/site-packages/airflow/example_dags/example_dag_decorator.py took 0.436 seconds
[2024-02-11 12:31:02,242] {processor.py:153} INFO - Started process (PID=906) to work on /home/airflow/.local/lib/python3.7/site-packages/airflow/example_dags/example_dag_decorator.py
[2024-02-11 12:31:02,243] {processor.py:641} INFO - Processing file /home/airflow/.local/lib/python3.7/site-packages/airflow/example_dags/example_dag_decorator.py for tasks to queue
[2024-02-11 12:31:02,243] {logging_mixin.py:115} INFO - [2024-02-11 12:31:02,243] {dagbag.py:507} INFO - Filling up the DagBag from /home/airflow/.local/lib/python3.7/site-packages/airflow/example_dags/example_dag_decorator.py
[2024-02-11 12:31:02,256] {processor.py:651} INFO - DAG(s) dict_keys(['example_dag_decorator']) retrieved from /home/airflow/.local/lib/python3.7/site-packages/airflow/example_dags/example_dag_decorator.py
[2024-02-11 12:31:02,369] {logging_mixin.py:115} INFO - [2024-02-11 12:31:02,369] {dag.py:2371} INFO - Sync 1 DAGs
[2024-02-11 12:31:02,376] {logging_mixin.py:115} INFO - [2024-02-11 12:31:02,376] {dag.py:2919} INFO - Setting next_dagrun for example_dag_decorator to None, run_after=None
[2024-02-11 12:31:02,383] {processor.py:161} INFO - Processing /home/airflow/.local/lib/python3.7/site-packages/airflow/example_dags/example_dag_decorator.py took 0.144 seconds
[2024-02-11 12:31:32,674] {processor.py:153} INFO - Started process (PID=972) to work on /home/airflow/.local/lib/python3.7/site-packages/airflow/example_dags/example_dag_decorator.py
[2024-02-11 12:31:32,677] {processor.py:641} INFO - Processing file /home/airflow/.local/lib/python3.7/site-packages/airflow/example_dags/example_dag_decorator.py for tasks to queue
[2024-02-11 12:31:32,678] {logging_mixin.py:115} INFO - [2024-02-11 12:31:32,678] {dagbag.py:507} INFO - Filling up the DagBag from /home/airflow/.local/lib/python3.7/site-packages/airflow/example_dags/example_dag_decorator.py
[2024-02-11 12:31:32,694] {processor.py:651} INFO - DAG(s) dict_keys(['example_dag_decorator']) retrieved from /home/airflow/.local/lib/python3.7/site-packages/airflow/example_dags/example_dag_decorator.py
[2024-02-11 12:31:32,850] {logging_mixin.py:115} INFO - [2024-02-11 12:31:32,850] {dag.py:2371} INFO - Sync 1 DAGs
[2024-02-11 12:31:32,861] {logging_mixin.py:115} INFO - [2024-02-11 12:31:32,861] {dag.py:2919} INFO - Setting next_dagrun for example_dag_decorator to None, run_after=None
[2024-02-11 12:31:32,876] {processor.py:161} INFO - Processing /home/airflow/.local/lib/python3.7/site-packages/airflow/example_dags/example_dag_decorator.py took 0.211 seconds
[2024-02-11 12:32:03,817] {processor.py:153} INFO - Started process (PID=1042) to work on /home/airflow/.local/lib/python3.7/site-packages/airflow/example_dags/example_dag_decorator.py
[2024-02-11 12:32:03,818] {processor.py:641} INFO - Processing file /home/airflow/.local/lib/python3.7/site-packages/airflow/example_dags/example_dag_decorator.py for tasks to queue
[2024-02-11 12:32:03,818] {logging_mixin.py:115} INFO - [2024-02-11 12:32:03,818] {dagbag.py:507} INFO - Filling up the DagBag from /home/airflow/.local/lib/python3.7/site-packages/airflow/example_dags/example_dag_decorator.py
[2024-02-11 12:32:03,848] {processor.py:651} INFO - DAG(s) dict_keys(['example_dag_decorator']) retrieved from /home/airflow/.local/lib/python3.7/site-packages/airflow/example_dags/example_dag_decorator.py
[2024-02-11 12:32:03,987] {logging_mixin.py:115} INFO - [2024-02-11 12:32:03,987] {dag.py:2371} INFO - Sync 1 DAGs
[2024-02-11 12:32:04,005] {logging_mixin.py:115} INFO - [2024-02-11 12:32:04,004] {dag.py:2919} INFO - Setting next_dagrun for example_dag_decorator to None, run_after=None
[2024-02-11 12:32:04,013] {processor.py:161} INFO - Processing /home/airflow/.local/lib/python3.7/site-packages/airflow/example_dags/example_dag_decorator.py took 0.198 seconds
[2024-02-11 12:32:34,781] {processor.py:153} INFO - Started process (PID=1105) to work on /home/airflow/.local/lib/python3.7/site-packages/airflow/example_dags/example_dag_decorator.py
[2024-02-11 12:32:34,782] {processor.py:641} INFO - Processing file /home/airflow/.local/lib/python3.7/site-packages/airflow/example_dags/example_dag_decorator.py for tasks to queue
[2024-02-11 12:32:34,783] {logging_mixin.py:115} INFO - [2024-02-11 12:32:34,783] {dagbag.py:507} INFO - Filling up the DagBag from /home/airflow/.local/lib/python3.7/site-packages/airflow/example_dags/example_dag_decorator.py
[2024-02-11 12:32:34,795] {processor.py:651} INFO - DAG(s) dict_keys(['example_dag_decorator']) retrieved from /home/airflow/.local/lib/python3.7/site-packages/airflow/example_dags/example_dag_decorator.py
[2024-02-11 12:32:34,908] {logging_mixin.py:115} INFO - [2024-02-11 12:32:34,908] {dag.py:2371} INFO - Sync 1 DAGs
[2024-02-11 12:32:34,917] {logging_mixin.py:115} INFO - [2024-02-11 12:32:34,917] {dag.py:2919} INFO - Setting next_dagrun for example_dag_decorator to None, run_after=None
[2024-02-11 12:32:34,923] {processor.py:161} INFO - Processing /home/airflow/.local/lib/python3.7/site-packages/airflow/example_dags/example_dag_decorator.py took 0.143 seconds
[2024-02-11 12:33:05,080] {processor.py:153} INFO - Started process (PID=1168) to work on /home/airflow/.local/lib/python3.7/site-packages/airflow/example_dags/example_dag_decorator.py
[2024-02-11 12:33:05,082] {processor.py:641} INFO - Processing file /home/airflow/.local/lib/python3.7/site-packages/airflow/example_dags/example_dag_decorator.py for tasks to queue
[2024-02-11 12:33:05,083] {logging_mixin.py:115} INFO - [2024-02-11 12:33:05,083] {dagbag.py:507} INFO - Filling up the DagBag from /home/airflow/.local/lib/python3.7/site-packages/airflow/example_dags/example_dag_decorator.py
[2024-02-11 12:33:05,095] {processor.py:651} INFO - DAG(s) dict_keys(['example_dag_decorator']) retrieved from /home/airflow/.local/lib/python3.7/site-packages/airflow/example_dags/example_dag_decorator.py
[2024-02-11 12:33:05,198] {logging_mixin.py:115} INFO - [2024-02-11 12:33:05,198] {dag.py:2371} INFO - Sync 1 DAGs
[2024-02-11 12:33:05,207] {logging_mixin.py:115} INFO - [2024-02-11 12:33:05,207] {dag.py:2919} INFO - Setting next_dagrun for example_dag_decorator to None, run_after=None
[2024-02-11 12:33:05,213] {processor.py:161} INFO - Processing /home/airflow/.local/lib/python3.7/site-packages/airflow/example_dags/example_dag_decorator.py took 0.134 seconds
[2024-02-11 12:55:39,606] {processor.py:153} INFO - Started process (PID=1245) to work on /home/airflow/.local/lib/python3.7/site-packages/airflow/example_dags/example_dag_decorator.py
[2024-02-11 12:55:39,607] {processor.py:641} INFO - Processing file /home/airflow/.local/lib/python3.7/site-packages/airflow/example_dags/example_dag_decorator.py for tasks to queue
[2024-02-11 12:55:39,608] {logging_mixin.py:115} INFO - [2024-02-11 12:55:39,608] {dagbag.py:507} INFO - Filling up the DagBag from /home/airflow/.local/lib/python3.7/site-packages/airflow/example_dags/example_dag_decorator.py
[2024-02-11 12:55:39,626] {processor.py:651} INFO - DAG(s) dict_keys(['example_dag_decorator']) retrieved from /home/airflow/.local/lib/python3.7/site-packages/airflow/example_dags/example_dag_decorator.py
[2024-02-11 12:55:39,816] {logging_mixin.py:115} INFO - [2024-02-11 12:55:39,816] {dag.py:2371} INFO - Sync 1 DAGs
[2024-02-11 12:55:39,829] {logging_mixin.py:115} INFO - [2024-02-11 12:55:39,829] {dag.py:2919} INFO - Setting next_dagrun for example_dag_decorator to None, run_after=None
[2024-02-11 12:55:39,837] {processor.py:161} INFO - Processing /home/airflow/.local/lib/python3.7/site-packages/airflow/example_dags/example_dag_decorator.py took 0.233 seconds
[2024-02-11 12:56:10,732] {processor.py:153} INFO - Started process (PID=1304) to work on /home/airflow/.local/lib/python3.7/site-packages/airflow/example_dags/example_dag_decorator.py
[2024-02-11 12:56:10,734] {processor.py:641} INFO - Processing file /home/airflow/.local/lib/python3.7/site-packages/airflow/example_dags/example_dag_decorator.py for tasks to queue
[2024-02-11 12:56:10,735] {logging_mixin.py:115} INFO - [2024-02-11 12:56:10,735] {dagbag.py:507} INFO - Filling up the DagBag from /home/airflow/.local/lib/python3.7/site-packages/airflow/example_dags/example_dag_decorator.py
[2024-02-11 12:56:10,748] {processor.py:651} INFO - DAG(s) dict_keys(['example_dag_decorator']) retrieved from /home/airflow/.local/lib/python3.7/site-packages/airflow/example_dags/example_dag_decorator.py
[2024-02-11 12:56:10,880] {logging_mixin.py:115} INFO - [2024-02-11 12:56:10,880] {dag.py:2371} INFO - Sync 1 DAGs
[2024-02-11 12:56:10,896] {logging_mixin.py:115} INFO - [2024-02-11 12:56:10,896] {dag.py:2919} INFO - Setting next_dagrun for example_dag_decorator to None, run_after=None
[2024-02-11 12:56:10,905] {processor.py:161} INFO - Processing /home/airflow/.local/lib/python3.7/site-packages/airflow/example_dags/example_dag_decorator.py took 0.174 seconds
[2024-02-11 12:56:41,829] {processor.py:153} INFO - Started process (PID=1367) to work on /home/airflow/.local/lib/python3.7/site-packages/airflow/example_dags/example_dag_decorator.py
[2024-02-11 12:56:41,831] {processor.py:641} INFO - Processing file /home/airflow/.local/lib/python3.7/site-packages/airflow/example_dags/example_dag_decorator.py for tasks to queue
[2024-02-11 12:56:41,832] {logging_mixin.py:115} INFO - [2024-02-11 12:56:41,832] {dagbag.py:507} INFO - Filling up the DagBag from /home/airflow/.local/lib/python3.7/site-packages/airflow/example_dags/example_dag_decorator.py
[2024-02-11 12:56:41,849] {processor.py:651} INFO - DAG(s) dict_keys(['example_dag_decorator']) retrieved from /home/airflow/.local/lib/python3.7/site-packages/airflow/example_dags/example_dag_decorator.py
[2024-02-11 12:56:41,963] {logging_mixin.py:115} INFO - [2024-02-11 12:56:41,963] {dag.py:2371} INFO - Sync 1 DAGs
[2024-02-11 12:56:41,973] {logging_mixin.py:115} INFO - [2024-02-11 12:56:41,973] {dag.py:2919} INFO - Setting next_dagrun for example_dag_decorator to None, run_after=None
[2024-02-11 12:56:41,979] {processor.py:161} INFO - Processing /home/airflow/.local/lib/python3.7/site-packages/airflow/example_dags/example_dag_decorator.py took 0.153 seconds
[2024-02-11 13:46:24,762] {processor.py:153} INFO - Started process (PID=1430) to work on /home/airflow/.local/lib/python3.7/site-packages/airflow/example_dags/example_dag_decorator.py
[2024-02-11 13:46:24,764] {processor.py:641} INFO - Processing file /home/airflow/.local/lib/python3.7/site-packages/airflow/example_dags/example_dag_decorator.py for tasks to queue
[2024-02-11 13:46:24,765] {logging_mixin.py:115} INFO - [2024-02-11 13:46:24,764] {dagbag.py:507} INFO - Filling up the DagBag from /home/airflow/.local/lib/python3.7/site-packages/airflow/example_dags/example_dag_decorator.py
[2024-02-11 13:46:24,797] {processor.py:651} INFO - DAG(s) dict_keys(['example_dag_decorator']) retrieved from /home/airflow/.local/lib/python3.7/site-packages/airflow/example_dags/example_dag_decorator.py
[2024-02-11 13:46:25,789] {logging_mixin.py:115} INFO - [2024-02-11 13:46:25,789] {dag.py:2371} INFO - Sync 1 DAGs
[2024-02-11 13:46:25,866] {logging_mixin.py:115} INFO - [2024-02-11 13:46:25,866] {dag.py:2919} INFO - Setting next_dagrun for example_dag_decorator to None, run_after=None
[2024-02-11 13:46:25,893] {processor.py:161} INFO - Processing /home/airflow/.local/lib/python3.7/site-packages/airflow/example_dags/example_dag_decorator.py took 1.135 seconds
[2024-02-11 14:33:14,331] {processor.py:153} INFO - Started process (PID=1496) to work on /home/airflow/.local/lib/python3.7/site-packages/airflow/example_dags/example_dag_decorator.py
[2024-02-11 14:33:14,333] {processor.py:641} INFO - Processing file /home/airflow/.local/lib/python3.7/site-packages/airflow/example_dags/example_dag_decorator.py for tasks to queue
[2024-02-11 14:33:14,333] {logging_mixin.py:115} INFO - [2024-02-11 14:33:14,333] {dagbag.py:507} INFO - Filling up the DagBag from /home/airflow/.local/lib/python3.7/site-packages/airflow/example_dags/example_dag_decorator.py
[2024-02-11 14:33:14,365] {processor.py:651} INFO - DAG(s) dict_keys(['example_dag_decorator']) retrieved from /home/airflow/.local/lib/python3.7/site-packages/airflow/example_dags/example_dag_decorator.py
[2024-02-11 14:33:14,401] {logging_mixin.py:115} INFO - [2024-02-11 14:33:14,401] {dag.py:2371} INFO - Sync 1 DAGs
[2024-02-11 14:33:14,410] {logging_mixin.py:115} INFO - [2024-02-11 14:33:14,410] {dag.py:2919} INFO - Setting next_dagrun for example_dag_decorator to None, run_after=None
[2024-02-11 14:33:14,538] {processor.py:161} INFO - Processing /home/airflow/.local/lib/python3.7/site-packages/airflow/example_dags/example_dag_decorator.py took 0.210 seconds
[2024-02-11 14:33:45,481] {processor.py:153} INFO - Started process (PID=1551) to work on /home/airflow/.local/lib/python3.7/site-packages/airflow/example_dags/example_dag_decorator.py
[2024-02-11 14:33:45,483] {processor.py:641} INFO - Processing file /home/airflow/.local/lib/python3.7/site-packages/airflow/example_dags/example_dag_decorator.py for tasks to queue
[2024-02-11 14:33:45,483] {logging_mixin.py:115} INFO - [2024-02-11 14:33:45,483] {dagbag.py:507} INFO - Filling up the DagBag from /home/airflow/.local/lib/python3.7/site-packages/airflow/example_dags/example_dag_decorator.py
[2024-02-11 14:33:45,504] {processor.py:651} INFO - DAG(s) dict_keys(['example_dag_decorator']) retrieved from /home/airflow/.local/lib/python3.7/site-packages/airflow/example_dags/example_dag_decorator.py
[2024-02-11 14:33:45,539] {logging_mixin.py:115} INFO - [2024-02-11 14:33:45,539] {dag.py:2371} INFO - Sync 1 DAGs
[2024-02-11 14:33:45,551] {logging_mixin.py:115} INFO - [2024-02-11 14:33:45,551] {dag.py:2919} INFO - Setting next_dagrun for example_dag_decorator to None, run_after=None
[2024-02-11 14:33:45,668] {processor.py:161} INFO - Processing /home/airflow/.local/lib/python3.7/site-packages/airflow/example_dags/example_dag_decorator.py took 0.190 seconds
[2024-02-11 14:42:44,419] {processor.py:153} INFO - Started process (PID=1632) to work on /home/airflow/.local/lib/python3.7/site-packages/airflow/example_dags/example_dag_decorator.py
[2024-02-11 14:42:44,423] {processor.py:641} INFO - Processing file /home/airflow/.local/lib/python3.7/site-packages/airflow/example_dags/example_dag_decorator.py for tasks to queue
[2024-02-11 14:42:44,425] {logging_mixin.py:115} INFO - [2024-02-11 14:42:44,425] {dagbag.py:507} INFO - Filling up the DagBag from /home/airflow/.local/lib/python3.7/site-packages/airflow/example_dags/example_dag_decorator.py
[2024-02-11 14:42:44,467] {processor.py:651} INFO - DAG(s) dict_keys(['example_dag_decorator']) retrieved from /home/airflow/.local/lib/python3.7/site-packages/airflow/example_dags/example_dag_decorator.py
[2024-02-11 14:42:44,628] {logging_mixin.py:115} INFO - [2024-02-11 14:42:44,628] {dag.py:2371} INFO - Sync 1 DAGs
[2024-02-11 14:42:45,225] {logging_mixin.py:115} INFO - [2024-02-11 14:42:45,225] {dag.py:2919} INFO - Setting next_dagrun for example_dag_decorator to None, run_after=None
[2024-02-11 14:42:45,270] {processor.py:161} INFO - Processing /home/airflow/.local/lib/python3.7/site-packages/airflow/example_dags/example_dag_decorator.py took 0.856 seconds
[2024-02-11 14:58:31,809] {processor.py:153} INFO - Started process (PID=1704) to work on /home/airflow/.local/lib/python3.7/site-packages/airflow/example_dags/example_dag_decorator.py
[2024-02-11 14:58:31,810] {processor.py:641} INFO - Processing file /home/airflow/.local/lib/python3.7/site-packages/airflow/example_dags/example_dag_decorator.py for tasks to queue
[2024-02-11 14:58:31,811] {logging_mixin.py:115} INFO - [2024-02-11 14:58:31,811] {dagbag.py:507} INFO - Filling up the DagBag from /home/airflow/.local/lib/python3.7/site-packages/airflow/example_dags/example_dag_decorator.py
[2024-02-11 14:58:31,838] {processor.py:651} INFO - DAG(s) dict_keys(['example_dag_decorator']) retrieved from /home/airflow/.local/lib/python3.7/site-packages/airflow/example_dags/example_dag_decorator.py
[2024-02-11 14:58:31,956] {logging_mixin.py:115} INFO - [2024-02-11 14:58:31,956] {dag.py:2371} INFO - Sync 1 DAGs
[2024-02-11 14:58:32,234] {logging_mixin.py:115} INFO - [2024-02-11 14:58:32,234] {dag.py:2919} INFO - Setting next_dagrun for example_dag_decorator to None, run_after=None
[2024-02-11 14:58:32,258] {processor.py:161} INFO - Processing /home/airflow/.local/lib/python3.7/site-packages/airflow/example_dags/example_dag_decorator.py took 0.457 seconds
[2024-02-11 15:34:12,432] {processor.py:153} INFO - Started process (PID=1770) to work on /home/airflow/.local/lib/python3.7/site-packages/airflow/example_dags/example_dag_decorator.py
[2024-02-11 15:34:12,435] {processor.py:641} INFO - Processing file /home/airflow/.local/lib/python3.7/site-packages/airflow/example_dags/example_dag_decorator.py for tasks to queue
[2024-02-11 15:34:12,437] {logging_mixin.py:115} INFO - [2024-02-11 15:34:12,436] {dagbag.py:507} INFO - Filling up the DagBag from /home/airflow/.local/lib/python3.7/site-packages/airflow/example_dags/example_dag_decorator.py
[2024-02-11 15:34:12,456] {processor.py:651} INFO - DAG(s) dict_keys(['example_dag_decorator']) retrieved from /home/airflow/.local/lib/python3.7/site-packages/airflow/example_dags/example_dag_decorator.py
[2024-02-11 15:34:12,531] {logging_mixin.py:115} INFO - [2024-02-11 15:34:12,531] {dag.py:2371} INFO - Sync 1 DAGs
[2024-02-11 15:34:12,974] {logging_mixin.py:115} INFO - [2024-02-11 15:34:12,974] {dag.py:2919} INFO - Setting next_dagrun for example_dag_decorator to None, run_after=None
[2024-02-11 15:34:12,983] {processor.py:161} INFO - Processing /home/airflow/.local/lib/python3.7/site-packages/airflow/example_dags/example_dag_decorator.py took 0.555 seconds
[2024-02-11 15:34:43,325] {processor.py:153} INFO - Started process (PID=1835) to work on /home/airflow/.local/lib/python3.7/site-packages/airflow/example_dags/example_dag_decorator.py
[2024-02-11 15:34:43,326] {processor.py:641} INFO - Processing file /home/airflow/.local/lib/python3.7/site-packages/airflow/example_dags/example_dag_decorator.py for tasks to queue
[2024-02-11 15:34:43,326] {logging_mixin.py:115} INFO - [2024-02-11 15:34:43,326] {dagbag.py:507} INFO - Filling up the DagBag from /home/airflow/.local/lib/python3.7/site-packages/airflow/example_dags/example_dag_decorator.py
[2024-02-11 15:34:43,343] {processor.py:651} INFO - DAG(s) dict_keys(['example_dag_decorator']) retrieved from /home/airflow/.local/lib/python3.7/site-packages/airflow/example_dags/example_dag_decorator.py
[2024-02-11 15:34:43,379] {logging_mixin.py:115} INFO - [2024-02-11 15:34:43,379] {dag.py:2371} INFO - Sync 1 DAGs
[2024-02-11 15:34:43,708] {logging_mixin.py:115} INFO - [2024-02-11 15:34:43,708] {dag.py:2919} INFO - Setting next_dagrun for example_dag_decorator to None, run_after=None
[2024-02-11 15:34:43,715] {processor.py:161} INFO - Processing /home/airflow/.local/lib/python3.7/site-packages/airflow/example_dags/example_dag_decorator.py took 0.393 seconds
[2024-02-11 15:41:19,689] {processor.py:153} INFO - Started process (PID=1914) to work on /home/airflow/.local/lib/python3.7/site-packages/airflow/example_dags/example_dag_decorator.py
[2024-02-11 15:41:19,692] {processor.py:641} INFO - Processing file /home/airflow/.local/lib/python3.7/site-packages/airflow/example_dags/example_dag_decorator.py for tasks to queue
[2024-02-11 15:41:19,693] {logging_mixin.py:115} INFO - [2024-02-11 15:41:19,693] {dagbag.py:507} INFO - Filling up the DagBag from /home/airflow/.local/lib/python3.7/site-packages/airflow/example_dags/example_dag_decorator.py
[2024-02-11 15:41:19,735] {processor.py:651} INFO - DAG(s) dict_keys(['example_dag_decorator']) retrieved from /home/airflow/.local/lib/python3.7/site-packages/airflow/example_dags/example_dag_decorator.py
[2024-02-11 15:41:20,156] {logging_mixin.py:115} INFO - [2024-02-11 15:41:20,156] {dag.py:2371} INFO - Sync 1 DAGs
[2024-02-11 15:41:20,171] {logging_mixin.py:115} INFO - [2024-02-11 15:41:20,171] {dag.py:2919} INFO - Setting next_dagrun for example_dag_decorator to None, run_after=None
[2024-02-11 15:41:20,188] {processor.py:161} INFO - Processing /home/airflow/.local/lib/python3.7/site-packages/airflow/example_dags/example_dag_decorator.py took 0.504 seconds
[2024-02-11 16:05:36,408] {processor.py:153} INFO - Started process (PID=1979) to work on /home/airflow/.local/lib/python3.7/site-packages/airflow/example_dags/example_dag_decorator.py
[2024-02-11 16:05:36,410] {processor.py:641} INFO - Processing file /home/airflow/.local/lib/python3.7/site-packages/airflow/example_dags/example_dag_decorator.py for tasks to queue
[2024-02-11 16:05:36,412] {logging_mixin.py:115} INFO - [2024-02-11 16:05:36,412] {dagbag.py:507} INFO - Filling up the DagBag from /home/airflow/.local/lib/python3.7/site-packages/airflow/example_dags/example_dag_decorator.py
[2024-02-11 16:05:36,433] {processor.py:651} INFO - DAG(s) dict_keys(['example_dag_decorator']) retrieved from /home/airflow/.local/lib/python3.7/site-packages/airflow/example_dags/example_dag_decorator.py
[2024-02-11 16:05:36,703] {logging_mixin.py:115} INFO - [2024-02-11 16:05:36,702] {dag.py:2371} INFO - Sync 1 DAGs
[2024-02-11 16:05:36,716] {logging_mixin.py:115} INFO - [2024-02-11 16:05:36,716] {dag.py:2919} INFO - Setting next_dagrun for example_dag_decorator to None, run_after=None
[2024-02-11 16:05:36,731] {processor.py:161} INFO - Processing /home/airflow/.local/lib/python3.7/site-packages/airflow/example_dags/example_dag_decorator.py took 0.325 seconds
[2024-02-11 16:06:18,707] {processor.py:153} INFO - Started process (PID=2046) to work on /home/airflow/.local/lib/python3.7/site-packages/airflow/example_dags/example_dag_decorator.py
[2024-02-11 16:06:18,709] {processor.py:641} INFO - Processing file /home/airflow/.local/lib/python3.7/site-packages/airflow/example_dags/example_dag_decorator.py for tasks to queue
[2024-02-11 16:06:18,710] {logging_mixin.py:115} INFO - [2024-02-11 16:06:18,710] {dagbag.py:507} INFO - Filling up the DagBag from /home/airflow/.local/lib/python3.7/site-packages/airflow/example_dags/example_dag_decorator.py
[2024-02-11 16:06:18,730] {processor.py:651} INFO - DAG(s) dict_keys(['example_dag_decorator']) retrieved from /home/airflow/.local/lib/python3.7/site-packages/airflow/example_dags/example_dag_decorator.py
[2024-02-11 16:06:18,918] {logging_mixin.py:115} INFO - [2024-02-11 16:06:18,918] {dag.py:2371} INFO - Sync 1 DAGs
[2024-02-11 16:06:18,930] {logging_mixin.py:115} INFO - [2024-02-11 16:06:18,929] {dag.py:2919} INFO - Setting next_dagrun for example_dag_decorator to None, run_after=None
[2024-02-11 16:06:18,943] {processor.py:161} INFO - Processing /home/airflow/.local/lib/python3.7/site-packages/airflow/example_dags/example_dag_decorator.py took 0.238 seconds
[2024-02-11 16:06:49,663] {processor.py:153} INFO - Started process (PID=2109) to work on /home/airflow/.local/lib/python3.7/site-packages/airflow/example_dags/example_dag_decorator.py
[2024-02-11 16:06:49,666] {processor.py:641} INFO - Processing file /home/airflow/.local/lib/python3.7/site-packages/airflow/example_dags/example_dag_decorator.py for tasks to queue
[2024-02-11 16:06:49,667] {logging_mixin.py:115} INFO - [2024-02-11 16:06:49,667] {dagbag.py:507} INFO - Filling up the DagBag from /home/airflow/.local/lib/python3.7/site-packages/airflow/example_dags/example_dag_decorator.py
[2024-02-11 16:06:49,681] {processor.py:651} INFO - DAG(s) dict_keys(['example_dag_decorator']) retrieved from /home/airflow/.local/lib/python3.7/site-packages/airflow/example_dags/example_dag_decorator.py
[2024-02-11 16:06:49,798] {logging_mixin.py:115} INFO - [2024-02-11 16:06:49,798] {dag.py:2371} INFO - Sync 1 DAGs
[2024-02-11 16:06:49,807] {logging_mixin.py:115} INFO - [2024-02-11 16:06:49,807] {dag.py:2919} INFO - Setting next_dagrun for example_dag_decorator to None, run_after=None
[2024-02-11 16:06:49,814] {processor.py:161} INFO - Processing /home/airflow/.local/lib/python3.7/site-packages/airflow/example_dags/example_dag_decorator.py took 0.156 seconds
[2024-02-11 16:07:19,843] {processor.py:153} INFO - Started process (PID=2177) to work on /home/airflow/.local/lib/python3.7/site-packages/airflow/example_dags/example_dag_decorator.py
[2024-02-11 16:07:19,844] {processor.py:641} INFO - Processing file /home/airflow/.local/lib/python3.7/site-packages/airflow/example_dags/example_dag_decorator.py for tasks to queue
[2024-02-11 16:07:19,845] {logging_mixin.py:115} INFO - [2024-02-11 16:07:19,845] {dagbag.py:507} INFO - Filling up the DagBag from /home/airflow/.local/lib/python3.7/site-packages/airflow/example_dags/example_dag_decorator.py
[2024-02-11 16:07:19,863] {processor.py:651} INFO - DAG(s) dict_keys(['example_dag_decorator']) retrieved from /home/airflow/.local/lib/python3.7/site-packages/airflow/example_dags/example_dag_decorator.py
[2024-02-11 16:07:20,042] {logging_mixin.py:115} INFO - [2024-02-11 16:07:20,042] {dag.py:2371} INFO - Sync 1 DAGs
[2024-02-11 16:07:20,051] {logging_mixin.py:115} INFO - [2024-02-11 16:07:20,051] {dag.py:2919} INFO - Setting next_dagrun for example_dag_decorator to None, run_after=None
[2024-02-11 16:07:20,063] {processor.py:161} INFO - Processing /home/airflow/.local/lib/python3.7/site-packages/airflow/example_dags/example_dag_decorator.py took 0.223 seconds
[2024-02-11 16:07:50,971] {processor.py:153} INFO - Started process (PID=2232) to work on /home/airflow/.local/lib/python3.7/site-packages/airflow/example_dags/example_dag_decorator.py
[2024-02-11 16:07:50,973] {processor.py:641} INFO - Processing file /home/airflow/.local/lib/python3.7/site-packages/airflow/example_dags/example_dag_decorator.py for tasks to queue
[2024-02-11 16:07:50,974] {logging_mixin.py:115} INFO - [2024-02-11 16:07:50,974] {dagbag.py:507} INFO - Filling up the DagBag from /home/airflow/.local/lib/python3.7/site-packages/airflow/example_dags/example_dag_decorator.py
[2024-02-11 16:07:51,007] {processor.py:651} INFO - DAG(s) dict_keys(['example_dag_decorator']) retrieved from /home/airflow/.local/lib/python3.7/site-packages/airflow/example_dags/example_dag_decorator.py
[2024-02-11 16:07:51,289] {logging_mixin.py:115} INFO - [2024-02-11 16:07:51,289] {dag.py:2371} INFO - Sync 1 DAGs
[2024-02-11 16:07:51,304] {logging_mixin.py:115} INFO - [2024-02-11 16:07:51,304] {dag.py:2919} INFO - Setting next_dagrun for example_dag_decorator to None, run_after=None
[2024-02-11 16:07:51,316] {processor.py:161} INFO - Processing /home/airflow/.local/lib/python3.7/site-packages/airflow/example_dags/example_dag_decorator.py took 0.349 seconds
[2024-02-11 16:08:22,189] {processor.py:153} INFO - Started process (PID=2299) to work on /home/airflow/.local/lib/python3.7/site-packages/airflow/example_dags/example_dag_decorator.py
[2024-02-11 16:08:22,195] {processor.py:641} INFO - Processing file /home/airflow/.local/lib/python3.7/site-packages/airflow/example_dags/example_dag_decorator.py for tasks to queue
[2024-02-11 16:08:22,201] {logging_mixin.py:115} INFO - [2024-02-11 16:08:22,201] {dagbag.py:507} INFO - Filling up the DagBag from /home/airflow/.local/lib/python3.7/site-packages/airflow/example_dags/example_dag_decorator.py
[2024-02-11 16:08:22,239] {processor.py:651} INFO - DAG(s) dict_keys(['example_dag_decorator']) retrieved from /home/airflow/.local/lib/python3.7/site-packages/airflow/example_dags/example_dag_decorator.py
[2024-02-11 16:08:22,545] {logging_mixin.py:115} INFO - [2024-02-11 16:08:22,545] {dag.py:2371} INFO - Sync 1 DAGs
[2024-02-11 16:08:22,570] {logging_mixin.py:115} INFO - [2024-02-11 16:08:22,569] {dag.py:2919} INFO - Setting next_dagrun for example_dag_decorator to None, run_after=None
[2024-02-11 16:08:22,582] {processor.py:161} INFO - Processing /home/airflow/.local/lib/python3.7/site-packages/airflow/example_dags/example_dag_decorator.py took 0.401 seconds
[2024-02-11 16:08:52,777] {processor.py:153} INFO - Started process (PID=2363) to work on /home/airflow/.local/lib/python3.7/site-packages/airflow/example_dags/example_dag_decorator.py
[2024-02-11 16:08:52,783] {processor.py:641} INFO - Processing file /home/airflow/.local/lib/python3.7/site-packages/airflow/example_dags/example_dag_decorator.py for tasks to queue
[2024-02-11 16:08:52,784] {logging_mixin.py:115} INFO - [2024-02-11 16:08:52,784] {dagbag.py:507} INFO - Filling up the DagBag from /home/airflow/.local/lib/python3.7/site-packages/airflow/example_dags/example_dag_decorator.py
[2024-02-11 16:08:52,826] {processor.py:651} INFO - DAG(s) dict_keys(['example_dag_decorator']) retrieved from /home/airflow/.local/lib/python3.7/site-packages/airflow/example_dags/example_dag_decorator.py
[2024-02-11 16:08:52,863] {logging_mixin.py:115} INFO - [2024-02-11 16:08:52,863] {dag.py:2371} INFO - Sync 1 DAGs
[2024-02-11 16:08:52,879] {logging_mixin.py:115} INFO - [2024-02-11 16:08:52,879] {dag.py:2919} INFO - Setting next_dagrun for example_dag_decorator to None, run_after=None
[2024-02-11 16:08:53,201] {processor.py:161} INFO - Processing /home/airflow/.local/lib/python3.7/site-packages/airflow/example_dags/example_dag_decorator.py took 0.444 seconds
