[2024-02-11 00:01:20,027] {processor.py:153} INFO - Started process (PID=4420) to work on /home/airflow/.local/lib/python3.7/site-packages/airflow/example_dags/example_branch_labels.py
[2024-02-11 00:01:20,028] {processor.py:641} INFO - Processing file /home/airflow/.local/lib/python3.7/site-packages/airflow/example_dags/example_branch_labels.py for tasks to queue
[2024-02-11 00:01:20,029] {logging_mixin.py:115} INFO - [2024-02-11 00:01:20,029] {dagbag.py:507} INFO - Filling up the DagBag from /home/airflow/.local/lib/python3.7/site-packages/airflow/example_dags/example_branch_labels.py
[2024-02-11 00:01:20,037] {processor.py:651} INFO - DAG(s) dict_keys(['example_branch_labels']) retrieved from /home/airflow/.local/lib/python3.7/site-packages/airflow/example_dags/example_branch_labels.py
[2024-02-11 00:01:20,081] {logging_mixin.py:115} INFO - [2024-02-11 00:01:20,081] {dag.py:2371} INFO - Sync 1 DAGs
[2024-02-11 00:01:20,118] {logging_mixin.py:115} INFO - [2024-02-11 00:01:20,118] {dag.py:2919} INFO - Setting next_dagrun for example_branch_labels to 2024-02-10T00:00:00+00:00, run_after=2024-02-11T00:00:00+00:00
[2024-02-11 00:01:20,136] {processor.py:161} INFO - Processing /home/airflow/.local/lib/python3.7/site-packages/airflow/example_dags/example_branch_labels.py took 0.111 seconds
[2024-02-11 00:01:50,576] {processor.py:153} INFO - Started process (PID=4483) to work on /home/airflow/.local/lib/python3.7/site-packages/airflow/example_dags/example_branch_labels.py
[2024-02-11 00:01:50,577] {processor.py:641} INFO - Processing file /home/airflow/.local/lib/python3.7/site-packages/airflow/example_dags/example_branch_labels.py for tasks to queue
[2024-02-11 00:01:50,577] {logging_mixin.py:115} INFO - [2024-02-11 00:01:50,577] {dagbag.py:507} INFO - Filling up the DagBag from /home/airflow/.local/lib/python3.7/site-packages/airflow/example_dags/example_branch_labels.py
[2024-02-11 00:01:50,580] {processor.py:651} INFO - DAG(s) dict_keys(['example_branch_labels']) retrieved from /home/airflow/.local/lib/python3.7/site-packages/airflow/example_dags/example_branch_labels.py
[2024-02-11 00:01:50,594] {logging_mixin.py:115} INFO - [2024-02-11 00:01:50,594] {dag.py:2371} INFO - Sync 1 DAGs
[2024-02-11 00:01:50,607] {logging_mixin.py:115} INFO - [2024-02-11 00:01:50,607] {dag.py:2919} INFO - Setting next_dagrun for example_branch_labels to 2024-02-10T00:00:00+00:00, run_after=2024-02-11T00:00:00+00:00
[2024-02-11 00:01:50,623] {processor.py:161} INFO - Processing /home/airflow/.local/lib/python3.7/site-packages/airflow/example_dags/example_branch_labels.py took 0.048 seconds
[2024-02-11 00:07:04,748] {processor.py:153} INFO - Started process (PID=4552) to work on /home/airflow/.local/lib/python3.7/site-packages/airflow/example_dags/example_branch_labels.py
[2024-02-11 00:07:04,751] {processor.py:641} INFO - Processing file /home/airflow/.local/lib/python3.7/site-packages/airflow/example_dags/example_branch_labels.py for tasks to queue
[2024-02-11 00:07:04,755] {logging_mixin.py:115} INFO - [2024-02-11 00:07:04,755] {dagbag.py:507} INFO - Filling up the DagBag from /home/airflow/.local/lib/python3.7/site-packages/airflow/example_dags/example_branch_labels.py
[2024-02-11 00:07:04,771] {processor.py:651} INFO - DAG(s) dict_keys(['example_branch_labels']) retrieved from /home/airflow/.local/lib/python3.7/site-packages/airflow/example_dags/example_branch_labels.py
[2024-02-11 00:07:04,804] {logging_mixin.py:115} INFO - [2024-02-11 00:07:04,804] {dag.py:2371} INFO - Sync 1 DAGs
[2024-02-11 00:07:04,826] {logging_mixin.py:115} INFO - [2024-02-11 00:07:04,826] {dag.py:2919} INFO - Setting next_dagrun for example_branch_labels to 2024-02-10T00:00:00+00:00, run_after=2024-02-11T00:00:00+00:00
[2024-02-11 00:07:05,019] {processor.py:161} INFO - Processing /home/airflow/.local/lib/python3.7/site-packages/airflow/example_dags/example_branch_labels.py took 0.283 seconds
[2024-02-11 00:07:35,452] {processor.py:153} INFO - Started process (PID=4607) to work on /home/airflow/.local/lib/python3.7/site-packages/airflow/example_dags/example_branch_labels.py
[2024-02-11 00:07:35,452] {processor.py:641} INFO - Processing file /home/airflow/.local/lib/python3.7/site-packages/airflow/example_dags/example_branch_labels.py for tasks to queue
[2024-02-11 00:07:35,453] {logging_mixin.py:115} INFO - [2024-02-11 00:07:35,453] {dagbag.py:507} INFO - Filling up the DagBag from /home/airflow/.local/lib/python3.7/site-packages/airflow/example_dags/example_branch_labels.py
[2024-02-11 00:07:35,456] {processor.py:651} INFO - DAG(s) dict_keys(['example_branch_labels']) retrieved from /home/airflow/.local/lib/python3.7/site-packages/airflow/example_dags/example_branch_labels.py
[2024-02-11 00:07:35,470] {logging_mixin.py:115} INFO - [2024-02-11 00:07:35,470] {dag.py:2371} INFO - Sync 1 DAGs
[2024-02-11 00:07:35,481] {logging_mixin.py:115} INFO - [2024-02-11 00:07:35,481] {dag.py:2919} INFO - Setting next_dagrun for example_branch_labels to 2024-02-10T00:00:00+00:00, run_after=2024-02-11T00:00:00+00:00
[2024-02-11 00:07:35,560] {processor.py:161} INFO - Processing /home/airflow/.local/lib/python3.7/site-packages/airflow/example_dags/example_branch_labels.py took 0.109 seconds
[2024-02-11 00:08:06,525] {processor.py:153} INFO - Started process (PID=4671) to work on /home/airflow/.local/lib/python3.7/site-packages/airflow/example_dags/example_branch_labels.py
[2024-02-11 00:08:06,526] {processor.py:641} INFO - Processing file /home/airflow/.local/lib/python3.7/site-packages/airflow/example_dags/example_branch_labels.py for tasks to queue
[2024-02-11 00:08:06,526] {logging_mixin.py:115} INFO - [2024-02-11 00:08:06,526] {dagbag.py:507} INFO - Filling up the DagBag from /home/airflow/.local/lib/python3.7/site-packages/airflow/example_dags/example_branch_labels.py
[2024-02-11 00:08:06,530] {processor.py:651} INFO - DAG(s) dict_keys(['example_branch_labels']) retrieved from /home/airflow/.local/lib/python3.7/site-packages/airflow/example_dags/example_branch_labels.py
[2024-02-11 00:08:06,550] {logging_mixin.py:115} INFO - [2024-02-11 00:08:06,550] {dag.py:2371} INFO - Sync 1 DAGs
[2024-02-11 00:08:06,569] {logging_mixin.py:115} INFO - [2024-02-11 00:08:06,569] {dag.py:2919} INFO - Setting next_dagrun for example_branch_labels to 2024-02-10T00:00:00+00:00, run_after=2024-02-11T00:00:00+00:00
[2024-02-11 00:08:06,775] {processor.py:161} INFO - Processing /home/airflow/.local/lib/python3.7/site-packages/airflow/example_dags/example_branch_labels.py took 0.252 seconds
[2024-02-11 00:41:53,379] {processor.py:153} INFO - Started process (PID=4741) to work on /home/airflow/.local/lib/python3.7/site-packages/airflow/example_dags/example_branch_labels.py
[2024-02-11 00:41:53,380] {processor.py:641} INFO - Processing file /home/airflow/.local/lib/python3.7/site-packages/airflow/example_dags/example_branch_labels.py for tasks to queue
[2024-02-11 00:41:53,381] {logging_mixin.py:115} INFO - [2024-02-11 00:41:53,381] {dagbag.py:507} INFO - Filling up the DagBag from /home/airflow/.local/lib/python3.7/site-packages/airflow/example_dags/example_branch_labels.py
[2024-02-11 00:41:53,387] {processor.py:651} INFO - DAG(s) dict_keys(['example_branch_labels']) retrieved from /home/airflow/.local/lib/python3.7/site-packages/airflow/example_dags/example_branch_labels.py
[2024-02-11 00:41:53,425] {logging_mixin.py:115} INFO - [2024-02-11 00:41:53,425] {dag.py:2371} INFO - Sync 1 DAGs
[2024-02-11 00:41:53,579] {logging_mixin.py:115} INFO - [2024-02-11 00:41:53,579] {dag.py:2919} INFO - Setting next_dagrun for example_branch_labels to 2024-02-10T00:00:00+00:00, run_after=2024-02-11T00:00:00+00:00
[2024-02-11 00:41:53,588] {processor.py:161} INFO - Processing /home/airflow/.local/lib/python3.7/site-packages/airflow/example_dags/example_branch_labels.py took 0.212 seconds
[2024-02-11 00:58:47,285] {processor.py:153} INFO - Started process (PID=4802) to work on /home/airflow/.local/lib/python3.7/site-packages/airflow/example_dags/example_branch_labels.py
[2024-02-11 00:58:47,287] {processor.py:641} INFO - Processing file /home/airflow/.local/lib/python3.7/site-packages/airflow/example_dags/example_branch_labels.py for tasks to queue
[2024-02-11 00:58:47,289] {logging_mixin.py:115} INFO - [2024-02-11 00:58:47,289] {dagbag.py:507} INFO - Filling up the DagBag from /home/airflow/.local/lib/python3.7/site-packages/airflow/example_dags/example_branch_labels.py
[2024-02-11 00:58:47,297] {processor.py:651} INFO - DAG(s) dict_keys(['example_branch_labels']) retrieved from /home/airflow/.local/lib/python3.7/site-packages/airflow/example_dags/example_branch_labels.py
[2024-02-11 00:58:47,347] {logging_mixin.py:115} INFO - [2024-02-11 00:58:47,346] {dag.py:2371} INFO - Sync 1 DAGs
[2024-02-11 00:58:48,961] {logging_mixin.py:115} INFO - [2024-02-11 00:58:48,961] {dag.py:2919} INFO - Setting next_dagrun for example_branch_labels to 2024-02-10T00:00:00+00:00, run_after=2024-02-11T00:00:00+00:00
[2024-02-11 00:58:49,123] {processor.py:161} INFO - Processing /home/airflow/.local/lib/python3.7/site-packages/airflow/example_dags/example_branch_labels.py took 1.841 seconds
[2024-02-11 02:19:48,432] {processor.py:153} INFO - Started process (PID=4862) to work on /home/airflow/.local/lib/python3.7/site-packages/airflow/example_dags/example_branch_labels.py
[2024-02-11 02:19:48,435] {processor.py:641} INFO - Processing file /home/airflow/.local/lib/python3.7/site-packages/airflow/example_dags/example_branch_labels.py for tasks to queue
[2024-02-11 02:19:48,436] {logging_mixin.py:115} INFO - [2024-02-11 02:19:48,436] {dagbag.py:507} INFO - Filling up the DagBag from /home/airflow/.local/lib/python3.7/site-packages/airflow/example_dags/example_branch_labels.py
[2024-02-11 02:19:48,449] {processor.py:651} INFO - DAG(s) dict_keys(['example_branch_labels']) retrieved from /home/airflow/.local/lib/python3.7/site-packages/airflow/example_dags/example_branch_labels.py
[2024-02-11 02:19:48,491] {logging_mixin.py:115} INFO - [2024-02-11 02:19:48,491] {dag.py:2371} INFO - Sync 1 DAGs
[2024-02-11 02:19:48,658] {logging_mixin.py:115} INFO - [2024-02-11 02:19:48,658] {dag.py:2919} INFO - Setting next_dagrun for example_branch_labels to 2024-02-10T00:00:00+00:00, run_after=2024-02-11T00:00:00+00:00
[2024-02-11 02:19:48,678] {processor.py:161} INFO - Processing /home/airflow/.local/lib/python3.7/site-packages/airflow/example_dags/example_branch_labels.py took 0.248 seconds
[2024-02-11 03:27:02,044] {processor.py:153} INFO - Started process (PID=4932) to work on /home/airflow/.local/lib/python3.7/site-packages/airflow/example_dags/example_branch_labels.py
[2024-02-11 03:27:02,050] {processor.py:641} INFO - Processing file /home/airflow/.local/lib/python3.7/site-packages/airflow/example_dags/example_branch_labels.py for tasks to queue
[2024-02-11 03:27:02,055] {logging_mixin.py:115} INFO - [2024-02-11 03:27:02,055] {dagbag.py:507} INFO - Filling up the DagBag from /home/airflow/.local/lib/python3.7/site-packages/airflow/example_dags/example_branch_labels.py
[2024-02-11 03:27:02,067] {processor.py:651} INFO - DAG(s) dict_keys(['example_branch_labels']) retrieved from /home/airflow/.local/lib/python3.7/site-packages/airflow/example_dags/example_branch_labels.py
[2024-02-11 03:27:02,447] {logging_mixin.py:115} INFO - [2024-02-11 03:27:02,447] {dag.py:2371} INFO - Sync 1 DAGs
[2024-02-11 03:27:02,470] {logging_mixin.py:115} INFO - [2024-02-11 03:27:02,469] {dag.py:2919} INFO - Setting next_dagrun for example_branch_labels to 2024-02-10T00:00:00+00:00, run_after=2024-02-11T00:00:00+00:00
[2024-02-11 03:27:02,478] {processor.py:161} INFO - Processing /home/airflow/.local/lib/python3.7/site-packages/airflow/example_dags/example_branch_labels.py took 0.458 seconds
[2024-02-11 03:32:29,016] {processor.py:153} INFO - Started process (PID=4993) to work on /home/airflow/.local/lib/python3.7/site-packages/airflow/example_dags/example_branch_labels.py
[2024-02-11 03:32:29,018] {processor.py:641} INFO - Processing file /home/airflow/.local/lib/python3.7/site-packages/airflow/example_dags/example_branch_labels.py for tasks to queue
[2024-02-11 03:32:29,019] {logging_mixin.py:115} INFO - [2024-02-11 03:32:29,019] {dagbag.py:507} INFO - Filling up the DagBag from /home/airflow/.local/lib/python3.7/site-packages/airflow/example_dags/example_branch_labels.py
[2024-02-11 03:32:29,030] {processor.py:651} INFO - DAG(s) dict_keys(['example_branch_labels']) retrieved from /home/airflow/.local/lib/python3.7/site-packages/airflow/example_dags/example_branch_labels.py
[2024-02-11 03:32:29,069] {logging_mixin.py:115} INFO - [2024-02-11 03:32:29,069] {dag.py:2371} INFO - Sync 1 DAGs
[2024-02-11 03:32:29,085] {logging_mixin.py:115} INFO - [2024-02-11 03:32:29,085] {dag.py:2919} INFO - Setting next_dagrun for example_branch_labels to 2024-02-10T00:00:00+00:00, run_after=2024-02-11T00:00:00+00:00
[2024-02-11 03:32:29,094] {processor.py:161} INFO - Processing /home/airflow/.local/lib/python3.7/site-packages/airflow/example_dags/example_branch_labels.py took 0.086 seconds
[2024-02-11 04:04:50,409] {processor.py:153} INFO - Started process (PID=5060) to work on /home/airflow/.local/lib/python3.7/site-packages/airflow/example_dags/example_branch_labels.py
[2024-02-11 04:04:50,414] {processor.py:641} INFO - Processing file /home/airflow/.local/lib/python3.7/site-packages/airflow/example_dags/example_branch_labels.py for tasks to queue
[2024-02-11 04:04:50,416] {logging_mixin.py:115} INFO - [2024-02-11 04:04:50,416] {dagbag.py:507} INFO - Filling up the DagBag from /home/airflow/.local/lib/python3.7/site-packages/airflow/example_dags/example_branch_labels.py
[2024-02-11 04:04:50,430] {processor.py:651} INFO - DAG(s) dict_keys(['example_branch_labels']) retrieved from /home/airflow/.local/lib/python3.7/site-packages/airflow/example_dags/example_branch_labels.py
[2024-02-11 04:04:50,487] {logging_mixin.py:115} INFO - [2024-02-11 04:04:50,486] {dag.py:2371} INFO - Sync 1 DAGs
[2024-02-11 04:04:50,508] {logging_mixin.py:115} INFO - [2024-02-11 04:04:50,508] {dag.py:2919} INFO - Setting next_dagrun for example_branch_labels to 2024-02-10T00:00:00+00:00, run_after=2024-02-11T00:00:00+00:00
[2024-02-11 04:04:50,530] {processor.py:161} INFO - Processing /home/airflow/.local/lib/python3.7/site-packages/airflow/example_dags/example_branch_labels.py took 0.128 seconds
[2024-02-11 04:23:09,410] {processor.py:153} INFO - Started process (PID=5129) to work on /home/airflow/.local/lib/python3.7/site-packages/airflow/example_dags/example_branch_labels.py
[2024-02-11 04:23:09,417] {processor.py:641} INFO - Processing file /home/airflow/.local/lib/python3.7/site-packages/airflow/example_dags/example_branch_labels.py for tasks to queue
[2024-02-11 04:23:09,429] {logging_mixin.py:115} INFO - [2024-02-11 04:23:09,428] {dagbag.py:507} INFO - Filling up the DagBag from /home/airflow/.local/lib/python3.7/site-packages/airflow/example_dags/example_branch_labels.py
[2024-02-11 04:23:09,463] {processor.py:651} INFO - DAG(s) dict_keys(['example_branch_labels']) retrieved from /home/airflow/.local/lib/python3.7/site-packages/airflow/example_dags/example_branch_labels.py
[2024-02-11 04:23:09,692] {logging_mixin.py:115} INFO - [2024-02-11 04:23:09,692] {dag.py:2371} INFO - Sync 1 DAGs
[2024-02-11 04:23:09,773] {logging_mixin.py:115} INFO - [2024-02-11 04:23:09,772] {dag.py:2919} INFO - Setting next_dagrun for example_branch_labels to 2024-02-10T00:00:00+00:00, run_after=2024-02-11T00:00:00+00:00
[2024-02-11 04:23:09,901] {processor.py:161} INFO - Processing /home/airflow/.local/lib/python3.7/site-packages/airflow/example_dags/example_branch_labels.py took 0.726 seconds
[2024-02-11 05:29:08,524] {processor.py:153} INFO - Started process (PID=5189) to work on /home/airflow/.local/lib/python3.7/site-packages/airflow/example_dags/example_branch_labels.py
[2024-02-11 05:29:08,539] {processor.py:641} INFO - Processing file /home/airflow/.local/lib/python3.7/site-packages/airflow/example_dags/example_branch_labels.py for tasks to queue
[2024-02-11 05:29:08,542] {logging_mixin.py:115} INFO - [2024-02-11 05:29:08,541] {dagbag.py:507} INFO - Filling up the DagBag from /home/airflow/.local/lib/python3.7/site-packages/airflow/example_dags/example_branch_labels.py
[2024-02-11 05:29:08,568] {processor.py:651} INFO - DAG(s) dict_keys(['example_branch_labels']) retrieved from /home/airflow/.local/lib/python3.7/site-packages/airflow/example_dags/example_branch_labels.py
[2024-02-11 05:29:08,644] {logging_mixin.py:115} INFO - [2024-02-11 05:29:08,644] {dag.py:2371} INFO - Sync 1 DAGs
[2024-02-11 05:29:08,706] {logging_mixin.py:115} INFO - [2024-02-11 05:29:08,706] {dag.py:2919} INFO - Setting next_dagrun for example_branch_labels to 2024-02-10T00:00:00+00:00, run_after=2024-02-11T00:00:00+00:00
[2024-02-11 05:29:08,726] {processor.py:161} INFO - Processing /home/airflow/.local/lib/python3.7/site-packages/airflow/example_dags/example_branch_labels.py took 0.223 seconds
[2024-02-11 05:33:25,592] {processor.py:153} INFO - Started process (PID=5244) to work on /home/airflow/.local/lib/python3.7/site-packages/airflow/example_dags/example_branch_labels.py
[2024-02-11 05:33:25,596] {processor.py:641} INFO - Processing file /home/airflow/.local/lib/python3.7/site-packages/airflow/example_dags/example_branch_labels.py for tasks to queue
[2024-02-11 05:33:25,598] {logging_mixin.py:115} INFO - [2024-02-11 05:33:25,597] {dagbag.py:507} INFO - Filling up the DagBag from /home/airflow/.local/lib/python3.7/site-packages/airflow/example_dags/example_branch_labels.py
[2024-02-11 05:33:25,610] {processor.py:651} INFO - DAG(s) dict_keys(['example_branch_labels']) retrieved from /home/airflow/.local/lib/python3.7/site-packages/airflow/example_dags/example_branch_labels.py
[2024-02-11 05:33:25,704] {logging_mixin.py:115} INFO - [2024-02-11 05:33:25,703] {dag.py:2371} INFO - Sync 1 DAGs
[2024-02-11 05:33:26,237] {logging_mixin.py:115} INFO - [2024-02-11 05:33:26,235] {dag.py:2919} INFO - Setting next_dagrun for example_branch_labels to 2024-02-10T00:00:00+00:00, run_after=2024-02-11T00:00:00+00:00
[2024-02-11 05:33:26,355] {processor.py:161} INFO - Processing /home/airflow/.local/lib/python3.7/site-packages/airflow/example_dags/example_branch_labels.py took 0.771 seconds
[2024-02-11 06:21:39,966] {processor.py:153} INFO - Started process (PID=5312) to work on /home/airflow/.local/lib/python3.7/site-packages/airflow/example_dags/example_branch_labels.py
[2024-02-11 06:21:39,967] {processor.py:641} INFO - Processing file /home/airflow/.local/lib/python3.7/site-packages/airflow/example_dags/example_branch_labels.py for tasks to queue
[2024-02-11 06:21:39,967] {logging_mixin.py:115} INFO - [2024-02-11 06:21:39,967] {dagbag.py:507} INFO - Filling up the DagBag from /home/airflow/.local/lib/python3.7/site-packages/airflow/example_dags/example_branch_labels.py
[2024-02-11 06:21:39,972] {processor.py:651} INFO - DAG(s) dict_keys(['example_branch_labels']) retrieved from /home/airflow/.local/lib/python3.7/site-packages/airflow/example_dags/example_branch_labels.py
[2024-02-11 06:21:40,010] {logging_mixin.py:115} INFO - [2024-02-11 06:21:40,010] {dag.py:2371} INFO - Sync 1 DAGs
[2024-02-11 06:21:40,026] {logging_mixin.py:115} INFO - [2024-02-11 06:21:40,026] {dag.py:2919} INFO - Setting next_dagrun for example_branch_labels to 2024-02-10T00:00:00+00:00, run_after=2024-02-11T00:00:00+00:00
[2024-02-11 06:21:40,034] {processor.py:161} INFO - Processing /home/airflow/.local/lib/python3.7/site-packages/airflow/example_dags/example_branch_labels.py took 0.073 seconds
[2024-02-11 06:34:30,339] {processor.py:153} INFO - Started process (PID=5382) to work on /home/airflow/.local/lib/python3.7/site-packages/airflow/example_dags/example_branch_labels.py
[2024-02-11 06:34:30,347] {processor.py:641} INFO - Processing file /home/airflow/.local/lib/python3.7/site-packages/airflow/example_dags/example_branch_labels.py for tasks to queue
[2024-02-11 06:34:30,349] {logging_mixin.py:115} INFO - [2024-02-11 06:34:30,349] {dagbag.py:507} INFO - Filling up the DagBag from /home/airflow/.local/lib/python3.7/site-packages/airflow/example_dags/example_branch_labels.py
[2024-02-11 06:34:30,366] {processor.py:651} INFO - DAG(s) dict_keys(['example_branch_labels']) retrieved from /home/airflow/.local/lib/python3.7/site-packages/airflow/example_dags/example_branch_labels.py
[2024-02-11 06:34:30,431] {logging_mixin.py:115} INFO - [2024-02-11 06:34:30,431] {dag.py:2371} INFO - Sync 1 DAGs
[2024-02-11 06:34:30,474] {logging_mixin.py:115} INFO - [2024-02-11 06:34:30,474] {dag.py:2919} INFO - Setting next_dagrun for example_branch_labels to 2024-02-10T00:00:00+00:00, run_after=2024-02-11T00:00:00+00:00
[2024-02-11 06:34:30,492] {processor.py:161} INFO - Processing /home/airflow/.local/lib/python3.7/site-packages/airflow/example_dags/example_branch_labels.py took 0.159 seconds
[2024-02-11 07:08:51,313] {processor.py:153} INFO - Started process (PID=5440) to work on /home/airflow/.local/lib/python3.7/site-packages/airflow/example_dags/example_branch_labels.py
[2024-02-11 07:08:51,314] {processor.py:641} INFO - Processing file /home/airflow/.local/lib/python3.7/site-packages/airflow/example_dags/example_branch_labels.py for tasks to queue
[2024-02-11 07:08:51,315] {logging_mixin.py:115} INFO - [2024-02-11 07:08:51,315] {dagbag.py:507} INFO - Filling up the DagBag from /home/airflow/.local/lib/python3.7/site-packages/airflow/example_dags/example_branch_labels.py
[2024-02-11 07:08:51,322] {processor.py:651} INFO - DAG(s) dict_keys(['example_branch_labels']) retrieved from /home/airflow/.local/lib/python3.7/site-packages/airflow/example_dags/example_branch_labels.py
[2024-02-11 07:08:51,348] {logging_mixin.py:115} INFO - [2024-02-11 07:08:51,348] {dag.py:2371} INFO - Sync 1 DAGs
[2024-02-11 07:08:51,365] {logging_mixin.py:115} INFO - [2024-02-11 07:08:51,364] {dag.py:2919} INFO - Setting next_dagrun for example_branch_labels to 2024-02-10T00:00:00+00:00, run_after=2024-02-11T00:00:00+00:00
[2024-02-11 07:08:51,465] {processor.py:161} INFO - Processing /home/airflow/.local/lib/python3.7/site-packages/airflow/example_dags/example_branch_labels.py took 0.154 seconds
[2024-02-11 07:35:25,615] {processor.py:153} INFO - Started process (PID=5509) to work on /home/airflow/.local/lib/python3.7/site-packages/airflow/example_dags/example_branch_labels.py
[2024-02-11 07:35:25,627] {processor.py:641} INFO - Processing file /home/airflow/.local/lib/python3.7/site-packages/airflow/example_dags/example_branch_labels.py for tasks to queue
[2024-02-11 07:35:25,634] {logging_mixin.py:115} INFO - [2024-02-11 07:35:25,633] {dagbag.py:507} INFO - Filling up the DagBag from /home/airflow/.local/lib/python3.7/site-packages/airflow/example_dags/example_branch_labels.py
[2024-02-11 07:35:25,647] {processor.py:651} INFO - DAG(s) dict_keys(['example_branch_labels']) retrieved from /home/airflow/.local/lib/python3.7/site-packages/airflow/example_dags/example_branch_labels.py
[2024-02-11 07:35:25,702] {logging_mixin.py:115} INFO - [2024-02-11 07:35:25,702] {dag.py:2371} INFO - Sync 1 DAGs
[2024-02-11 07:35:26,066] {logging_mixin.py:115} INFO - [2024-02-11 07:35:26,065] {dag.py:2919} INFO - Setting next_dagrun for example_branch_labels to 2024-02-10T00:00:00+00:00, run_after=2024-02-11T00:00:00+00:00
[2024-02-11 07:35:26,083] {processor.py:161} INFO - Processing /home/airflow/.local/lib/python3.7/site-packages/airflow/example_dags/example_branch_labels.py took 0.476 seconds
[2024-02-11 08:02:44,554] {processor.py:153} INFO - Started process (PID=5569) to work on /home/airflow/.local/lib/python3.7/site-packages/airflow/example_dags/example_branch_labels.py
[2024-02-11 08:02:44,555] {processor.py:641} INFO - Processing file /home/airflow/.local/lib/python3.7/site-packages/airflow/example_dags/example_branch_labels.py for tasks to queue
[2024-02-11 08:02:44,556] {logging_mixin.py:115} INFO - [2024-02-11 08:02:44,556] {dagbag.py:507} INFO - Filling up the DagBag from /home/airflow/.local/lib/python3.7/site-packages/airflow/example_dags/example_branch_labels.py
[2024-02-11 08:02:44,565] {processor.py:651} INFO - DAG(s) dict_keys(['example_branch_labels']) retrieved from /home/airflow/.local/lib/python3.7/site-packages/airflow/example_dags/example_branch_labels.py
[2024-02-11 08:02:44,609] {logging_mixin.py:115} INFO - [2024-02-11 08:02:44,609] {dag.py:2371} INFO - Sync 1 DAGs
[2024-02-11 08:02:44,875] {logging_mixin.py:115} INFO - [2024-02-11 08:02:44,875] {dag.py:2919} INFO - Setting next_dagrun for example_branch_labels to 2024-02-10T00:00:00+00:00, run_after=2024-02-11T00:00:00+00:00
[2024-02-11 08:02:44,880] {processor.py:161} INFO - Processing /home/airflow/.local/lib/python3.7/site-packages/airflow/example_dags/example_branch_labels.py took 0.331 seconds
[2024-02-11 08:03:15,172] {processor.py:153} INFO - Started process (PID=5632) to work on /home/airflow/.local/lib/python3.7/site-packages/airflow/example_dags/example_branch_labels.py
[2024-02-11 08:03:15,172] {processor.py:641} INFO - Processing file /home/airflow/.local/lib/python3.7/site-packages/airflow/example_dags/example_branch_labels.py for tasks to queue
[2024-02-11 08:03:15,173] {logging_mixin.py:115} INFO - [2024-02-11 08:03:15,173] {dagbag.py:507} INFO - Filling up the DagBag from /home/airflow/.local/lib/python3.7/site-packages/airflow/example_dags/example_branch_labels.py
[2024-02-11 08:03:15,177] {processor.py:651} INFO - DAG(s) dict_keys(['example_branch_labels']) retrieved from /home/airflow/.local/lib/python3.7/site-packages/airflow/example_dags/example_branch_labels.py
[2024-02-11 08:03:15,191] {logging_mixin.py:115} INFO - [2024-02-11 08:03:15,191] {dag.py:2371} INFO - Sync 1 DAGs
[2024-02-11 08:03:15,263] {logging_mixin.py:115} INFO - [2024-02-11 08:03:15,263] {dag.py:2919} INFO - Setting next_dagrun for example_branch_labels to 2024-02-10T00:00:00+00:00, run_after=2024-02-11T00:00:00+00:00
[2024-02-11 08:03:15,267] {processor.py:161} INFO - Processing /home/airflow/.local/lib/python3.7/site-packages/airflow/example_dags/example_branch_labels.py took 0.097 seconds
[2024-02-11 08:05:39,695] {processor.py:153} INFO - Started process (PID=5687) to work on /home/airflow/.local/lib/python3.7/site-packages/airflow/example_dags/example_branch_labels.py
[2024-02-11 08:05:39,696] {processor.py:641} INFO - Processing file /home/airflow/.local/lib/python3.7/site-packages/airflow/example_dags/example_branch_labels.py for tasks to queue
[2024-02-11 08:05:39,697] {logging_mixin.py:115} INFO - [2024-02-11 08:05:39,697] {dagbag.py:507} INFO - Filling up the DagBag from /home/airflow/.local/lib/python3.7/site-packages/airflow/example_dags/example_branch_labels.py
[2024-02-11 08:05:39,702] {processor.py:651} INFO - DAG(s) dict_keys(['example_branch_labels']) retrieved from /home/airflow/.local/lib/python3.7/site-packages/airflow/example_dags/example_branch_labels.py
[2024-02-11 08:05:39,721] {logging_mixin.py:115} INFO - [2024-02-11 08:05:39,721] {dag.py:2371} INFO - Sync 1 DAGs
[2024-02-11 08:05:39,831] {logging_mixin.py:115} INFO - [2024-02-11 08:05:39,831] {dag.py:2919} INFO - Setting next_dagrun for example_branch_labels to 2024-02-10T00:00:00+00:00, run_after=2024-02-11T00:00:00+00:00
[2024-02-11 08:05:39,839] {processor.py:161} INFO - Processing /home/airflow/.local/lib/python3.7/site-packages/airflow/example_dags/example_branch_labels.py took 0.148 seconds
[2024-02-11 08:06:11,355] {processor.py:153} INFO - Started process (PID=5751) to work on /home/airflow/.local/lib/python3.7/site-packages/airflow/example_dags/example_branch_labels.py
[2024-02-11 08:06:11,358] {processor.py:641} INFO - Processing file /home/airflow/.local/lib/python3.7/site-packages/airflow/example_dags/example_branch_labels.py for tasks to queue
[2024-02-11 08:06:11,359] {logging_mixin.py:115} INFO - [2024-02-11 08:06:11,359] {dagbag.py:507} INFO - Filling up the DagBag from /home/airflow/.local/lib/python3.7/site-packages/airflow/example_dags/example_branch_labels.py
[2024-02-11 08:06:11,365] {processor.py:651} INFO - DAG(s) dict_keys(['example_branch_labels']) retrieved from /home/airflow/.local/lib/python3.7/site-packages/airflow/example_dags/example_branch_labels.py
[2024-02-11 08:06:11,384] {logging_mixin.py:115} INFO - [2024-02-11 08:06:11,384] {dag.py:2371} INFO - Sync 1 DAGs
[2024-02-11 08:06:11,535] {logging_mixin.py:115} INFO - [2024-02-11 08:06:11,535] {dag.py:2919} INFO - Setting next_dagrun for example_branch_labels to 2024-02-10T00:00:00+00:00, run_after=2024-02-11T00:00:00+00:00
[2024-02-11 08:06:11,543] {processor.py:161} INFO - Processing /home/airflow/.local/lib/python3.7/site-packages/airflow/example_dags/example_branch_labels.py took 0.192 seconds
[2024-02-11 08:06:41,635] {processor.py:153} INFO - Started process (PID=5815) to work on /home/airflow/.local/lib/python3.7/site-packages/airflow/example_dags/example_branch_labels.py
[2024-02-11 08:06:41,636] {processor.py:641} INFO - Processing file /home/airflow/.local/lib/python3.7/site-packages/airflow/example_dags/example_branch_labels.py for tasks to queue
[2024-02-11 08:06:41,636] {logging_mixin.py:115} INFO - [2024-02-11 08:06:41,636] {dagbag.py:507} INFO - Filling up the DagBag from /home/airflow/.local/lib/python3.7/site-packages/airflow/example_dags/example_branch_labels.py
[2024-02-11 08:06:41,641] {processor.py:651} INFO - DAG(s) dict_keys(['example_branch_labels']) retrieved from /home/airflow/.local/lib/python3.7/site-packages/airflow/example_dags/example_branch_labels.py
[2024-02-11 08:06:41,661] {logging_mixin.py:115} INFO - [2024-02-11 08:06:41,661] {dag.py:2371} INFO - Sync 1 DAGs
[2024-02-11 08:06:41,791] {logging_mixin.py:115} INFO - [2024-02-11 08:06:41,791] {dag.py:2919} INFO - Setting next_dagrun for example_branch_labels to 2024-02-10T00:00:00+00:00, run_after=2024-02-11T00:00:00+00:00
[2024-02-11 08:06:41,797] {processor.py:161} INFO - Processing /home/airflow/.local/lib/python3.7/site-packages/airflow/example_dags/example_branch_labels.py took 0.165 seconds
[2024-02-11 08:07:12,181] {processor.py:153} INFO - Started process (PID=5879) to work on /home/airflow/.local/lib/python3.7/site-packages/airflow/example_dags/example_branch_labels.py
[2024-02-11 08:07:12,182] {processor.py:641} INFO - Processing file /home/airflow/.local/lib/python3.7/site-packages/airflow/example_dags/example_branch_labels.py for tasks to queue
[2024-02-11 08:07:12,182] {logging_mixin.py:115} INFO - [2024-02-11 08:07:12,182] {dagbag.py:507} INFO - Filling up the DagBag from /home/airflow/.local/lib/python3.7/site-packages/airflow/example_dags/example_branch_labels.py
[2024-02-11 08:07:12,186] {processor.py:651} INFO - DAG(s) dict_keys(['example_branch_labels']) retrieved from /home/airflow/.local/lib/python3.7/site-packages/airflow/example_dags/example_branch_labels.py
[2024-02-11 08:07:12,202] {logging_mixin.py:115} INFO - [2024-02-11 08:07:12,201] {dag.py:2371} INFO - Sync 1 DAGs
[2024-02-11 08:07:12,312] {logging_mixin.py:115} INFO - [2024-02-11 08:07:12,312] {dag.py:2919} INFO - Setting next_dagrun for example_branch_labels to 2024-02-10T00:00:00+00:00, run_after=2024-02-11T00:00:00+00:00
[2024-02-11 08:07:12,323] {processor.py:161} INFO - Processing /home/airflow/.local/lib/python3.7/site-packages/airflow/example_dags/example_branch_labels.py took 0.143 seconds
[2024-02-11 08:07:44,142] {processor.py:153} INFO - Started process (PID=5943) to work on /home/airflow/.local/lib/python3.7/site-packages/airflow/example_dags/example_branch_labels.py
[2024-02-11 08:07:44,143] {processor.py:641} INFO - Processing file /home/airflow/.local/lib/python3.7/site-packages/airflow/example_dags/example_branch_labels.py for tasks to queue
[2024-02-11 08:07:44,144] {logging_mixin.py:115} INFO - [2024-02-11 08:07:44,144] {dagbag.py:507} INFO - Filling up the DagBag from /home/airflow/.local/lib/python3.7/site-packages/airflow/example_dags/example_branch_labels.py
[2024-02-11 08:07:44,151] {processor.py:651} INFO - DAG(s) dict_keys(['example_branch_labels']) retrieved from /home/airflow/.local/lib/python3.7/site-packages/airflow/example_dags/example_branch_labels.py
[2024-02-11 08:07:44,172] {logging_mixin.py:115} INFO - [2024-02-11 08:07:44,172] {dag.py:2371} INFO - Sync 1 DAGs
[2024-02-11 08:07:44,304] {logging_mixin.py:115} INFO - [2024-02-11 08:07:44,304] {dag.py:2919} INFO - Setting next_dagrun for example_branch_labels to 2024-02-10T00:00:00+00:00, run_after=2024-02-11T00:00:00+00:00
[2024-02-11 08:07:44,312] {processor.py:161} INFO - Processing /home/airflow/.local/lib/python3.7/site-packages/airflow/example_dags/example_branch_labels.py took 0.173 seconds
[2024-02-11 08:08:15,146] {processor.py:153} INFO - Started process (PID=5998) to work on /home/airflow/.local/lib/python3.7/site-packages/airflow/example_dags/example_branch_labels.py
[2024-02-11 08:08:15,149] {processor.py:641} INFO - Processing file /home/airflow/.local/lib/python3.7/site-packages/airflow/example_dags/example_branch_labels.py for tasks to queue
[2024-02-11 08:08:15,150] {logging_mixin.py:115} INFO - [2024-02-11 08:08:15,150] {dagbag.py:507} INFO - Filling up the DagBag from /home/airflow/.local/lib/python3.7/site-packages/airflow/example_dags/example_branch_labels.py
[2024-02-11 08:08:15,155] {processor.py:651} INFO - DAG(s) dict_keys(['example_branch_labels']) retrieved from /home/airflow/.local/lib/python3.7/site-packages/airflow/example_dags/example_branch_labels.py
[2024-02-11 08:08:15,179] {logging_mixin.py:115} INFO - [2024-02-11 08:08:15,179] {dag.py:2371} INFO - Sync 1 DAGs
[2024-02-11 08:08:15,325] {logging_mixin.py:115} INFO - [2024-02-11 08:08:15,325] {dag.py:2919} INFO - Setting next_dagrun for example_branch_labels to 2024-02-10T00:00:00+00:00, run_after=2024-02-11T00:00:00+00:00
[2024-02-11 08:08:15,332] {processor.py:161} INFO - Processing /home/airflow/.local/lib/python3.7/site-packages/airflow/example_dags/example_branch_labels.py took 0.190 seconds
[2024-02-11 08:08:46,762] {processor.py:153} INFO - Started process (PID=6062) to work on /home/airflow/.local/lib/python3.7/site-packages/airflow/example_dags/example_branch_labels.py
[2024-02-11 08:08:46,762] {processor.py:641} INFO - Processing file /home/airflow/.local/lib/python3.7/site-packages/airflow/example_dags/example_branch_labels.py for tasks to queue
[2024-02-11 08:08:46,763] {logging_mixin.py:115} INFO - [2024-02-11 08:08:46,763] {dagbag.py:507} INFO - Filling up the DagBag from /home/airflow/.local/lib/python3.7/site-packages/airflow/example_dags/example_branch_labels.py
[2024-02-11 08:08:46,766] {processor.py:651} INFO - DAG(s) dict_keys(['example_branch_labels']) retrieved from /home/airflow/.local/lib/python3.7/site-packages/airflow/example_dags/example_branch_labels.py
[2024-02-11 08:08:46,789] {logging_mixin.py:115} INFO - [2024-02-11 08:08:46,789] {dag.py:2371} INFO - Sync 1 DAGs
[2024-02-11 08:08:46,902] {logging_mixin.py:115} INFO - [2024-02-11 08:08:46,902] {dag.py:2919} INFO - Setting next_dagrun for example_branch_labels to 2024-02-10T00:00:00+00:00, run_after=2024-02-11T00:00:00+00:00
[2024-02-11 08:08:46,908] {processor.py:161} INFO - Processing /home/airflow/.local/lib/python3.7/site-packages/airflow/example_dags/example_branch_labels.py took 0.148 seconds
[2024-02-11 12:16:14,808] {processor.py:153} INFO - Started process (PID=70) to work on /home/airflow/.local/lib/python3.7/site-packages/airflow/example_dags/example_branch_labels.py
[2024-02-11 12:16:14,810] {processor.py:641} INFO - Processing file /home/airflow/.local/lib/python3.7/site-packages/airflow/example_dags/example_branch_labels.py for tasks to queue
[2024-02-11 12:16:14,813] {logging_mixin.py:115} INFO - [2024-02-11 12:16:14,812] {dagbag.py:507} INFO - Filling up the DagBag from /home/airflow/.local/lib/python3.7/site-packages/airflow/example_dags/example_branch_labels.py
[2024-02-11 12:16:14,840] {processor.py:651} INFO - DAG(s) dict_keys(['example_branch_labels']) retrieved from /home/airflow/.local/lib/python3.7/site-packages/airflow/example_dags/example_branch_labels.py
[2024-02-11 12:16:14,913] {logging_mixin.py:115} INFO - [2024-02-11 12:16:14,913] {dag.py:2371} INFO - Sync 1 DAGs
[2024-02-11 12:16:14,956] {logging_mixin.py:115} INFO - [2024-02-11 12:16:14,956] {dag.py:2919} INFO - Setting next_dagrun for example_branch_labels to 2024-02-10T00:00:00+00:00, run_after=2024-02-11T00:00:00+00:00
[2024-02-11 12:16:14,969] {processor.py:161} INFO - Processing /home/airflow/.local/lib/python3.7/site-packages/airflow/example_dags/example_branch_labels.py took 0.166 seconds
[2024-02-11 12:16:47,985] {processor.py:153} INFO - Started process (PID=125) to work on /home/airflow/.local/lib/python3.7/site-packages/airflow/example_dags/example_branch_labels.py
[2024-02-11 12:16:47,989] {processor.py:641} INFO - Processing file /home/airflow/.local/lib/python3.7/site-packages/airflow/example_dags/example_branch_labels.py for tasks to queue
[2024-02-11 12:16:47,991] {logging_mixin.py:115} INFO - [2024-02-11 12:16:47,991] {dagbag.py:507} INFO - Filling up the DagBag from /home/airflow/.local/lib/python3.7/site-packages/airflow/example_dags/example_branch_labels.py
[2024-02-11 12:16:48,002] {processor.py:651} INFO - DAG(s) dict_keys(['example_branch_labels']) retrieved from /home/airflow/.local/lib/python3.7/site-packages/airflow/example_dags/example_branch_labels.py
[2024-02-11 12:16:48,036] {logging_mixin.py:115} INFO - [2024-02-11 12:16:48,036] {dag.py:2371} INFO - Sync 1 DAGs
[2024-02-11 12:16:48,057] {logging_mixin.py:115} INFO - [2024-02-11 12:16:48,057] {dag.py:2919} INFO - Setting next_dagrun for example_branch_labels to 2024-02-10T00:00:00+00:00, run_after=2024-02-11T00:00:00+00:00
[2024-02-11 12:16:48,066] {processor.py:161} INFO - Processing /home/airflow/.local/lib/python3.7/site-packages/airflow/example_dags/example_branch_labels.py took 0.083 seconds
[2024-02-11 12:17:19,143] {processor.py:153} INFO - Started process (PID=180) to work on /home/airflow/.local/lib/python3.7/site-packages/airflow/example_dags/example_branch_labels.py
[2024-02-11 12:17:19,144] {processor.py:641} INFO - Processing file /home/airflow/.local/lib/python3.7/site-packages/airflow/example_dags/example_branch_labels.py for tasks to queue
[2024-02-11 12:17:19,144] {logging_mixin.py:115} INFO - [2024-02-11 12:17:19,144] {dagbag.py:507} INFO - Filling up the DagBag from /home/airflow/.local/lib/python3.7/site-packages/airflow/example_dags/example_branch_labels.py
[2024-02-11 12:17:19,153] {processor.py:651} INFO - DAG(s) dict_keys(['example_branch_labels']) retrieved from /home/airflow/.local/lib/python3.7/site-packages/airflow/example_dags/example_branch_labels.py
[2024-02-11 12:17:19,168] {logging_mixin.py:115} INFO - [2024-02-11 12:17:19,168] {dag.py:2371} INFO - Sync 1 DAGs
[2024-02-11 12:17:19,188] {logging_mixin.py:115} INFO - [2024-02-11 12:17:19,188] {dag.py:2919} INFO - Setting next_dagrun for example_branch_labels to 2024-02-10T00:00:00+00:00, run_after=2024-02-11T00:00:00+00:00
[2024-02-11 12:17:19,204] {processor.py:161} INFO - Processing /home/airflow/.local/lib/python3.7/site-packages/airflow/example_dags/example_branch_labels.py took 0.064 seconds
[2024-02-11 12:17:50,440] {processor.py:153} INFO - Started process (PID=243) to work on /home/airflow/.local/lib/python3.7/site-packages/airflow/example_dags/example_branch_labels.py
[2024-02-11 12:17:50,441] {processor.py:641} INFO - Processing file /home/airflow/.local/lib/python3.7/site-packages/airflow/example_dags/example_branch_labels.py for tasks to queue
[2024-02-11 12:17:50,442] {logging_mixin.py:115} INFO - [2024-02-11 12:17:50,442] {dagbag.py:507} INFO - Filling up the DagBag from /home/airflow/.local/lib/python3.7/site-packages/airflow/example_dags/example_branch_labels.py
[2024-02-11 12:17:50,449] {processor.py:651} INFO - DAG(s) dict_keys(['example_branch_labels']) retrieved from /home/airflow/.local/lib/python3.7/site-packages/airflow/example_dags/example_branch_labels.py
[2024-02-11 12:17:50,464] {logging_mixin.py:115} INFO - [2024-02-11 12:17:50,464] {dag.py:2371} INFO - Sync 1 DAGs
[2024-02-11 12:17:50,476] {logging_mixin.py:115} INFO - [2024-02-11 12:17:50,476] {dag.py:2919} INFO - Setting next_dagrun for example_branch_labels to 2024-02-10T00:00:00+00:00, run_after=2024-02-11T00:00:00+00:00
[2024-02-11 12:17:50,483] {processor.py:161} INFO - Processing /home/airflow/.local/lib/python3.7/site-packages/airflow/example_dags/example_branch_labels.py took 0.045 seconds
[2024-02-11 12:18:21,818] {processor.py:153} INFO - Started process (PID=307) to work on /home/airflow/.local/lib/python3.7/site-packages/airflow/example_dags/example_branch_labels.py
[2024-02-11 12:18:21,818] {processor.py:641} INFO - Processing file /home/airflow/.local/lib/python3.7/site-packages/airflow/example_dags/example_branch_labels.py for tasks to queue
[2024-02-11 12:18:21,819] {logging_mixin.py:115} INFO - [2024-02-11 12:18:21,819] {dagbag.py:507} INFO - Filling up the DagBag from /home/airflow/.local/lib/python3.7/site-packages/airflow/example_dags/example_branch_labels.py
[2024-02-11 12:18:21,828] {processor.py:651} INFO - DAG(s) dict_keys(['example_branch_labels']) retrieved from /home/airflow/.local/lib/python3.7/site-packages/airflow/example_dags/example_branch_labels.py
[2024-02-11 12:18:21,847] {logging_mixin.py:115} INFO - [2024-02-11 12:18:21,847] {dag.py:2371} INFO - Sync 1 DAGs
[2024-02-11 12:18:21,861] {logging_mixin.py:115} INFO - [2024-02-11 12:18:21,861] {dag.py:2919} INFO - Setting next_dagrun for example_branch_labels to 2024-02-10T00:00:00+00:00, run_after=2024-02-11T00:00:00+00:00
[2024-02-11 12:18:21,867] {processor.py:161} INFO - Processing /home/airflow/.local/lib/python3.7/site-packages/airflow/example_dags/example_branch_labels.py took 0.054 seconds
[2024-02-11 12:18:52,522] {processor.py:153} INFO - Started process (PID=371) to work on /home/airflow/.local/lib/python3.7/site-packages/airflow/example_dags/example_branch_labels.py
[2024-02-11 12:18:52,523] {processor.py:641} INFO - Processing file /home/airflow/.local/lib/python3.7/site-packages/airflow/example_dags/example_branch_labels.py for tasks to queue
[2024-02-11 12:18:52,523] {logging_mixin.py:115} INFO - [2024-02-11 12:18:52,523] {dagbag.py:507} INFO - Filling up the DagBag from /home/airflow/.local/lib/python3.7/site-packages/airflow/example_dags/example_branch_labels.py
[2024-02-11 12:18:52,533] {processor.py:651} INFO - DAG(s) dict_keys(['example_branch_labels']) retrieved from /home/airflow/.local/lib/python3.7/site-packages/airflow/example_dags/example_branch_labels.py
[2024-02-11 12:18:52,566] {logging_mixin.py:115} INFO - [2024-02-11 12:18:52,566] {dag.py:2371} INFO - Sync 1 DAGs
[2024-02-11 12:18:52,591] {logging_mixin.py:115} INFO - [2024-02-11 12:18:52,591] {dag.py:2919} INFO - Setting next_dagrun for example_branch_labels to 2024-02-10T00:00:00+00:00, run_after=2024-02-11T00:00:00+00:00
[2024-02-11 12:18:52,605] {processor.py:161} INFO - Processing /home/airflow/.local/lib/python3.7/site-packages/airflow/example_dags/example_branch_labels.py took 0.085 seconds
[2024-02-11 12:19:23,291] {processor.py:153} INFO - Started process (PID=433) to work on /home/airflow/.local/lib/python3.7/site-packages/airflow/example_dags/example_branch_labels.py
[2024-02-11 12:19:23,293] {processor.py:641} INFO - Processing file /home/airflow/.local/lib/python3.7/site-packages/airflow/example_dags/example_branch_labels.py for tasks to queue
[2024-02-11 12:19:23,293] {logging_mixin.py:115} INFO - [2024-02-11 12:19:23,293] {dagbag.py:507} INFO - Filling up the DagBag from /home/airflow/.local/lib/python3.7/site-packages/airflow/example_dags/example_branch_labels.py
[2024-02-11 12:19:23,303] {processor.py:651} INFO - DAG(s) dict_keys(['example_branch_labels']) retrieved from /home/airflow/.local/lib/python3.7/site-packages/airflow/example_dags/example_branch_labels.py
[2024-02-11 12:19:23,332] {logging_mixin.py:115} INFO - [2024-02-11 12:19:23,332] {dag.py:2371} INFO - Sync 1 DAGs
[2024-02-11 12:19:23,351] {logging_mixin.py:115} INFO - [2024-02-11 12:19:23,350] {dag.py:2919} INFO - Setting next_dagrun for example_branch_labels to 2024-02-10T00:00:00+00:00, run_after=2024-02-11T00:00:00+00:00
[2024-02-11 12:19:23,359] {processor.py:161} INFO - Processing /home/airflow/.local/lib/python3.7/site-packages/airflow/example_dags/example_branch_labels.py took 0.070 seconds
[2024-02-11 12:19:54,157] {processor.py:153} INFO - Started process (PID=488) to work on /home/airflow/.local/lib/python3.7/site-packages/airflow/example_dags/example_branch_labels.py
[2024-02-11 12:19:54,159] {processor.py:641} INFO - Processing file /home/airflow/.local/lib/python3.7/site-packages/airflow/example_dags/example_branch_labels.py for tasks to queue
[2024-02-11 12:19:54,159] {logging_mixin.py:115} INFO - [2024-02-11 12:19:54,159] {dagbag.py:507} INFO - Filling up the DagBag from /home/airflow/.local/lib/python3.7/site-packages/airflow/example_dags/example_branch_labels.py
[2024-02-11 12:19:54,165] {processor.py:651} INFO - DAG(s) dict_keys(['example_branch_labels']) retrieved from /home/airflow/.local/lib/python3.7/site-packages/airflow/example_dags/example_branch_labels.py
[2024-02-11 12:19:54,177] {logging_mixin.py:115} INFO - [2024-02-11 12:19:54,177] {dag.py:2371} INFO - Sync 1 DAGs
[2024-02-11 12:19:54,191] {logging_mixin.py:115} INFO - [2024-02-11 12:19:54,191] {dag.py:2919} INFO - Setting next_dagrun for example_branch_labels to 2024-02-10T00:00:00+00:00, run_after=2024-02-11T00:00:00+00:00
[2024-02-11 12:19:54,197] {processor.py:161} INFO - Processing /home/airflow/.local/lib/python3.7/site-packages/airflow/example_dags/example_branch_labels.py took 0.041 seconds
[2024-02-11 12:20:24,957] {processor.py:153} INFO - Started process (PID=552) to work on /home/airflow/.local/lib/python3.7/site-packages/airflow/example_dags/example_branch_labels.py
[2024-02-11 12:20:24,959] {processor.py:641} INFO - Processing file /home/airflow/.local/lib/python3.7/site-packages/airflow/example_dags/example_branch_labels.py for tasks to queue
[2024-02-11 12:20:24,960] {logging_mixin.py:115} INFO - [2024-02-11 12:20:24,960] {dagbag.py:507} INFO - Filling up the DagBag from /home/airflow/.local/lib/python3.7/site-packages/airflow/example_dags/example_branch_labels.py
[2024-02-11 12:20:24,966] {processor.py:651} INFO - DAG(s) dict_keys(['example_branch_labels']) retrieved from /home/airflow/.local/lib/python3.7/site-packages/airflow/example_dags/example_branch_labels.py
[2024-02-11 12:20:25,001] {logging_mixin.py:115} INFO - [2024-02-11 12:20:25,001] {dag.py:2371} INFO - Sync 1 DAGs
[2024-02-11 12:20:25,019] {logging_mixin.py:115} INFO - [2024-02-11 12:20:25,019] {dag.py:2919} INFO - Setting next_dagrun for example_branch_labels to 2024-02-10T00:00:00+00:00, run_after=2024-02-11T00:00:00+00:00
[2024-02-11 12:20:25,027] {processor.py:161} INFO - Processing /home/airflow/.local/lib/python3.7/site-packages/airflow/example_dags/example_branch_labels.py took 0.073 seconds
[2024-02-11 12:20:55,605] {processor.py:153} INFO - Started process (PID=616) to work on /home/airflow/.local/lib/python3.7/site-packages/airflow/example_dags/example_branch_labels.py
[2024-02-11 12:20:55,606] {processor.py:641} INFO - Processing file /home/airflow/.local/lib/python3.7/site-packages/airflow/example_dags/example_branch_labels.py for tasks to queue
[2024-02-11 12:20:55,606] {logging_mixin.py:115} INFO - [2024-02-11 12:20:55,606] {dagbag.py:507} INFO - Filling up the DagBag from /home/airflow/.local/lib/python3.7/site-packages/airflow/example_dags/example_branch_labels.py
[2024-02-11 12:20:55,613] {processor.py:651} INFO - DAG(s) dict_keys(['example_branch_labels']) retrieved from /home/airflow/.local/lib/python3.7/site-packages/airflow/example_dags/example_branch_labels.py
[2024-02-11 12:20:55,631] {logging_mixin.py:115} INFO - [2024-02-11 12:20:55,631] {dag.py:2371} INFO - Sync 1 DAGs
[2024-02-11 12:20:55,646] {logging_mixin.py:115} INFO - [2024-02-11 12:20:55,645] {dag.py:2919} INFO - Setting next_dagrun for example_branch_labels to 2024-02-10T00:00:00+00:00, run_after=2024-02-11T00:00:00+00:00
[2024-02-11 12:20:55,659] {processor.py:161} INFO - Processing /home/airflow/.local/lib/python3.7/site-packages/airflow/example_dags/example_branch_labels.py took 0.056 seconds
[2024-02-11 12:21:26,614] {processor.py:153} INFO - Started process (PID=670) to work on /home/airflow/.local/lib/python3.7/site-packages/airflow/example_dags/example_branch_labels.py
[2024-02-11 12:21:26,615] {processor.py:641} INFO - Processing file /home/airflow/.local/lib/python3.7/site-packages/airflow/example_dags/example_branch_labels.py for tasks to queue
[2024-02-11 12:21:26,615] {logging_mixin.py:115} INFO - [2024-02-11 12:21:26,615] {dagbag.py:507} INFO - Filling up the DagBag from /home/airflow/.local/lib/python3.7/site-packages/airflow/example_dags/example_branch_labels.py
[2024-02-11 12:21:26,618] {processor.py:651} INFO - DAG(s) dict_keys(['example_branch_labels']) retrieved from /home/airflow/.local/lib/python3.7/site-packages/airflow/example_dags/example_branch_labels.py
[2024-02-11 12:21:26,631] {logging_mixin.py:115} INFO - [2024-02-11 12:21:26,631] {dag.py:2371} INFO - Sync 1 DAGs
[2024-02-11 12:21:26,643] {logging_mixin.py:115} INFO - [2024-02-11 12:21:26,643] {dag.py:2919} INFO - Setting next_dagrun for example_branch_labels to 2024-02-10T00:00:00+00:00, run_after=2024-02-11T00:00:00+00:00
[2024-02-11 12:21:26,648] {processor.py:161} INFO - Processing /home/airflow/.local/lib/python3.7/site-packages/airflow/example_dags/example_branch_labels.py took 0.035 seconds
[2024-02-11 12:21:57,858] {processor.py:153} INFO - Started process (PID=737) to work on /home/airflow/.local/lib/python3.7/site-packages/airflow/example_dags/example_branch_labels.py
[2024-02-11 12:21:57,859] {processor.py:641} INFO - Processing file /home/airflow/.local/lib/python3.7/site-packages/airflow/example_dags/example_branch_labels.py for tasks to queue
[2024-02-11 12:21:57,860] {logging_mixin.py:115} INFO - [2024-02-11 12:21:57,860] {dagbag.py:507} INFO - Filling up the DagBag from /home/airflow/.local/lib/python3.7/site-packages/airflow/example_dags/example_branch_labels.py
[2024-02-11 12:21:57,865] {processor.py:651} INFO - DAG(s) dict_keys(['example_branch_labels']) retrieved from /home/airflow/.local/lib/python3.7/site-packages/airflow/example_dags/example_branch_labels.py
[2024-02-11 12:21:57,879] {logging_mixin.py:115} INFO - [2024-02-11 12:21:57,879] {dag.py:2371} INFO - Sync 1 DAGs
[2024-02-11 12:21:57,890] {logging_mixin.py:115} INFO - [2024-02-11 12:21:57,890] {dag.py:2919} INFO - Setting next_dagrun for example_branch_labels to 2024-02-10T00:00:00+00:00, run_after=2024-02-11T00:00:00+00:00
[2024-02-11 12:21:57,896] {processor.py:161} INFO - Processing /home/airflow/.local/lib/python3.7/site-packages/airflow/example_dags/example_branch_labels.py took 0.042 seconds
[2024-02-11 12:23:19,906] {processor.py:153} INFO - Started process (PID=58) to work on /home/airflow/.local/lib/python3.7/site-packages/airflow/example_dags/example_branch_labels.py
[2024-02-11 12:23:19,908] {processor.py:641} INFO - Processing file /home/airflow/.local/lib/python3.7/site-packages/airflow/example_dags/example_branch_labels.py for tasks to queue
[2024-02-11 12:23:19,910] {logging_mixin.py:115} INFO - [2024-02-11 12:23:19,910] {dagbag.py:507} INFO - Filling up the DagBag from /home/airflow/.local/lib/python3.7/site-packages/airflow/example_dags/example_branch_labels.py
[2024-02-11 12:23:19,917] {processor.py:651} INFO - DAG(s) dict_keys(['example_branch_labels']) retrieved from /home/airflow/.local/lib/python3.7/site-packages/airflow/example_dags/example_branch_labels.py
[2024-02-11 12:23:19,970] {logging_mixin.py:115} INFO - [2024-02-11 12:23:19,970] {dag.py:2371} INFO - Sync 1 DAGs
[2024-02-11 12:23:19,998] {logging_mixin.py:115} INFO - [2024-02-11 12:23:19,998] {dag.py:2919} INFO - Setting next_dagrun for example_branch_labels to 2024-02-10T00:00:00+00:00, run_after=2024-02-11T00:00:00+00:00
[2024-02-11 12:23:20,008] {processor.py:161} INFO - Processing /home/airflow/.local/lib/python3.7/site-packages/airflow/example_dags/example_branch_labels.py took 0.114 seconds
[2024-02-11 12:24:15,883] {processor.py:153} INFO - Started process (PID=67) to work on /home/airflow/.local/lib/python3.7/site-packages/airflow/example_dags/example_branch_labels.py
[2024-02-11 12:24:15,886] {processor.py:641} INFO - Processing file /home/airflow/.local/lib/python3.7/site-packages/airflow/example_dags/example_branch_labels.py for tasks to queue
[2024-02-11 12:24:15,887] {logging_mixin.py:115} INFO - [2024-02-11 12:24:15,887] {dagbag.py:507} INFO - Filling up the DagBag from /home/airflow/.local/lib/python3.7/site-packages/airflow/example_dags/example_branch_labels.py
[2024-02-11 12:24:15,905] {processor.py:651} INFO - DAG(s) dict_keys(['example_branch_labels']) retrieved from /home/airflow/.local/lib/python3.7/site-packages/airflow/example_dags/example_branch_labels.py
[2024-02-11 12:24:15,962] {logging_mixin.py:115} INFO - [2024-02-11 12:24:15,962] {dag.py:2371} INFO - Sync 1 DAGs
[2024-02-11 12:24:15,994] {logging_mixin.py:115} INFO - [2024-02-11 12:24:15,994] {dag.py:2919} INFO - Setting next_dagrun for example_branch_labels to 2024-02-10T00:00:00+00:00, run_after=2024-02-11T00:00:00+00:00
[2024-02-11 12:24:16,007] {processor.py:161} INFO - Processing /home/airflow/.local/lib/python3.7/site-packages/airflow/example_dags/example_branch_labels.py took 0.127 seconds
[2024-02-11 12:24:47,003] {processor.py:153} INFO - Started process (PID=121) to work on /home/airflow/.local/lib/python3.7/site-packages/airflow/example_dags/example_branch_labels.py
[2024-02-11 12:24:47,004] {processor.py:641} INFO - Processing file /home/airflow/.local/lib/python3.7/site-packages/airflow/example_dags/example_branch_labels.py for tasks to queue
[2024-02-11 12:24:47,005] {logging_mixin.py:115} INFO - [2024-02-11 12:24:47,005] {dagbag.py:507} INFO - Filling up the DagBag from /home/airflow/.local/lib/python3.7/site-packages/airflow/example_dags/example_branch_labels.py
[2024-02-11 12:24:47,013] {processor.py:651} INFO - DAG(s) dict_keys(['example_branch_labels']) retrieved from /home/airflow/.local/lib/python3.7/site-packages/airflow/example_dags/example_branch_labels.py
[2024-02-11 12:24:47,049] {logging_mixin.py:115} INFO - [2024-02-11 12:24:47,049] {dag.py:2371} INFO - Sync 1 DAGs
[2024-02-11 12:24:47,088] {logging_mixin.py:115} INFO - [2024-02-11 12:24:47,088] {dag.py:2919} INFO - Setting next_dagrun for example_branch_labels to 2024-02-10T00:00:00+00:00, run_after=2024-02-11T00:00:00+00:00
[2024-02-11 12:24:47,100] {processor.py:161} INFO - Processing /home/airflow/.local/lib/python3.7/site-packages/airflow/example_dags/example_branch_labels.py took 0.100 seconds
[2024-02-11 12:25:17,994] {processor.py:153} INFO - Started process (PID=189) to work on /home/airflow/.local/lib/python3.7/site-packages/airflow/example_dags/example_branch_labels.py
[2024-02-11 12:25:17,994] {processor.py:641} INFO - Processing file /home/airflow/.local/lib/python3.7/site-packages/airflow/example_dags/example_branch_labels.py for tasks to queue
[2024-02-11 12:25:17,995] {logging_mixin.py:115} INFO - [2024-02-11 12:25:17,995] {dagbag.py:507} INFO - Filling up the DagBag from /home/airflow/.local/lib/python3.7/site-packages/airflow/example_dags/example_branch_labels.py
[2024-02-11 12:25:17,999] {processor.py:651} INFO - DAG(s) dict_keys(['example_branch_labels']) retrieved from /home/airflow/.local/lib/python3.7/site-packages/airflow/example_dags/example_branch_labels.py
[2024-02-11 12:25:18,051] {logging_mixin.py:115} INFO - [2024-02-11 12:25:18,051] {dag.py:2371} INFO - Sync 1 DAGs
[2024-02-11 12:25:18,082] {logging_mixin.py:115} INFO - [2024-02-11 12:25:18,082] {dag.py:2919} INFO - Setting next_dagrun for example_branch_labels to 2024-02-10T00:00:00+00:00, run_after=2024-02-11T00:00:00+00:00
[2024-02-11 12:25:18,098] {processor.py:161} INFO - Processing /home/airflow/.local/lib/python3.7/site-packages/airflow/example_dags/example_branch_labels.py took 0.106 seconds
[2024-02-11 12:25:49,063] {processor.py:153} INFO - Started process (PID=253) to work on /home/airflow/.local/lib/python3.7/site-packages/airflow/example_dags/example_branch_labels.py
[2024-02-11 12:25:49,064] {processor.py:641} INFO - Processing file /home/airflow/.local/lib/python3.7/site-packages/airflow/example_dags/example_branch_labels.py for tasks to queue
[2024-02-11 12:25:49,064] {logging_mixin.py:115} INFO - [2024-02-11 12:25:49,064] {dagbag.py:507} INFO - Filling up the DagBag from /home/airflow/.local/lib/python3.7/site-packages/airflow/example_dags/example_branch_labels.py
[2024-02-11 12:25:49,068] {processor.py:651} INFO - DAG(s) dict_keys(['example_branch_labels']) retrieved from /home/airflow/.local/lib/python3.7/site-packages/airflow/example_dags/example_branch_labels.py
[2024-02-11 12:25:49,082] {logging_mixin.py:115} INFO - [2024-02-11 12:25:49,082] {dag.py:2371} INFO - Sync 1 DAGs
[2024-02-11 12:25:49,094] {logging_mixin.py:115} INFO - [2024-02-11 12:25:49,093] {dag.py:2919} INFO - Setting next_dagrun for example_branch_labels to 2024-02-10T00:00:00+00:00, run_after=2024-02-11T00:00:00+00:00
[2024-02-11 12:25:49,099] {processor.py:161} INFO - Processing /home/airflow/.local/lib/python3.7/site-packages/airflow/example_dags/example_branch_labels.py took 0.037 seconds
[2024-02-11 12:26:19,773] {processor.py:153} INFO - Started process (PID=320) to work on /home/airflow/.local/lib/python3.7/site-packages/airflow/example_dags/example_branch_labels.py
[2024-02-11 12:26:19,776] {processor.py:641} INFO - Processing file /home/airflow/.local/lib/python3.7/site-packages/airflow/example_dags/example_branch_labels.py for tasks to queue
[2024-02-11 12:26:19,777] {logging_mixin.py:115} INFO - [2024-02-11 12:26:19,777] {dagbag.py:507} INFO - Filling up the DagBag from /home/airflow/.local/lib/python3.7/site-packages/airflow/example_dags/example_branch_labels.py
[2024-02-11 12:26:19,783] {processor.py:651} INFO - DAG(s) dict_keys(['example_branch_labels']) retrieved from /home/airflow/.local/lib/python3.7/site-packages/airflow/example_dags/example_branch_labels.py
[2024-02-11 12:26:19,800] {logging_mixin.py:115} INFO - [2024-02-11 12:26:19,800] {dag.py:2371} INFO - Sync 1 DAGs
[2024-02-11 12:26:19,813] {logging_mixin.py:115} INFO - [2024-02-11 12:26:19,813] {dag.py:2919} INFO - Setting next_dagrun for example_branch_labels to 2024-02-10T00:00:00+00:00, run_after=2024-02-11T00:00:00+00:00
[2024-02-11 12:26:19,819] {processor.py:161} INFO - Processing /home/airflow/.local/lib/python3.7/site-packages/airflow/example_dags/example_branch_labels.py took 0.050 seconds
[2024-02-11 12:26:50,170] {processor.py:153} INFO - Started process (PID=382) to work on /home/airflow/.local/lib/python3.7/site-packages/airflow/example_dags/example_branch_labels.py
[2024-02-11 12:26:50,172] {processor.py:641} INFO - Processing file /home/airflow/.local/lib/python3.7/site-packages/airflow/example_dags/example_branch_labels.py for tasks to queue
[2024-02-11 12:26:50,173] {logging_mixin.py:115} INFO - [2024-02-11 12:26:50,173] {dagbag.py:507} INFO - Filling up the DagBag from /home/airflow/.local/lib/python3.7/site-packages/airflow/example_dags/example_branch_labels.py
[2024-02-11 12:26:50,178] {processor.py:651} INFO - DAG(s) dict_keys(['example_branch_labels']) retrieved from /home/airflow/.local/lib/python3.7/site-packages/airflow/example_dags/example_branch_labels.py
[2024-02-11 12:26:50,205] {logging_mixin.py:115} INFO - [2024-02-11 12:26:50,205] {dag.py:2371} INFO - Sync 1 DAGs
[2024-02-11 12:26:50,224] {logging_mixin.py:115} INFO - [2024-02-11 12:26:50,223] {dag.py:2919} INFO - Setting next_dagrun for example_branch_labels to 2024-02-10T00:00:00+00:00, run_after=2024-02-11T00:00:00+00:00
[2024-02-11 12:26:50,232] {processor.py:161} INFO - Processing /home/airflow/.local/lib/python3.7/site-packages/airflow/example_dags/example_branch_labels.py took 0.064 seconds
[2024-02-11 12:27:20,443] {processor.py:153} INFO - Started process (PID=441) to work on /home/airflow/.local/lib/python3.7/site-packages/airflow/example_dags/example_branch_labels.py
[2024-02-11 12:27:20,446] {processor.py:641} INFO - Processing file /home/airflow/.local/lib/python3.7/site-packages/airflow/example_dags/example_branch_labels.py for tasks to queue
[2024-02-11 12:27:20,446] {logging_mixin.py:115} INFO - [2024-02-11 12:27:20,446] {dagbag.py:507} INFO - Filling up the DagBag from /home/airflow/.local/lib/python3.7/site-packages/airflow/example_dags/example_branch_labels.py
[2024-02-11 12:27:20,450] {processor.py:651} INFO - DAG(s) dict_keys(['example_branch_labels']) retrieved from /home/airflow/.local/lib/python3.7/site-packages/airflow/example_dags/example_branch_labels.py
[2024-02-11 12:27:20,468] {logging_mixin.py:115} INFO - [2024-02-11 12:27:20,467] {dag.py:2371} INFO - Sync 1 DAGs
[2024-02-11 12:27:20,479] {logging_mixin.py:115} INFO - [2024-02-11 12:27:20,479] {dag.py:2919} INFO - Setting next_dagrun for example_branch_labels to 2024-02-10T00:00:00+00:00, run_after=2024-02-11T00:00:00+00:00
[2024-02-11 12:27:20,486] {processor.py:161} INFO - Processing /home/airflow/.local/lib/python3.7/site-packages/airflow/example_dags/example_branch_labels.py took 0.044 seconds
[2024-02-11 12:27:50,620] {processor.py:153} INFO - Started process (PID=503) to work on /home/airflow/.local/lib/python3.7/site-packages/airflow/example_dags/example_branch_labels.py
[2024-02-11 12:27:50,624] {processor.py:641} INFO - Processing file /home/airflow/.local/lib/python3.7/site-packages/airflow/example_dags/example_branch_labels.py for tasks to queue
[2024-02-11 12:27:50,624] {logging_mixin.py:115} INFO - [2024-02-11 12:27:50,624] {dagbag.py:507} INFO - Filling up the DagBag from /home/airflow/.local/lib/python3.7/site-packages/airflow/example_dags/example_branch_labels.py
[2024-02-11 12:27:50,633] {processor.py:651} INFO - DAG(s) dict_keys(['example_branch_labels']) retrieved from /home/airflow/.local/lib/python3.7/site-packages/airflow/example_dags/example_branch_labels.py
[2024-02-11 12:27:50,665] {logging_mixin.py:115} INFO - [2024-02-11 12:27:50,665] {dag.py:2371} INFO - Sync 1 DAGs
[2024-02-11 12:27:50,691] {logging_mixin.py:115} INFO - [2024-02-11 12:27:50,691] {dag.py:2919} INFO - Setting next_dagrun for example_branch_labels to 2024-02-10T00:00:00+00:00, run_after=2024-02-11T00:00:00+00:00
[2024-02-11 12:27:50,705] {processor.py:161} INFO - Processing /home/airflow/.local/lib/python3.7/site-packages/airflow/example_dags/example_branch_labels.py took 0.087 seconds
[2024-02-11 12:28:20,787] {processor.py:153} INFO - Started process (PID=570) to work on /home/airflow/.local/lib/python3.7/site-packages/airflow/example_dags/example_branch_labels.py
[2024-02-11 12:28:20,787] {processor.py:641} INFO - Processing file /home/airflow/.local/lib/python3.7/site-packages/airflow/example_dags/example_branch_labels.py for tasks to queue
[2024-02-11 12:28:20,788] {logging_mixin.py:115} INFO - [2024-02-11 12:28:20,788] {dagbag.py:507} INFO - Filling up the DagBag from /home/airflow/.local/lib/python3.7/site-packages/airflow/example_dags/example_branch_labels.py
[2024-02-11 12:28:20,791] {processor.py:651} INFO - DAG(s) dict_keys(['example_branch_labels']) retrieved from /home/airflow/.local/lib/python3.7/site-packages/airflow/example_dags/example_branch_labels.py
[2024-02-11 12:28:20,803] {logging_mixin.py:115} INFO - [2024-02-11 12:28:20,803] {dag.py:2371} INFO - Sync 1 DAGs
[2024-02-11 12:28:20,814] {logging_mixin.py:115} INFO - [2024-02-11 12:28:20,813] {dag.py:2919} INFO - Setting next_dagrun for example_branch_labels to 2024-02-10T00:00:00+00:00, run_after=2024-02-11T00:00:00+00:00
[2024-02-11 12:28:20,818] {processor.py:161} INFO - Processing /home/airflow/.local/lib/python3.7/site-packages/airflow/example_dags/example_branch_labels.py took 0.033 seconds
[2024-02-11 12:28:50,980] {processor.py:153} INFO - Started process (PID=634) to work on /home/airflow/.local/lib/python3.7/site-packages/airflow/example_dags/example_branch_labels.py
[2024-02-11 12:28:50,984] {processor.py:641} INFO - Processing file /home/airflow/.local/lib/python3.7/site-packages/airflow/example_dags/example_branch_labels.py for tasks to queue
[2024-02-11 12:28:50,985] {logging_mixin.py:115} INFO - [2024-02-11 12:28:50,985] {dagbag.py:507} INFO - Filling up the DagBag from /home/airflow/.local/lib/python3.7/site-packages/airflow/example_dags/example_branch_labels.py
[2024-02-11 12:28:50,995] {processor.py:651} INFO - DAG(s) dict_keys(['example_branch_labels']) retrieved from /home/airflow/.local/lib/python3.7/site-packages/airflow/example_dags/example_branch_labels.py
[2024-02-11 12:28:51,023] {logging_mixin.py:115} INFO - [2024-02-11 12:28:51,023] {dag.py:2371} INFO - Sync 1 DAGs
[2024-02-11 12:28:51,057] {logging_mixin.py:115} INFO - [2024-02-11 12:28:51,056] {dag.py:2919} INFO - Setting next_dagrun for example_branch_labels to 2024-02-10T00:00:00+00:00, run_after=2024-02-11T00:00:00+00:00
[2024-02-11 12:28:51,074] {processor.py:161} INFO - Processing /home/airflow/.local/lib/python3.7/site-packages/airflow/example_dags/example_branch_labels.py took 0.098 seconds
[2024-02-11 12:29:21,875] {processor.py:153} INFO - Started process (PID=693) to work on /home/airflow/.local/lib/python3.7/site-packages/airflow/example_dags/example_branch_labels.py
[2024-02-11 12:29:21,877] {processor.py:641} INFO - Processing file /home/airflow/.local/lib/python3.7/site-packages/airflow/example_dags/example_branch_labels.py for tasks to queue
[2024-02-11 12:29:21,878] {logging_mixin.py:115} INFO - [2024-02-11 12:29:21,878] {dagbag.py:507} INFO - Filling up the DagBag from /home/airflow/.local/lib/python3.7/site-packages/airflow/example_dags/example_branch_labels.py
[2024-02-11 12:29:21,894] {processor.py:651} INFO - DAG(s) dict_keys(['example_branch_labels']) retrieved from /home/airflow/.local/lib/python3.7/site-packages/airflow/example_dags/example_branch_labels.py
[2024-02-11 12:29:21,921] {logging_mixin.py:115} INFO - [2024-02-11 12:29:21,921] {dag.py:2371} INFO - Sync 1 DAGs
[2024-02-11 12:29:21,937] {logging_mixin.py:115} INFO - [2024-02-11 12:29:21,937] {dag.py:2919} INFO - Setting next_dagrun for example_branch_labels to 2024-02-10T00:00:00+00:00, run_after=2024-02-11T00:00:00+00:00
[2024-02-11 12:29:21,943] {processor.py:161} INFO - Processing /home/airflow/.local/lib/python3.7/site-packages/airflow/example_dags/example_branch_labels.py took 0.074 seconds
[2024-02-11 12:29:52,571] {processor.py:153} INFO - Started process (PID=758) to work on /home/airflow/.local/lib/python3.7/site-packages/airflow/example_dags/example_branch_labels.py
[2024-02-11 12:29:52,572] {processor.py:641} INFO - Processing file /home/airflow/.local/lib/python3.7/site-packages/airflow/example_dags/example_branch_labels.py for tasks to queue
[2024-02-11 12:29:52,572] {logging_mixin.py:115} INFO - [2024-02-11 12:29:52,572] {dagbag.py:507} INFO - Filling up the DagBag from /home/airflow/.local/lib/python3.7/site-packages/airflow/example_dags/example_branch_labels.py
[2024-02-11 12:29:52,577] {processor.py:651} INFO - DAG(s) dict_keys(['example_branch_labels']) retrieved from /home/airflow/.local/lib/python3.7/site-packages/airflow/example_dags/example_branch_labels.py
[2024-02-11 12:29:52,597] {logging_mixin.py:115} INFO - [2024-02-11 12:29:52,597] {dag.py:2371} INFO - Sync 1 DAGs
[2024-02-11 12:29:52,614] {logging_mixin.py:115} INFO - [2024-02-11 12:29:52,613] {dag.py:2919} INFO - Setting next_dagrun for example_branch_labels to 2024-02-10T00:00:00+00:00, run_after=2024-02-11T00:00:00+00:00
[2024-02-11 12:29:52,621] {processor.py:161} INFO - Processing /home/airflow/.local/lib/python3.7/site-packages/airflow/example_dags/example_branch_labels.py took 0.052 seconds
[2024-02-11 12:30:23,762] {processor.py:153} INFO - Started process (PID=826) to work on /home/airflow/.local/lib/python3.7/site-packages/airflow/example_dags/example_branch_labels.py
[2024-02-11 12:30:23,764] {processor.py:641} INFO - Processing file /home/airflow/.local/lib/python3.7/site-packages/airflow/example_dags/example_branch_labels.py for tasks to queue
[2024-02-11 12:30:23,765] {logging_mixin.py:115} INFO - [2024-02-11 12:30:23,765] {dagbag.py:507} INFO - Filling up the DagBag from /home/airflow/.local/lib/python3.7/site-packages/airflow/example_dags/example_branch_labels.py
[2024-02-11 12:30:23,775] {processor.py:651} INFO - DAG(s) dict_keys(['example_branch_labels']) retrieved from /home/airflow/.local/lib/python3.7/site-packages/airflow/example_dags/example_branch_labels.py
[2024-02-11 12:30:23,810] {logging_mixin.py:115} INFO - [2024-02-11 12:30:23,810] {dag.py:2371} INFO - Sync 1 DAGs
[2024-02-11 12:30:23,831] {logging_mixin.py:115} INFO - [2024-02-11 12:30:23,831] {dag.py:2919} INFO - Setting next_dagrun for example_branch_labels to 2024-02-10T00:00:00+00:00, run_after=2024-02-11T00:00:00+00:00
[2024-02-11 12:30:23,841] {processor.py:161} INFO - Processing /home/airflow/.local/lib/python3.7/site-packages/airflow/example_dags/example_branch_labels.py took 0.083 seconds
[2024-02-11 12:30:54,471] {processor.py:153} INFO - Started process (PID=889) to work on /home/airflow/.local/lib/python3.7/site-packages/airflow/example_dags/example_branch_labels.py
[2024-02-11 12:30:54,472] {processor.py:641} INFO - Processing file /home/airflow/.local/lib/python3.7/site-packages/airflow/example_dags/example_branch_labels.py for tasks to queue
[2024-02-11 12:30:54,473] {logging_mixin.py:115} INFO - [2024-02-11 12:30:54,473] {dagbag.py:507} INFO - Filling up the DagBag from /home/airflow/.local/lib/python3.7/site-packages/airflow/example_dags/example_branch_labels.py
[2024-02-11 12:30:54,476] {processor.py:651} INFO - DAG(s) dict_keys(['example_branch_labels']) retrieved from /home/airflow/.local/lib/python3.7/site-packages/airflow/example_dags/example_branch_labels.py
[2024-02-11 12:30:54,489] {logging_mixin.py:115} INFO - [2024-02-11 12:30:54,489] {dag.py:2371} INFO - Sync 1 DAGs
[2024-02-11 12:30:54,501] {logging_mixin.py:115} INFO - [2024-02-11 12:30:54,501] {dag.py:2919} INFO - Setting next_dagrun for example_branch_labels to 2024-02-10T00:00:00+00:00, run_after=2024-02-11T00:00:00+00:00
[2024-02-11 12:30:54,507] {processor.py:161} INFO - Processing /home/airflow/.local/lib/python3.7/site-packages/airflow/example_dags/example_branch_labels.py took 0.038 seconds
[2024-02-11 12:31:25,468] {processor.py:153} INFO - Started process (PID=950) to work on /home/airflow/.local/lib/python3.7/site-packages/airflow/example_dags/example_branch_labels.py
[2024-02-11 12:31:25,468] {processor.py:641} INFO - Processing file /home/airflow/.local/lib/python3.7/site-packages/airflow/example_dags/example_branch_labels.py for tasks to queue
[2024-02-11 12:31:25,469] {logging_mixin.py:115} INFO - [2024-02-11 12:31:25,469] {dagbag.py:507} INFO - Filling up the DagBag from /home/airflow/.local/lib/python3.7/site-packages/airflow/example_dags/example_branch_labels.py
[2024-02-11 12:31:25,472] {processor.py:651} INFO - DAG(s) dict_keys(['example_branch_labels']) retrieved from /home/airflow/.local/lib/python3.7/site-packages/airflow/example_dags/example_branch_labels.py
[2024-02-11 12:31:25,484] {logging_mixin.py:115} INFO - [2024-02-11 12:31:25,484] {dag.py:2371} INFO - Sync 1 DAGs
[2024-02-11 12:31:25,495] {logging_mixin.py:115} INFO - [2024-02-11 12:31:25,495] {dag.py:2919} INFO - Setting next_dagrun for example_branch_labels to 2024-02-10T00:00:00+00:00, run_after=2024-02-11T00:00:00+00:00
[2024-02-11 12:31:25,500] {processor.py:161} INFO - Processing /home/airflow/.local/lib/python3.7/site-packages/airflow/example_dags/example_branch_labels.py took 0.034 seconds
[2024-02-11 12:31:56,138] {processor.py:153} INFO - Started process (PID=1014) to work on /home/airflow/.local/lib/python3.7/site-packages/airflow/example_dags/example_branch_labels.py
[2024-02-11 12:31:56,139] {processor.py:641} INFO - Processing file /home/airflow/.local/lib/python3.7/site-packages/airflow/example_dags/example_branch_labels.py for tasks to queue
[2024-02-11 12:31:56,139] {logging_mixin.py:115} INFO - [2024-02-11 12:31:56,139] {dagbag.py:507} INFO - Filling up the DagBag from /home/airflow/.local/lib/python3.7/site-packages/airflow/example_dags/example_branch_labels.py
[2024-02-11 12:31:56,143] {processor.py:651} INFO - DAG(s) dict_keys(['example_branch_labels']) retrieved from /home/airflow/.local/lib/python3.7/site-packages/airflow/example_dags/example_branch_labels.py
[2024-02-11 12:31:56,162] {logging_mixin.py:115} INFO - [2024-02-11 12:31:56,162] {dag.py:2371} INFO - Sync 1 DAGs
[2024-02-11 12:31:56,178] {logging_mixin.py:115} INFO - [2024-02-11 12:31:56,178] {dag.py:2919} INFO - Setting next_dagrun for example_branch_labels to 2024-02-10T00:00:00+00:00, run_after=2024-02-11T00:00:00+00:00
[2024-02-11 12:31:56,184] {processor.py:161} INFO - Processing /home/airflow/.local/lib/python3.7/site-packages/airflow/example_dags/example_branch_labels.py took 0.047 seconds
[2024-02-11 12:32:27,257] {processor.py:153} INFO - Started process (PID=1084) to work on /home/airflow/.local/lib/python3.7/site-packages/airflow/example_dags/example_branch_labels.py
[2024-02-11 12:32:27,257] {processor.py:641} INFO - Processing file /home/airflow/.local/lib/python3.7/site-packages/airflow/example_dags/example_branch_labels.py for tasks to queue
[2024-02-11 12:32:27,258] {logging_mixin.py:115} INFO - [2024-02-11 12:32:27,258] {dagbag.py:507} INFO - Filling up the DagBag from /home/airflow/.local/lib/python3.7/site-packages/airflow/example_dags/example_branch_labels.py
[2024-02-11 12:32:27,261] {processor.py:651} INFO - DAG(s) dict_keys(['example_branch_labels']) retrieved from /home/airflow/.local/lib/python3.7/site-packages/airflow/example_dags/example_branch_labels.py
[2024-02-11 12:32:27,276] {logging_mixin.py:115} INFO - [2024-02-11 12:32:27,276] {dag.py:2371} INFO - Sync 1 DAGs
[2024-02-11 12:32:27,291] {logging_mixin.py:115} INFO - [2024-02-11 12:32:27,291] {dag.py:2919} INFO - Setting next_dagrun for example_branch_labels to 2024-02-10T00:00:00+00:00, run_after=2024-02-11T00:00:00+00:00
[2024-02-11 12:32:27,297] {processor.py:161} INFO - Processing /home/airflow/.local/lib/python3.7/site-packages/airflow/example_dags/example_branch_labels.py took 0.042 seconds
[2024-02-11 12:32:58,272] {processor.py:153} INFO - Started process (PID=1147) to work on /home/airflow/.local/lib/python3.7/site-packages/airflow/example_dags/example_branch_labels.py
[2024-02-11 12:32:58,273] {processor.py:641} INFO - Processing file /home/airflow/.local/lib/python3.7/site-packages/airflow/example_dags/example_branch_labels.py for tasks to queue
[2024-02-11 12:32:58,273] {logging_mixin.py:115} INFO - [2024-02-11 12:32:58,273] {dagbag.py:507} INFO - Filling up the DagBag from /home/airflow/.local/lib/python3.7/site-packages/airflow/example_dags/example_branch_labels.py
[2024-02-11 12:32:58,276] {processor.py:651} INFO - DAG(s) dict_keys(['example_branch_labels']) retrieved from /home/airflow/.local/lib/python3.7/site-packages/airflow/example_dags/example_branch_labels.py
[2024-02-11 12:32:58,292] {logging_mixin.py:115} INFO - [2024-02-11 12:32:58,292] {dag.py:2371} INFO - Sync 1 DAGs
[2024-02-11 12:32:58,305] {logging_mixin.py:115} INFO - [2024-02-11 12:32:58,305] {dag.py:2919} INFO - Setting next_dagrun for example_branch_labels to 2024-02-10T00:00:00+00:00, run_after=2024-02-11T00:00:00+00:00
[2024-02-11 12:32:58,311] {processor.py:161} INFO - Processing /home/airflow/.local/lib/python3.7/site-packages/airflow/example_dags/example_branch_labels.py took 0.040 seconds
[2024-02-11 12:55:36,766] {processor.py:153} INFO - Started process (PID=1232) to work on /home/airflow/.local/lib/python3.7/site-packages/airflow/example_dags/example_branch_labels.py
[2024-02-11 12:55:36,770] {processor.py:641} INFO - Processing file /home/airflow/.local/lib/python3.7/site-packages/airflow/example_dags/example_branch_labels.py for tasks to queue
[2024-02-11 12:55:36,773] {logging_mixin.py:115} INFO - [2024-02-11 12:55:36,773] {dagbag.py:507} INFO - Filling up the DagBag from /home/airflow/.local/lib/python3.7/site-packages/airflow/example_dags/example_branch_labels.py
[2024-02-11 12:55:36,802] {processor.py:651} INFO - DAG(s) dict_keys(['example_branch_labels']) retrieved from /home/airflow/.local/lib/python3.7/site-packages/airflow/example_dags/example_branch_labels.py
[2024-02-11 12:55:36,932] {logging_mixin.py:115} INFO - [2024-02-11 12:55:36,931] {dag.py:2371} INFO - Sync 1 DAGs
[2024-02-11 12:55:38,092] {logging_mixin.py:115} INFO - [2024-02-11 12:55:38,092] {dag.py:2919} INFO - Setting next_dagrun for example_branch_labels to 2024-02-10T00:00:00+00:00, run_after=2024-02-11T00:00:00+00:00
[2024-02-11 12:55:38,131] {processor.py:161} INFO - Processing /home/airflow/.local/lib/python3.7/site-packages/airflow/example_dags/example_branch_labels.py took 1.383 seconds
[2024-02-11 12:56:08,467] {processor.py:153} INFO - Started process (PID=1293) to work on /home/airflow/.local/lib/python3.7/site-packages/airflow/example_dags/example_branch_labels.py
[2024-02-11 12:56:08,467] {processor.py:641} INFO - Processing file /home/airflow/.local/lib/python3.7/site-packages/airflow/example_dags/example_branch_labels.py for tasks to queue
[2024-02-11 12:56:08,468] {logging_mixin.py:115} INFO - [2024-02-11 12:56:08,468] {dagbag.py:507} INFO - Filling up the DagBag from /home/airflow/.local/lib/python3.7/site-packages/airflow/example_dags/example_branch_labels.py
[2024-02-11 12:56:08,470] {processor.py:651} INFO - DAG(s) dict_keys(['example_branch_labels']) retrieved from /home/airflow/.local/lib/python3.7/site-packages/airflow/example_dags/example_branch_labels.py
[2024-02-11 12:56:08,485] {logging_mixin.py:115} INFO - [2024-02-11 12:56:08,485] {dag.py:2371} INFO - Sync 1 DAGs
[2024-02-11 12:56:08,570] {logging_mixin.py:115} INFO - [2024-02-11 12:56:08,570] {dag.py:2919} INFO - Setting next_dagrun for example_branch_labels to 2024-02-10T00:00:00+00:00, run_after=2024-02-11T00:00:00+00:00
[2024-02-11 12:56:08,574] {processor.py:161} INFO - Processing /home/airflow/.local/lib/python3.7/site-packages/airflow/example_dags/example_branch_labels.py took 0.109 seconds
[2024-02-11 12:56:39,127] {processor.py:153} INFO - Started process (PID=1356) to work on /home/airflow/.local/lib/python3.7/site-packages/airflow/example_dags/example_branch_labels.py
[2024-02-11 12:56:39,130] {processor.py:641} INFO - Processing file /home/airflow/.local/lib/python3.7/site-packages/airflow/example_dags/example_branch_labels.py for tasks to queue
[2024-02-11 12:56:39,131] {logging_mixin.py:115} INFO - [2024-02-11 12:56:39,131] {dagbag.py:507} INFO - Filling up the DagBag from /home/airflow/.local/lib/python3.7/site-packages/airflow/example_dags/example_branch_labels.py
[2024-02-11 12:56:39,145] {processor.py:651} INFO - DAG(s) dict_keys(['example_branch_labels']) retrieved from /home/airflow/.local/lib/python3.7/site-packages/airflow/example_dags/example_branch_labels.py
[2024-02-11 12:56:39,213] {logging_mixin.py:115} INFO - [2024-02-11 12:56:39,213] {dag.py:2371} INFO - Sync 1 DAGs
[2024-02-11 12:56:39,483] {logging_mixin.py:115} INFO - [2024-02-11 12:56:39,483] {dag.py:2919} INFO - Setting next_dagrun for example_branch_labels to 2024-02-10T00:00:00+00:00, run_after=2024-02-11T00:00:00+00:00
[2024-02-11 12:56:39,490] {processor.py:161} INFO - Processing /home/airflow/.local/lib/python3.7/site-packages/airflow/example_dags/example_branch_labels.py took 0.373 seconds
[2024-02-11 13:46:22,687] {processor.py:153} INFO - Started process (PID=1419) to work on /home/airflow/.local/lib/python3.7/site-packages/airflow/example_dags/example_branch_labels.py
[2024-02-11 13:46:22,697] {processor.py:641} INFO - Processing file /home/airflow/.local/lib/python3.7/site-packages/airflow/example_dags/example_branch_labels.py for tasks to queue
[2024-02-11 13:46:22,699] {logging_mixin.py:115} INFO - [2024-02-11 13:46:22,699] {dagbag.py:507} INFO - Filling up the DagBag from /home/airflow/.local/lib/python3.7/site-packages/airflow/example_dags/example_branch_labels.py
[2024-02-11 13:46:22,731] {processor.py:651} INFO - DAG(s) dict_keys(['example_branch_labels']) retrieved from /home/airflow/.local/lib/python3.7/site-packages/airflow/example_dags/example_branch_labels.py
[2024-02-11 13:46:22,845] {logging_mixin.py:115} INFO - [2024-02-11 13:46:22,845] {dag.py:2371} INFO - Sync 1 DAGs
[2024-02-11 13:46:23,378] {logging_mixin.py:115} INFO - [2024-02-11 13:46:23,378] {dag.py:2919} INFO - Setting next_dagrun for example_branch_labels to 2024-02-10T00:00:00+00:00, run_after=2024-02-11T00:00:00+00:00
[2024-02-11 13:46:23,395] {processor.py:161} INFO - Processing /home/airflow/.local/lib/python3.7/site-packages/airflow/example_dags/example_branch_labels.py took 0.719 seconds
[2024-02-11 14:33:12,081] {processor.py:153} INFO - Started process (PID=1477) to work on /home/airflow/.local/lib/python3.7/site-packages/airflow/example_dags/example_branch_labels.py
[2024-02-11 14:33:12,087] {processor.py:641} INFO - Processing file /home/airflow/.local/lib/python3.7/site-packages/airflow/example_dags/example_branch_labels.py for tasks to queue
[2024-02-11 14:33:12,091] {logging_mixin.py:115} INFO - [2024-02-11 14:33:12,091] {dagbag.py:507} INFO - Filling up the DagBag from /home/airflow/.local/lib/python3.7/site-packages/airflow/example_dags/example_branch_labels.py
[2024-02-11 14:33:12,103] {processor.py:651} INFO - DAG(s) dict_keys(['example_branch_labels']) retrieved from /home/airflow/.local/lib/python3.7/site-packages/airflow/example_dags/example_branch_labels.py
[2024-02-11 14:33:12,161] {logging_mixin.py:115} INFO - [2024-02-11 14:33:12,161] {dag.py:2371} INFO - Sync 1 DAGs
[2024-02-11 14:33:12,350] {logging_mixin.py:115} INFO - [2024-02-11 14:33:12,350] {dag.py:2919} INFO - Setting next_dagrun for example_branch_labels to 2024-02-10T00:00:00+00:00, run_after=2024-02-11T00:00:00+00:00
[2024-02-11 14:33:12,377] {processor.py:161} INFO - Processing /home/airflow/.local/lib/python3.7/site-packages/airflow/example_dags/example_branch_labels.py took 0.299 seconds
[2024-02-11 14:33:42,837] {processor.py:153} INFO - Started process (PID=1540) to work on /home/airflow/.local/lib/python3.7/site-packages/airflow/example_dags/example_branch_labels.py
[2024-02-11 14:33:42,838] {processor.py:641} INFO - Processing file /home/airflow/.local/lib/python3.7/site-packages/airflow/example_dags/example_branch_labels.py for tasks to queue
[2024-02-11 14:33:42,839] {logging_mixin.py:115} INFO - [2024-02-11 14:33:42,839] {dagbag.py:507} INFO - Filling up the DagBag from /home/airflow/.local/lib/python3.7/site-packages/airflow/example_dags/example_branch_labels.py
[2024-02-11 14:33:42,842] {processor.py:651} INFO - DAG(s) dict_keys(['example_branch_labels']) retrieved from /home/airflow/.local/lib/python3.7/site-packages/airflow/example_dags/example_branch_labels.py
[2024-02-11 14:33:42,857] {logging_mixin.py:115} INFO - [2024-02-11 14:33:42,857] {dag.py:2371} INFO - Sync 1 DAGs
[2024-02-11 14:33:43,101] {logging_mixin.py:115} INFO - [2024-02-11 14:33:43,101] {dag.py:2919} INFO - Setting next_dagrun for example_branch_labels to 2024-02-10T00:00:00+00:00, run_after=2024-02-11T00:00:00+00:00
[2024-02-11 14:33:43,110] {processor.py:161} INFO - Processing /home/airflow/.local/lib/python3.7/site-packages/airflow/example_dags/example_branch_labels.py took 0.274 seconds
[2024-02-11 14:42:41,445] {processor.py:153} INFO - Started process (PID=1621) to work on /home/airflow/.local/lib/python3.7/site-packages/airflow/example_dags/example_branch_labels.py
[2024-02-11 14:42:41,451] {processor.py:641} INFO - Processing file /home/airflow/.local/lib/python3.7/site-packages/airflow/example_dags/example_branch_labels.py for tasks to queue
[2024-02-11 14:42:41,456] {logging_mixin.py:115} INFO - [2024-02-11 14:42:41,456] {dagbag.py:507} INFO - Filling up the DagBag from /home/airflow/.local/lib/python3.7/site-packages/airflow/example_dags/example_branch_labels.py
[2024-02-11 14:42:41,523] {processor.py:651} INFO - DAG(s) dict_keys(['example_branch_labels']) retrieved from /home/airflow/.local/lib/python3.7/site-packages/airflow/example_dags/example_branch_labels.py
[2024-02-11 14:42:41,810] {logging_mixin.py:115} INFO - [2024-02-11 14:42:41,809] {dag.py:2371} INFO - Sync 1 DAGs
[2024-02-11 14:42:41,989] {logging_mixin.py:115} INFO - [2024-02-11 14:42:41,989] {dag.py:2919} INFO - Setting next_dagrun for example_branch_labels to 2024-02-10T00:00:00+00:00, run_after=2024-02-11T00:00:00+00:00
[2024-02-11 14:42:42,112] {processor.py:161} INFO - Processing /home/airflow/.local/lib/python3.7/site-packages/airflow/example_dags/example_branch_labels.py took 0.707 seconds
[2024-02-11 14:58:30,237] {processor.py:153} INFO - Started process (PID=1693) to work on /home/airflow/.local/lib/python3.7/site-packages/airflow/example_dags/example_branch_labels.py
[2024-02-11 14:58:30,241] {processor.py:641} INFO - Processing file /home/airflow/.local/lib/python3.7/site-packages/airflow/example_dags/example_branch_labels.py for tasks to queue
[2024-02-11 14:58:30,247] {logging_mixin.py:115} INFO - [2024-02-11 14:58:30,246] {dagbag.py:507} INFO - Filling up the DagBag from /home/airflow/.local/lib/python3.7/site-packages/airflow/example_dags/example_branch_labels.py
[2024-02-11 14:58:30,285] {processor.py:651} INFO - DAG(s) dict_keys(['example_branch_labels']) retrieved from /home/airflow/.local/lib/python3.7/site-packages/airflow/example_dags/example_branch_labels.py
[2024-02-11 14:58:30,358] {logging_mixin.py:115} INFO - [2024-02-11 14:58:30,358] {dag.py:2371} INFO - Sync 1 DAGs
[2024-02-11 14:58:30,435] {logging_mixin.py:115} INFO - [2024-02-11 14:58:30,435] {dag.py:2919} INFO - Setting next_dagrun for example_branch_labels to 2024-02-10T00:00:00+00:00, run_after=2024-02-11T00:00:00+00:00
[2024-02-11 14:58:30,501] {processor.py:161} INFO - Processing /home/airflow/.local/lib/python3.7/site-packages/airflow/example_dags/example_branch_labels.py took 0.279 seconds
[2024-02-11 15:34:11,012] {processor.py:153} INFO - Started process (PID=1759) to work on /home/airflow/.local/lib/python3.7/site-packages/airflow/example_dags/example_branch_labels.py
[2024-02-11 15:34:11,019] {processor.py:641} INFO - Processing file /home/airflow/.local/lib/python3.7/site-packages/airflow/example_dags/example_branch_labels.py for tasks to queue
[2024-02-11 15:34:11,029] {logging_mixin.py:115} INFO - [2024-02-11 15:34:11,028] {dagbag.py:507} INFO - Filling up the DagBag from /home/airflow/.local/lib/python3.7/site-packages/airflow/example_dags/example_branch_labels.py
[2024-02-11 15:34:11,077] {processor.py:651} INFO - DAG(s) dict_keys(['example_branch_labels']) retrieved from /home/airflow/.local/lib/python3.7/site-packages/airflow/example_dags/example_branch_labels.py
[2024-02-11 15:34:11,190] {logging_mixin.py:115} INFO - [2024-02-11 15:34:11,190] {dag.py:2371} INFO - Sync 1 DAGs
[2024-02-11 15:34:11,243] {logging_mixin.py:115} INFO - [2024-02-11 15:34:11,243] {dag.py:2919} INFO - Setting next_dagrun for example_branch_labels to 2024-02-10T00:00:00+00:00, run_after=2024-02-11T00:00:00+00:00
[2024-02-11 15:34:11,289] {processor.py:161} INFO - Processing /home/airflow/.local/lib/python3.7/site-packages/airflow/example_dags/example_branch_labels.py took 0.295 seconds
[2024-02-11 15:34:41,573] {processor.py:153} INFO - Started process (PID=1823) to work on /home/airflow/.local/lib/python3.7/site-packages/airflow/example_dags/example_branch_labels.py
[2024-02-11 15:34:41,574] {processor.py:641} INFO - Processing file /home/airflow/.local/lib/python3.7/site-packages/airflow/example_dags/example_branch_labels.py for tasks to queue
[2024-02-11 15:34:41,574] {logging_mixin.py:115} INFO - [2024-02-11 15:34:41,574] {dagbag.py:507} INFO - Filling up the DagBag from /home/airflow/.local/lib/python3.7/site-packages/airflow/example_dags/example_branch_labels.py
[2024-02-11 15:34:41,577] {processor.py:651} INFO - DAG(s) dict_keys(['example_branch_labels']) retrieved from /home/airflow/.local/lib/python3.7/site-packages/airflow/example_dags/example_branch_labels.py
[2024-02-11 15:34:41,597] {logging_mixin.py:115} INFO - [2024-02-11 15:34:41,597] {dag.py:2371} INFO - Sync 1 DAGs
[2024-02-11 15:34:41,613] {logging_mixin.py:115} INFO - [2024-02-11 15:34:41,613] {dag.py:2919} INFO - Setting next_dagrun for example_branch_labels to 2024-02-10T00:00:00+00:00, run_after=2024-02-11T00:00:00+00:00
[2024-02-11 15:34:41,620] {processor.py:161} INFO - Processing /home/airflow/.local/lib/python3.7/site-packages/airflow/example_dags/example_branch_labels.py took 0.048 seconds
[2024-02-11 15:41:14,681] {processor.py:153} INFO - Started process (PID=1903) to work on /home/airflow/.local/lib/python3.7/site-packages/airflow/example_dags/example_branch_labels.py
[2024-02-11 15:41:14,696] {processor.py:641} INFO - Processing file /home/airflow/.local/lib/python3.7/site-packages/airflow/example_dags/example_branch_labels.py for tasks to queue
[2024-02-11 15:41:14,699] {logging_mixin.py:115} INFO - [2024-02-11 15:41:14,699] {dagbag.py:507} INFO - Filling up the DagBag from /home/airflow/.local/lib/python3.7/site-packages/airflow/example_dags/example_branch_labels.py
[2024-02-11 15:41:14,800] {processor.py:651} INFO - DAG(s) dict_keys(['example_branch_labels']) retrieved from /home/airflow/.local/lib/python3.7/site-packages/airflow/example_dags/example_branch_labels.py
[2024-02-11 15:41:15,478] {logging_mixin.py:115} INFO - [2024-02-11 15:41:15,477] {dag.py:2371} INFO - Sync 1 DAGs
[2024-02-11 15:41:15,713] {logging_mixin.py:115} INFO - [2024-02-11 15:41:15,709] {dag.py:2919} INFO - Setting next_dagrun for example_branch_labels to 2024-02-10T00:00:00+00:00, run_after=2024-02-11T00:00:00+00:00
[2024-02-11 15:41:15,815] {processor.py:161} INFO - Processing /home/airflow/.local/lib/python3.7/site-packages/airflow/example_dags/example_branch_labels.py took 1.154 seconds
[2024-02-11 16:05:35,542] {processor.py:153} INFO - Started process (PID=1968) to work on /home/airflow/.local/lib/python3.7/site-packages/airflow/example_dags/example_branch_labels.py
[2024-02-11 16:05:35,552] {processor.py:641} INFO - Processing file /home/airflow/.local/lib/python3.7/site-packages/airflow/example_dags/example_branch_labels.py for tasks to queue
[2024-02-11 16:05:35,554] {logging_mixin.py:115} INFO - [2024-02-11 16:05:35,554] {dagbag.py:507} INFO - Filling up the DagBag from /home/airflow/.local/lib/python3.7/site-packages/airflow/example_dags/example_branch_labels.py
[2024-02-11 16:05:35,574] {processor.py:651} INFO - DAG(s) dict_keys(['example_branch_labels']) retrieved from /home/airflow/.local/lib/python3.7/site-packages/airflow/example_dags/example_branch_labels.py
[2024-02-11 16:05:35,607] {logging_mixin.py:115} INFO - [2024-02-11 16:05:35,607] {dag.py:2371} INFO - Sync 1 DAGs
[2024-02-11 16:05:35,653] {logging_mixin.py:115} INFO - [2024-02-11 16:05:35,653] {dag.py:2919} INFO - Setting next_dagrun for example_branch_labels to 2024-02-10T00:00:00+00:00, run_after=2024-02-11T00:00:00+00:00
[2024-02-11 16:05:35,670] {processor.py:161} INFO - Processing /home/airflow/.local/lib/python3.7/site-packages/airflow/example_dags/example_branch_labels.py took 0.135 seconds
[2024-02-11 16:06:17,828] {processor.py:153} INFO - Started process (PID=2035) to work on /home/airflow/.local/lib/python3.7/site-packages/airflow/example_dags/example_branch_labels.py
[2024-02-11 16:06:17,831] {processor.py:641} INFO - Processing file /home/airflow/.local/lib/python3.7/site-packages/airflow/example_dags/example_branch_labels.py for tasks to queue
[2024-02-11 16:06:17,832] {logging_mixin.py:115} INFO - [2024-02-11 16:06:17,831] {dagbag.py:507} INFO - Filling up the DagBag from /home/airflow/.local/lib/python3.7/site-packages/airflow/example_dags/example_branch_labels.py
[2024-02-11 16:06:17,837] {processor.py:651} INFO - DAG(s) dict_keys(['example_branch_labels']) retrieved from /home/airflow/.local/lib/python3.7/site-packages/airflow/example_dags/example_branch_labels.py
[2024-02-11 16:06:17,859] {logging_mixin.py:115} INFO - [2024-02-11 16:06:17,859] {dag.py:2371} INFO - Sync 1 DAGs
[2024-02-11 16:06:17,882] {logging_mixin.py:115} INFO - [2024-02-11 16:06:17,882] {dag.py:2919} INFO - Setting next_dagrun for example_branch_labels to 2024-02-10T00:00:00+00:00, run_after=2024-02-11T00:00:00+00:00
[2024-02-11 16:06:17,890] {processor.py:161} INFO - Processing /home/airflow/.local/lib/python3.7/site-packages/airflow/example_dags/example_branch_labels.py took 0.064 seconds
[2024-02-11 16:06:47,947] {processor.py:153} INFO - Started process (PID=2098) to work on /home/airflow/.local/lib/python3.7/site-packages/airflow/example_dags/example_branch_labels.py
[2024-02-11 16:06:47,948] {processor.py:641} INFO - Processing file /home/airflow/.local/lib/python3.7/site-packages/airflow/example_dags/example_branch_labels.py for tasks to queue
[2024-02-11 16:06:47,948] {logging_mixin.py:115} INFO - [2024-02-11 16:06:47,948] {dagbag.py:507} INFO - Filling up the DagBag from /home/airflow/.local/lib/python3.7/site-packages/airflow/example_dags/example_branch_labels.py
[2024-02-11 16:06:47,954] {processor.py:651} INFO - DAG(s) dict_keys(['example_branch_labels']) retrieved from /home/airflow/.local/lib/python3.7/site-packages/airflow/example_dags/example_branch_labels.py
[2024-02-11 16:06:47,984] {logging_mixin.py:115} INFO - [2024-02-11 16:06:47,984] {dag.py:2371} INFO - Sync 1 DAGs
[2024-02-11 16:06:48,005] {logging_mixin.py:115} INFO - [2024-02-11 16:06:48,005] {dag.py:2919} INFO - Setting next_dagrun for example_branch_labels to 2024-02-10T00:00:00+00:00, run_after=2024-02-11T00:00:00+00:00
[2024-02-11 16:06:48,012] {processor.py:161} INFO - Processing /home/airflow/.local/lib/python3.7/site-packages/airflow/example_dags/example_branch_labels.py took 0.069 seconds
[2024-02-11 16:07:18,337] {processor.py:153} INFO - Started process (PID=2157) to work on /home/airflow/.local/lib/python3.7/site-packages/airflow/example_dags/example_branch_labels.py
[2024-02-11 16:07:18,339] {processor.py:641} INFO - Processing file /home/airflow/.local/lib/python3.7/site-packages/airflow/example_dags/example_branch_labels.py for tasks to queue
[2024-02-11 16:07:18,340] {logging_mixin.py:115} INFO - [2024-02-11 16:07:18,340] {dagbag.py:507} INFO - Filling up the DagBag from /home/airflow/.local/lib/python3.7/site-packages/airflow/example_dags/example_branch_labels.py
[2024-02-11 16:07:18,343] {processor.py:651} INFO - DAG(s) dict_keys(['example_branch_labels']) retrieved from /home/airflow/.local/lib/python3.7/site-packages/airflow/example_dags/example_branch_labels.py
[2024-02-11 16:07:18,356] {logging_mixin.py:115} INFO - [2024-02-11 16:07:18,356] {dag.py:2371} INFO - Sync 1 DAGs
[2024-02-11 16:07:18,368] {logging_mixin.py:115} INFO - [2024-02-11 16:07:18,368] {dag.py:2919} INFO - Setting next_dagrun for example_branch_labels to 2024-02-10T00:00:00+00:00, run_after=2024-02-11T00:00:00+00:00
[2024-02-11 16:07:18,374] {processor.py:161} INFO - Processing /home/airflow/.local/lib/python3.7/site-packages/airflow/example_dags/example_branch_labels.py took 0.039 seconds
[2024-02-11 16:07:49,597] {processor.py:153} INFO - Started process (PID=2221) to work on /home/airflow/.local/lib/python3.7/site-packages/airflow/example_dags/example_branch_labels.py
[2024-02-11 16:07:49,598] {processor.py:641} INFO - Processing file /home/airflow/.local/lib/python3.7/site-packages/airflow/example_dags/example_branch_labels.py for tasks to queue
[2024-02-11 16:07:49,598] {logging_mixin.py:115} INFO - [2024-02-11 16:07:49,598] {dagbag.py:507} INFO - Filling up the DagBag from /home/airflow/.local/lib/python3.7/site-packages/airflow/example_dags/example_branch_labels.py
[2024-02-11 16:07:49,602] {processor.py:651} INFO - DAG(s) dict_keys(['example_branch_labels']) retrieved from /home/airflow/.local/lib/python3.7/site-packages/airflow/example_dags/example_branch_labels.py
[2024-02-11 16:07:49,623] {logging_mixin.py:115} INFO - [2024-02-11 16:07:49,622] {dag.py:2371} INFO - Sync 1 DAGs
[2024-02-11 16:07:49,643] {logging_mixin.py:115} INFO - [2024-02-11 16:07:49,643] {dag.py:2919} INFO - Setting next_dagrun for example_branch_labels to 2024-02-10T00:00:00+00:00, run_after=2024-02-11T00:00:00+00:00
[2024-02-11 16:07:49,654] {processor.py:161} INFO - Processing /home/airflow/.local/lib/python3.7/site-packages/airflow/example_dags/example_branch_labels.py took 0.058 seconds
[2024-02-11 16:08:20,482] {processor.py:153} INFO - Started process (PID=2288) to work on /home/airflow/.local/lib/python3.7/site-packages/airflow/example_dags/example_branch_labels.py
[2024-02-11 16:08:20,485] {processor.py:641} INFO - Processing file /home/airflow/.local/lib/python3.7/site-packages/airflow/example_dags/example_branch_labels.py for tasks to queue
[2024-02-11 16:08:20,485] {logging_mixin.py:115} INFO - [2024-02-11 16:08:20,485] {dagbag.py:507} INFO - Filling up the DagBag from /home/airflow/.local/lib/python3.7/site-packages/airflow/example_dags/example_branch_labels.py
[2024-02-11 16:08:20,488] {processor.py:651} INFO - DAG(s) dict_keys(['example_branch_labels']) retrieved from /home/airflow/.local/lib/python3.7/site-packages/airflow/example_dags/example_branch_labels.py
[2024-02-11 16:08:20,507] {logging_mixin.py:115} INFO - [2024-02-11 16:08:20,507] {dag.py:2371} INFO - Sync 1 DAGs
[2024-02-11 16:08:20,535] {logging_mixin.py:115} INFO - [2024-02-11 16:08:20,534] {dag.py:2919} INFO - Setting next_dagrun for example_branch_labels to 2024-02-10T00:00:00+00:00, run_after=2024-02-11T00:00:00+00:00
[2024-02-11 16:08:20,549] {processor.py:161} INFO - Processing /home/airflow/.local/lib/python3.7/site-packages/airflow/example_dags/example_branch_labels.py took 0.069 seconds
[2024-02-11 16:08:51,185] {processor.py:153} INFO - Started process (PID=2352) to work on /home/airflow/.local/lib/python3.7/site-packages/airflow/example_dags/example_branch_labels.py
[2024-02-11 16:08:51,187] {processor.py:641} INFO - Processing file /home/airflow/.local/lib/python3.7/site-packages/airflow/example_dags/example_branch_labels.py for tasks to queue
[2024-02-11 16:08:51,187] {logging_mixin.py:115} INFO - [2024-02-11 16:08:51,187] {dagbag.py:507} INFO - Filling up the DagBag from /home/airflow/.local/lib/python3.7/site-packages/airflow/example_dags/example_branch_labels.py
[2024-02-11 16:08:51,191] {processor.py:651} INFO - DAG(s) dict_keys(['example_branch_labels']) retrieved from /home/airflow/.local/lib/python3.7/site-packages/airflow/example_dags/example_branch_labels.py
[2024-02-11 16:08:51,206] {logging_mixin.py:115} INFO - [2024-02-11 16:08:51,206] {dag.py:2371} INFO - Sync 1 DAGs
[2024-02-11 16:08:51,218] {logging_mixin.py:115} INFO - [2024-02-11 16:08:51,218] {dag.py:2919} INFO - Setting next_dagrun for example_branch_labels to 2024-02-10T00:00:00+00:00, run_after=2024-02-11T00:00:00+00:00
[2024-02-11 16:08:51,225] {processor.py:161} INFO - Processing /home/airflow/.local/lib/python3.7/site-packages/airflow/example_dags/example_branch_labels.py took 0.044 seconds
