[2024-02-11 00:01:20,391] {processor.py:153} INFO - Started process (PID=4423) to work on /home/airflow/.local/lib/python3.7/site-packages/airflow/example_dags/example_complex.py
[2024-02-11 00:01:20,393] {processor.py:641} INFO - Processing file /home/airflow/.local/lib/python3.7/site-packages/airflow/example_dags/example_complex.py for tasks to queue
[2024-02-11 00:01:20,398] {logging_mixin.py:115} INFO - [2024-02-11 00:01:20,398] {dagbag.py:507} INFO - Filling up the DagBag from /home/airflow/.local/lib/python3.7/site-packages/airflow/example_dags/example_complex.py
[2024-02-11 00:01:20,422] {processor.py:651} INFO - DAG(s) dict_keys(['example_complex']) retrieved from /home/airflow/.local/lib/python3.7/site-packages/airflow/example_dags/example_complex.py
[2024-02-11 00:01:20,487] {logging_mixin.py:115} INFO - [2024-02-11 00:01:20,487] {dag.py:2371} INFO - Sync 1 DAGs
[2024-02-11 00:01:20,512] {logging_mixin.py:115} INFO - [2024-02-11 00:01:20,512] {dag.py:2919} INFO - Setting next_dagrun for example_complex to None, run_after=None
[2024-02-11 00:01:20,637] {processor.py:161} INFO - Processing /home/airflow/.local/lib/python3.7/site-packages/airflow/example_dags/example_complex.py took 0.253 seconds
[2024-02-11 00:01:50,754] {processor.py:153} INFO - Started process (PID=4486) to work on /home/airflow/.local/lib/python3.7/site-packages/airflow/example_dags/example_complex.py
[2024-02-11 00:01:50,754] {processor.py:641} INFO - Processing file /home/airflow/.local/lib/python3.7/site-packages/airflow/example_dags/example_complex.py for tasks to queue
[2024-02-11 00:01:50,755] {logging_mixin.py:115} INFO - [2024-02-11 00:01:50,755] {dagbag.py:507} INFO - Filling up the DagBag from /home/airflow/.local/lib/python3.7/site-packages/airflow/example_dags/example_complex.py
[2024-02-11 00:01:50,766] {processor.py:651} INFO - DAG(s) dict_keys(['example_complex']) retrieved from /home/airflow/.local/lib/python3.7/site-packages/airflow/example_dags/example_complex.py
[2024-02-11 00:01:50,796] {logging_mixin.py:115} INFO - [2024-02-11 00:01:50,796] {dag.py:2371} INFO - Sync 1 DAGs
[2024-02-11 00:01:50,810] {logging_mixin.py:115} INFO - [2024-02-11 00:01:50,810] {dag.py:2919} INFO - Setting next_dagrun for example_complex to None, run_after=None
[2024-02-11 00:01:50,904] {processor.py:161} INFO - Processing /home/airflow/.local/lib/python3.7/site-packages/airflow/example_dags/example_complex.py took 0.154 seconds
[2024-02-11 00:07:05,550] {processor.py:153} INFO - Started process (PID=4555) to work on /home/airflow/.local/lib/python3.7/site-packages/airflow/example_dags/example_complex.py
[2024-02-11 00:07:05,550] {processor.py:641} INFO - Processing file /home/airflow/.local/lib/python3.7/site-packages/airflow/example_dags/example_complex.py for tasks to queue
[2024-02-11 00:07:05,551] {logging_mixin.py:115} INFO - [2024-02-11 00:07:05,551] {dagbag.py:507} INFO - Filling up the DagBag from /home/airflow/.local/lib/python3.7/site-packages/airflow/example_dags/example_complex.py
[2024-02-11 00:07:05,562] {processor.py:651} INFO - DAG(s) dict_keys(['example_complex']) retrieved from /home/airflow/.local/lib/python3.7/site-packages/airflow/example_dags/example_complex.py
[2024-02-11 00:07:05,594] {logging_mixin.py:115} INFO - [2024-02-11 00:07:05,594] {dag.py:2371} INFO - Sync 1 DAGs
[2024-02-11 00:07:05,768] {logging_mixin.py:115} INFO - [2024-02-11 00:07:05,768] {dag.py:2919} INFO - Setting next_dagrun for example_complex to None, run_after=None
[2024-02-11 00:07:05,778] {processor.py:161} INFO - Processing /home/airflow/.local/lib/python3.7/site-packages/airflow/example_dags/example_complex.py took 0.233 seconds
[2024-02-11 00:07:36,723] {processor.py:153} INFO - Started process (PID=4610) to work on /home/airflow/.local/lib/python3.7/site-packages/airflow/example_dags/example_complex.py
[2024-02-11 00:07:36,725] {processor.py:641} INFO - Processing file /home/airflow/.local/lib/python3.7/site-packages/airflow/example_dags/example_complex.py for tasks to queue
[2024-02-11 00:07:36,727] {logging_mixin.py:115} INFO - [2024-02-11 00:07:36,726] {dagbag.py:507} INFO - Filling up the DagBag from /home/airflow/.local/lib/python3.7/site-packages/airflow/example_dags/example_complex.py
[2024-02-11 00:07:36,754] {processor.py:651} INFO - DAG(s) dict_keys(['example_complex']) retrieved from /home/airflow/.local/lib/python3.7/site-packages/airflow/example_dags/example_complex.py
[2024-02-11 00:07:36,779] {logging_mixin.py:115} INFO - [2024-02-11 00:07:36,779] {dag.py:2371} INFO - Sync 1 DAGs
[2024-02-11 00:07:36,929] {logging_mixin.py:115} INFO - [2024-02-11 00:07:36,929] {dag.py:2919} INFO - Setting next_dagrun for example_complex to None, run_after=None
[2024-02-11 00:07:36,935] {processor.py:161} INFO - Processing /home/airflow/.local/lib/python3.7/site-packages/airflow/example_dags/example_complex.py took 0.221 seconds
[2024-02-11 00:08:08,301] {processor.py:153} INFO - Started process (PID=4674) to work on /home/airflow/.local/lib/python3.7/site-packages/airflow/example_dags/example_complex.py
[2024-02-11 00:08:08,303] {processor.py:641} INFO - Processing file /home/airflow/.local/lib/python3.7/site-packages/airflow/example_dags/example_complex.py for tasks to queue
[2024-02-11 00:08:08,306] {logging_mixin.py:115} INFO - [2024-02-11 00:08:08,305] {dagbag.py:507} INFO - Filling up the DagBag from /home/airflow/.local/lib/python3.7/site-packages/airflow/example_dags/example_complex.py
[2024-02-11 00:08:08,341] {processor.py:651} INFO - DAG(s) dict_keys(['example_complex']) retrieved from /home/airflow/.local/lib/python3.7/site-packages/airflow/example_dags/example_complex.py
[2024-02-11 00:08:08,379] {logging_mixin.py:115} INFO - [2024-02-11 00:08:08,379] {dag.py:2371} INFO - Sync 1 DAGs
[2024-02-11 00:08:08,571] {logging_mixin.py:115} INFO - [2024-02-11 00:08:08,571] {dag.py:2919} INFO - Setting next_dagrun for example_complex to None, run_after=None
[2024-02-11 00:08:08,584] {processor.py:161} INFO - Processing /home/airflow/.local/lib/python3.7/site-packages/airflow/example_dags/example_complex.py took 0.294 seconds
[2024-02-11 00:41:53,927] {processor.py:153} INFO - Started process (PID=4744) to work on /home/airflow/.local/lib/python3.7/site-packages/airflow/example_dags/example_complex.py
[2024-02-11 00:41:53,928] {processor.py:641} INFO - Processing file /home/airflow/.local/lib/python3.7/site-packages/airflow/example_dags/example_complex.py for tasks to queue
[2024-02-11 00:41:53,929] {logging_mixin.py:115} INFO - [2024-02-11 00:41:53,929] {dagbag.py:507} INFO - Filling up the DagBag from /home/airflow/.local/lib/python3.7/site-packages/airflow/example_dags/example_complex.py
[2024-02-11 00:41:53,950] {processor.py:651} INFO - DAG(s) dict_keys(['example_complex']) retrieved from /home/airflow/.local/lib/python3.7/site-packages/airflow/example_dags/example_complex.py
[2024-02-11 00:41:53,982] {logging_mixin.py:115} INFO - [2024-02-11 00:41:53,981] {dag.py:2371} INFO - Sync 1 DAGs
[2024-02-11 00:41:54,228] {logging_mixin.py:115} INFO - [2024-02-11 00:41:54,228] {dag.py:2919} INFO - Setting next_dagrun for example_complex to None, run_after=None
[2024-02-11 00:41:54,245] {processor.py:161} INFO - Processing /home/airflow/.local/lib/python3.7/site-packages/airflow/example_dags/example_complex.py took 0.322 seconds
[2024-02-11 00:58:49,867] {processor.py:153} INFO - Started process (PID=4805) to work on /home/airflow/.local/lib/python3.7/site-packages/airflow/example_dags/example_complex.py
[2024-02-11 00:58:49,869] {processor.py:641} INFO - Processing file /home/airflow/.local/lib/python3.7/site-packages/airflow/example_dags/example_complex.py for tasks to queue
[2024-02-11 00:58:49,870] {logging_mixin.py:115} INFO - [2024-02-11 00:58:49,870] {dagbag.py:507} INFO - Filling up the DagBag from /home/airflow/.local/lib/python3.7/site-packages/airflow/example_dags/example_complex.py
[2024-02-11 00:58:49,895] {processor.py:651} INFO - DAG(s) dict_keys(['example_complex']) retrieved from /home/airflow/.local/lib/python3.7/site-packages/airflow/example_dags/example_complex.py
[2024-02-11 00:58:49,941] {logging_mixin.py:115} INFO - [2024-02-11 00:58:49,940] {dag.py:2371} INFO - Sync 1 DAGs
[2024-02-11 00:58:50,181] {logging_mixin.py:115} INFO - [2024-02-11 00:58:50,181] {dag.py:2919} INFO - Setting next_dagrun for example_complex to None, run_after=None
[2024-02-11 00:58:50,194] {processor.py:161} INFO - Processing /home/airflow/.local/lib/python3.7/site-packages/airflow/example_dags/example_complex.py took 0.335 seconds
[2024-02-11 02:19:48,985] {processor.py:153} INFO - Started process (PID=4865) to work on /home/airflow/.local/lib/python3.7/site-packages/airflow/example_dags/example_complex.py
[2024-02-11 02:19:48,985] {processor.py:641} INFO - Processing file /home/airflow/.local/lib/python3.7/site-packages/airflow/example_dags/example_complex.py for tasks to queue
[2024-02-11 02:19:48,986] {logging_mixin.py:115} INFO - [2024-02-11 02:19:48,986] {dagbag.py:507} INFO - Filling up the DagBag from /home/airflow/.local/lib/python3.7/site-packages/airflow/example_dags/example_complex.py
[2024-02-11 02:19:48,995] {processor.py:651} INFO - DAG(s) dict_keys(['example_complex']) retrieved from /home/airflow/.local/lib/python3.7/site-packages/airflow/example_dags/example_complex.py
[2024-02-11 02:19:49,974] {logging_mixin.py:115} INFO - [2024-02-11 02:19:49,974] {dag.py:2371} INFO - Sync 1 DAGs
[2024-02-11 02:19:49,988] {logging_mixin.py:115} INFO - [2024-02-11 02:19:49,988] {dag.py:2919} INFO - Setting next_dagrun for example_complex to None, run_after=None
[2024-02-11 02:19:49,996] {processor.py:161} INFO - Processing /home/airflow/.local/lib/python3.7/site-packages/airflow/example_dags/example_complex.py took 1.014 seconds
[2024-02-11 03:27:02,521] {processor.py:153} INFO - Started process (PID=4935) to work on /home/airflow/.local/lib/python3.7/site-packages/airflow/example_dags/example_complex.py
[2024-02-11 03:27:02,523] {processor.py:641} INFO - Processing file /home/airflow/.local/lib/python3.7/site-packages/airflow/example_dags/example_complex.py for tasks to queue
[2024-02-11 03:27:02,524] {logging_mixin.py:115} INFO - [2024-02-11 03:27:02,524] {dagbag.py:507} INFO - Filling up the DagBag from /home/airflow/.local/lib/python3.7/site-packages/airflow/example_dags/example_complex.py
[2024-02-11 03:27:02,534] {processor.py:651} INFO - DAG(s) dict_keys(['example_complex']) retrieved from /home/airflow/.local/lib/python3.7/site-packages/airflow/example_dags/example_complex.py
[2024-02-11 03:27:02,698] {logging_mixin.py:115} INFO - [2024-02-11 03:27:02,698] {dag.py:2371} INFO - Sync 1 DAGs
[2024-02-11 03:27:02,712] {logging_mixin.py:115} INFO - [2024-02-11 03:27:02,712] {dag.py:2919} INFO - Setting next_dagrun for example_complex to None, run_after=None
[2024-02-11 03:27:02,730] {processor.py:161} INFO - Processing /home/airflow/.local/lib/python3.7/site-packages/airflow/example_dags/example_complex.py took 0.211 seconds
[2024-02-11 03:32:29,185] {processor.py:153} INFO - Started process (PID=4996) to work on /home/airflow/.local/lib/python3.7/site-packages/airflow/example_dags/example_complex.py
[2024-02-11 03:32:29,186] {processor.py:641} INFO - Processing file /home/airflow/.local/lib/python3.7/site-packages/airflow/example_dags/example_complex.py for tasks to queue
[2024-02-11 03:32:29,187] {logging_mixin.py:115} INFO - [2024-02-11 03:32:29,187] {dagbag.py:507} INFO - Filling up the DagBag from /home/airflow/.local/lib/python3.7/site-packages/airflow/example_dags/example_complex.py
[2024-02-11 03:32:29,208] {processor.py:651} INFO - DAG(s) dict_keys(['example_complex']) retrieved from /home/airflow/.local/lib/python3.7/site-packages/airflow/example_dags/example_complex.py
[2024-02-11 03:32:29,270] {logging_mixin.py:115} INFO - [2024-02-11 03:32:29,270] {dag.py:2371} INFO - Sync 1 DAGs
[2024-02-11 03:32:29,311] {logging_mixin.py:115} INFO - [2024-02-11 03:32:29,311] {dag.py:2919} INFO - Setting next_dagrun for example_complex to None, run_after=None
[2024-02-11 03:32:29,341] {processor.py:161} INFO - Processing /home/airflow/.local/lib/python3.7/site-packages/airflow/example_dags/example_complex.py took 0.161 seconds
[2024-02-11 04:04:50,693] {processor.py:153} INFO - Started process (PID=5063) to work on /home/airflow/.local/lib/python3.7/site-packages/airflow/example_dags/example_complex.py
[2024-02-11 04:04:50,694] {processor.py:641} INFO - Processing file /home/airflow/.local/lib/python3.7/site-packages/airflow/example_dags/example_complex.py for tasks to queue
[2024-02-11 04:04:50,697] {logging_mixin.py:115} INFO - [2024-02-11 04:04:50,697] {dagbag.py:507} INFO - Filling up the DagBag from /home/airflow/.local/lib/python3.7/site-packages/airflow/example_dags/example_complex.py
[2024-02-11 04:04:50,711] {processor.py:651} INFO - DAG(s) dict_keys(['example_complex']) retrieved from /home/airflow/.local/lib/python3.7/site-packages/airflow/example_dags/example_complex.py
[2024-02-11 04:04:50,752] {logging_mixin.py:115} INFO - [2024-02-11 04:04:50,752] {dag.py:2371} INFO - Sync 1 DAGs
[2024-02-11 04:04:50,789] {logging_mixin.py:115} INFO - [2024-02-11 04:04:50,788] {dag.py:2919} INFO - Setting next_dagrun for example_complex to None, run_after=None
[2024-02-11 04:04:50,804] {processor.py:161} INFO - Processing /home/airflow/.local/lib/python3.7/site-packages/airflow/example_dags/example_complex.py took 0.115 seconds
[2024-02-11 04:23:10,643] {processor.py:153} INFO - Started process (PID=5132) to work on /home/airflow/.local/lib/python3.7/site-packages/airflow/example_dags/example_complex.py
[2024-02-11 04:23:10,646] {processor.py:641} INFO - Processing file /home/airflow/.local/lib/python3.7/site-packages/airflow/example_dags/example_complex.py for tasks to queue
[2024-02-11 04:23:10,649] {logging_mixin.py:115} INFO - [2024-02-11 04:23:10,648] {dagbag.py:507} INFO - Filling up the DagBag from /home/airflow/.local/lib/python3.7/site-packages/airflow/example_dags/example_complex.py
[2024-02-11 04:23:10,712] {processor.py:651} INFO - DAG(s) dict_keys(['example_complex']) retrieved from /home/airflow/.local/lib/python3.7/site-packages/airflow/example_dags/example_complex.py
[2024-02-11 04:23:10,796] {logging_mixin.py:115} INFO - [2024-02-11 04:23:10,796] {dag.py:2371} INFO - Sync 1 DAGs
[2024-02-11 04:23:10,842] {logging_mixin.py:115} INFO - [2024-02-11 04:23:10,842] {dag.py:2919} INFO - Setting next_dagrun for example_complex to None, run_after=None
[2024-02-11 04:23:10,865] {processor.py:161} INFO - Processing /home/airflow/.local/lib/python3.7/site-packages/airflow/example_dags/example_complex.py took 0.238 seconds
[2024-02-11 05:29:08,829] {processor.py:153} INFO - Started process (PID=5192) to work on /home/airflow/.local/lib/python3.7/site-packages/airflow/example_dags/example_complex.py
[2024-02-11 05:29:08,833] {processor.py:641} INFO - Processing file /home/airflow/.local/lib/python3.7/site-packages/airflow/example_dags/example_complex.py for tasks to queue
[2024-02-11 05:29:08,834] {logging_mixin.py:115} INFO - [2024-02-11 05:29:08,834] {dagbag.py:507} INFO - Filling up the DagBag from /home/airflow/.local/lib/python3.7/site-packages/airflow/example_dags/example_complex.py
[2024-02-11 05:29:08,842] {processor.py:651} INFO - DAG(s) dict_keys(['example_complex']) retrieved from /home/airflow/.local/lib/python3.7/site-packages/airflow/example_dags/example_complex.py
[2024-02-11 05:29:08,868] {logging_mixin.py:115} INFO - [2024-02-11 05:29:08,868] {dag.py:2371} INFO - Sync 1 DAGs
[2024-02-11 05:29:08,897] {logging_mixin.py:115} INFO - [2024-02-11 05:29:08,897] {dag.py:2919} INFO - Setting next_dagrun for example_complex to None, run_after=None
[2024-02-11 05:29:08,914] {processor.py:161} INFO - Processing /home/airflow/.local/lib/python3.7/site-packages/airflow/example_dags/example_complex.py took 0.088 seconds
[2024-02-11 05:33:26,848] {processor.py:153} INFO - Started process (PID=5247) to work on /home/airflow/.local/lib/python3.7/site-packages/airflow/example_dags/example_complex.py
[2024-02-11 05:33:26,854] {processor.py:641} INFO - Processing file /home/airflow/.local/lib/python3.7/site-packages/airflow/example_dags/example_complex.py for tasks to queue
[2024-02-11 05:33:26,858] {logging_mixin.py:115} INFO - [2024-02-11 05:33:26,857] {dagbag.py:507} INFO - Filling up the DagBag from /home/airflow/.local/lib/python3.7/site-packages/airflow/example_dags/example_complex.py
[2024-02-11 05:33:26,914] {processor.py:651} INFO - DAG(s) dict_keys(['example_complex']) retrieved from /home/airflow/.local/lib/python3.7/site-packages/airflow/example_dags/example_complex.py
[2024-02-11 05:33:27,006] {logging_mixin.py:115} INFO - [2024-02-11 05:33:27,006] {dag.py:2371} INFO - Sync 1 DAGs
[2024-02-11 05:33:27,084] {logging_mixin.py:115} INFO - [2024-02-11 05:33:27,084] {dag.py:2919} INFO - Setting next_dagrun for example_complex to None, run_after=None
[2024-02-11 05:33:27,108] {processor.py:161} INFO - Processing /home/airflow/.local/lib/python3.7/site-packages/airflow/example_dags/example_complex.py took 0.277 seconds
[2024-02-11 06:21:40,118] {processor.py:153} INFO - Started process (PID=5315) to work on /home/airflow/.local/lib/python3.7/site-packages/airflow/example_dags/example_complex.py
[2024-02-11 06:21:40,119] {processor.py:641} INFO - Processing file /home/airflow/.local/lib/python3.7/site-packages/airflow/example_dags/example_complex.py for tasks to queue
[2024-02-11 06:21:40,119] {logging_mixin.py:115} INFO - [2024-02-11 06:21:40,119] {dagbag.py:507} INFO - Filling up the DagBag from /home/airflow/.local/lib/python3.7/site-packages/airflow/example_dags/example_complex.py
[2024-02-11 06:21:40,126] {processor.py:651} INFO - DAG(s) dict_keys(['example_complex']) retrieved from /home/airflow/.local/lib/python3.7/site-packages/airflow/example_dags/example_complex.py
[2024-02-11 06:21:40,145] {logging_mixin.py:115} INFO - [2024-02-11 06:21:40,145] {dag.py:2371} INFO - Sync 1 DAGs
[2024-02-11 06:21:40,160] {logging_mixin.py:115} INFO - [2024-02-11 06:21:40,160] {dag.py:2919} INFO - Setting next_dagrun for example_complex to None, run_after=None
[2024-02-11 06:21:40,167] {processor.py:161} INFO - Processing /home/airflow/.local/lib/python3.7/site-packages/airflow/example_dags/example_complex.py took 0.051 seconds
[2024-02-11 06:34:31,554] {processor.py:153} INFO - Started process (PID=5385) to work on /home/airflow/.local/lib/python3.7/site-packages/airflow/example_dags/example_complex.py
[2024-02-11 06:34:31,558] {processor.py:641} INFO - Processing file /home/airflow/.local/lib/python3.7/site-packages/airflow/example_dags/example_complex.py for tasks to queue
[2024-02-11 06:34:31,561] {logging_mixin.py:115} INFO - [2024-02-11 06:34:31,561] {dagbag.py:507} INFO - Filling up the DagBag from /home/airflow/.local/lib/python3.7/site-packages/airflow/example_dags/example_complex.py
[2024-02-11 06:34:31,593] {processor.py:651} INFO - DAG(s) dict_keys(['example_complex']) retrieved from /home/airflow/.local/lib/python3.7/site-packages/airflow/example_dags/example_complex.py
[2024-02-11 06:34:31,665] {logging_mixin.py:115} INFO - [2024-02-11 06:34:31,665] {dag.py:2371} INFO - Sync 1 DAGs
[2024-02-11 06:34:31,699] {logging_mixin.py:115} INFO - [2024-02-11 06:34:31,699] {dag.py:2919} INFO - Setting next_dagrun for example_complex to None, run_after=None
[2024-02-11 06:34:32,000] {processor.py:161} INFO - Processing /home/airflow/.local/lib/python3.7/site-packages/airflow/example_dags/example_complex.py took 0.462 seconds
[2024-02-11 07:08:51,483] {processor.py:153} INFO - Started process (PID=5443) to work on /home/airflow/.local/lib/python3.7/site-packages/airflow/example_dags/example_complex.py
[2024-02-11 07:08:51,484] {processor.py:641} INFO - Processing file /home/airflow/.local/lib/python3.7/site-packages/airflow/example_dags/example_complex.py for tasks to queue
[2024-02-11 07:08:51,484] {logging_mixin.py:115} INFO - [2024-02-11 07:08:51,484] {dagbag.py:507} INFO - Filling up the DagBag from /home/airflow/.local/lib/python3.7/site-packages/airflow/example_dags/example_complex.py
[2024-02-11 07:08:51,492] {processor.py:651} INFO - DAG(s) dict_keys(['example_complex']) retrieved from /home/airflow/.local/lib/python3.7/site-packages/airflow/example_dags/example_complex.py
[2024-02-11 07:08:51,519] {logging_mixin.py:115} INFO - [2024-02-11 07:08:51,518] {dag.py:2371} INFO - Sync 1 DAGs
[2024-02-11 07:08:51,627] {logging_mixin.py:115} INFO - [2024-02-11 07:08:51,627] {dag.py:2919} INFO - Setting next_dagrun for example_complex to None, run_after=None
[2024-02-11 07:08:51,635] {processor.py:161} INFO - Processing /home/airflow/.local/lib/python3.7/site-packages/airflow/example_dags/example_complex.py took 0.153 seconds
[2024-02-11 07:35:26,169] {processor.py:153} INFO - Started process (PID=5512) to work on /home/airflow/.local/lib/python3.7/site-packages/airflow/example_dags/example_complex.py
[2024-02-11 07:35:26,173] {processor.py:641} INFO - Processing file /home/airflow/.local/lib/python3.7/site-packages/airflow/example_dags/example_complex.py for tasks to queue
[2024-02-11 07:35:26,179] {logging_mixin.py:115} INFO - [2024-02-11 07:35:26,178] {dagbag.py:507} INFO - Filling up the DagBag from /home/airflow/.local/lib/python3.7/site-packages/airflow/example_dags/example_complex.py
[2024-02-11 07:35:26,194] {processor.py:651} INFO - DAG(s) dict_keys(['example_complex']) retrieved from /home/airflow/.local/lib/python3.7/site-packages/airflow/example_dags/example_complex.py
[2024-02-11 07:35:26,252] {logging_mixin.py:115} INFO - [2024-02-11 07:35:26,252] {dag.py:2371} INFO - Sync 1 DAGs
[2024-02-11 07:35:26,430] {logging_mixin.py:115} INFO - [2024-02-11 07:35:26,430] {dag.py:2919} INFO - Setting next_dagrun for example_complex to None, run_after=None
[2024-02-11 07:35:26,442] {processor.py:161} INFO - Processing /home/airflow/.local/lib/python3.7/site-packages/airflow/example_dags/example_complex.py took 0.279 seconds
[2024-02-11 08:02:45,273] {processor.py:153} INFO - Started process (PID=5579) to work on /home/airflow/.local/lib/python3.7/site-packages/airflow/example_dags/example_complex.py
[2024-02-11 08:02:45,274] {processor.py:641} INFO - Processing file /home/airflow/.local/lib/python3.7/site-packages/airflow/example_dags/example_complex.py for tasks to queue
[2024-02-11 08:02:45,274] {logging_mixin.py:115} INFO - [2024-02-11 08:02:45,274] {dagbag.py:507} INFO - Filling up the DagBag from /home/airflow/.local/lib/python3.7/site-packages/airflow/example_dags/example_complex.py
[2024-02-11 08:02:45,284] {processor.py:651} INFO - DAG(s) dict_keys(['example_complex']) retrieved from /home/airflow/.local/lib/python3.7/site-packages/airflow/example_dags/example_complex.py
[2024-02-11 08:02:45,309] {logging_mixin.py:115} INFO - [2024-02-11 08:02:45,309] {dag.py:2371} INFO - Sync 1 DAGs
[2024-02-11 08:02:45,431] {logging_mixin.py:115} INFO - [2024-02-11 08:02:45,431] {dag.py:2919} INFO - Setting next_dagrun for example_complex to None, run_after=None
[2024-02-11 08:02:45,436] {processor.py:161} INFO - Processing /home/airflow/.local/lib/python3.7/site-packages/airflow/example_dags/example_complex.py took 0.168 seconds
[2024-02-11 08:03:16,431] {processor.py:153} INFO - Started process (PID=5635) to work on /home/airflow/.local/lib/python3.7/site-packages/airflow/example_dags/example_complex.py
[2024-02-11 08:03:16,434] {processor.py:641} INFO - Processing file /home/airflow/.local/lib/python3.7/site-packages/airflow/example_dags/example_complex.py for tasks to queue
[2024-02-11 08:03:16,436] {logging_mixin.py:115} INFO - [2024-02-11 08:03:16,436] {dagbag.py:507} INFO - Filling up the DagBag from /home/airflow/.local/lib/python3.7/site-packages/airflow/example_dags/example_complex.py
[2024-02-11 08:03:16,454] {processor.py:651} INFO - DAG(s) dict_keys(['example_complex']) retrieved from /home/airflow/.local/lib/python3.7/site-packages/airflow/example_dags/example_complex.py
[2024-02-11 08:03:16,474] {logging_mixin.py:115} INFO - [2024-02-11 08:03:16,474] {dag.py:2371} INFO - Sync 1 DAGs
[2024-02-11 08:03:16,569] {logging_mixin.py:115} INFO - [2024-02-11 08:03:16,569] {dag.py:2919} INFO - Setting next_dagrun for example_complex to None, run_after=None
[2024-02-11 08:03:16,575] {processor.py:161} INFO - Processing /home/airflow/.local/lib/python3.7/site-packages/airflow/example_dags/example_complex.py took 0.153 seconds
[2024-02-11 08:05:39,977] {processor.py:153} INFO - Started process (PID=5690) to work on /home/airflow/.local/lib/python3.7/site-packages/airflow/example_dags/example_complex.py
[2024-02-11 08:05:39,978] {processor.py:641} INFO - Processing file /home/airflow/.local/lib/python3.7/site-packages/airflow/example_dags/example_complex.py for tasks to queue
[2024-02-11 08:05:39,978] {logging_mixin.py:115} INFO - [2024-02-11 08:05:39,978] {dagbag.py:507} INFO - Filling up the DagBag from /home/airflow/.local/lib/python3.7/site-packages/airflow/example_dags/example_complex.py
[2024-02-11 08:05:39,989] {processor.py:651} INFO - DAG(s) dict_keys(['example_complex']) retrieved from /home/airflow/.local/lib/python3.7/site-packages/airflow/example_dags/example_complex.py
[2024-02-11 08:05:40,060] {logging_mixin.py:115} INFO - [2024-02-11 08:05:40,060] {dag.py:2371} INFO - Sync 1 DAGs
[2024-02-11 08:05:40,219] {logging_mixin.py:115} INFO - [2024-02-11 08:05:40,218] {dag.py:2919} INFO - Setting next_dagrun for example_complex to None, run_after=None
[2024-02-11 08:05:40,234] {processor.py:161} INFO - Processing /home/airflow/.local/lib/python3.7/site-packages/airflow/example_dags/example_complex.py took 0.259 seconds
[2024-02-11 08:06:11,716] {processor.py:153} INFO - Started process (PID=5754) to work on /home/airflow/.local/lib/python3.7/site-packages/airflow/example_dags/example_complex.py
[2024-02-11 08:06:11,717] {processor.py:641} INFO - Processing file /home/airflow/.local/lib/python3.7/site-packages/airflow/example_dags/example_complex.py for tasks to queue
[2024-02-11 08:06:11,718] {logging_mixin.py:115} INFO - [2024-02-11 08:06:11,718] {dagbag.py:507} INFO - Filling up the DagBag from /home/airflow/.local/lib/python3.7/site-packages/airflow/example_dags/example_complex.py
[2024-02-11 08:06:11,734] {processor.py:651} INFO - DAG(s) dict_keys(['example_complex']) retrieved from /home/airflow/.local/lib/python3.7/site-packages/airflow/example_dags/example_complex.py
[2024-02-11 08:06:11,757] {logging_mixin.py:115} INFO - [2024-02-11 08:06:11,757] {dag.py:2371} INFO - Sync 1 DAGs
[2024-02-11 08:06:11,864] {logging_mixin.py:115} INFO - [2024-02-11 08:06:11,864] {dag.py:2919} INFO - Setting next_dagrun for example_complex to None, run_after=None
[2024-02-11 08:06:11,876] {processor.py:161} INFO - Processing /home/airflow/.local/lib/python3.7/site-packages/airflow/example_dags/example_complex.py took 0.163 seconds
[2024-02-11 08:06:41,949] {processor.py:153} INFO - Started process (PID=5818) to work on /home/airflow/.local/lib/python3.7/site-packages/airflow/example_dags/example_complex.py
[2024-02-11 08:06:41,950] {processor.py:641} INFO - Processing file /home/airflow/.local/lib/python3.7/site-packages/airflow/example_dags/example_complex.py for tasks to queue
[2024-02-11 08:06:41,950] {logging_mixin.py:115} INFO - [2024-02-11 08:06:41,950] {dagbag.py:507} INFO - Filling up the DagBag from /home/airflow/.local/lib/python3.7/site-packages/airflow/example_dags/example_complex.py
[2024-02-11 08:06:41,959] {processor.py:651} INFO - DAG(s) dict_keys(['example_complex']) retrieved from /home/airflow/.local/lib/python3.7/site-packages/airflow/example_dags/example_complex.py
[2024-02-11 08:06:41,976] {logging_mixin.py:115} INFO - [2024-02-11 08:06:41,976] {dag.py:2371} INFO - Sync 1 DAGs
[2024-02-11 08:06:42,138] {logging_mixin.py:115} INFO - [2024-02-11 08:06:42,137] {dag.py:2919} INFO - Setting next_dagrun for example_complex to None, run_after=None
[2024-02-11 08:06:42,144] {processor.py:161} INFO - Processing /home/airflow/.local/lib/python3.7/site-packages/airflow/example_dags/example_complex.py took 0.197 seconds
[2024-02-11 08:07:12,364] {processor.py:153} INFO - Started process (PID=5882) to work on /home/airflow/.local/lib/python3.7/site-packages/airflow/example_dags/example_complex.py
[2024-02-11 08:07:12,365] {processor.py:641} INFO - Processing file /home/airflow/.local/lib/python3.7/site-packages/airflow/example_dags/example_complex.py for tasks to queue
[2024-02-11 08:07:12,366] {logging_mixin.py:115} INFO - [2024-02-11 08:07:12,366] {dagbag.py:507} INFO - Filling up the DagBag from /home/airflow/.local/lib/python3.7/site-packages/airflow/example_dags/example_complex.py
[2024-02-11 08:07:12,373] {processor.py:651} INFO - DAG(s) dict_keys(['example_complex']) retrieved from /home/airflow/.local/lib/python3.7/site-packages/airflow/example_dags/example_complex.py
[2024-02-11 08:07:12,393] {logging_mixin.py:115} INFO - [2024-02-11 08:07:12,393] {dag.py:2371} INFO - Sync 1 DAGs
[2024-02-11 08:07:12,511] {logging_mixin.py:115} INFO - [2024-02-11 08:07:12,511] {dag.py:2919} INFO - Setting next_dagrun for example_complex to None, run_after=None
[2024-02-11 08:07:12,520] {processor.py:161} INFO - Processing /home/airflow/.local/lib/python3.7/site-packages/airflow/example_dags/example_complex.py took 0.157 seconds
[2024-02-11 08:07:44,446] {processor.py:153} INFO - Started process (PID=5946) to work on /home/airflow/.local/lib/python3.7/site-packages/airflow/example_dags/example_complex.py
[2024-02-11 08:07:44,447] {processor.py:641} INFO - Processing file /home/airflow/.local/lib/python3.7/site-packages/airflow/example_dags/example_complex.py for tasks to queue
[2024-02-11 08:07:44,447] {logging_mixin.py:115} INFO - [2024-02-11 08:07:44,447] {dagbag.py:507} INFO - Filling up the DagBag from /home/airflow/.local/lib/python3.7/site-packages/airflow/example_dags/example_complex.py
[2024-02-11 08:07:44,453] {processor.py:651} INFO - DAG(s) dict_keys(['example_complex']) retrieved from /home/airflow/.local/lib/python3.7/site-packages/airflow/example_dags/example_complex.py
[2024-02-11 08:07:44,557] {logging_mixin.py:115} INFO - [2024-02-11 08:07:44,557] {dag.py:2371} INFO - Sync 1 DAGs
[2024-02-11 08:07:44,565] {logging_mixin.py:115} INFO - [2024-02-11 08:07:44,565] {dag.py:2919} INFO - Setting next_dagrun for example_complex to None, run_after=None
[2024-02-11 08:07:44,570] {processor.py:161} INFO - Processing /home/airflow/.local/lib/python3.7/site-packages/airflow/example_dags/example_complex.py took 0.126 seconds
[2024-02-11 08:08:15,474] {processor.py:153} INFO - Started process (PID=6010) to work on /home/airflow/.local/lib/python3.7/site-packages/airflow/example_dags/example_complex.py
[2024-02-11 08:08:15,475] {processor.py:641} INFO - Processing file /home/airflow/.local/lib/python3.7/site-packages/airflow/example_dags/example_complex.py for tasks to queue
[2024-02-11 08:08:15,475] {logging_mixin.py:115} INFO - [2024-02-11 08:08:15,475] {dagbag.py:507} INFO - Filling up the DagBag from /home/airflow/.local/lib/python3.7/site-packages/airflow/example_dags/example_complex.py
[2024-02-11 08:08:15,483] {processor.py:651} INFO - DAG(s) dict_keys(['example_complex']) retrieved from /home/airflow/.local/lib/python3.7/site-packages/airflow/example_dags/example_complex.py
[2024-02-11 08:08:15,604] {logging_mixin.py:115} INFO - [2024-02-11 08:08:15,604] {dag.py:2371} INFO - Sync 1 DAGs
[2024-02-11 08:08:15,616] {logging_mixin.py:115} INFO - [2024-02-11 08:08:15,616] {dag.py:2919} INFO - Setting next_dagrun for example_complex to None, run_after=None
[2024-02-11 08:08:15,623] {processor.py:161} INFO - Processing /home/airflow/.local/lib/python3.7/site-packages/airflow/example_dags/example_complex.py took 0.151 seconds
[2024-02-11 08:08:47,284] {processor.py:153} INFO - Started process (PID=6065) to work on /home/airflow/.local/lib/python3.7/site-packages/airflow/example_dags/example_complex.py
[2024-02-11 08:08:47,286] {processor.py:641} INFO - Processing file /home/airflow/.local/lib/python3.7/site-packages/airflow/example_dags/example_complex.py for tasks to queue
[2024-02-11 08:08:47,287] {logging_mixin.py:115} INFO - [2024-02-11 08:08:47,287] {dagbag.py:507} INFO - Filling up the DagBag from /home/airflow/.local/lib/python3.7/site-packages/airflow/example_dags/example_complex.py
[2024-02-11 08:08:47,324] {processor.py:651} INFO - DAG(s) dict_keys(['example_complex']) retrieved from /home/airflow/.local/lib/python3.7/site-packages/airflow/example_dags/example_complex.py
[2024-02-11 08:08:48,415] {logging_mixin.py:115} INFO - [2024-02-11 08:08:48,415] {dag.py:2371} INFO - Sync 1 DAGs
[2024-02-11 08:08:48,447] {logging_mixin.py:115} INFO - [2024-02-11 08:08:48,446] {dag.py:2919} INFO - Setting next_dagrun for example_complex to None, run_after=None
[2024-02-11 08:08:48,468] {processor.py:161} INFO - Processing /home/airflow/.local/lib/python3.7/site-packages/airflow/example_dags/example_complex.py took 1.202 seconds
[2024-02-11 12:16:15,220] {processor.py:153} INFO - Started process (PID=73) to work on /home/airflow/.local/lib/python3.7/site-packages/airflow/example_dags/example_complex.py
[2024-02-11 12:16:15,226] {processor.py:641} INFO - Processing file /home/airflow/.local/lib/python3.7/site-packages/airflow/example_dags/example_complex.py for tasks to queue
[2024-02-11 12:16:15,232] {logging_mixin.py:115} INFO - [2024-02-11 12:16:15,232] {dagbag.py:507} INFO - Filling up the DagBag from /home/airflow/.local/lib/python3.7/site-packages/airflow/example_dags/example_complex.py
[2024-02-11 12:16:15,343] {processor.py:651} INFO - DAG(s) dict_keys(['example_complex']) retrieved from /home/airflow/.local/lib/python3.7/site-packages/airflow/example_dags/example_complex.py
[2024-02-11 12:16:15,431] {logging_mixin.py:115} INFO - [2024-02-11 12:16:15,430] {dag.py:2371} INFO - Sync 1 DAGs
[2024-02-11 12:16:15,470] {logging_mixin.py:115} INFO - [2024-02-11 12:16:15,470] {dag.py:2919} INFO - Setting next_dagrun for example_complex to None, run_after=None
[2024-02-11 12:16:15,494] {processor.py:161} INFO - Processing /home/airflow/.local/lib/python3.7/site-packages/airflow/example_dags/example_complex.py took 0.287 seconds
[2024-02-11 12:16:48,103] {processor.py:153} INFO - Started process (PID=128) to work on /home/airflow/.local/lib/python3.7/site-packages/airflow/example_dags/example_complex.py
[2024-02-11 12:16:48,104] {processor.py:641} INFO - Processing file /home/airflow/.local/lib/python3.7/site-packages/airflow/example_dags/example_complex.py for tasks to queue
[2024-02-11 12:16:48,105] {logging_mixin.py:115} INFO - [2024-02-11 12:16:48,105] {dagbag.py:507} INFO - Filling up the DagBag from /home/airflow/.local/lib/python3.7/site-packages/airflow/example_dags/example_complex.py
[2024-02-11 12:16:48,119] {processor.py:651} INFO - DAG(s) dict_keys(['example_complex']) retrieved from /home/airflow/.local/lib/python3.7/site-packages/airflow/example_dags/example_complex.py
[2024-02-11 12:16:48,143] {logging_mixin.py:115} INFO - [2024-02-11 12:16:48,143] {dag.py:2371} INFO - Sync 1 DAGs
[2024-02-11 12:16:48,181] {logging_mixin.py:115} INFO - [2024-02-11 12:16:48,181] {dag.py:2919} INFO - Setting next_dagrun for example_complex to None, run_after=None
[2024-02-11 12:16:48,195] {processor.py:161} INFO - Processing /home/airflow/.local/lib/python3.7/site-packages/airflow/example_dags/example_complex.py took 0.094 seconds
[2024-02-11 12:17:19,300] {processor.py:153} INFO - Started process (PID=183) to work on /home/airflow/.local/lib/python3.7/site-packages/airflow/example_dags/example_complex.py
[2024-02-11 12:17:19,301] {processor.py:641} INFO - Processing file /home/airflow/.local/lib/python3.7/site-packages/airflow/example_dags/example_complex.py for tasks to queue
[2024-02-11 12:17:19,302] {logging_mixin.py:115} INFO - [2024-02-11 12:17:19,302] {dagbag.py:507} INFO - Filling up the DagBag from /home/airflow/.local/lib/python3.7/site-packages/airflow/example_dags/example_complex.py
[2024-02-11 12:17:19,311] {processor.py:651} INFO - DAG(s) dict_keys(['example_complex']) retrieved from /home/airflow/.local/lib/python3.7/site-packages/airflow/example_dags/example_complex.py
[2024-02-11 12:17:19,325] {logging_mixin.py:115} INFO - [2024-02-11 12:17:19,325] {dag.py:2371} INFO - Sync 1 DAGs
[2024-02-11 12:17:19,338] {logging_mixin.py:115} INFO - [2024-02-11 12:17:19,338] {dag.py:2919} INFO - Setting next_dagrun for example_complex to None, run_after=None
[2024-02-11 12:17:19,351] {processor.py:161} INFO - Processing /home/airflow/.local/lib/python3.7/site-packages/airflow/example_dags/example_complex.py took 0.052 seconds
[2024-02-11 12:17:50,508] {processor.py:153} INFO - Started process (PID=246) to work on /home/airflow/.local/lib/python3.7/site-packages/airflow/example_dags/example_complex.py
[2024-02-11 12:17:50,509] {processor.py:641} INFO - Processing file /home/airflow/.local/lib/python3.7/site-packages/airflow/example_dags/example_complex.py for tasks to queue
[2024-02-11 12:17:50,509] {logging_mixin.py:115} INFO - [2024-02-11 12:17:50,509] {dagbag.py:507} INFO - Filling up the DagBag from /home/airflow/.local/lib/python3.7/site-packages/airflow/example_dags/example_complex.py
[2024-02-11 12:17:50,518] {processor.py:651} INFO - DAG(s) dict_keys(['example_complex']) retrieved from /home/airflow/.local/lib/python3.7/site-packages/airflow/example_dags/example_complex.py
[2024-02-11 12:17:50,536] {logging_mixin.py:115} INFO - [2024-02-11 12:17:50,535] {dag.py:2371} INFO - Sync 1 DAGs
[2024-02-11 12:17:50,549] {logging_mixin.py:115} INFO - [2024-02-11 12:17:50,549] {dag.py:2919} INFO - Setting next_dagrun for example_complex to None, run_after=None
[2024-02-11 12:17:50,557] {processor.py:161} INFO - Processing /home/airflow/.local/lib/python3.7/site-packages/airflow/example_dags/example_complex.py took 0.050 seconds
[2024-02-11 12:18:21,892] {processor.py:153} INFO - Started process (PID=310) to work on /home/airflow/.local/lib/python3.7/site-packages/airflow/example_dags/example_complex.py
[2024-02-11 12:18:21,893] {processor.py:641} INFO - Processing file /home/airflow/.local/lib/python3.7/site-packages/airflow/example_dags/example_complex.py for tasks to queue
[2024-02-11 12:18:21,893] {logging_mixin.py:115} INFO - [2024-02-11 12:18:21,893] {dagbag.py:507} INFO - Filling up the DagBag from /home/airflow/.local/lib/python3.7/site-packages/airflow/example_dags/example_complex.py
[2024-02-11 12:18:21,902] {processor.py:651} INFO - DAG(s) dict_keys(['example_complex']) retrieved from /home/airflow/.local/lib/python3.7/site-packages/airflow/example_dags/example_complex.py
[2024-02-11 12:18:21,917] {logging_mixin.py:115} INFO - [2024-02-11 12:18:21,917] {dag.py:2371} INFO - Sync 1 DAGs
[2024-02-11 12:18:21,930] {logging_mixin.py:115} INFO - [2024-02-11 12:18:21,930] {dag.py:2919} INFO - Setting next_dagrun for example_complex to None, run_after=None
[2024-02-11 12:18:21,938] {processor.py:161} INFO - Processing /home/airflow/.local/lib/python3.7/site-packages/airflow/example_dags/example_complex.py took 0.048 seconds
[2024-02-11 12:18:52,710] {processor.py:153} INFO - Started process (PID=374) to work on /home/airflow/.local/lib/python3.7/site-packages/airflow/example_dags/example_complex.py
[2024-02-11 12:18:52,713] {processor.py:641} INFO - Processing file /home/airflow/.local/lib/python3.7/site-packages/airflow/example_dags/example_complex.py for tasks to queue
[2024-02-11 12:18:52,715] {logging_mixin.py:115} INFO - [2024-02-11 12:18:52,715] {dagbag.py:507} INFO - Filling up the DagBag from /home/airflow/.local/lib/python3.7/site-packages/airflow/example_dags/example_complex.py
[2024-02-11 12:18:52,747] {processor.py:651} INFO - DAG(s) dict_keys(['example_complex']) retrieved from /home/airflow/.local/lib/python3.7/site-packages/airflow/example_dags/example_complex.py
[2024-02-11 12:18:52,776] {logging_mixin.py:115} INFO - [2024-02-11 12:18:52,776] {dag.py:2371} INFO - Sync 1 DAGs
[2024-02-11 12:18:52,799] {logging_mixin.py:115} INFO - [2024-02-11 12:18:52,799] {dag.py:2919} INFO - Setting next_dagrun for example_complex to None, run_after=None
[2024-02-11 12:18:52,812] {processor.py:161} INFO - Processing /home/airflow/.local/lib/python3.7/site-packages/airflow/example_dags/example_complex.py took 0.108 seconds
[2024-02-11 12:19:23,393] {processor.py:153} INFO - Started process (PID=436) to work on /home/airflow/.local/lib/python3.7/site-packages/airflow/example_dags/example_complex.py
[2024-02-11 12:19:23,396] {processor.py:641} INFO - Processing file /home/airflow/.local/lib/python3.7/site-packages/airflow/example_dags/example_complex.py for tasks to queue
[2024-02-11 12:19:23,398] {logging_mixin.py:115} INFO - [2024-02-11 12:19:23,398] {dagbag.py:507} INFO - Filling up the DagBag from /home/airflow/.local/lib/python3.7/site-packages/airflow/example_dags/example_complex.py
[2024-02-11 12:19:23,422] {processor.py:651} INFO - DAG(s) dict_keys(['example_complex']) retrieved from /home/airflow/.local/lib/python3.7/site-packages/airflow/example_dags/example_complex.py
[2024-02-11 12:19:23,466] {logging_mixin.py:115} INFO - [2024-02-11 12:19:23,466] {dag.py:2371} INFO - Sync 1 DAGs
[2024-02-11 12:19:23,487] {logging_mixin.py:115} INFO - [2024-02-11 12:19:23,487] {dag.py:2919} INFO - Setting next_dagrun for example_complex to None, run_after=None
[2024-02-11 12:19:23,498] {processor.py:161} INFO - Processing /home/airflow/.local/lib/python3.7/site-packages/airflow/example_dags/example_complex.py took 0.108 seconds
[2024-02-11 12:19:54,269] {processor.py:153} INFO - Started process (PID=491) to work on /home/airflow/.local/lib/python3.7/site-packages/airflow/example_dags/example_complex.py
[2024-02-11 12:19:54,271] {processor.py:641} INFO - Processing file /home/airflow/.local/lib/python3.7/site-packages/airflow/example_dags/example_complex.py for tasks to queue
[2024-02-11 12:19:54,271] {logging_mixin.py:115} INFO - [2024-02-11 12:19:54,271] {dagbag.py:507} INFO - Filling up the DagBag from /home/airflow/.local/lib/python3.7/site-packages/airflow/example_dags/example_complex.py
[2024-02-11 12:19:54,282] {processor.py:651} INFO - DAG(s) dict_keys(['example_complex']) retrieved from /home/airflow/.local/lib/python3.7/site-packages/airflow/example_dags/example_complex.py
[2024-02-11 12:19:54,300] {logging_mixin.py:115} INFO - [2024-02-11 12:19:54,299] {dag.py:2371} INFO - Sync 1 DAGs
[2024-02-11 12:19:54,312] {logging_mixin.py:115} INFO - [2024-02-11 12:19:54,312] {dag.py:2919} INFO - Setting next_dagrun for example_complex to None, run_after=None
[2024-02-11 12:19:54,318] {processor.py:161} INFO - Processing /home/airflow/.local/lib/python3.7/site-packages/airflow/example_dags/example_complex.py took 0.057 seconds
[2024-02-11 12:20:25,103] {processor.py:153} INFO - Started process (PID=555) to work on /home/airflow/.local/lib/python3.7/site-packages/airflow/example_dags/example_complex.py
[2024-02-11 12:20:25,103] {processor.py:641} INFO - Processing file /home/airflow/.local/lib/python3.7/site-packages/airflow/example_dags/example_complex.py for tasks to queue
[2024-02-11 12:20:25,103] {logging_mixin.py:115} INFO - [2024-02-11 12:20:25,103] {dagbag.py:507} INFO - Filling up the DagBag from /home/airflow/.local/lib/python3.7/site-packages/airflow/example_dags/example_complex.py
[2024-02-11 12:20:25,113] {processor.py:651} INFO - DAG(s) dict_keys(['example_complex']) retrieved from /home/airflow/.local/lib/python3.7/site-packages/airflow/example_dags/example_complex.py
[2024-02-11 12:20:25,130] {logging_mixin.py:115} INFO - [2024-02-11 12:20:25,130] {dag.py:2371} INFO - Sync 1 DAGs
[2024-02-11 12:20:25,147] {logging_mixin.py:115} INFO - [2024-02-11 12:20:25,146] {dag.py:2919} INFO - Setting next_dagrun for example_complex to None, run_after=None
[2024-02-11 12:20:25,158] {processor.py:161} INFO - Processing /home/airflow/.local/lib/python3.7/site-packages/airflow/example_dags/example_complex.py took 0.057 seconds
[2024-02-11 12:20:55,822] {processor.py:153} INFO - Started process (PID=619) to work on /home/airflow/.local/lib/python3.7/site-packages/airflow/example_dags/example_complex.py
[2024-02-11 12:20:55,823] {processor.py:641} INFO - Processing file /home/airflow/.local/lib/python3.7/site-packages/airflow/example_dags/example_complex.py for tasks to queue
[2024-02-11 12:20:55,824] {logging_mixin.py:115} INFO - [2024-02-11 12:20:55,824] {dagbag.py:507} INFO - Filling up the DagBag from /home/airflow/.local/lib/python3.7/site-packages/airflow/example_dags/example_complex.py
[2024-02-11 12:20:55,843] {processor.py:651} INFO - DAG(s) dict_keys(['example_complex']) retrieved from /home/airflow/.local/lib/python3.7/site-packages/airflow/example_dags/example_complex.py
[2024-02-11 12:20:55,873] {logging_mixin.py:115} INFO - [2024-02-11 12:20:55,872] {dag.py:2371} INFO - Sync 1 DAGs
[2024-02-11 12:20:55,887] {logging_mixin.py:115} INFO - [2024-02-11 12:20:55,887] {dag.py:2919} INFO - Setting next_dagrun for example_complex to None, run_after=None
[2024-02-11 12:20:55,893] {processor.py:161} INFO - Processing /home/airflow/.local/lib/python3.7/site-packages/airflow/example_dags/example_complex.py took 0.074 seconds
[2024-02-11 12:21:26,722] {processor.py:153} INFO - Started process (PID=673) to work on /home/airflow/.local/lib/python3.7/site-packages/airflow/example_dags/example_complex.py
[2024-02-11 12:21:26,723] {processor.py:641} INFO - Processing file /home/airflow/.local/lib/python3.7/site-packages/airflow/example_dags/example_complex.py for tasks to queue
[2024-02-11 12:21:26,724] {logging_mixin.py:115} INFO - [2024-02-11 12:21:26,724] {dagbag.py:507} INFO - Filling up the DagBag from /home/airflow/.local/lib/python3.7/site-packages/airflow/example_dags/example_complex.py
[2024-02-11 12:21:26,733] {processor.py:651} INFO - DAG(s) dict_keys(['example_complex']) retrieved from /home/airflow/.local/lib/python3.7/site-packages/airflow/example_dags/example_complex.py
[2024-02-11 12:21:26,746] {logging_mixin.py:115} INFO - [2024-02-11 12:21:26,746] {dag.py:2371} INFO - Sync 1 DAGs
[2024-02-11 12:21:26,755] {logging_mixin.py:115} INFO - [2024-02-11 12:21:26,755] {dag.py:2919} INFO - Setting next_dagrun for example_complex to None, run_after=None
[2024-02-11 12:21:26,761] {processor.py:161} INFO - Processing /home/airflow/.local/lib/python3.7/site-packages/airflow/example_dags/example_complex.py took 0.041 seconds
[2024-02-11 12:21:57,954] {processor.py:153} INFO - Started process (PID=740) to work on /home/airflow/.local/lib/python3.7/site-packages/airflow/example_dags/example_complex.py
[2024-02-11 12:21:57,955] {processor.py:641} INFO - Processing file /home/airflow/.local/lib/python3.7/site-packages/airflow/example_dags/example_complex.py for tasks to queue
[2024-02-11 12:21:57,955] {logging_mixin.py:115} INFO - [2024-02-11 12:21:57,955] {dagbag.py:507} INFO - Filling up the DagBag from /home/airflow/.local/lib/python3.7/site-packages/airflow/example_dags/example_complex.py
[2024-02-11 12:21:57,961] {processor.py:651} INFO - DAG(s) dict_keys(['example_complex']) retrieved from /home/airflow/.local/lib/python3.7/site-packages/airflow/example_dags/example_complex.py
[2024-02-11 12:21:57,977] {logging_mixin.py:115} INFO - [2024-02-11 12:21:57,976] {dag.py:2371} INFO - Sync 1 DAGs
[2024-02-11 12:21:57,986] {logging_mixin.py:115} INFO - [2024-02-11 12:21:57,986] {dag.py:2919} INFO - Setting next_dagrun for example_complex to None, run_after=None
[2024-02-11 12:21:57,991] {processor.py:161} INFO - Processing /home/airflow/.local/lib/python3.7/site-packages/airflow/example_dags/example_complex.py took 0.039 seconds
[2024-02-11 12:23:20,121] {processor.py:153} INFO - Started process (PID=61) to work on /home/airflow/.local/lib/python3.7/site-packages/airflow/example_dags/example_complex.py
[2024-02-11 12:23:20,123] {processor.py:641} INFO - Processing file /home/airflow/.local/lib/python3.7/site-packages/airflow/example_dags/example_complex.py for tasks to queue
[2024-02-11 12:23:20,124] {logging_mixin.py:115} INFO - [2024-02-11 12:23:20,124] {dagbag.py:507} INFO - Filling up the DagBag from /home/airflow/.local/lib/python3.7/site-packages/airflow/example_dags/example_complex.py
[2024-02-11 12:23:20,144] {processor.py:651} INFO - DAG(s) dict_keys(['example_complex']) retrieved from /home/airflow/.local/lib/python3.7/site-packages/airflow/example_dags/example_complex.py
[2024-02-11 12:23:20,197] {logging_mixin.py:115} INFO - [2024-02-11 12:23:20,196] {dag.py:2371} INFO - Sync 1 DAGs
[2024-02-11 12:23:20,220] {logging_mixin.py:115} INFO - [2024-02-11 12:23:20,220] {dag.py:2919} INFO - Setting next_dagrun for example_complex to None, run_after=None
[2024-02-11 12:23:20,242] {processor.py:161} INFO - Processing /home/airflow/.local/lib/python3.7/site-packages/airflow/example_dags/example_complex.py took 0.124 seconds
[2024-02-11 12:24:16,217] {processor.py:153} INFO - Started process (PID=70) to work on /home/airflow/.local/lib/python3.7/site-packages/airflow/example_dags/example_complex.py
[2024-02-11 12:24:16,219] {processor.py:641} INFO - Processing file /home/airflow/.local/lib/python3.7/site-packages/airflow/example_dags/example_complex.py for tasks to queue
[2024-02-11 12:24:16,221] {logging_mixin.py:115} INFO - [2024-02-11 12:24:16,221] {dagbag.py:507} INFO - Filling up the DagBag from /home/airflow/.local/lib/python3.7/site-packages/airflow/example_dags/example_complex.py
[2024-02-11 12:24:16,252] {processor.py:651} INFO - DAG(s) dict_keys(['example_complex']) retrieved from /home/airflow/.local/lib/python3.7/site-packages/airflow/example_dags/example_complex.py
[2024-02-11 12:24:16,362] {logging_mixin.py:115} INFO - [2024-02-11 12:24:16,361] {dag.py:2371} INFO - Sync 1 DAGs
[2024-02-11 12:24:16,465] {logging_mixin.py:115} INFO - [2024-02-11 12:24:16,465] {dag.py:2919} INFO - Setting next_dagrun for example_complex to None, run_after=None
[2024-02-11 12:24:16,511] {processor.py:161} INFO - Processing /home/airflow/.local/lib/python3.7/site-packages/airflow/example_dags/example_complex.py took 0.298 seconds
[2024-02-11 12:24:47,681] {processor.py:153} INFO - Started process (PID=124) to work on /home/airflow/.local/lib/python3.7/site-packages/airflow/example_dags/example_complex.py
[2024-02-11 12:24:47,682] {processor.py:641} INFO - Processing file /home/airflow/.local/lib/python3.7/site-packages/airflow/example_dags/example_complex.py for tasks to queue
[2024-02-11 12:24:47,685] {logging_mixin.py:115} INFO - [2024-02-11 12:24:47,684] {dagbag.py:507} INFO - Filling up the DagBag from /home/airflow/.local/lib/python3.7/site-packages/airflow/example_dags/example_complex.py
[2024-02-11 12:24:47,700] {processor.py:651} INFO - DAG(s) dict_keys(['example_complex']) retrieved from /home/airflow/.local/lib/python3.7/site-packages/airflow/example_dags/example_complex.py
[2024-02-11 12:24:47,756] {logging_mixin.py:115} INFO - [2024-02-11 12:24:47,755] {dag.py:2371} INFO - Sync 1 DAGs
[2024-02-11 12:24:47,788] {logging_mixin.py:115} INFO - [2024-02-11 12:24:47,788] {dag.py:2919} INFO - Setting next_dagrun for example_complex to None, run_after=None
[2024-02-11 12:24:47,806] {processor.py:161} INFO - Processing /home/airflow/.local/lib/python3.7/site-packages/airflow/example_dags/example_complex.py took 0.129 seconds
[2024-02-11 12:25:18,220] {processor.py:153} INFO - Started process (PID=199) to work on /home/airflow/.local/lib/python3.7/site-packages/airflow/example_dags/example_complex.py
[2024-02-11 12:25:18,221] {processor.py:641} INFO - Processing file /home/airflow/.local/lib/python3.7/site-packages/airflow/example_dags/example_complex.py for tasks to queue
[2024-02-11 12:25:18,222] {logging_mixin.py:115} INFO - [2024-02-11 12:25:18,222] {dagbag.py:507} INFO - Filling up the DagBag from /home/airflow/.local/lib/python3.7/site-packages/airflow/example_dags/example_complex.py
[2024-02-11 12:25:18,245] {processor.py:651} INFO - DAG(s) dict_keys(['example_complex']) retrieved from /home/airflow/.local/lib/python3.7/site-packages/airflow/example_dags/example_complex.py
[2024-02-11 12:25:18,313] {logging_mixin.py:115} INFO - [2024-02-11 12:25:18,313] {dag.py:2371} INFO - Sync 1 DAGs
[2024-02-11 12:25:18,377] {logging_mixin.py:115} INFO - [2024-02-11 12:25:18,377] {dag.py:2919} INFO - Setting next_dagrun for example_complex to None, run_after=None
[2024-02-11 12:25:18,392] {processor.py:161} INFO - Processing /home/airflow/.local/lib/python3.7/site-packages/airflow/example_dags/example_complex.py took 0.174 seconds
[2024-02-11 12:25:49,110] {processor.py:153} INFO - Started process (PID=255) to work on /home/airflow/.local/lib/python3.7/site-packages/airflow/example_dags/example_complex.py
[2024-02-11 12:25:49,111] {processor.py:641} INFO - Processing file /home/airflow/.local/lib/python3.7/site-packages/airflow/example_dags/example_complex.py for tasks to queue
[2024-02-11 12:25:49,112] {logging_mixin.py:115} INFO - [2024-02-11 12:25:49,112] {dagbag.py:507} INFO - Filling up the DagBag from /home/airflow/.local/lib/python3.7/site-packages/airflow/example_dags/example_complex.py
[2024-02-11 12:25:49,131] {processor.py:651} INFO - DAG(s) dict_keys(['example_complex']) retrieved from /home/airflow/.local/lib/python3.7/site-packages/airflow/example_dags/example_complex.py
[2024-02-11 12:25:49,156] {logging_mixin.py:115} INFO - [2024-02-11 12:25:49,156] {dag.py:2371} INFO - Sync 1 DAGs
[2024-02-11 12:25:49,169] {logging_mixin.py:115} INFO - [2024-02-11 12:25:49,169] {dag.py:2919} INFO - Setting next_dagrun for example_complex to None, run_after=None
[2024-02-11 12:25:49,176] {processor.py:161} INFO - Processing /home/airflow/.local/lib/python3.7/site-packages/airflow/example_dags/example_complex.py took 0.069 seconds
[2024-02-11 12:26:19,879] {processor.py:153} INFO - Started process (PID=323) to work on /home/airflow/.local/lib/python3.7/site-packages/airflow/example_dags/example_complex.py
[2024-02-11 12:26:19,879] {processor.py:641} INFO - Processing file /home/airflow/.local/lib/python3.7/site-packages/airflow/example_dags/example_complex.py for tasks to queue
[2024-02-11 12:26:19,880] {logging_mixin.py:115} INFO - [2024-02-11 12:26:19,880] {dagbag.py:507} INFO - Filling up the DagBag from /home/airflow/.local/lib/python3.7/site-packages/airflow/example_dags/example_complex.py
[2024-02-11 12:26:19,889] {processor.py:651} INFO - DAG(s) dict_keys(['example_complex']) retrieved from /home/airflow/.local/lib/python3.7/site-packages/airflow/example_dags/example_complex.py
[2024-02-11 12:26:19,912] {logging_mixin.py:115} INFO - [2024-02-11 12:26:19,912] {dag.py:2371} INFO - Sync 1 DAGs
[2024-02-11 12:26:19,928] {logging_mixin.py:115} INFO - [2024-02-11 12:26:19,928] {dag.py:2919} INFO - Setting next_dagrun for example_complex to None, run_after=None
[2024-02-11 12:26:19,938] {processor.py:161} INFO - Processing /home/airflow/.local/lib/python3.7/site-packages/airflow/example_dags/example_complex.py took 0.062 seconds
[2024-02-11 12:26:50,375] {processor.py:153} INFO - Started process (PID=385) to work on /home/airflow/.local/lib/python3.7/site-packages/airflow/example_dags/example_complex.py
[2024-02-11 12:26:50,378] {processor.py:641} INFO - Processing file /home/airflow/.local/lib/python3.7/site-packages/airflow/example_dags/example_complex.py for tasks to queue
[2024-02-11 12:26:50,381] {logging_mixin.py:115} INFO - [2024-02-11 12:26:50,380] {dagbag.py:507} INFO - Filling up the DagBag from /home/airflow/.local/lib/python3.7/site-packages/airflow/example_dags/example_complex.py
[2024-02-11 12:26:50,405] {processor.py:651} INFO - DAG(s) dict_keys(['example_complex']) retrieved from /home/airflow/.local/lib/python3.7/site-packages/airflow/example_dags/example_complex.py
[2024-02-11 12:26:50,437] {logging_mixin.py:115} INFO - [2024-02-11 12:26:50,437] {dag.py:2371} INFO - Sync 1 DAGs
[2024-02-11 12:26:50,454] {logging_mixin.py:115} INFO - [2024-02-11 12:26:50,454] {dag.py:2919} INFO - Setting next_dagrun for example_complex to None, run_after=None
[2024-02-11 12:26:50,462] {processor.py:161} INFO - Processing /home/airflow/.local/lib/python3.7/site-packages/airflow/example_dags/example_complex.py took 0.092 seconds
[2024-02-11 12:27:20,648] {processor.py:153} INFO - Started process (PID=444) to work on /home/airflow/.local/lib/python3.7/site-packages/airflow/example_dags/example_complex.py
[2024-02-11 12:27:20,649] {processor.py:641} INFO - Processing file /home/airflow/.local/lib/python3.7/site-packages/airflow/example_dags/example_complex.py for tasks to queue
[2024-02-11 12:27:20,650] {logging_mixin.py:115} INFO - [2024-02-11 12:27:20,650] {dagbag.py:507} INFO - Filling up the DagBag from /home/airflow/.local/lib/python3.7/site-packages/airflow/example_dags/example_complex.py
[2024-02-11 12:27:20,663] {processor.py:651} INFO - DAG(s) dict_keys(['example_complex']) retrieved from /home/airflow/.local/lib/python3.7/site-packages/airflow/example_dags/example_complex.py
[2024-02-11 12:27:20,730] {logging_mixin.py:115} INFO - [2024-02-11 12:27:20,730] {dag.py:2371} INFO - Sync 1 DAGs
[2024-02-11 12:27:20,756] {logging_mixin.py:115} INFO - [2024-02-11 12:27:20,756] {dag.py:2919} INFO - Setting next_dagrun for example_complex to None, run_after=None
[2024-02-11 12:27:20,774] {processor.py:161} INFO - Processing /home/airflow/.local/lib/python3.7/site-packages/airflow/example_dags/example_complex.py took 0.128 seconds
[2024-02-11 12:27:50,888] {processor.py:153} INFO - Started process (PID=506) to work on /home/airflow/.local/lib/python3.7/site-packages/airflow/example_dags/example_complex.py
[2024-02-11 12:27:50,889] {processor.py:641} INFO - Processing file /home/airflow/.local/lib/python3.7/site-packages/airflow/example_dags/example_complex.py for tasks to queue
[2024-02-11 12:27:50,889] {logging_mixin.py:115} INFO - [2024-02-11 12:27:50,889] {dagbag.py:507} INFO - Filling up the DagBag from /home/airflow/.local/lib/python3.7/site-packages/airflow/example_dags/example_complex.py
[2024-02-11 12:27:50,899] {processor.py:651} INFO - DAG(s) dict_keys(['example_complex']) retrieved from /home/airflow/.local/lib/python3.7/site-packages/airflow/example_dags/example_complex.py
[2024-02-11 12:27:50,917] {logging_mixin.py:115} INFO - [2024-02-11 12:27:50,917] {dag.py:2371} INFO - Sync 1 DAGs
[2024-02-11 12:27:50,935] {logging_mixin.py:115} INFO - [2024-02-11 12:27:50,935] {dag.py:2919} INFO - Setting next_dagrun for example_complex to None, run_after=None
[2024-02-11 12:27:50,946] {processor.py:161} INFO - Processing /home/airflow/.local/lib/python3.7/site-packages/airflow/example_dags/example_complex.py took 0.060 seconds
[2024-02-11 12:28:22,352] {processor.py:153} INFO - Started process (PID=575) to work on /home/airflow/.local/lib/python3.7/site-packages/airflow/example_dags/example_complex.py
[2024-02-11 12:28:22,353] {processor.py:641} INFO - Processing file /home/airflow/.local/lib/python3.7/site-packages/airflow/example_dags/example_complex.py for tasks to queue
[2024-02-11 12:28:22,353] {logging_mixin.py:115} INFO - [2024-02-11 12:28:22,353] {dagbag.py:507} INFO - Filling up the DagBag from /home/airflow/.local/lib/python3.7/site-packages/airflow/example_dags/example_complex.py
[2024-02-11 12:28:22,361] {processor.py:651} INFO - DAG(s) dict_keys(['example_complex']) retrieved from /home/airflow/.local/lib/python3.7/site-packages/airflow/example_dags/example_complex.py
[2024-02-11 12:28:22,379] {logging_mixin.py:115} INFO - [2024-02-11 12:28:22,379] {dag.py:2371} INFO - Sync 1 DAGs
[2024-02-11 12:28:22,391] {logging_mixin.py:115} INFO - [2024-02-11 12:28:22,391] {dag.py:2919} INFO - Setting next_dagrun for example_complex to None, run_after=None
[2024-02-11 12:28:22,397] {processor.py:161} INFO - Processing /home/airflow/.local/lib/python3.7/site-packages/airflow/example_dags/example_complex.py took 0.047 seconds
[2024-02-11 12:28:53,832] {processor.py:153} INFO - Started process (PID=639) to work on /home/airflow/.local/lib/python3.7/site-packages/airflow/example_dags/example_complex.py
[2024-02-11 12:28:53,833] {processor.py:641} INFO - Processing file /home/airflow/.local/lib/python3.7/site-packages/airflow/example_dags/example_complex.py for tasks to queue
[2024-02-11 12:28:53,834] {logging_mixin.py:115} INFO - [2024-02-11 12:28:53,834] {dagbag.py:507} INFO - Filling up the DagBag from /home/airflow/.local/lib/python3.7/site-packages/airflow/example_dags/example_complex.py
[2024-02-11 12:28:53,847] {processor.py:651} INFO - DAG(s) dict_keys(['example_complex']) retrieved from /home/airflow/.local/lib/python3.7/site-packages/airflow/example_dags/example_complex.py
[2024-02-11 12:28:53,868] {logging_mixin.py:115} INFO - [2024-02-11 12:28:53,868] {dag.py:2371} INFO - Sync 1 DAGs
[2024-02-11 12:28:53,880] {logging_mixin.py:115} INFO - [2024-02-11 12:28:53,880] {dag.py:2919} INFO - Setting next_dagrun for example_complex to None, run_after=None
[2024-02-11 12:28:53,888] {processor.py:161} INFO - Processing /home/airflow/.local/lib/python3.7/site-packages/airflow/example_dags/example_complex.py took 0.059 seconds
[2024-02-11 12:29:24,576] {processor.py:153} INFO - Started process (PID=708) to work on /home/airflow/.local/lib/python3.7/site-packages/airflow/example_dags/example_complex.py
[2024-02-11 12:29:24,580] {processor.py:641} INFO - Processing file /home/airflow/.local/lib/python3.7/site-packages/airflow/example_dags/example_complex.py for tasks to queue
[2024-02-11 12:29:24,582] {logging_mixin.py:115} INFO - [2024-02-11 12:29:24,582] {dagbag.py:507} INFO - Filling up the DagBag from /home/airflow/.local/lib/python3.7/site-packages/airflow/example_dags/example_complex.py
[2024-02-11 12:29:24,606] {processor.py:651} INFO - DAG(s) dict_keys(['example_complex']) retrieved from /home/airflow/.local/lib/python3.7/site-packages/airflow/example_dags/example_complex.py
[2024-02-11 12:29:24,640] {logging_mixin.py:115} INFO - [2024-02-11 12:29:24,640] {dag.py:2371} INFO - Sync 1 DAGs
[2024-02-11 12:29:24,702] {logging_mixin.py:115} INFO - [2024-02-11 12:29:24,702] {dag.py:2919} INFO - Setting next_dagrun for example_complex to None, run_after=None
[2024-02-11 12:29:25,486] {processor.py:161} INFO - Processing /home/airflow/.local/lib/python3.7/site-packages/airflow/example_dags/example_complex.py took 0.913 seconds
[2024-02-11 12:29:56,155] {processor.py:153} INFO - Started process (PID=763) to work on /home/airflow/.local/lib/python3.7/site-packages/airflow/example_dags/example_complex.py
[2024-02-11 12:29:56,157] {processor.py:641} INFO - Processing file /home/airflow/.local/lib/python3.7/site-packages/airflow/example_dags/example_complex.py for tasks to queue
[2024-02-11 12:29:56,160] {logging_mixin.py:115} INFO - [2024-02-11 12:29:56,160] {dagbag.py:507} INFO - Filling up the DagBag from /home/airflow/.local/lib/python3.7/site-packages/airflow/example_dags/example_complex.py
[2024-02-11 12:29:56,181] {processor.py:651} INFO - DAG(s) dict_keys(['example_complex']) retrieved from /home/airflow/.local/lib/python3.7/site-packages/airflow/example_dags/example_complex.py
[2024-02-11 12:29:56,241] {logging_mixin.py:115} INFO - [2024-02-11 12:29:56,241] {dag.py:2371} INFO - Sync 1 DAGs
[2024-02-11 12:29:56,264] {logging_mixin.py:115} INFO - [2024-02-11 12:29:56,264] {dag.py:2919} INFO - Setting next_dagrun for example_complex to None, run_after=None
[2024-02-11 12:29:56,549] {processor.py:161} INFO - Processing /home/airflow/.local/lib/python3.7/site-packages/airflow/example_dags/example_complex.py took 0.398 seconds
[2024-02-11 12:30:27,434] {processor.py:153} INFO - Started process (PID=831) to work on /home/airflow/.local/lib/python3.7/site-packages/airflow/example_dags/example_complex.py
[2024-02-11 12:30:27,439] {processor.py:641} INFO - Processing file /home/airflow/.local/lib/python3.7/site-packages/airflow/example_dags/example_complex.py for tasks to queue
[2024-02-11 12:30:27,441] {logging_mixin.py:115} INFO - [2024-02-11 12:30:27,440] {dagbag.py:507} INFO - Filling up the DagBag from /home/airflow/.local/lib/python3.7/site-packages/airflow/example_dags/example_complex.py
[2024-02-11 12:30:27,475] {processor.py:651} INFO - DAG(s) dict_keys(['example_complex']) retrieved from /home/airflow/.local/lib/python3.7/site-packages/airflow/example_dags/example_complex.py
[2024-02-11 12:30:27,531] {logging_mixin.py:115} INFO - [2024-02-11 12:30:27,530] {dag.py:2371} INFO - Sync 1 DAGs
[2024-02-11 12:30:27,575] {logging_mixin.py:115} INFO - [2024-02-11 12:30:27,575] {dag.py:2919} INFO - Setting next_dagrun for example_complex to None, run_after=None
[2024-02-11 12:30:28,446] {processor.py:161} INFO - Processing /home/airflow/.local/lib/python3.7/site-packages/airflow/example_dags/example_complex.py took 1.019 seconds
[2024-02-11 12:30:58,978] {processor.py:153} INFO - Started process (PID=894) to work on /home/airflow/.local/lib/python3.7/site-packages/airflow/example_dags/example_complex.py
[2024-02-11 12:30:58,982] {processor.py:641} INFO - Processing file /home/airflow/.local/lib/python3.7/site-packages/airflow/example_dags/example_complex.py for tasks to queue
[2024-02-11 12:30:58,983] {logging_mixin.py:115} INFO - [2024-02-11 12:30:58,982] {dagbag.py:507} INFO - Filling up the DagBag from /home/airflow/.local/lib/python3.7/site-packages/airflow/example_dags/example_complex.py
[2024-02-11 12:30:59,019] {processor.py:651} INFO - DAG(s) dict_keys(['example_complex']) retrieved from /home/airflow/.local/lib/python3.7/site-packages/airflow/example_dags/example_complex.py
[2024-02-11 12:30:59,069] {logging_mixin.py:115} INFO - [2024-02-11 12:30:59,069] {dag.py:2371} INFO - Sync 1 DAGs
[2024-02-11 12:30:59,090] {logging_mixin.py:115} INFO - [2024-02-11 12:30:59,090] {dag.py:2919} INFO - Setting next_dagrun for example_complex to None, run_after=None
[2024-02-11 12:30:59,262] {processor.py:161} INFO - Processing /home/airflow/.local/lib/python3.7/site-packages/airflow/example_dags/example_complex.py took 0.288 seconds
[2024-02-11 12:31:29,333] {processor.py:153} INFO - Started process (PID=964) to work on /home/airflow/.local/lib/python3.7/site-packages/airflow/example_dags/example_complex.py
[2024-02-11 12:31:29,336] {processor.py:641} INFO - Processing file /home/airflow/.local/lib/python3.7/site-packages/airflow/example_dags/example_complex.py for tasks to queue
[2024-02-11 12:31:29,337] {logging_mixin.py:115} INFO - [2024-02-11 12:31:29,337] {dagbag.py:507} INFO - Filling up the DagBag from /home/airflow/.local/lib/python3.7/site-packages/airflow/example_dags/example_complex.py
[2024-02-11 12:31:29,363] {processor.py:651} INFO - DAG(s) dict_keys(['example_complex']) retrieved from /home/airflow/.local/lib/python3.7/site-packages/airflow/example_dags/example_complex.py
[2024-02-11 12:31:29,396] {logging_mixin.py:115} INFO - [2024-02-11 12:31:29,396] {dag.py:2371} INFO - Sync 1 DAGs
[2024-02-11 12:31:29,413] {logging_mixin.py:115} INFO - [2024-02-11 12:31:29,413] {dag.py:2919} INFO - Setting next_dagrun for example_complex to None, run_after=None
[2024-02-11 12:31:29,498] {processor.py:161} INFO - Processing /home/airflow/.local/lib/python3.7/site-packages/airflow/example_dags/example_complex.py took 0.170 seconds
[2024-02-11 12:31:59,908] {processor.py:153} INFO - Started process (PID=1028) to work on /home/airflow/.local/lib/python3.7/site-packages/airflow/example_dags/example_complex.py
[2024-02-11 12:31:59,911] {processor.py:641} INFO - Processing file /home/airflow/.local/lib/python3.7/site-packages/airflow/example_dags/example_complex.py for tasks to queue
[2024-02-11 12:31:59,913] {logging_mixin.py:115} INFO - [2024-02-11 12:31:59,912] {dagbag.py:507} INFO - Filling up the DagBag from /home/airflow/.local/lib/python3.7/site-packages/airflow/example_dags/example_complex.py
[2024-02-11 12:31:59,946] {processor.py:651} INFO - DAG(s) dict_keys(['example_complex']) retrieved from /home/airflow/.local/lib/python3.7/site-packages/airflow/example_dags/example_complex.py
[2024-02-11 12:31:59,973] {logging_mixin.py:115} INFO - [2024-02-11 12:31:59,973] {dag.py:2371} INFO - Sync 1 DAGs
[2024-02-11 12:31:59,989] {logging_mixin.py:115} INFO - [2024-02-11 12:31:59,989] {dag.py:2919} INFO - Setting next_dagrun for example_complex to None, run_after=None
[2024-02-11 12:32:00,157] {processor.py:161} INFO - Processing /home/airflow/.local/lib/python3.7/site-packages/airflow/example_dags/example_complex.py took 0.255 seconds
[2024-02-11 12:32:30,718] {processor.py:153} INFO - Started process (PID=1089) to work on /home/airflow/.local/lib/python3.7/site-packages/airflow/example_dags/example_complex.py
[2024-02-11 12:32:30,720] {processor.py:641} INFO - Processing file /home/airflow/.local/lib/python3.7/site-packages/airflow/example_dags/example_complex.py for tasks to queue
[2024-02-11 12:32:30,721] {logging_mixin.py:115} INFO - [2024-02-11 12:32:30,721] {dagbag.py:507} INFO - Filling up the DagBag from /home/airflow/.local/lib/python3.7/site-packages/airflow/example_dags/example_complex.py
[2024-02-11 12:32:30,736] {processor.py:651} INFO - DAG(s) dict_keys(['example_complex']) retrieved from /home/airflow/.local/lib/python3.7/site-packages/airflow/example_dags/example_complex.py
[2024-02-11 12:32:30,761] {logging_mixin.py:115} INFO - [2024-02-11 12:32:30,761] {dag.py:2371} INFO - Sync 1 DAGs
[2024-02-11 12:32:30,780] {logging_mixin.py:115} INFO - [2024-02-11 12:32:30,780] {dag.py:2919} INFO - Setting next_dagrun for example_complex to None, run_after=None
[2024-02-11 12:32:30,864] {processor.py:161} INFO - Processing /home/airflow/.local/lib/python3.7/site-packages/airflow/example_dags/example_complex.py took 0.150 seconds
[2024-02-11 12:33:01,538] {processor.py:153} INFO - Started process (PID=1156) to work on /home/airflow/.local/lib/python3.7/site-packages/airflow/example_dags/example_complex.py
[2024-02-11 12:33:01,539] {processor.py:641} INFO - Processing file /home/airflow/.local/lib/python3.7/site-packages/airflow/example_dags/example_complex.py for tasks to queue
[2024-02-11 12:33:01,540] {logging_mixin.py:115} INFO - [2024-02-11 12:33:01,539] {dagbag.py:507} INFO - Filling up the DagBag from /home/airflow/.local/lib/python3.7/site-packages/airflow/example_dags/example_complex.py
[2024-02-11 12:33:01,551] {processor.py:651} INFO - DAG(s) dict_keys(['example_complex']) retrieved from /home/airflow/.local/lib/python3.7/site-packages/airflow/example_dags/example_complex.py
[2024-02-11 12:33:01,584] {logging_mixin.py:115} INFO - [2024-02-11 12:33:01,584] {dag.py:2371} INFO - Sync 1 DAGs
[2024-02-11 12:33:01,619] {logging_mixin.py:115} INFO - [2024-02-11 12:33:01,619] {dag.py:2919} INFO - Setting next_dagrun for example_complex to None, run_after=None
[2024-02-11 12:33:02,079] {processor.py:161} INFO - Processing /home/airflow/.local/lib/python3.7/site-packages/airflow/example_dags/example_complex.py took 0.548 seconds
[2024-02-11 12:55:38,504] {processor.py:153} INFO - Started process (PID=1237) to work on /home/airflow/.local/lib/python3.7/site-packages/airflow/example_dags/example_complex.py
[2024-02-11 12:55:38,505] {processor.py:641} INFO - Processing file /home/airflow/.local/lib/python3.7/site-packages/airflow/example_dags/example_complex.py for tasks to queue
[2024-02-11 12:55:38,506] {logging_mixin.py:115} INFO - [2024-02-11 12:55:38,506] {dagbag.py:507} INFO - Filling up the DagBag from /home/airflow/.local/lib/python3.7/site-packages/airflow/example_dags/example_complex.py
[2024-02-11 12:55:38,516] {processor.py:651} INFO - DAG(s) dict_keys(['example_complex']) retrieved from /home/airflow/.local/lib/python3.7/site-packages/airflow/example_dags/example_complex.py
[2024-02-11 12:55:38,545] {logging_mixin.py:115} INFO - [2024-02-11 12:55:38,545] {dag.py:2371} INFO - Sync 1 DAGs
[2024-02-11 12:55:38,721] {logging_mixin.py:115} INFO - [2024-02-11 12:55:38,721] {dag.py:2919} INFO - Setting next_dagrun for example_complex to None, run_after=None
[2024-02-11 12:55:38,744] {processor.py:161} INFO - Processing /home/airflow/.local/lib/python3.7/site-packages/airflow/example_dags/example_complex.py took 0.242 seconds
[2024-02-11 12:56:08,865] {processor.py:153} INFO - Started process (PID=1296) to work on /home/airflow/.local/lib/python3.7/site-packages/airflow/example_dags/example_complex.py
[2024-02-11 12:56:08,866] {processor.py:641} INFO - Processing file /home/airflow/.local/lib/python3.7/site-packages/airflow/example_dags/example_complex.py for tasks to queue
[2024-02-11 12:56:08,866] {logging_mixin.py:115} INFO - [2024-02-11 12:56:08,866] {dagbag.py:507} INFO - Filling up the DagBag from /home/airflow/.local/lib/python3.7/site-packages/airflow/example_dags/example_complex.py
[2024-02-11 12:56:08,872] {processor.py:651} INFO - DAG(s) dict_keys(['example_complex']) retrieved from /home/airflow/.local/lib/python3.7/site-packages/airflow/example_dags/example_complex.py
[2024-02-11 12:56:08,886] {logging_mixin.py:115} INFO - [2024-02-11 12:56:08,886] {dag.py:2371} INFO - Sync 1 DAGs
[2024-02-11 12:56:08,958] {logging_mixin.py:115} INFO - [2024-02-11 12:56:08,958] {dag.py:2919} INFO - Setting next_dagrun for example_complex to None, run_after=None
[2024-02-11 12:56:08,963] {processor.py:161} INFO - Processing /home/airflow/.local/lib/python3.7/site-packages/airflow/example_dags/example_complex.py took 0.099 seconds
[2024-02-11 12:56:39,756] {processor.py:153} INFO - Started process (PID=1359) to work on /home/airflow/.local/lib/python3.7/site-packages/airflow/example_dags/example_complex.py
[2024-02-11 12:56:39,758] {processor.py:641} INFO - Processing file /home/airflow/.local/lib/python3.7/site-packages/airflow/example_dags/example_complex.py for tasks to queue
[2024-02-11 12:56:39,758] {logging_mixin.py:115} INFO - [2024-02-11 12:56:39,758] {dagbag.py:507} INFO - Filling up the DagBag from /home/airflow/.local/lib/python3.7/site-packages/airflow/example_dags/example_complex.py
[2024-02-11 12:56:39,773] {processor.py:651} INFO - DAG(s) dict_keys(['example_complex']) retrieved from /home/airflow/.local/lib/python3.7/site-packages/airflow/example_dags/example_complex.py
[2024-02-11 12:56:39,803] {logging_mixin.py:115} INFO - [2024-02-11 12:56:39,803] {dag.py:2371} INFO - Sync 1 DAGs
[2024-02-11 12:56:40,169] {logging_mixin.py:115} INFO - [2024-02-11 12:56:40,169] {dag.py:2919} INFO - Setting next_dagrun for example_complex to None, run_after=None
[2024-02-11 12:56:40,176] {processor.py:161} INFO - Processing /home/airflow/.local/lib/python3.7/site-packages/airflow/example_dags/example_complex.py took 0.426 seconds
[2024-02-11 13:46:23,704] {processor.py:153} INFO - Started process (PID=1422) to work on /home/airflow/.local/lib/python3.7/site-packages/airflow/example_dags/example_complex.py
[2024-02-11 13:46:23,708] {processor.py:641} INFO - Processing file /home/airflow/.local/lib/python3.7/site-packages/airflow/example_dags/example_complex.py for tasks to queue
[2024-02-11 13:46:23,709] {logging_mixin.py:115} INFO - [2024-02-11 13:46:23,709] {dagbag.py:507} INFO - Filling up the DagBag from /home/airflow/.local/lib/python3.7/site-packages/airflow/example_dags/example_complex.py
[2024-02-11 13:46:23,734] {processor.py:651} INFO - DAG(s) dict_keys(['example_complex']) retrieved from /home/airflow/.local/lib/python3.7/site-packages/airflow/example_dags/example_complex.py
[2024-02-11 13:46:23,772] {logging_mixin.py:115} INFO - [2024-02-11 13:46:23,772] {dag.py:2371} INFO - Sync 1 DAGs
[2024-02-11 13:46:23,984] {logging_mixin.py:115} INFO - [2024-02-11 13:46:23,984] {dag.py:2919} INFO - Setting next_dagrun for example_complex to None, run_after=None
[2024-02-11 13:46:23,995] {processor.py:161} INFO - Processing /home/airflow/.local/lib/python3.7/site-packages/airflow/example_dags/example_complex.py took 0.295 seconds
[2024-02-11 14:33:12,849] {processor.py:153} INFO - Started process (PID=1486) to work on /home/airflow/.local/lib/python3.7/site-packages/airflow/example_dags/example_complex.py
[2024-02-11 14:33:12,851] {processor.py:641} INFO - Processing file /home/airflow/.local/lib/python3.7/site-packages/airflow/example_dags/example_complex.py for tasks to queue
[2024-02-11 14:33:12,855] {logging_mixin.py:115} INFO - [2024-02-11 14:33:12,854] {dagbag.py:507} INFO - Filling up the DagBag from /home/airflow/.local/lib/python3.7/site-packages/airflow/example_dags/example_complex.py
[2024-02-11 14:33:12,872] {processor.py:651} INFO - DAG(s) dict_keys(['example_complex']) retrieved from /home/airflow/.local/lib/python3.7/site-packages/airflow/example_dags/example_complex.py
[2024-02-11 14:33:13,145] {logging_mixin.py:115} INFO - [2024-02-11 14:33:13,144] {dag.py:2371} INFO - Sync 1 DAGs
[2024-02-11 14:33:13,172] {logging_mixin.py:115} INFO - [2024-02-11 14:33:13,172] {dag.py:2919} INFO - Setting next_dagrun for example_complex to None, run_after=None
[2024-02-11 14:33:13,189] {processor.py:161} INFO - Processing /home/airflow/.local/lib/python3.7/site-packages/airflow/example_dags/example_complex.py took 0.344 seconds
[2024-02-11 14:33:43,252] {processor.py:153} INFO - Started process (PID=1543) to work on /home/airflow/.local/lib/python3.7/site-packages/airflow/example_dags/example_complex.py
[2024-02-11 14:33:43,253] {processor.py:641} INFO - Processing file /home/airflow/.local/lib/python3.7/site-packages/airflow/example_dags/example_complex.py for tasks to queue
[2024-02-11 14:33:43,254] {logging_mixin.py:115} INFO - [2024-02-11 14:33:43,254] {dagbag.py:507} INFO - Filling up the DagBag from /home/airflow/.local/lib/python3.7/site-packages/airflow/example_dags/example_complex.py
[2024-02-11 14:33:43,263] {processor.py:651} INFO - DAG(s) dict_keys(['example_complex']) retrieved from /home/airflow/.local/lib/python3.7/site-packages/airflow/example_dags/example_complex.py
[2024-02-11 14:33:43,463] {logging_mixin.py:115} INFO - [2024-02-11 14:33:43,463] {dag.py:2371} INFO - Sync 1 DAGs
[2024-02-11 14:33:43,474] {logging_mixin.py:115} INFO - [2024-02-11 14:33:43,474] {dag.py:2919} INFO - Setting next_dagrun for example_complex to None, run_after=None
[2024-02-11 14:33:43,481] {processor.py:161} INFO - Processing /home/airflow/.local/lib/python3.7/site-packages/airflow/example_dags/example_complex.py took 0.231 seconds
[2024-02-11 14:42:43,468] {processor.py:153} INFO - Started process (PID=1624) to work on /home/airflow/.local/lib/python3.7/site-packages/airflow/example_dags/example_complex.py
[2024-02-11 14:42:43,474] {processor.py:641} INFO - Processing file /home/airflow/.local/lib/python3.7/site-packages/airflow/example_dags/example_complex.py for tasks to queue
[2024-02-11 14:42:43,476] {logging_mixin.py:115} INFO - [2024-02-11 14:42:43,476] {dagbag.py:507} INFO - Filling up the DagBag from /home/airflow/.local/lib/python3.7/site-packages/airflow/example_dags/example_complex.py
[2024-02-11 14:42:43,513] {processor.py:651} INFO - DAG(s) dict_keys(['example_complex']) retrieved from /home/airflow/.local/lib/python3.7/site-packages/airflow/example_dags/example_complex.py
[2024-02-11 14:42:43,575] {logging_mixin.py:115} INFO - [2024-02-11 14:42:43,575] {dag.py:2371} INFO - Sync 1 DAGs
[2024-02-11 14:42:43,622] {logging_mixin.py:115} INFO - [2024-02-11 14:42:43,622] {dag.py:2919} INFO - Setting next_dagrun for example_complex to None, run_after=None
[2024-02-11 14:42:43,648] {processor.py:161} INFO - Processing /home/airflow/.local/lib/python3.7/site-packages/airflow/example_dags/example_complex.py took 0.184 seconds
[2024-02-11 14:58:30,863] {processor.py:153} INFO - Started process (PID=1696) to work on /home/airflow/.local/lib/python3.7/site-packages/airflow/example_dags/example_complex.py
[2024-02-11 14:58:30,877] {processor.py:641} INFO - Processing file /home/airflow/.local/lib/python3.7/site-packages/airflow/example_dags/example_complex.py for tasks to queue
[2024-02-11 14:58:30,893] {logging_mixin.py:115} INFO - [2024-02-11 14:58:30,892] {dagbag.py:507} INFO - Filling up the DagBag from /home/airflow/.local/lib/python3.7/site-packages/airflow/example_dags/example_complex.py
[2024-02-11 14:58:30,974] {processor.py:651} INFO - DAG(s) dict_keys(['example_complex']) retrieved from /home/airflow/.local/lib/python3.7/site-packages/airflow/example_dags/example_complex.py
[2024-02-11 14:58:31,078] {logging_mixin.py:115} INFO - [2024-02-11 14:58:31,078] {dag.py:2371} INFO - Sync 1 DAGs
[2024-02-11 14:58:31,128] {logging_mixin.py:115} INFO - [2024-02-11 14:58:31,128] {dag.py:2919} INFO - Setting next_dagrun for example_complex to None, run_after=None
[2024-02-11 14:58:31,149] {processor.py:161} INFO - Processing /home/airflow/.local/lib/python3.7/site-packages/airflow/example_dags/example_complex.py took 0.294 seconds
[2024-02-11 15:34:11,462] {processor.py:153} INFO - Started process (PID=1762) to work on /home/airflow/.local/lib/python3.7/site-packages/airflow/example_dags/example_complex.py
[2024-02-11 15:34:11,464] {processor.py:641} INFO - Processing file /home/airflow/.local/lib/python3.7/site-packages/airflow/example_dags/example_complex.py for tasks to queue
[2024-02-11 15:34:11,471] {logging_mixin.py:115} INFO - [2024-02-11 15:34:11,470] {dagbag.py:507} INFO - Filling up the DagBag from /home/airflow/.local/lib/python3.7/site-packages/airflow/example_dags/example_complex.py
[2024-02-11 15:34:11,497] {processor.py:651} INFO - DAG(s) dict_keys(['example_complex']) retrieved from /home/airflow/.local/lib/python3.7/site-packages/airflow/example_dags/example_complex.py
[2024-02-11 15:34:11,549] {logging_mixin.py:115} INFO - [2024-02-11 15:34:11,549] {dag.py:2371} INFO - Sync 1 DAGs
[2024-02-11 15:34:11,632] {logging_mixin.py:115} INFO - [2024-02-11 15:34:11,631] {dag.py:2919} INFO - Setting next_dagrun for example_complex to None, run_after=None
[2024-02-11 15:34:11,659] {processor.py:161} INFO - Processing /home/airflow/.local/lib/python3.7/site-packages/airflow/example_dags/example_complex.py took 0.223 seconds
[2024-02-11 15:34:41,739] {processor.py:153} INFO - Started process (PID=1826) to work on /home/airflow/.local/lib/python3.7/site-packages/airflow/example_dags/example_complex.py
[2024-02-11 15:34:41,741] {processor.py:641} INFO - Processing file /home/airflow/.local/lib/python3.7/site-packages/airflow/example_dags/example_complex.py for tasks to queue
[2024-02-11 15:34:41,741] {logging_mixin.py:115} INFO - [2024-02-11 15:34:41,741] {dagbag.py:507} INFO - Filling up the DagBag from /home/airflow/.local/lib/python3.7/site-packages/airflow/example_dags/example_complex.py
[2024-02-11 15:34:41,747] {processor.py:651} INFO - DAG(s) dict_keys(['example_complex']) retrieved from /home/airflow/.local/lib/python3.7/site-packages/airflow/example_dags/example_complex.py
[2024-02-11 15:34:41,761] {logging_mixin.py:115} INFO - [2024-02-11 15:34:41,761] {dag.py:2371} INFO - Sync 1 DAGs
[2024-02-11 15:34:41,770] {logging_mixin.py:115} INFO - [2024-02-11 15:34:41,770] {dag.py:2919} INFO - Setting next_dagrun for example_complex to None, run_after=None
[2024-02-11 15:34:41,775] {processor.py:161} INFO - Processing /home/airflow/.local/lib/python3.7/site-packages/airflow/example_dags/example_complex.py took 0.038 seconds
[2024-02-11 15:41:17,114] {processor.py:153} INFO - Started process (PID=1906) to work on /home/airflow/.local/lib/python3.7/site-packages/airflow/example_dags/example_complex.py
[2024-02-11 15:41:17,123] {processor.py:641} INFO - Processing file /home/airflow/.local/lib/python3.7/site-packages/airflow/example_dags/example_complex.py for tasks to queue
[2024-02-11 15:41:17,126] {logging_mixin.py:115} INFO - [2024-02-11 15:41:17,124] {dagbag.py:507} INFO - Filling up the DagBag from /home/airflow/.local/lib/python3.7/site-packages/airflow/example_dags/example_complex.py
[2024-02-11 15:41:17,267] {processor.py:651} INFO - DAG(s) dict_keys(['example_complex']) retrieved from /home/airflow/.local/lib/python3.7/site-packages/airflow/example_dags/example_complex.py
[2024-02-11 15:41:17,739] {logging_mixin.py:115} INFO - [2024-02-11 15:41:17,739] {dag.py:2371} INFO - Sync 1 DAGs
[2024-02-11 15:41:17,950] {logging_mixin.py:115} INFO - [2024-02-11 15:41:17,950] {dag.py:2919} INFO - Setting next_dagrun for example_complex to None, run_after=None
[2024-02-11 15:41:18,034] {processor.py:161} INFO - Processing /home/airflow/.local/lib/python3.7/site-packages/airflow/example_dags/example_complex.py took 0.942 seconds
[2024-02-11 16:05:35,763] {processor.py:153} INFO - Started process (PID=1971) to work on /home/airflow/.local/lib/python3.7/site-packages/airflow/example_dags/example_complex.py
[2024-02-11 16:05:35,766] {processor.py:641} INFO - Processing file /home/airflow/.local/lib/python3.7/site-packages/airflow/example_dags/example_complex.py for tasks to queue
[2024-02-11 16:05:35,767] {logging_mixin.py:115} INFO - [2024-02-11 16:05:35,767] {dagbag.py:507} INFO - Filling up the DagBag from /home/airflow/.local/lib/python3.7/site-packages/airflow/example_dags/example_complex.py
[2024-02-11 16:05:35,774] {processor.py:651} INFO - DAG(s) dict_keys(['example_complex']) retrieved from /home/airflow/.local/lib/python3.7/site-packages/airflow/example_dags/example_complex.py
[2024-02-11 16:05:35,794] {logging_mixin.py:115} INFO - [2024-02-11 16:05:35,794] {dag.py:2371} INFO - Sync 1 DAGs
[2024-02-11 16:05:35,821] {logging_mixin.py:115} INFO - [2024-02-11 16:05:35,821] {dag.py:2919} INFO - Setting next_dagrun for example_complex to None, run_after=None
[2024-02-11 16:05:35,834] {processor.py:161} INFO - Processing /home/airflow/.local/lib/python3.7/site-packages/airflow/example_dags/example_complex.py took 0.073 seconds
[2024-02-11 16:06:17,936] {processor.py:153} INFO - Started process (PID=2038) to work on /home/airflow/.local/lib/python3.7/site-packages/airflow/example_dags/example_complex.py
[2024-02-11 16:06:17,940] {processor.py:641} INFO - Processing file /home/airflow/.local/lib/python3.7/site-packages/airflow/example_dags/example_complex.py for tasks to queue
[2024-02-11 16:06:17,940] {logging_mixin.py:115} INFO - [2024-02-11 16:06:17,940] {dagbag.py:507} INFO - Filling up the DagBag from /home/airflow/.local/lib/python3.7/site-packages/airflow/example_dags/example_complex.py
[2024-02-11 16:06:17,951] {processor.py:651} INFO - DAG(s) dict_keys(['example_complex']) retrieved from /home/airflow/.local/lib/python3.7/site-packages/airflow/example_dags/example_complex.py
[2024-02-11 16:06:17,975] {logging_mixin.py:115} INFO - [2024-02-11 16:06:17,975] {dag.py:2371} INFO - Sync 1 DAGs
[2024-02-11 16:06:17,987] {logging_mixin.py:115} INFO - [2024-02-11 16:06:17,987] {dag.py:2919} INFO - Setting next_dagrun for example_complex to None, run_after=None
[2024-02-11 16:06:17,996] {processor.py:161} INFO - Processing /home/airflow/.local/lib/python3.7/site-packages/airflow/example_dags/example_complex.py took 0.067 seconds
[2024-02-11 16:06:48,071] {processor.py:153} INFO - Started process (PID=2101) to work on /home/airflow/.local/lib/python3.7/site-packages/airflow/example_dags/example_complex.py
[2024-02-11 16:06:48,075] {processor.py:641} INFO - Processing file /home/airflow/.local/lib/python3.7/site-packages/airflow/example_dags/example_complex.py for tasks to queue
[2024-02-11 16:06:48,076] {logging_mixin.py:115} INFO - [2024-02-11 16:06:48,076] {dagbag.py:507} INFO - Filling up the DagBag from /home/airflow/.local/lib/python3.7/site-packages/airflow/example_dags/example_complex.py
[2024-02-11 16:06:48,088] {processor.py:651} INFO - DAG(s) dict_keys(['example_complex']) retrieved from /home/airflow/.local/lib/python3.7/site-packages/airflow/example_dags/example_complex.py
[2024-02-11 16:06:48,105] {logging_mixin.py:115} INFO - [2024-02-11 16:06:48,105] {dag.py:2371} INFO - Sync 1 DAGs
[2024-02-11 16:06:48,115] {logging_mixin.py:115} INFO - [2024-02-11 16:06:48,115] {dag.py:2919} INFO - Setting next_dagrun for example_complex to None, run_after=None
[2024-02-11 16:06:48,121] {processor.py:161} INFO - Processing /home/airflow/.local/lib/python3.7/site-packages/airflow/example_dags/example_complex.py took 0.053 seconds
[2024-02-11 16:07:18,419] {processor.py:153} INFO - Started process (PID=2160) to work on /home/airflow/.local/lib/python3.7/site-packages/airflow/example_dags/example_complex.py
[2024-02-11 16:07:18,420] {processor.py:641} INFO - Processing file /home/airflow/.local/lib/python3.7/site-packages/airflow/example_dags/example_complex.py for tasks to queue
[2024-02-11 16:07:18,421] {logging_mixin.py:115} INFO - [2024-02-11 16:07:18,421] {dagbag.py:507} INFO - Filling up the DagBag from /home/airflow/.local/lib/python3.7/site-packages/airflow/example_dags/example_complex.py
[2024-02-11 16:07:18,433] {processor.py:651} INFO - DAG(s) dict_keys(['example_complex']) retrieved from /home/airflow/.local/lib/python3.7/site-packages/airflow/example_dags/example_complex.py
[2024-02-11 16:07:18,455] {logging_mixin.py:115} INFO - [2024-02-11 16:07:18,455] {dag.py:2371} INFO - Sync 1 DAGs
[2024-02-11 16:07:18,466] {logging_mixin.py:115} INFO - [2024-02-11 16:07:18,466] {dag.py:2919} INFO - Setting next_dagrun for example_complex to None, run_after=None
[2024-02-11 16:07:18,471] {processor.py:161} INFO - Processing /home/airflow/.local/lib/python3.7/site-packages/airflow/example_dags/example_complex.py took 0.054 seconds
[2024-02-11 16:07:49,722] {processor.py:153} INFO - Started process (PID=2224) to work on /home/airflow/.local/lib/python3.7/site-packages/airflow/example_dags/example_complex.py
[2024-02-11 16:07:49,723] {processor.py:641} INFO - Processing file /home/airflow/.local/lib/python3.7/site-packages/airflow/example_dags/example_complex.py for tasks to queue
[2024-02-11 16:07:49,724] {logging_mixin.py:115} INFO - [2024-02-11 16:07:49,724] {dagbag.py:507} INFO - Filling up the DagBag from /home/airflow/.local/lib/python3.7/site-packages/airflow/example_dags/example_complex.py
[2024-02-11 16:07:49,732] {processor.py:651} INFO - DAG(s) dict_keys(['example_complex']) retrieved from /home/airflow/.local/lib/python3.7/site-packages/airflow/example_dags/example_complex.py
[2024-02-11 16:07:49,751] {logging_mixin.py:115} INFO - [2024-02-11 16:07:49,751] {dag.py:2371} INFO - Sync 1 DAGs
[2024-02-11 16:07:49,764] {logging_mixin.py:115} INFO - [2024-02-11 16:07:49,764] {dag.py:2919} INFO - Setting next_dagrun for example_complex to None, run_after=None
[2024-02-11 16:07:49,770] {processor.py:161} INFO - Processing /home/airflow/.local/lib/python3.7/site-packages/airflow/example_dags/example_complex.py took 0.051 seconds
[2024-02-11 16:08:20,642] {processor.py:153} INFO - Started process (PID=2291) to work on /home/airflow/.local/lib/python3.7/site-packages/airflow/example_dags/example_complex.py
[2024-02-11 16:08:20,646] {processor.py:641} INFO - Processing file /home/airflow/.local/lib/python3.7/site-packages/airflow/example_dags/example_complex.py for tasks to queue
[2024-02-11 16:08:20,648] {logging_mixin.py:115} INFO - [2024-02-11 16:08:20,648] {dagbag.py:507} INFO - Filling up the DagBag from /home/airflow/.local/lib/python3.7/site-packages/airflow/example_dags/example_complex.py
[2024-02-11 16:08:20,670] {processor.py:651} INFO - DAG(s) dict_keys(['example_complex']) retrieved from /home/airflow/.local/lib/python3.7/site-packages/airflow/example_dags/example_complex.py
[2024-02-11 16:08:20,735] {logging_mixin.py:115} INFO - [2024-02-11 16:08:20,735] {dag.py:2371} INFO - Sync 1 DAGs
[2024-02-11 16:08:20,771] {logging_mixin.py:115} INFO - [2024-02-11 16:08:20,771] {dag.py:2919} INFO - Setting next_dagrun for example_complex to None, run_after=None
[2024-02-11 16:08:20,797] {processor.py:161} INFO - Processing /home/airflow/.local/lib/python3.7/site-packages/airflow/example_dags/example_complex.py took 0.158 seconds
[2024-02-11 16:08:51,276] {processor.py:153} INFO - Started process (PID=2355) to work on /home/airflow/.local/lib/python3.7/site-packages/airflow/example_dags/example_complex.py
[2024-02-11 16:08:51,278] {processor.py:641} INFO - Processing file /home/airflow/.local/lib/python3.7/site-packages/airflow/example_dags/example_complex.py for tasks to queue
[2024-02-11 16:08:51,279] {logging_mixin.py:115} INFO - [2024-02-11 16:08:51,279] {dagbag.py:507} INFO - Filling up the DagBag from /home/airflow/.local/lib/python3.7/site-packages/airflow/example_dags/example_complex.py
[2024-02-11 16:08:51,286] {processor.py:651} INFO - DAG(s) dict_keys(['example_complex']) retrieved from /home/airflow/.local/lib/python3.7/site-packages/airflow/example_dags/example_complex.py
[2024-02-11 16:08:51,308] {logging_mixin.py:115} INFO - [2024-02-11 16:08:51,308] {dag.py:2371} INFO - Sync 1 DAGs
[2024-02-11 16:08:51,330] {logging_mixin.py:115} INFO - [2024-02-11 16:08:51,330] {dag.py:2919} INFO - Setting next_dagrun for example_complex to None, run_after=None
[2024-02-11 16:08:51,342] {processor.py:161} INFO - Processing /home/airflow/.local/lib/python3.7/site-packages/airflow/example_dags/example_complex.py took 0.068 seconds
