[2024-02-11 00:01:21,383] {processor.py:153} INFO - Started process (PID=4435) to work on /home/airflow/.local/lib/python3.7/site-packages/airflow/example_dags/example_python_operator.py
[2024-02-11 00:01:21,384] {processor.py:641} INFO - Processing file /home/airflow/.local/lib/python3.7/site-packages/airflow/example_dags/example_python_operator.py for tasks to queue
[2024-02-11 00:01:21,385] {logging_mixin.py:115} INFO - [2024-02-11 00:01:21,385] {dagbag.py:507} INFO - Filling up the DagBag from /home/airflow/.local/lib/python3.7/site-packages/airflow/example_dags/example_python_operator.py
[2024-02-11 00:01:21,399] {processor.py:651} INFO - DAG(s) dict_keys(['example_python_operator']) retrieved from /home/airflow/.local/lib/python3.7/site-packages/airflow/example_dags/example_python_operator.py
[2024-02-11 00:01:21,445] {logging_mixin.py:115} INFO - [2024-02-11 00:01:21,445] {dag.py:2371} INFO - Sync 1 DAGs
[2024-02-11 00:01:21,565] {logging_mixin.py:115} INFO - [2024-02-11 00:01:21,565] {dag.py:2919} INFO - Setting next_dagrun for example_python_operator to None, run_after=None
[2024-02-11 00:01:21,577] {processor.py:161} INFO - Processing /home/airflow/.local/lib/python3.7/site-packages/airflow/example_dags/example_python_operator.py took 0.202 seconds
[2024-02-11 00:01:52,329] {processor.py:153} INFO - Started process (PID=4492) to work on /home/airflow/.local/lib/python3.7/site-packages/airflow/example_dags/example_python_operator.py
[2024-02-11 00:01:52,330] {processor.py:641} INFO - Processing file /home/airflow/.local/lib/python3.7/site-packages/airflow/example_dags/example_python_operator.py for tasks to queue
[2024-02-11 00:01:52,332] {logging_mixin.py:115} INFO - [2024-02-11 00:01:52,331] {dagbag.py:507} INFO - Filling up the DagBag from /home/airflow/.local/lib/python3.7/site-packages/airflow/example_dags/example_python_operator.py
[2024-02-11 00:01:52,340] {processor.py:651} INFO - DAG(s) dict_keys(['example_python_operator']) retrieved from /home/airflow/.local/lib/python3.7/site-packages/airflow/example_dags/example_python_operator.py
[2024-02-11 00:01:52,354] {logging_mixin.py:115} INFO - [2024-02-11 00:01:52,354] {dag.py:2371} INFO - Sync 1 DAGs
[2024-02-11 00:01:52,446] {logging_mixin.py:115} INFO - [2024-02-11 00:01:52,446] {dag.py:2919} INFO - Setting next_dagrun for example_python_operator to None, run_after=None
[2024-02-11 00:01:52,451] {processor.py:161} INFO - Processing /home/airflow/.local/lib/python3.7/site-packages/airflow/example_dags/example_python_operator.py took 0.123 seconds
[2024-02-11 00:07:06,698] {processor.py:153} INFO - Started process (PID=4561) to work on /home/airflow/.local/lib/python3.7/site-packages/airflow/example_dags/example_python_operator.py
[2024-02-11 00:07:06,699] {processor.py:641} INFO - Processing file /home/airflow/.local/lib/python3.7/site-packages/airflow/example_dags/example_python_operator.py for tasks to queue
[2024-02-11 00:07:06,699] {logging_mixin.py:115} INFO - [2024-02-11 00:07:06,699] {dagbag.py:507} INFO - Filling up the DagBag from /home/airflow/.local/lib/python3.7/site-packages/airflow/example_dags/example_python_operator.py
[2024-02-11 00:07:06,709] {processor.py:651} INFO - DAG(s) dict_keys(['example_python_operator']) retrieved from /home/airflow/.local/lib/python3.7/site-packages/airflow/example_dags/example_python_operator.py
[2024-02-11 00:07:06,733] {logging_mixin.py:115} INFO - [2024-02-11 00:07:06,733] {dag.py:2371} INFO - Sync 1 DAGs
[2024-02-11 00:07:06,881] {logging_mixin.py:115} INFO - [2024-02-11 00:07:06,881] {dag.py:2919} INFO - Setting next_dagrun for example_python_operator to None, run_after=None
[2024-02-11 00:07:06,887] {processor.py:161} INFO - Processing /home/airflow/.local/lib/python3.7/site-packages/airflow/example_dags/example_python_operator.py took 0.191 seconds
[2024-02-11 00:07:37,628] {processor.py:153} INFO - Started process (PID=4625) to work on /home/airflow/.local/lib/python3.7/site-packages/airflow/example_dags/example_python_operator.py
[2024-02-11 00:07:37,629] {processor.py:641} INFO - Processing file /home/airflow/.local/lib/python3.7/site-packages/airflow/example_dags/example_python_operator.py for tasks to queue
[2024-02-11 00:07:37,629] {logging_mixin.py:115} INFO - [2024-02-11 00:07:37,629] {dagbag.py:507} INFO - Filling up the DagBag from /home/airflow/.local/lib/python3.7/site-packages/airflow/example_dags/example_python_operator.py
[2024-02-11 00:07:37,644] {processor.py:651} INFO - DAG(s) dict_keys(['example_python_operator']) retrieved from /home/airflow/.local/lib/python3.7/site-packages/airflow/example_dags/example_python_operator.py
[2024-02-11 00:07:37,662] {logging_mixin.py:115} INFO - [2024-02-11 00:07:37,662] {dag.py:2371} INFO - Sync 1 DAGs
[2024-02-11 00:07:37,844] {logging_mixin.py:115} INFO - [2024-02-11 00:07:37,844] {dag.py:2919} INFO - Setting next_dagrun for example_python_operator to None, run_after=None
[2024-02-11 00:07:37,850] {processor.py:161} INFO - Processing /home/airflow/.local/lib/python3.7/site-packages/airflow/example_dags/example_python_operator.py took 0.229 seconds
[2024-02-11 00:08:09,157] {processor.py:153} INFO - Started process (PID=4680) to work on /home/airflow/.local/lib/python3.7/site-packages/airflow/example_dags/example_python_operator.py
[2024-02-11 00:08:09,157] {processor.py:641} INFO - Processing file /home/airflow/.local/lib/python3.7/site-packages/airflow/example_dags/example_python_operator.py for tasks to queue
[2024-02-11 00:08:09,158] {logging_mixin.py:115} INFO - [2024-02-11 00:08:09,158] {dagbag.py:507} INFO - Filling up the DagBag from /home/airflow/.local/lib/python3.7/site-packages/airflow/example_dags/example_python_operator.py
[2024-02-11 00:08:09,168] {processor.py:651} INFO - DAG(s) dict_keys(['example_python_operator']) retrieved from /home/airflow/.local/lib/python3.7/site-packages/airflow/example_dags/example_python_operator.py
[2024-02-11 00:08:09,183] {logging_mixin.py:115} INFO - [2024-02-11 00:08:09,183] {dag.py:2371} INFO - Sync 1 DAGs
[2024-02-11 00:08:09,349] {logging_mixin.py:115} INFO - [2024-02-11 00:08:09,349] {dag.py:2919} INFO - Setting next_dagrun for example_python_operator to None, run_after=None
[2024-02-11 00:08:09,362] {processor.py:161} INFO - Processing /home/airflow/.local/lib/python3.7/site-packages/airflow/example_dags/example_python_operator.py took 0.207 seconds
[2024-02-11 00:41:54,648] {processor.py:153} INFO - Started process (PID=4750) to work on /home/airflow/.local/lib/python3.7/site-packages/airflow/example_dags/example_python_operator.py
[2024-02-11 00:41:54,648] {processor.py:641} INFO - Processing file /home/airflow/.local/lib/python3.7/site-packages/airflow/example_dags/example_python_operator.py for tasks to queue
[2024-02-11 00:41:54,649] {logging_mixin.py:115} INFO - [2024-02-11 00:41:54,649] {dagbag.py:507} INFO - Filling up the DagBag from /home/airflow/.local/lib/python3.7/site-packages/airflow/example_dags/example_python_operator.py
[2024-02-11 00:41:54,665] {processor.py:651} INFO - DAG(s) dict_keys(['example_python_operator']) retrieved from /home/airflow/.local/lib/python3.7/site-packages/airflow/example_dags/example_python_operator.py
[2024-02-11 00:41:54,712] {logging_mixin.py:115} INFO - [2024-02-11 00:41:54,712] {dag.py:2371} INFO - Sync 1 DAGs
[2024-02-11 00:41:54,864] {logging_mixin.py:115} INFO - [2024-02-11 00:41:54,864] {dag.py:2919} INFO - Setting next_dagrun for example_python_operator to None, run_after=None
[2024-02-11 00:41:54,871] {processor.py:161} INFO - Processing /home/airflow/.local/lib/python3.7/site-packages/airflow/example_dags/example_python_operator.py took 0.225 seconds
[2024-02-11 00:58:50,569] {processor.py:153} INFO - Started process (PID=4811) to work on /home/airflow/.local/lib/python3.7/site-packages/airflow/example_dags/example_python_operator.py
[2024-02-11 00:58:50,570] {processor.py:641} INFO - Processing file /home/airflow/.local/lib/python3.7/site-packages/airflow/example_dags/example_python_operator.py for tasks to queue
[2024-02-11 00:58:50,571] {logging_mixin.py:115} INFO - [2024-02-11 00:58:50,571] {dagbag.py:507} INFO - Filling up the DagBag from /home/airflow/.local/lib/python3.7/site-packages/airflow/example_dags/example_python_operator.py
[2024-02-11 00:58:50,583] {processor.py:651} INFO - DAG(s) dict_keys(['example_python_operator']) retrieved from /home/airflow/.local/lib/python3.7/site-packages/airflow/example_dags/example_python_operator.py
[2024-02-11 00:58:50,688] {logging_mixin.py:115} INFO - [2024-02-11 00:58:50,687] {dag.py:2371} INFO - Sync 1 DAGs
[2024-02-11 00:58:50,697] {logging_mixin.py:115} INFO - [2024-02-11 00:58:50,697] {dag.py:2919} INFO - Setting next_dagrun for example_python_operator to None, run_after=None
[2024-02-11 00:58:50,703] {processor.py:161} INFO - Processing /home/airflow/.local/lib/python3.7/site-packages/airflow/example_dags/example_python_operator.py took 0.136 seconds
[2024-02-11 02:19:50,387] {processor.py:153} INFO - Started process (PID=4871) to work on /home/airflow/.local/lib/python3.7/site-packages/airflow/example_dags/example_python_operator.py
[2024-02-11 02:19:50,387] {processor.py:641} INFO - Processing file /home/airflow/.local/lib/python3.7/site-packages/airflow/example_dags/example_python_operator.py for tasks to queue
[2024-02-11 02:19:50,388] {logging_mixin.py:115} INFO - [2024-02-11 02:19:50,388] {dagbag.py:507} INFO - Filling up the DagBag from /home/airflow/.local/lib/python3.7/site-packages/airflow/example_dags/example_python_operator.py
[2024-02-11 02:19:50,398] {processor.py:651} INFO - DAG(s) dict_keys(['example_python_operator']) retrieved from /home/airflow/.local/lib/python3.7/site-packages/airflow/example_dags/example_python_operator.py
[2024-02-11 02:19:50,499] {logging_mixin.py:115} INFO - [2024-02-11 02:19:50,499] {dag.py:2371} INFO - Sync 1 DAGs
[2024-02-11 02:19:50,512] {logging_mixin.py:115} INFO - [2024-02-11 02:19:50,512] {dag.py:2919} INFO - Setting next_dagrun for example_python_operator to None, run_after=None
[2024-02-11 02:19:50,523] {processor.py:161} INFO - Processing /home/airflow/.local/lib/python3.7/site-packages/airflow/example_dags/example_python_operator.py took 0.138 seconds
[2024-02-11 03:27:03,487] {processor.py:153} INFO - Started process (PID=4941) to work on /home/airflow/.local/lib/python3.7/site-packages/airflow/example_dags/example_python_operator.py
[2024-02-11 03:27:03,490] {processor.py:641} INFO - Processing file /home/airflow/.local/lib/python3.7/site-packages/airflow/example_dags/example_python_operator.py for tasks to queue
[2024-02-11 03:27:03,491] {logging_mixin.py:115} INFO - [2024-02-11 03:27:03,491] {dagbag.py:507} INFO - Filling up the DagBag from /home/airflow/.local/lib/python3.7/site-packages/airflow/example_dags/example_python_operator.py
[2024-02-11 03:27:03,776] {processor.py:651} INFO - DAG(s) dict_keys(['example_python_operator']) retrieved from /home/airflow/.local/lib/python3.7/site-packages/airflow/example_dags/example_python_operator.py
[2024-02-11 03:27:03,807] {logging_mixin.py:115} INFO - [2024-02-11 03:27:03,807] {dag.py:2371} INFO - Sync 1 DAGs
[2024-02-11 03:27:03,827] {logging_mixin.py:115} INFO - [2024-02-11 03:27:03,827] {dag.py:2919} INFO - Setting next_dagrun for example_python_operator to None, run_after=None
[2024-02-11 03:27:03,837] {processor.py:161} INFO - Processing /home/airflow/.local/lib/python3.7/site-packages/airflow/example_dags/example_python_operator.py took 0.368 seconds
[2024-02-11 03:32:30,311] {processor.py:153} INFO - Started process (PID=5002) to work on /home/airflow/.local/lib/python3.7/site-packages/airflow/example_dags/example_python_operator.py
[2024-02-11 03:32:30,319] {processor.py:641} INFO - Processing file /home/airflow/.local/lib/python3.7/site-packages/airflow/example_dags/example_python_operator.py for tasks to queue
[2024-02-11 03:32:30,323] {logging_mixin.py:115} INFO - [2024-02-11 03:32:30,323] {dagbag.py:507} INFO - Filling up the DagBag from /home/airflow/.local/lib/python3.7/site-packages/airflow/example_dags/example_python_operator.py
[2024-02-11 03:32:30,455] {processor.py:651} INFO - DAG(s) dict_keys(['example_python_operator']) retrieved from /home/airflow/.local/lib/python3.7/site-packages/airflow/example_dags/example_python_operator.py
[2024-02-11 03:32:30,549] {logging_mixin.py:115} INFO - [2024-02-11 03:32:30,549] {dag.py:2371} INFO - Sync 1 DAGs
[2024-02-11 03:32:30,742] {logging_mixin.py:115} INFO - [2024-02-11 03:32:30,741] {dag.py:2919} INFO - Setting next_dagrun for example_python_operator to None, run_after=None
[2024-02-11 03:32:30,816] {processor.py:161} INFO - Processing /home/airflow/.local/lib/python3.7/site-packages/airflow/example_dags/example_python_operator.py took 0.539 seconds
[2024-02-11 04:04:51,100] {processor.py:153} INFO - Started process (PID=5069) to work on /home/airflow/.local/lib/python3.7/site-packages/airflow/example_dags/example_python_operator.py
[2024-02-11 04:04:51,101] {processor.py:641} INFO - Processing file /home/airflow/.local/lib/python3.7/site-packages/airflow/example_dags/example_python_operator.py for tasks to queue
[2024-02-11 04:04:51,103] {logging_mixin.py:115} INFO - [2024-02-11 04:04:51,103] {dagbag.py:507} INFO - Filling up the DagBag from /home/airflow/.local/lib/python3.7/site-packages/airflow/example_dags/example_python_operator.py
[2024-02-11 04:04:51,131] {processor.py:651} INFO - DAG(s) dict_keys(['example_python_operator']) retrieved from /home/airflow/.local/lib/python3.7/site-packages/airflow/example_dags/example_python_operator.py
[2024-02-11 04:04:51,186] {logging_mixin.py:115} INFO - [2024-02-11 04:04:51,186] {dag.py:2371} INFO - Sync 1 DAGs
[2024-02-11 04:04:51,205] {logging_mixin.py:115} INFO - [2024-02-11 04:04:51,205] {dag.py:2919} INFO - Setting next_dagrun for example_python_operator to None, run_after=None
[2024-02-11 04:04:51,223] {processor.py:161} INFO - Processing /home/airflow/.local/lib/python3.7/site-packages/airflow/example_dags/example_python_operator.py took 0.128 seconds
[2024-02-11 04:23:11,176] {processor.py:153} INFO - Started process (PID=5138) to work on /home/airflow/.local/lib/python3.7/site-packages/airflow/example_dags/example_python_operator.py
[2024-02-11 04:23:11,179] {processor.py:641} INFO - Processing file /home/airflow/.local/lib/python3.7/site-packages/airflow/example_dags/example_python_operator.py for tasks to queue
[2024-02-11 04:23:11,181] {logging_mixin.py:115} INFO - [2024-02-11 04:23:11,181] {dagbag.py:507} INFO - Filling up the DagBag from /home/airflow/.local/lib/python3.7/site-packages/airflow/example_dags/example_python_operator.py
[2024-02-11 04:23:11,200] {processor.py:651} INFO - DAG(s) dict_keys(['example_python_operator']) retrieved from /home/airflow/.local/lib/python3.7/site-packages/airflow/example_dags/example_python_operator.py
[2024-02-11 04:23:11,227] {logging_mixin.py:115} INFO - [2024-02-11 04:23:11,227] {dag.py:2371} INFO - Sync 1 DAGs
[2024-02-11 04:23:11,257] {logging_mixin.py:115} INFO - [2024-02-11 04:23:11,257] {dag.py:2919} INFO - Setting next_dagrun for example_python_operator to None, run_after=None
[2024-02-11 04:23:11,277] {processor.py:161} INFO - Processing /home/airflow/.local/lib/python3.7/site-packages/airflow/example_dags/example_python_operator.py took 0.107 seconds
[2024-02-11 05:29:09,351] {processor.py:153} INFO - Started process (PID=5198) to work on /home/airflow/.local/lib/python3.7/site-packages/airflow/example_dags/example_python_operator.py
[2024-02-11 05:29:09,355] {processor.py:641} INFO - Processing file /home/airflow/.local/lib/python3.7/site-packages/airflow/example_dags/example_python_operator.py for tasks to queue
[2024-02-11 05:29:09,356] {logging_mixin.py:115} INFO - [2024-02-11 05:29:09,356] {dagbag.py:507} INFO - Filling up the DagBag from /home/airflow/.local/lib/python3.7/site-packages/airflow/example_dags/example_python_operator.py
[2024-02-11 05:29:09,377] {processor.py:651} INFO - DAG(s) dict_keys(['example_python_operator']) retrieved from /home/airflow/.local/lib/python3.7/site-packages/airflow/example_dags/example_python_operator.py
[2024-02-11 05:29:09,406] {logging_mixin.py:115} INFO - [2024-02-11 05:29:09,406] {dag.py:2371} INFO - Sync 1 DAGs
[2024-02-11 05:29:09,437] {logging_mixin.py:115} INFO - [2024-02-11 05:29:09,437] {dag.py:2919} INFO - Setting next_dagrun for example_python_operator to None, run_after=None
[2024-02-11 05:29:09,456] {processor.py:161} INFO - Processing /home/airflow/.local/lib/python3.7/site-packages/airflow/example_dags/example_python_operator.py took 0.108 seconds
[2024-02-11 05:33:27,905] {processor.py:153} INFO - Started process (PID=5253) to work on /home/airflow/.local/lib/python3.7/site-packages/airflow/example_dags/example_python_operator.py
[2024-02-11 05:33:27,906] {processor.py:641} INFO - Processing file /home/airflow/.local/lib/python3.7/site-packages/airflow/example_dags/example_python_operator.py for tasks to queue
[2024-02-11 05:33:27,907] {logging_mixin.py:115} INFO - [2024-02-11 05:33:27,907] {dagbag.py:507} INFO - Filling up the DagBag from /home/airflow/.local/lib/python3.7/site-packages/airflow/example_dags/example_python_operator.py
[2024-02-11 05:33:27,924] {processor.py:651} INFO - DAG(s) dict_keys(['example_python_operator']) retrieved from /home/airflow/.local/lib/python3.7/site-packages/airflow/example_dags/example_python_operator.py
[2024-02-11 05:33:27,953] {logging_mixin.py:115} INFO - [2024-02-11 05:33:27,953] {dag.py:2371} INFO - Sync 1 DAGs
[2024-02-11 05:33:27,990] {logging_mixin.py:115} INFO - [2024-02-11 05:33:27,989] {dag.py:2919} INFO - Setting next_dagrun for example_python_operator to None, run_after=None
[2024-02-11 05:33:28,019] {processor.py:161} INFO - Processing /home/airflow/.local/lib/python3.7/site-packages/airflow/example_dags/example_python_operator.py took 0.119 seconds
[2024-02-11 06:21:40,504] {processor.py:153} INFO - Started process (PID=5321) to work on /home/airflow/.local/lib/python3.7/site-packages/airflow/example_dags/example_python_operator.py
[2024-02-11 06:21:40,505] {processor.py:641} INFO - Processing file /home/airflow/.local/lib/python3.7/site-packages/airflow/example_dags/example_python_operator.py for tasks to queue
[2024-02-11 06:21:40,506] {logging_mixin.py:115} INFO - [2024-02-11 06:21:40,506] {dagbag.py:507} INFO - Filling up the DagBag from /home/airflow/.local/lib/python3.7/site-packages/airflow/example_dags/example_python_operator.py
[2024-02-11 06:21:40,525] {processor.py:651} INFO - DAG(s) dict_keys(['example_python_operator']) retrieved from /home/airflow/.local/lib/python3.7/site-packages/airflow/example_dags/example_python_operator.py
[2024-02-11 06:21:40,546] {logging_mixin.py:115} INFO - [2024-02-11 06:21:40,546] {dag.py:2371} INFO - Sync 1 DAGs
[2024-02-11 06:21:40,561] {logging_mixin.py:115} INFO - [2024-02-11 06:21:40,561] {dag.py:2919} INFO - Setting next_dagrun for example_python_operator to None, run_after=None
[2024-02-11 06:21:40,670] {processor.py:161} INFO - Processing /home/airflow/.local/lib/python3.7/site-packages/airflow/example_dags/example_python_operator.py took 0.169 seconds
[2024-02-11 06:34:32,360] {processor.py:153} INFO - Started process (PID=5391) to work on /home/airflow/.local/lib/python3.7/site-packages/airflow/example_dags/example_python_operator.py
[2024-02-11 06:34:32,361] {processor.py:641} INFO - Processing file /home/airflow/.local/lib/python3.7/site-packages/airflow/example_dags/example_python_operator.py for tasks to queue
[2024-02-11 06:34:32,362] {logging_mixin.py:115} INFO - [2024-02-11 06:34:32,362] {dagbag.py:507} INFO - Filling up the DagBag from /home/airflow/.local/lib/python3.7/site-packages/airflow/example_dags/example_python_operator.py
[2024-02-11 06:34:32,378] {processor.py:651} INFO - DAG(s) dict_keys(['example_python_operator']) retrieved from /home/airflow/.local/lib/python3.7/site-packages/airflow/example_dags/example_python_operator.py
[2024-02-11 06:34:32,401] {logging_mixin.py:115} INFO - [2024-02-11 06:34:32,401] {dag.py:2371} INFO - Sync 1 DAGs
[2024-02-11 06:34:32,572] {logging_mixin.py:115} INFO - [2024-02-11 06:34:32,572] {dag.py:2919} INFO - Setting next_dagrun for example_python_operator to None, run_after=None
[2024-02-11 06:34:32,584] {processor.py:161} INFO - Processing /home/airflow/.local/lib/python3.7/site-packages/airflow/example_dags/example_python_operator.py took 0.229 seconds
[2024-02-11 07:08:51,913] {processor.py:153} INFO - Started process (PID=5449) to work on /home/airflow/.local/lib/python3.7/site-packages/airflow/example_dags/example_python_operator.py
[2024-02-11 07:08:51,913] {processor.py:641} INFO - Processing file /home/airflow/.local/lib/python3.7/site-packages/airflow/example_dags/example_python_operator.py for tasks to queue
[2024-02-11 07:08:51,913] {logging_mixin.py:115} INFO - [2024-02-11 07:08:51,913] {dagbag.py:507} INFO - Filling up the DagBag from /home/airflow/.local/lib/python3.7/site-packages/airflow/example_dags/example_python_operator.py
[2024-02-11 07:08:51,922] {processor.py:651} INFO - DAG(s) dict_keys(['example_python_operator']) retrieved from /home/airflow/.local/lib/python3.7/site-packages/airflow/example_dags/example_python_operator.py
[2024-02-11 07:08:51,937] {logging_mixin.py:115} INFO - [2024-02-11 07:08:51,937] {dag.py:2371} INFO - Sync 1 DAGs
[2024-02-11 07:08:52,033] {logging_mixin.py:115} INFO - [2024-02-11 07:08:52,033] {dag.py:2919} INFO - Setting next_dagrun for example_python_operator to None, run_after=None
[2024-02-11 07:08:52,040] {processor.py:161} INFO - Processing /home/airflow/.local/lib/python3.7/site-packages/airflow/example_dags/example_python_operator.py took 0.129 seconds
[2024-02-11 07:35:27,318] {processor.py:153} INFO - Started process (PID=5518) to work on /home/airflow/.local/lib/python3.7/site-packages/airflow/example_dags/example_python_operator.py
[2024-02-11 07:35:27,318] {processor.py:641} INFO - Processing file /home/airflow/.local/lib/python3.7/site-packages/airflow/example_dags/example_python_operator.py for tasks to queue
[2024-02-11 07:35:27,319] {logging_mixin.py:115} INFO - [2024-02-11 07:35:27,319] {dagbag.py:507} INFO - Filling up the DagBag from /home/airflow/.local/lib/python3.7/site-packages/airflow/example_dags/example_python_operator.py
[2024-02-11 07:35:27,330] {processor.py:651} INFO - DAG(s) dict_keys(['example_python_operator']) retrieved from /home/airflow/.local/lib/python3.7/site-packages/airflow/example_dags/example_python_operator.py
[2024-02-11 07:35:27,355] {logging_mixin.py:115} INFO - [2024-02-11 07:35:27,355] {dag.py:2371} INFO - Sync 1 DAGs
[2024-02-11 07:35:27,509] {logging_mixin.py:115} INFO - [2024-02-11 07:35:27,508] {dag.py:2919} INFO - Setting next_dagrun for example_python_operator to None, run_after=None
[2024-02-11 07:35:27,515] {processor.py:161} INFO - Processing /home/airflow/.local/lib/python3.7/site-packages/airflow/example_dags/example_python_operator.py took 0.200 seconds
[2024-02-11 08:02:45,925] {processor.py:153} INFO - Started process (PID=5587) to work on /home/airflow/.local/lib/python3.7/site-packages/airflow/example_dags/example_python_operator.py
[2024-02-11 08:02:45,926] {processor.py:641} INFO - Processing file /home/airflow/.local/lib/python3.7/site-packages/airflow/example_dags/example_python_operator.py for tasks to queue
[2024-02-11 08:02:45,927] {logging_mixin.py:115} INFO - [2024-02-11 08:02:45,927] {dagbag.py:507} INFO - Filling up the DagBag from /home/airflow/.local/lib/python3.7/site-packages/airflow/example_dags/example_python_operator.py
[2024-02-11 08:02:45,941] {processor.py:651} INFO - DAG(s) dict_keys(['example_python_operator']) retrieved from /home/airflow/.local/lib/python3.7/site-packages/airflow/example_dags/example_python_operator.py
[2024-02-11 08:02:46,163] {logging_mixin.py:115} INFO - [2024-02-11 08:02:46,163] {dag.py:2371} INFO - Sync 1 DAGs
[2024-02-11 08:02:46,177] {logging_mixin.py:115} INFO - [2024-02-11 08:02:46,177] {dag.py:2919} INFO - Setting next_dagrun for example_python_operator to None, run_after=None
[2024-02-11 08:02:46,184] {processor.py:161} INFO - Processing /home/airflow/.local/lib/python3.7/site-packages/airflow/example_dags/example_python_operator.py took 0.262 seconds
[2024-02-11 08:03:16,839] {processor.py:153} INFO - Started process (PID=5641) to work on /home/airflow/.local/lib/python3.7/site-packages/airflow/example_dags/example_python_operator.py
[2024-02-11 08:03:16,840] {processor.py:641} INFO - Processing file /home/airflow/.local/lib/python3.7/site-packages/airflow/example_dags/example_python_operator.py for tasks to queue
[2024-02-11 08:03:16,840] {logging_mixin.py:115} INFO - [2024-02-11 08:03:16,840] {dagbag.py:507} INFO - Filling up the DagBag from /home/airflow/.local/lib/python3.7/site-packages/airflow/example_dags/example_python_operator.py
[2024-02-11 08:03:16,848] {processor.py:651} INFO - DAG(s) dict_keys(['example_python_operator']) retrieved from /home/airflow/.local/lib/python3.7/site-packages/airflow/example_dags/example_python_operator.py
[2024-02-11 08:03:16,934] {logging_mixin.py:115} INFO - [2024-02-11 08:03:16,934] {dag.py:2371} INFO - Sync 1 DAGs
[2024-02-11 08:03:16,945] {logging_mixin.py:115} INFO - [2024-02-11 08:03:16,945] {dag.py:2919} INFO - Setting next_dagrun for example_python_operator to None, run_after=None
[2024-02-11 08:03:16,951] {processor.py:161} INFO - Processing /home/airflow/.local/lib/python3.7/site-packages/airflow/example_dags/example_python_operator.py took 0.113 seconds
[2024-02-11 08:05:40,695] {processor.py:153} INFO - Started process (PID=5696) to work on /home/airflow/.local/lib/python3.7/site-packages/airflow/example_dags/example_python_operator.py
[2024-02-11 08:05:40,696] {processor.py:641} INFO - Processing file /home/airflow/.local/lib/python3.7/site-packages/airflow/example_dags/example_python_operator.py for tasks to queue
[2024-02-11 08:05:40,696] {logging_mixin.py:115} INFO - [2024-02-11 08:05:40,696] {dagbag.py:507} INFO - Filling up the DagBag from /home/airflow/.local/lib/python3.7/site-packages/airflow/example_dags/example_python_operator.py
[2024-02-11 08:05:40,708] {processor.py:651} INFO - DAG(s) dict_keys(['example_python_operator']) retrieved from /home/airflow/.local/lib/python3.7/site-packages/airflow/example_dags/example_python_operator.py
[2024-02-11 08:05:40,851] {logging_mixin.py:115} INFO - [2024-02-11 08:05:40,851] {dag.py:2371} INFO - Sync 1 DAGs
[2024-02-11 08:05:40,862] {logging_mixin.py:115} INFO - [2024-02-11 08:05:40,862] {dag.py:2919} INFO - Setting next_dagrun for example_python_operator to None, run_after=None
[2024-02-11 08:05:40,867] {processor.py:161} INFO - Processing /home/airflow/.local/lib/python3.7/site-packages/airflow/example_dags/example_python_operator.py took 0.174 seconds
[2024-02-11 08:06:12,253] {processor.py:153} INFO - Started process (PID=5760) to work on /home/airflow/.local/lib/python3.7/site-packages/airflow/example_dags/example_python_operator.py
[2024-02-11 08:06:12,253] {processor.py:641} INFO - Processing file /home/airflow/.local/lib/python3.7/site-packages/airflow/example_dags/example_python_operator.py for tasks to queue
[2024-02-11 08:06:12,254] {logging_mixin.py:115} INFO - [2024-02-11 08:06:12,254] {dagbag.py:507} INFO - Filling up the DagBag from /home/airflow/.local/lib/python3.7/site-packages/airflow/example_dags/example_python_operator.py
[2024-02-11 08:06:12,264] {processor.py:651} INFO - DAG(s) dict_keys(['example_python_operator']) retrieved from /home/airflow/.local/lib/python3.7/site-packages/airflow/example_dags/example_python_operator.py
[2024-02-11 08:06:12,408] {logging_mixin.py:115} INFO - [2024-02-11 08:06:12,408] {dag.py:2371} INFO - Sync 1 DAGs
[2024-02-11 08:06:12,420] {logging_mixin.py:115} INFO - [2024-02-11 08:06:12,420] {dag.py:2919} INFO - Setting next_dagrun for example_python_operator to None, run_after=None
[2024-02-11 08:06:12,427] {processor.py:161} INFO - Processing /home/airflow/.local/lib/python3.7/site-packages/airflow/example_dags/example_python_operator.py took 0.176 seconds
[2024-02-11 08:06:43,026] {processor.py:153} INFO - Started process (PID=5824) to work on /home/airflow/.local/lib/python3.7/site-packages/airflow/example_dags/example_python_operator.py
[2024-02-11 08:06:43,030] {processor.py:641} INFO - Processing file /home/airflow/.local/lib/python3.7/site-packages/airflow/example_dags/example_python_operator.py for tasks to queue
[2024-02-11 08:06:43,032] {logging_mixin.py:115} INFO - [2024-02-11 08:06:43,032] {dagbag.py:507} INFO - Filling up the DagBag from /home/airflow/.local/lib/python3.7/site-packages/airflow/example_dags/example_python_operator.py
[2024-02-11 08:06:43,050] {processor.py:651} INFO - DAG(s) dict_keys(['example_python_operator']) retrieved from /home/airflow/.local/lib/python3.7/site-packages/airflow/example_dags/example_python_operator.py
[2024-02-11 08:06:43,261] {logging_mixin.py:115} INFO - [2024-02-11 08:06:43,261] {dag.py:2371} INFO - Sync 1 DAGs
[2024-02-11 08:06:43,288] {logging_mixin.py:115} INFO - [2024-02-11 08:06:43,288] {dag.py:2919} INFO - Setting next_dagrun for example_python_operator to None, run_after=None
[2024-02-11 08:06:43,301] {processor.py:161} INFO - Processing /home/airflow/.local/lib/python3.7/site-packages/airflow/example_dags/example_python_operator.py took 0.280 seconds
[2024-02-11 08:07:13,972] {processor.py:153} INFO - Started process (PID=5888) to work on /home/airflow/.local/lib/python3.7/site-packages/airflow/example_dags/example_python_operator.py
[2024-02-11 08:07:13,972] {processor.py:641} INFO - Processing file /home/airflow/.local/lib/python3.7/site-packages/airflow/example_dags/example_python_operator.py for tasks to queue
[2024-02-11 08:07:13,973] {logging_mixin.py:115} INFO - [2024-02-11 08:07:13,973] {dagbag.py:507} INFO - Filling up the DagBag from /home/airflow/.local/lib/python3.7/site-packages/airflow/example_dags/example_python_operator.py
[2024-02-11 08:07:13,981] {processor.py:651} INFO - DAG(s) dict_keys(['example_python_operator']) retrieved from /home/airflow/.local/lib/python3.7/site-packages/airflow/example_dags/example_python_operator.py
[2024-02-11 08:07:14,081] {logging_mixin.py:115} INFO - [2024-02-11 08:07:14,081] {dag.py:2371} INFO - Sync 1 DAGs
[2024-02-11 08:07:14,093] {logging_mixin.py:115} INFO - [2024-02-11 08:07:14,093] {dag.py:2919} INFO - Setting next_dagrun for example_python_operator to None, run_after=None
[2024-02-11 08:07:14,100] {processor.py:161} INFO - Processing /home/airflow/.local/lib/python3.7/site-packages/airflow/example_dags/example_python_operator.py took 0.129 seconds
[2024-02-11 08:07:45,027] {processor.py:153} INFO - Started process (PID=5952) to work on /home/airflow/.local/lib/python3.7/site-packages/airflow/example_dags/example_python_operator.py
[2024-02-11 08:07:45,028] {processor.py:641} INFO - Processing file /home/airflow/.local/lib/python3.7/site-packages/airflow/example_dags/example_python_operator.py for tasks to queue
[2024-02-11 08:07:45,028] {logging_mixin.py:115} INFO - [2024-02-11 08:07:45,028] {dagbag.py:507} INFO - Filling up the DagBag from /home/airflow/.local/lib/python3.7/site-packages/airflow/example_dags/example_python_operator.py
[2024-02-11 08:07:45,038] {processor.py:651} INFO - DAG(s) dict_keys(['example_python_operator']) retrieved from /home/airflow/.local/lib/python3.7/site-packages/airflow/example_dags/example_python_operator.py
[2024-02-11 08:07:45,130] {logging_mixin.py:115} INFO - [2024-02-11 08:07:45,130] {dag.py:2371} INFO - Sync 1 DAGs
[2024-02-11 08:07:45,140] {logging_mixin.py:115} INFO - [2024-02-11 08:07:45,140] {dag.py:2919} INFO - Setting next_dagrun for example_python_operator to None, run_after=None
[2024-02-11 08:07:45,145] {processor.py:161} INFO - Processing /home/airflow/.local/lib/python3.7/site-packages/airflow/example_dags/example_python_operator.py took 0.121 seconds
[2024-02-11 08:08:15,974] {processor.py:153} INFO - Started process (PID=6016) to work on /home/airflow/.local/lib/python3.7/site-packages/airflow/example_dags/example_python_operator.py
[2024-02-11 08:08:15,975] {processor.py:641} INFO - Processing file /home/airflow/.local/lib/python3.7/site-packages/airflow/example_dags/example_python_operator.py for tasks to queue
[2024-02-11 08:08:15,975] {logging_mixin.py:115} INFO - [2024-02-11 08:08:15,975] {dagbag.py:507} INFO - Filling up the DagBag from /home/airflow/.local/lib/python3.7/site-packages/airflow/example_dags/example_python_operator.py
[2024-02-11 08:08:15,988] {processor.py:651} INFO - DAG(s) dict_keys(['example_python_operator']) retrieved from /home/airflow/.local/lib/python3.7/site-packages/airflow/example_dags/example_python_operator.py
[2024-02-11 08:08:16,168] {logging_mixin.py:115} INFO - [2024-02-11 08:08:16,168] {dag.py:2371} INFO - Sync 1 DAGs
[2024-02-11 08:08:16,183] {logging_mixin.py:115} INFO - [2024-02-11 08:08:16,183] {dag.py:2919} INFO - Setting next_dagrun for example_python_operator to None, run_after=None
[2024-02-11 08:08:16,189] {processor.py:161} INFO - Processing /home/airflow/.local/lib/python3.7/site-packages/airflow/example_dags/example_python_operator.py took 0.217 seconds
[2024-02-11 08:08:52,565] {processor.py:153} INFO - Started process (PID=6080) to work on /home/airflow/.local/lib/python3.7/site-packages/airflow/example_dags/example_python_operator.py
[2024-02-11 08:08:52,572] {processor.py:641} INFO - Processing file /home/airflow/.local/lib/python3.7/site-packages/airflow/example_dags/example_python_operator.py for tasks to queue
[2024-02-11 08:08:52,576] {logging_mixin.py:115} INFO - [2024-02-11 08:08:52,576] {dagbag.py:507} INFO - Filling up the DagBag from /home/airflow/.local/lib/python3.7/site-packages/airflow/example_dags/example_python_operator.py
[2024-02-11 08:08:52,625] {processor.py:651} INFO - DAG(s) dict_keys(['example_python_operator']) retrieved from /home/airflow/.local/lib/python3.7/site-packages/airflow/example_dags/example_python_operator.py
[2024-02-11 08:08:53,692] {logging_mixin.py:115} INFO - [2024-02-11 08:08:53,691] {dag.py:2371} INFO - Sync 1 DAGs
[2024-02-11 08:08:53,722] {logging_mixin.py:115} INFO - [2024-02-11 08:08:53,722] {dag.py:2919} INFO - Setting next_dagrun for example_python_operator to None, run_after=None
[2024-02-11 08:08:53,742] {processor.py:161} INFO - Processing /home/airflow/.local/lib/python3.7/site-packages/airflow/example_dags/example_python_operator.py took 1.193 seconds
[2024-02-11 12:16:16,292] {processor.py:153} INFO - Started process (PID=79) to work on /home/airflow/.local/lib/python3.7/site-packages/airflow/example_dags/example_python_operator.py
[2024-02-11 12:16:16,294] {processor.py:641} INFO - Processing file /home/airflow/.local/lib/python3.7/site-packages/airflow/example_dags/example_python_operator.py for tasks to queue
[2024-02-11 12:16:16,299] {logging_mixin.py:115} INFO - [2024-02-11 12:16:16,298] {dagbag.py:507} INFO - Filling up the DagBag from /home/airflow/.local/lib/python3.7/site-packages/airflow/example_dags/example_python_operator.py
[2024-02-11 12:16:16,355] {processor.py:651} INFO - DAG(s) dict_keys(['example_python_operator']) retrieved from /home/airflow/.local/lib/python3.7/site-packages/airflow/example_dags/example_python_operator.py
[2024-02-11 12:16:16,394] {logging_mixin.py:115} INFO - [2024-02-11 12:16:16,394] {dag.py:2371} INFO - Sync 1 DAGs
[2024-02-11 12:16:16,412] {logging_mixin.py:115} INFO - [2024-02-11 12:16:16,412] {dag.py:2919} INFO - Setting next_dagrun for example_python_operator to None, run_after=None
[2024-02-11 12:16:16,442] {processor.py:161} INFO - Processing /home/airflow/.local/lib/python3.7/site-packages/airflow/example_dags/example_python_operator.py took 0.154 seconds
[2024-02-11 12:16:48,449] {processor.py:153} INFO - Started process (PID=134) to work on /home/airflow/.local/lib/python3.7/site-packages/airflow/example_dags/example_python_operator.py
[2024-02-11 12:16:48,451] {processor.py:641} INFO - Processing file /home/airflow/.local/lib/python3.7/site-packages/airflow/example_dags/example_python_operator.py for tasks to queue
[2024-02-11 12:16:48,453] {logging_mixin.py:115} INFO - [2024-02-11 12:16:48,453] {dagbag.py:507} INFO - Filling up the DagBag from /home/airflow/.local/lib/python3.7/site-packages/airflow/example_dags/example_python_operator.py
[2024-02-11 12:16:48,468] {processor.py:651} INFO - DAG(s) dict_keys(['example_python_operator']) retrieved from /home/airflow/.local/lib/python3.7/site-packages/airflow/example_dags/example_python_operator.py
[2024-02-11 12:16:48,485] {logging_mixin.py:115} INFO - [2024-02-11 12:16:48,485] {dag.py:2371} INFO - Sync 1 DAGs
[2024-02-11 12:16:48,508] {logging_mixin.py:115} INFO - [2024-02-11 12:16:48,508] {dag.py:2919} INFO - Setting next_dagrun for example_python_operator to None, run_after=None
[2024-02-11 12:16:48,524] {processor.py:161} INFO - Processing /home/airflow/.local/lib/python3.7/site-packages/airflow/example_dags/example_python_operator.py took 0.077 seconds
[2024-02-11 12:17:19,507] {processor.py:153} INFO - Started process (PID=189) to work on /home/airflow/.local/lib/python3.7/site-packages/airflow/example_dags/example_python_operator.py
[2024-02-11 12:17:19,509] {processor.py:641} INFO - Processing file /home/airflow/.local/lib/python3.7/site-packages/airflow/example_dags/example_python_operator.py for tasks to queue
[2024-02-11 12:17:19,510] {logging_mixin.py:115} INFO - [2024-02-11 12:17:19,510] {dagbag.py:507} INFO - Filling up the DagBag from /home/airflow/.local/lib/python3.7/site-packages/airflow/example_dags/example_python_operator.py
[2024-02-11 12:17:19,525] {processor.py:651} INFO - DAG(s) dict_keys(['example_python_operator']) retrieved from /home/airflow/.local/lib/python3.7/site-packages/airflow/example_dags/example_python_operator.py
[2024-02-11 12:17:19,545] {logging_mixin.py:115} INFO - [2024-02-11 12:17:19,545] {dag.py:2371} INFO - Sync 1 DAGs
[2024-02-11 12:17:19,560] {logging_mixin.py:115} INFO - [2024-02-11 12:17:19,560] {dag.py:2919} INFO - Setting next_dagrun for example_python_operator to None, run_after=None
[2024-02-11 12:17:19,567] {processor.py:161} INFO - Processing /home/airflow/.local/lib/python3.7/site-packages/airflow/example_dags/example_python_operator.py took 0.063 seconds
[2024-02-11 12:17:50,765] {processor.py:153} INFO - Started process (PID=252) to work on /home/airflow/.local/lib/python3.7/site-packages/airflow/example_dags/example_python_operator.py
[2024-02-11 12:17:50,777] {processor.py:641} INFO - Processing file /home/airflow/.local/lib/python3.7/site-packages/airflow/example_dags/example_python_operator.py for tasks to queue
[2024-02-11 12:17:50,780] {logging_mixin.py:115} INFO - [2024-02-11 12:17:50,780] {dagbag.py:507} INFO - Filling up the DagBag from /home/airflow/.local/lib/python3.7/site-packages/airflow/example_dags/example_python_operator.py
[2024-02-11 12:17:50,822] {processor.py:651} INFO - DAG(s) dict_keys(['example_python_operator']) retrieved from /home/airflow/.local/lib/python3.7/site-packages/airflow/example_dags/example_python_operator.py
[2024-02-11 12:17:50,849] {logging_mixin.py:115} INFO - [2024-02-11 12:17:50,849] {dag.py:2371} INFO - Sync 1 DAGs
[2024-02-11 12:17:50,876] {logging_mixin.py:115} INFO - [2024-02-11 12:17:50,876] {dag.py:2919} INFO - Setting next_dagrun for example_python_operator to None, run_after=None
[2024-02-11 12:17:50,885] {processor.py:161} INFO - Processing /home/airflow/.local/lib/python3.7/site-packages/airflow/example_dags/example_python_operator.py took 0.125 seconds
[2024-02-11 12:18:22,075] {processor.py:153} INFO - Started process (PID=316) to work on /home/airflow/.local/lib/python3.7/site-packages/airflow/example_dags/example_python_operator.py
[2024-02-11 12:18:22,077] {processor.py:641} INFO - Processing file /home/airflow/.local/lib/python3.7/site-packages/airflow/example_dags/example_python_operator.py for tasks to queue
[2024-02-11 12:18:22,078] {logging_mixin.py:115} INFO - [2024-02-11 12:18:22,078] {dagbag.py:507} INFO - Filling up the DagBag from /home/airflow/.local/lib/python3.7/site-packages/airflow/example_dags/example_python_operator.py
[2024-02-11 12:18:22,091] {processor.py:651} INFO - DAG(s) dict_keys(['example_python_operator']) retrieved from /home/airflow/.local/lib/python3.7/site-packages/airflow/example_dags/example_python_operator.py
[2024-02-11 12:18:22,105] {logging_mixin.py:115} INFO - [2024-02-11 12:18:22,105] {dag.py:2371} INFO - Sync 1 DAGs
[2024-02-11 12:18:22,116] {logging_mixin.py:115} INFO - [2024-02-11 12:18:22,116] {dag.py:2919} INFO - Setting next_dagrun for example_python_operator to None, run_after=None
[2024-02-11 12:18:22,123] {processor.py:161} INFO - Processing /home/airflow/.local/lib/python3.7/site-packages/airflow/example_dags/example_python_operator.py took 0.050 seconds
[2024-02-11 12:18:52,993] {processor.py:153} INFO - Started process (PID=380) to work on /home/airflow/.local/lib/python3.7/site-packages/airflow/example_dags/example_python_operator.py
[2024-02-11 12:18:52,995] {processor.py:641} INFO - Processing file /home/airflow/.local/lib/python3.7/site-packages/airflow/example_dags/example_python_operator.py for tasks to queue
[2024-02-11 12:18:52,996] {logging_mixin.py:115} INFO - [2024-02-11 12:18:52,995] {dagbag.py:507} INFO - Filling up the DagBag from /home/airflow/.local/lib/python3.7/site-packages/airflow/example_dags/example_python_operator.py
[2024-02-11 12:18:53,013] {processor.py:651} INFO - DAG(s) dict_keys(['example_python_operator']) retrieved from /home/airflow/.local/lib/python3.7/site-packages/airflow/example_dags/example_python_operator.py
[2024-02-11 12:18:53,035] {logging_mixin.py:115} INFO - [2024-02-11 12:18:53,035] {dag.py:2371} INFO - Sync 1 DAGs
[2024-02-11 12:18:53,058] {logging_mixin.py:115} INFO - [2024-02-11 12:18:53,058] {dag.py:2919} INFO - Setting next_dagrun for example_python_operator to None, run_after=None
[2024-02-11 12:18:53,075] {processor.py:161} INFO - Processing /home/airflow/.local/lib/python3.7/site-packages/airflow/example_dags/example_python_operator.py took 0.088 seconds
[2024-02-11 12:19:23,731] {processor.py:153} INFO - Started process (PID=442) to work on /home/airflow/.local/lib/python3.7/site-packages/airflow/example_dags/example_python_operator.py
[2024-02-11 12:19:23,735] {processor.py:641} INFO - Processing file /home/airflow/.local/lib/python3.7/site-packages/airflow/example_dags/example_python_operator.py for tasks to queue
[2024-02-11 12:19:23,740] {logging_mixin.py:115} INFO - [2024-02-11 12:19:23,739] {dagbag.py:507} INFO - Filling up the DagBag from /home/airflow/.local/lib/python3.7/site-packages/airflow/example_dags/example_python_operator.py
[2024-02-11 12:19:23,762] {processor.py:651} INFO - DAG(s) dict_keys(['example_python_operator']) retrieved from /home/airflow/.local/lib/python3.7/site-packages/airflow/example_dags/example_python_operator.py
[2024-02-11 12:19:23,807] {logging_mixin.py:115} INFO - [2024-02-11 12:19:23,807] {dag.py:2371} INFO - Sync 1 DAGs
[2024-02-11 12:19:23,835] {logging_mixin.py:115} INFO - [2024-02-11 12:19:23,835] {dag.py:2919} INFO - Setting next_dagrun for example_python_operator to None, run_after=None
[2024-02-11 12:19:23,859] {processor.py:161} INFO - Processing /home/airflow/.local/lib/python3.7/site-packages/airflow/example_dags/example_python_operator.py took 0.134 seconds
[2024-02-11 12:19:54,472] {processor.py:153} INFO - Started process (PID=497) to work on /home/airflow/.local/lib/python3.7/site-packages/airflow/example_dags/example_python_operator.py
[2024-02-11 12:19:54,474] {processor.py:641} INFO - Processing file /home/airflow/.local/lib/python3.7/site-packages/airflow/example_dags/example_python_operator.py for tasks to queue
[2024-02-11 12:19:54,475] {logging_mixin.py:115} INFO - [2024-02-11 12:19:54,475] {dagbag.py:507} INFO - Filling up the DagBag from /home/airflow/.local/lib/python3.7/site-packages/airflow/example_dags/example_python_operator.py
[2024-02-11 12:19:54,492] {processor.py:651} INFO - DAG(s) dict_keys(['example_python_operator']) retrieved from /home/airflow/.local/lib/python3.7/site-packages/airflow/example_dags/example_python_operator.py
[2024-02-11 12:19:54,511] {logging_mixin.py:115} INFO - [2024-02-11 12:19:54,511] {dag.py:2371} INFO - Sync 1 DAGs
[2024-02-11 12:19:54,532] {logging_mixin.py:115} INFO - [2024-02-11 12:19:54,532] {dag.py:2919} INFO - Setting next_dagrun for example_python_operator to None, run_after=None
[2024-02-11 12:19:54,541] {processor.py:161} INFO - Processing /home/airflow/.local/lib/python3.7/site-packages/airflow/example_dags/example_python_operator.py took 0.072 seconds
[2024-02-11 12:20:25,315] {processor.py:153} INFO - Started process (PID=561) to work on /home/airflow/.local/lib/python3.7/site-packages/airflow/example_dags/example_python_operator.py
[2024-02-11 12:20:25,316] {processor.py:641} INFO - Processing file /home/airflow/.local/lib/python3.7/site-packages/airflow/example_dags/example_python_operator.py for tasks to queue
[2024-02-11 12:20:25,317] {logging_mixin.py:115} INFO - [2024-02-11 12:20:25,317] {dagbag.py:507} INFO - Filling up the DagBag from /home/airflow/.local/lib/python3.7/site-packages/airflow/example_dags/example_python_operator.py
[2024-02-11 12:20:25,334] {processor.py:651} INFO - DAG(s) dict_keys(['example_python_operator']) retrieved from /home/airflow/.local/lib/python3.7/site-packages/airflow/example_dags/example_python_operator.py
[2024-02-11 12:20:25,352] {logging_mixin.py:115} INFO - [2024-02-11 12:20:25,352] {dag.py:2371} INFO - Sync 1 DAGs
[2024-02-11 12:20:25,374] {logging_mixin.py:115} INFO - [2024-02-11 12:20:25,374] {dag.py:2919} INFO - Setting next_dagrun for example_python_operator to None, run_after=None
[2024-02-11 12:20:25,385] {processor.py:161} INFO - Processing /home/airflow/.local/lib/python3.7/site-packages/airflow/example_dags/example_python_operator.py took 0.072 seconds
[2024-02-11 12:20:56,058] {processor.py:153} INFO - Started process (PID=625) to work on /home/airflow/.local/lib/python3.7/site-packages/airflow/example_dags/example_python_operator.py
[2024-02-11 12:20:56,059] {processor.py:641} INFO - Processing file /home/airflow/.local/lib/python3.7/site-packages/airflow/example_dags/example_python_operator.py for tasks to queue
[2024-02-11 12:20:56,060] {logging_mixin.py:115} INFO - [2024-02-11 12:20:56,060] {dagbag.py:507} INFO - Filling up the DagBag from /home/airflow/.local/lib/python3.7/site-packages/airflow/example_dags/example_python_operator.py
[2024-02-11 12:20:56,075] {processor.py:651} INFO - DAG(s) dict_keys(['example_python_operator']) retrieved from /home/airflow/.local/lib/python3.7/site-packages/airflow/example_dags/example_python_operator.py
[2024-02-11 12:20:56,090] {logging_mixin.py:115} INFO - [2024-02-11 12:20:56,090] {dag.py:2371} INFO - Sync 1 DAGs
[2024-02-11 12:20:56,102] {logging_mixin.py:115} INFO - [2024-02-11 12:20:56,102] {dag.py:2919} INFO - Setting next_dagrun for example_python_operator to None, run_after=None
[2024-02-11 12:20:56,109] {processor.py:161} INFO - Processing /home/airflow/.local/lib/python3.7/site-packages/airflow/example_dags/example_python_operator.py took 0.053 seconds
[2024-02-11 12:21:26,930] {processor.py:153} INFO - Started process (PID=679) to work on /home/airflow/.local/lib/python3.7/site-packages/airflow/example_dags/example_python_operator.py
[2024-02-11 12:21:26,932] {processor.py:641} INFO - Processing file /home/airflow/.local/lib/python3.7/site-packages/airflow/example_dags/example_python_operator.py for tasks to queue
[2024-02-11 12:21:26,932] {logging_mixin.py:115} INFO - [2024-02-11 12:21:26,932] {dagbag.py:507} INFO - Filling up the DagBag from /home/airflow/.local/lib/python3.7/site-packages/airflow/example_dags/example_python_operator.py
[2024-02-11 12:21:26,943] {processor.py:651} INFO - DAG(s) dict_keys(['example_python_operator']) retrieved from /home/airflow/.local/lib/python3.7/site-packages/airflow/example_dags/example_python_operator.py
[2024-02-11 12:21:26,956] {logging_mixin.py:115} INFO - [2024-02-11 12:21:26,956] {dag.py:2371} INFO - Sync 1 DAGs
[2024-02-11 12:21:26,966] {logging_mixin.py:115} INFO - [2024-02-11 12:21:26,966] {dag.py:2919} INFO - Setting next_dagrun for example_python_operator to None, run_after=None
[2024-02-11 12:21:26,972] {processor.py:161} INFO - Processing /home/airflow/.local/lib/python3.7/site-packages/airflow/example_dags/example_python_operator.py took 0.045 seconds
[2024-02-11 12:21:58,107] {processor.py:153} INFO - Started process (PID=746) to work on /home/airflow/.local/lib/python3.7/site-packages/airflow/example_dags/example_python_operator.py
[2024-02-11 12:21:58,108] {processor.py:641} INFO - Processing file /home/airflow/.local/lib/python3.7/site-packages/airflow/example_dags/example_python_operator.py for tasks to queue
[2024-02-11 12:21:58,109] {logging_mixin.py:115} INFO - [2024-02-11 12:21:58,109] {dagbag.py:507} INFO - Filling up the DagBag from /home/airflow/.local/lib/python3.7/site-packages/airflow/example_dags/example_python_operator.py
[2024-02-11 12:21:58,117] {processor.py:651} INFO - DAG(s) dict_keys(['example_python_operator']) retrieved from /home/airflow/.local/lib/python3.7/site-packages/airflow/example_dags/example_python_operator.py
[2024-02-11 12:21:58,130] {logging_mixin.py:115} INFO - [2024-02-11 12:21:58,129] {dag.py:2371} INFO - Sync 1 DAGs
[2024-02-11 12:21:58,141] {logging_mixin.py:115} INFO - [2024-02-11 12:21:58,141] {dag.py:2919} INFO - Setting next_dagrun for example_python_operator to None, run_after=None
[2024-02-11 12:21:58,147] {processor.py:161} INFO - Processing /home/airflow/.local/lib/python3.7/site-packages/airflow/example_dags/example_python_operator.py took 0.042 seconds
[2024-02-11 12:23:20,507] {processor.py:153} INFO - Started process (PID=67) to work on /home/airflow/.local/lib/python3.7/site-packages/airflow/example_dags/example_python_operator.py
[2024-02-11 12:23:20,511] {processor.py:641} INFO - Processing file /home/airflow/.local/lib/python3.7/site-packages/airflow/example_dags/example_python_operator.py for tasks to queue
[2024-02-11 12:23:20,512] {logging_mixin.py:115} INFO - [2024-02-11 12:23:20,511] {dagbag.py:507} INFO - Filling up the DagBag from /home/airflow/.local/lib/python3.7/site-packages/airflow/example_dags/example_python_operator.py
[2024-02-11 12:23:20,680] {processor.py:651} INFO - DAG(s) dict_keys(['example_python_operator']) retrieved from /home/airflow/.local/lib/python3.7/site-packages/airflow/example_dags/example_python_operator.py
[2024-02-11 12:23:20,868] {logging_mixin.py:115} INFO - [2024-02-11 12:23:20,868] {dag.py:2371} INFO - Sync 1 DAGs
[2024-02-11 12:23:20,894] {logging_mixin.py:115} INFO - [2024-02-11 12:23:20,894] {dag.py:2919} INFO - Setting next_dagrun for example_python_operator to None, run_after=None
[2024-02-11 12:23:20,910] {processor.py:161} INFO - Processing /home/airflow/.local/lib/python3.7/site-packages/airflow/example_dags/example_python_operator.py took 0.406 seconds
[2024-02-11 12:24:18,591] {processor.py:153} INFO - Started process (PID=76) to work on /home/airflow/.local/lib/python3.7/site-packages/airflow/example_dags/example_python_operator.py
[2024-02-11 12:24:18,596] {processor.py:641} INFO - Processing file /home/airflow/.local/lib/python3.7/site-packages/airflow/example_dags/example_python_operator.py for tasks to queue
[2024-02-11 12:24:18,597] {logging_mixin.py:115} INFO - [2024-02-11 12:24:18,597] {dagbag.py:507} INFO - Filling up the DagBag from /home/airflow/.local/lib/python3.7/site-packages/airflow/example_dags/example_python_operator.py
[2024-02-11 12:24:18,630] {processor.py:651} INFO - DAG(s) dict_keys(['example_python_operator']) retrieved from /home/airflow/.local/lib/python3.7/site-packages/airflow/example_dags/example_python_operator.py
[2024-02-11 12:24:18,664] {logging_mixin.py:115} INFO - [2024-02-11 12:24:18,664] {dag.py:2371} INFO - Sync 1 DAGs
[2024-02-11 12:24:18,739] {logging_mixin.py:115} INFO - [2024-02-11 12:24:18,739] {dag.py:2919} INFO - Setting next_dagrun for example_python_operator to None, run_after=None
[2024-02-11 12:24:19,086] {processor.py:161} INFO - Processing /home/airflow/.local/lib/python3.7/site-packages/airflow/example_dags/example_python_operator.py took 0.497 seconds
[2024-02-11 12:24:49,228] {processor.py:153} INFO - Started process (PID=130) to work on /home/airflow/.local/lib/python3.7/site-packages/airflow/example_dags/example_python_operator.py
[2024-02-11 12:24:49,229] {processor.py:641} INFO - Processing file /home/airflow/.local/lib/python3.7/site-packages/airflow/example_dags/example_python_operator.py for tasks to queue
[2024-02-11 12:24:49,230] {logging_mixin.py:115} INFO - [2024-02-11 12:24:49,230] {dagbag.py:507} INFO - Filling up the DagBag from /home/airflow/.local/lib/python3.7/site-packages/airflow/example_dags/example_python_operator.py
[2024-02-11 12:24:49,241] {processor.py:651} INFO - DAG(s) dict_keys(['example_python_operator']) retrieved from /home/airflow/.local/lib/python3.7/site-packages/airflow/example_dags/example_python_operator.py
[2024-02-11 12:24:49,257] {logging_mixin.py:115} INFO - [2024-02-11 12:24:49,257] {dag.py:2371} INFO - Sync 1 DAGs
[2024-02-11 12:24:49,272] {logging_mixin.py:115} INFO - [2024-02-11 12:24:49,271] {dag.py:2919} INFO - Setting next_dagrun for example_python_operator to None, run_after=None
[2024-02-11 12:24:49,355] {processor.py:161} INFO - Processing /home/airflow/.local/lib/python3.7/site-packages/airflow/example_dags/example_python_operator.py took 0.130 seconds
[2024-02-11 12:25:20,329] {processor.py:153} INFO - Started process (PID=207) to work on /home/airflow/.local/lib/python3.7/site-packages/airflow/example_dags/example_python_operator.py
[2024-02-11 12:25:20,331] {processor.py:641} INFO - Processing file /home/airflow/.local/lib/python3.7/site-packages/airflow/example_dags/example_python_operator.py for tasks to queue
[2024-02-11 12:25:20,331] {logging_mixin.py:115} INFO - [2024-02-11 12:25:20,331] {dagbag.py:507} INFO - Filling up the DagBag from /home/airflow/.local/lib/python3.7/site-packages/airflow/example_dags/example_python_operator.py
[2024-02-11 12:25:20,345] {processor.py:651} INFO - DAG(s) dict_keys(['example_python_operator']) retrieved from /home/airflow/.local/lib/python3.7/site-packages/airflow/example_dags/example_python_operator.py
[2024-02-11 12:25:20,371] {logging_mixin.py:115} INFO - [2024-02-11 12:25:20,371] {dag.py:2371} INFO - Sync 1 DAGs
[2024-02-11 12:25:20,390] {logging_mixin.py:115} INFO - [2024-02-11 12:25:20,390] {dag.py:2919} INFO - Setting next_dagrun for example_python_operator to None, run_after=None
[2024-02-11 12:25:20,553] {processor.py:161} INFO - Processing /home/airflow/.local/lib/python3.7/site-packages/airflow/example_dags/example_python_operator.py took 0.226 seconds
[2024-02-11 12:25:50,804] {processor.py:153} INFO - Started process (PID=262) to work on /home/airflow/.local/lib/python3.7/site-packages/airflow/example_dags/example_python_operator.py
[2024-02-11 12:25:50,809] {processor.py:641} INFO - Processing file /home/airflow/.local/lib/python3.7/site-packages/airflow/example_dags/example_python_operator.py for tasks to queue
[2024-02-11 12:25:50,809] {logging_mixin.py:115} INFO - [2024-02-11 12:25:50,809] {dagbag.py:507} INFO - Filling up the DagBag from /home/airflow/.local/lib/python3.7/site-packages/airflow/example_dags/example_python_operator.py
[2024-02-11 12:25:50,819] {processor.py:651} INFO - DAG(s) dict_keys(['example_python_operator']) retrieved from /home/airflow/.local/lib/python3.7/site-packages/airflow/example_dags/example_python_operator.py
[2024-02-11 12:25:50,838] {logging_mixin.py:115} INFO - [2024-02-11 12:25:50,838] {dag.py:2371} INFO - Sync 1 DAGs
[2024-02-11 12:25:50,871] {logging_mixin.py:115} INFO - [2024-02-11 12:25:50,871] {dag.py:2919} INFO - Setting next_dagrun for example_python_operator to None, run_after=None
[2024-02-11 12:25:51,100] {processor.py:161} INFO - Processing /home/airflow/.local/lib/python3.7/site-packages/airflow/example_dags/example_python_operator.py took 0.297 seconds
[2024-02-11 12:26:21,463] {processor.py:153} INFO - Started process (PID=329) to work on /home/airflow/.local/lib/python3.7/site-packages/airflow/example_dags/example_python_operator.py
[2024-02-11 12:26:21,465] {processor.py:641} INFO - Processing file /home/airflow/.local/lib/python3.7/site-packages/airflow/example_dags/example_python_operator.py for tasks to queue
[2024-02-11 12:26:21,466] {logging_mixin.py:115} INFO - [2024-02-11 12:26:21,465] {dagbag.py:507} INFO - Filling up the DagBag from /home/airflow/.local/lib/python3.7/site-packages/airflow/example_dags/example_python_operator.py
[2024-02-11 12:26:21,478] {processor.py:651} INFO - DAG(s) dict_keys(['example_python_operator']) retrieved from /home/airflow/.local/lib/python3.7/site-packages/airflow/example_dags/example_python_operator.py
[2024-02-11 12:26:21,496] {logging_mixin.py:115} INFO - [2024-02-11 12:26:21,496] {dag.py:2371} INFO - Sync 1 DAGs
[2024-02-11 12:26:21,512] {logging_mixin.py:115} INFO - [2024-02-11 12:26:21,512] {dag.py:2919} INFO - Setting next_dagrun for example_python_operator to None, run_after=None
[2024-02-11 12:26:21,601] {processor.py:161} INFO - Processing /home/airflow/.local/lib/python3.7/site-packages/airflow/example_dags/example_python_operator.py took 0.141 seconds
[2024-02-11 12:26:52,052] {processor.py:153} INFO - Started process (PID=391) to work on /home/airflow/.local/lib/python3.7/site-packages/airflow/example_dags/example_python_operator.py
[2024-02-11 12:26:52,055] {processor.py:641} INFO - Processing file /home/airflow/.local/lib/python3.7/site-packages/airflow/example_dags/example_python_operator.py for tasks to queue
[2024-02-11 12:26:52,056] {logging_mixin.py:115} INFO - [2024-02-11 12:26:52,055] {dagbag.py:507} INFO - Filling up the DagBag from /home/airflow/.local/lib/python3.7/site-packages/airflow/example_dags/example_python_operator.py
[2024-02-11 12:26:52,072] {processor.py:651} INFO - DAG(s) dict_keys(['example_python_operator']) retrieved from /home/airflow/.local/lib/python3.7/site-packages/airflow/example_dags/example_python_operator.py
[2024-02-11 12:26:52,097] {logging_mixin.py:115} INFO - [2024-02-11 12:26:52,096] {dag.py:2371} INFO - Sync 1 DAGs
[2024-02-11 12:26:52,114] {logging_mixin.py:115} INFO - [2024-02-11 12:26:52,114] {dag.py:2919} INFO - Setting next_dagrun for example_python_operator to None, run_after=None
[2024-02-11 12:26:52,225] {processor.py:161} INFO - Processing /home/airflow/.local/lib/python3.7/site-packages/airflow/example_dags/example_python_operator.py took 0.174 seconds
[2024-02-11 12:27:23,309] {processor.py:153} INFO - Started process (PID=459) to work on /home/airflow/.local/lib/python3.7/site-packages/airflow/example_dags/example_python_operator.py
[2024-02-11 12:27:23,312] {processor.py:641} INFO - Processing file /home/airflow/.local/lib/python3.7/site-packages/airflow/example_dags/example_python_operator.py for tasks to queue
[2024-02-11 12:27:23,313] {logging_mixin.py:115} INFO - [2024-02-11 12:27:23,312] {dagbag.py:507} INFO - Filling up the DagBag from /home/airflow/.local/lib/python3.7/site-packages/airflow/example_dags/example_python_operator.py
[2024-02-11 12:27:23,325] {processor.py:651} INFO - DAG(s) dict_keys(['example_python_operator']) retrieved from /home/airflow/.local/lib/python3.7/site-packages/airflow/example_dags/example_python_operator.py
[2024-02-11 12:27:23,340] {logging_mixin.py:115} INFO - [2024-02-11 12:27:23,340] {dag.py:2371} INFO - Sync 1 DAGs
[2024-02-11 12:27:23,355] {logging_mixin.py:115} INFO - [2024-02-11 12:27:23,354] {dag.py:2919} INFO - Setting next_dagrun for example_python_operator to None, run_after=None
[2024-02-11 12:27:23,436] {processor.py:161} INFO - Processing /home/airflow/.local/lib/python3.7/site-packages/airflow/example_dags/example_python_operator.py took 0.129 seconds
[2024-02-11 12:27:54,695] {processor.py:153} INFO - Started process (PID=522) to work on /home/airflow/.local/lib/python3.7/site-packages/airflow/example_dags/example_python_operator.py
[2024-02-11 12:27:54,697] {processor.py:641} INFO - Processing file /home/airflow/.local/lib/python3.7/site-packages/airflow/example_dags/example_python_operator.py for tasks to queue
[2024-02-11 12:27:54,700] {logging_mixin.py:115} INFO - [2024-02-11 12:27:54,700] {dagbag.py:507} INFO - Filling up the DagBag from /home/airflow/.local/lib/python3.7/site-packages/airflow/example_dags/example_python_operator.py
[2024-02-11 12:27:54,731] {processor.py:651} INFO - DAG(s) dict_keys(['example_python_operator']) retrieved from /home/airflow/.local/lib/python3.7/site-packages/airflow/example_dags/example_python_operator.py
[2024-02-11 12:27:54,751] {logging_mixin.py:115} INFO - [2024-02-11 12:27:54,751] {dag.py:2371} INFO - Sync 1 DAGs
[2024-02-11 12:27:54,767] {logging_mixin.py:115} INFO - [2024-02-11 12:27:54,767] {dag.py:2919} INFO - Setting next_dagrun for example_python_operator to None, run_after=None
[2024-02-11 12:27:54,877] {processor.py:161} INFO - Processing /home/airflow/.local/lib/python3.7/site-packages/airflow/example_dags/example_python_operator.py took 0.189 seconds
[2024-02-11 12:28:26,037] {processor.py:153} INFO - Started process (PID=581) to work on /home/airflow/.local/lib/python3.7/site-packages/airflow/example_dags/example_python_operator.py
[2024-02-11 12:28:26,038] {processor.py:641} INFO - Processing file /home/airflow/.local/lib/python3.7/site-packages/airflow/example_dags/example_python_operator.py for tasks to queue
[2024-02-11 12:28:26,038] {logging_mixin.py:115} INFO - [2024-02-11 12:28:26,038] {dagbag.py:507} INFO - Filling up the DagBag from /home/airflow/.local/lib/python3.7/site-packages/airflow/example_dags/example_python_operator.py
[2024-02-11 12:28:26,055] {processor.py:651} INFO - DAG(s) dict_keys(['example_python_operator']) retrieved from /home/airflow/.local/lib/python3.7/site-packages/airflow/example_dags/example_python_operator.py
[2024-02-11 12:28:26,083] {logging_mixin.py:115} INFO - [2024-02-11 12:28:26,083] {dag.py:2371} INFO - Sync 1 DAGs
[2024-02-11 12:28:26,117] {logging_mixin.py:115} INFO - [2024-02-11 12:28:26,117] {dag.py:2919} INFO - Setting next_dagrun for example_python_operator to None, run_after=None
[2024-02-11 12:28:26,262] {processor.py:161} INFO - Processing /home/airflow/.local/lib/python3.7/site-packages/airflow/example_dags/example_python_operator.py took 0.228 seconds
[2024-02-11 12:28:57,374] {processor.py:153} INFO - Started process (PID=645) to work on /home/airflow/.local/lib/python3.7/site-packages/airflow/example_dags/example_python_operator.py
[2024-02-11 12:28:57,375] {processor.py:641} INFO - Processing file /home/airflow/.local/lib/python3.7/site-packages/airflow/example_dags/example_python_operator.py for tasks to queue
[2024-02-11 12:28:57,376] {logging_mixin.py:115} INFO - [2024-02-11 12:28:57,376] {dagbag.py:507} INFO - Filling up the DagBag from /home/airflow/.local/lib/python3.7/site-packages/airflow/example_dags/example_python_operator.py
[2024-02-11 12:28:57,389] {processor.py:651} INFO - DAG(s) dict_keys(['example_python_operator']) retrieved from /home/airflow/.local/lib/python3.7/site-packages/airflow/example_dags/example_python_operator.py
[2024-02-11 12:28:57,407] {logging_mixin.py:115} INFO - [2024-02-11 12:28:57,407] {dag.py:2371} INFO - Sync 1 DAGs
[2024-02-11 12:28:57,423] {logging_mixin.py:115} INFO - [2024-02-11 12:28:57,423] {dag.py:2919} INFO - Setting next_dagrun for example_python_operator to None, run_after=None
[2024-02-11 12:28:57,538] {processor.py:161} INFO - Processing /home/airflow/.local/lib/python3.7/site-packages/airflow/example_dags/example_python_operator.py took 0.166 seconds
[2024-02-11 12:29:28,712] {processor.py:153} INFO - Started process (PID=714) to work on /home/airflow/.local/lib/python3.7/site-packages/airflow/example_dags/example_python_operator.py
[2024-02-11 12:29:28,716] {processor.py:641} INFO - Processing file /home/airflow/.local/lib/python3.7/site-packages/airflow/example_dags/example_python_operator.py for tasks to queue
[2024-02-11 12:29:28,718] {logging_mixin.py:115} INFO - [2024-02-11 12:29:28,718] {dagbag.py:507} INFO - Filling up the DagBag from /home/airflow/.local/lib/python3.7/site-packages/airflow/example_dags/example_python_operator.py
[2024-02-11 12:29:28,748] {processor.py:651} INFO - DAG(s) dict_keys(['example_python_operator']) retrieved from /home/airflow/.local/lib/python3.7/site-packages/airflow/example_dags/example_python_operator.py
[2024-02-11 12:29:28,860] {logging_mixin.py:115} INFO - [2024-02-11 12:29:28,860] {dag.py:2371} INFO - Sync 1 DAGs
[2024-02-11 12:29:29,129] {logging_mixin.py:115} INFO - [2024-02-11 12:29:29,129] {dag.py:2919} INFO - Setting next_dagrun for example_python_operator to None, run_after=None
[2024-02-11 12:29:29,136] {processor.py:161} INFO - Processing /home/airflow/.local/lib/python3.7/site-packages/airflow/example_dags/example_python_operator.py took 0.430 seconds
[2024-02-11 12:30:00,074] {processor.py:153} INFO - Started process (PID=778) to work on /home/airflow/.local/lib/python3.7/site-packages/airflow/example_dags/example_python_operator.py
[2024-02-11 12:30:00,078] {processor.py:641} INFO - Processing file /home/airflow/.local/lib/python3.7/site-packages/airflow/example_dags/example_python_operator.py for tasks to queue
[2024-02-11 12:30:00,079] {logging_mixin.py:115} INFO - [2024-02-11 12:30:00,079] {dagbag.py:507} INFO - Filling up the DagBag from /home/airflow/.local/lib/python3.7/site-packages/airflow/example_dags/example_python_operator.py
[2024-02-11 12:30:00,113] {processor.py:651} INFO - DAG(s) dict_keys(['example_python_operator']) retrieved from /home/airflow/.local/lib/python3.7/site-packages/airflow/example_dags/example_python_operator.py
[2024-02-11 12:30:00,167] {logging_mixin.py:115} INFO - [2024-02-11 12:30:00,167] {dag.py:2371} INFO - Sync 1 DAGs
[2024-02-11 12:30:00,462] {logging_mixin.py:115} INFO - [2024-02-11 12:30:00,462] {dag.py:2919} INFO - Setting next_dagrun for example_python_operator to None, run_after=None
[2024-02-11 12:30:00,469] {processor.py:161} INFO - Processing /home/airflow/.local/lib/python3.7/site-packages/airflow/example_dags/example_python_operator.py took 0.403 seconds
[2024-02-11 12:30:31,077] {processor.py:153} INFO - Started process (PID=845) to work on /home/airflow/.local/lib/python3.7/site-packages/airflow/example_dags/example_python_operator.py
[2024-02-11 12:30:31,080] {processor.py:641} INFO - Processing file /home/airflow/.local/lib/python3.7/site-packages/airflow/example_dags/example_python_operator.py for tasks to queue
[2024-02-11 12:30:31,081] {logging_mixin.py:115} INFO - [2024-02-11 12:30:31,081] {dagbag.py:507} INFO - Filling up the DagBag from /home/airflow/.local/lib/python3.7/site-packages/airflow/example_dags/example_python_operator.py
[2024-02-11 12:30:31,108] {processor.py:651} INFO - DAG(s) dict_keys(['example_python_operator']) retrieved from /home/airflow/.local/lib/python3.7/site-packages/airflow/example_dags/example_python_operator.py
[2024-02-11 12:30:31,162] {logging_mixin.py:115} INFO - [2024-02-11 12:30:31,161] {dag.py:2371} INFO - Sync 1 DAGs
[2024-02-11 12:30:31,555] {logging_mixin.py:115} INFO - [2024-02-11 12:30:31,555] {dag.py:2919} INFO - Setting next_dagrun for example_python_operator to None, run_after=None
[2024-02-11 12:30:31,588] {processor.py:161} INFO - Processing /home/airflow/.local/lib/python3.7/site-packages/airflow/example_dags/example_python_operator.py took 0.531 seconds
[2024-02-11 12:31:01,871] {processor.py:153} INFO - Started process (PID=904) to work on /home/airflow/.local/lib/python3.7/site-packages/airflow/example_dags/example_python_operator.py
[2024-02-11 12:31:01,874] {processor.py:641} INFO - Processing file /home/airflow/.local/lib/python3.7/site-packages/airflow/example_dags/example_python_operator.py for tasks to queue
[2024-02-11 12:31:01,875] {logging_mixin.py:115} INFO - [2024-02-11 12:31:01,875] {dagbag.py:507} INFO - Filling up the DagBag from /home/airflow/.local/lib/python3.7/site-packages/airflow/example_dags/example_python_operator.py
[2024-02-11 12:31:01,892] {processor.py:651} INFO - DAG(s) dict_keys(['example_python_operator']) retrieved from /home/airflow/.local/lib/python3.7/site-packages/airflow/example_dags/example_python_operator.py
[2024-02-11 12:31:01,934] {logging_mixin.py:115} INFO - [2024-02-11 12:31:01,934] {dag.py:2371} INFO - Sync 1 DAGs
[2024-02-11 12:31:02,203] {logging_mixin.py:115} INFO - [2024-02-11 12:31:02,203] {dag.py:2919} INFO - Setting next_dagrun for example_python_operator to None, run_after=None
[2024-02-11 12:31:02,211] {processor.py:161} INFO - Processing /home/airflow/.local/lib/python3.7/site-packages/airflow/example_dags/example_python_operator.py took 0.344 seconds
[2024-02-11 12:31:32,666] {processor.py:153} INFO - Started process (PID=971) to work on /home/airflow/.local/lib/python3.7/site-packages/airflow/example_dags/example_python_operator.py
[2024-02-11 12:31:32,670] {processor.py:641} INFO - Processing file /home/airflow/.local/lib/python3.7/site-packages/airflow/example_dags/example_python_operator.py for tasks to queue
[2024-02-11 12:31:32,672] {logging_mixin.py:115} INFO - [2024-02-11 12:31:32,672] {dagbag.py:507} INFO - Filling up the DagBag from /home/airflow/.local/lib/python3.7/site-packages/airflow/example_dags/example_python_operator.py
[2024-02-11 12:31:32,686] {processor.py:651} INFO - DAG(s) dict_keys(['example_python_operator']) retrieved from /home/airflow/.local/lib/python3.7/site-packages/airflow/example_dags/example_python_operator.py
[2024-02-11 12:31:32,705] {logging_mixin.py:115} INFO - [2024-02-11 12:31:32,704] {dag.py:2371} INFO - Sync 1 DAGs
[2024-02-11 12:31:32,834] {logging_mixin.py:115} INFO - [2024-02-11 12:31:32,834] {dag.py:2919} INFO - Setting next_dagrun for example_python_operator to None, run_after=None
[2024-02-11 12:31:32,841] {processor.py:161} INFO - Processing /home/airflow/.local/lib/python3.7/site-packages/airflow/example_dags/example_python_operator.py took 0.181 seconds
[2024-02-11 12:32:03,333] {processor.py:153} INFO - Started process (PID=1040) to work on /home/airflow/.local/lib/python3.7/site-packages/airflow/example_dags/example_python_operator.py
[2024-02-11 12:32:03,341] {processor.py:641} INFO - Processing file /home/airflow/.local/lib/python3.7/site-packages/airflow/example_dags/example_python_operator.py for tasks to queue
[2024-02-11 12:32:03,342] {logging_mixin.py:115} INFO - [2024-02-11 12:32:03,342] {dagbag.py:507} INFO - Filling up the DagBag from /home/airflow/.local/lib/python3.7/site-packages/airflow/example_dags/example_python_operator.py
[2024-02-11 12:32:03,392] {processor.py:651} INFO - DAG(s) dict_keys(['example_python_operator']) retrieved from /home/airflow/.local/lib/python3.7/site-packages/airflow/example_dags/example_python_operator.py
[2024-02-11 12:32:03,480] {logging_mixin.py:115} INFO - [2024-02-11 12:32:03,479] {dag.py:2371} INFO - Sync 1 DAGs
[2024-02-11 12:32:03,783] {logging_mixin.py:115} INFO - [2024-02-11 12:32:03,783] {dag.py:2919} INFO - Setting next_dagrun for example_python_operator to None, run_after=None
[2024-02-11 12:32:03,795] {processor.py:161} INFO - Processing /home/airflow/.local/lib/python3.7/site-packages/airflow/example_dags/example_python_operator.py took 0.474 seconds
[2024-02-11 12:32:34,351] {processor.py:153} INFO - Started process (PID=1103) to work on /home/airflow/.local/lib/python3.7/site-packages/airflow/example_dags/example_python_operator.py
[2024-02-11 12:32:34,353] {processor.py:641} INFO - Processing file /home/airflow/.local/lib/python3.7/site-packages/airflow/example_dags/example_python_operator.py for tasks to queue
[2024-02-11 12:32:34,353] {logging_mixin.py:115} INFO - [2024-02-11 12:32:34,353] {dagbag.py:507} INFO - Filling up the DagBag from /home/airflow/.local/lib/python3.7/site-packages/airflow/example_dags/example_python_operator.py
[2024-02-11 12:32:34,375] {processor.py:651} INFO - DAG(s) dict_keys(['example_python_operator']) retrieved from /home/airflow/.local/lib/python3.7/site-packages/airflow/example_dags/example_python_operator.py
[2024-02-11 12:32:34,406] {logging_mixin.py:115} INFO - [2024-02-11 12:32:34,406] {dag.py:2371} INFO - Sync 1 DAGs
[2024-02-11 12:32:34,609] {logging_mixin.py:115} INFO - [2024-02-11 12:32:34,609] {dag.py:2919} INFO - Setting next_dagrun for example_python_operator to None, run_after=None
[2024-02-11 12:32:34,614] {processor.py:161} INFO - Processing /home/airflow/.local/lib/python3.7/site-packages/airflow/example_dags/example_python_operator.py took 0.267 seconds
[2024-02-11 12:33:04,855] {processor.py:153} INFO - Started process (PID=1166) to work on /home/airflow/.local/lib/python3.7/site-packages/airflow/example_dags/example_python_operator.py
[2024-02-11 12:33:04,857] {processor.py:641} INFO - Processing file /home/airflow/.local/lib/python3.7/site-packages/airflow/example_dags/example_python_operator.py for tasks to queue
[2024-02-11 12:33:04,858] {logging_mixin.py:115} INFO - [2024-02-11 12:33:04,858] {dagbag.py:507} INFO - Filling up the DagBag from /home/airflow/.local/lib/python3.7/site-packages/airflow/example_dags/example_python_operator.py
[2024-02-11 12:33:04,880] {processor.py:651} INFO - DAG(s) dict_keys(['example_python_operator']) retrieved from /home/airflow/.local/lib/python3.7/site-packages/airflow/example_dags/example_python_operator.py
[2024-02-11 12:33:04,905] {logging_mixin.py:115} INFO - [2024-02-11 12:33:04,905] {dag.py:2371} INFO - Sync 1 DAGs
[2024-02-11 12:33:05,059] {logging_mixin.py:115} INFO - [2024-02-11 12:33:05,059] {dag.py:2919} INFO - Setting next_dagrun for example_python_operator to None, run_after=None
[2024-02-11 12:33:05,064] {processor.py:161} INFO - Processing /home/airflow/.local/lib/python3.7/site-packages/airflow/example_dags/example_python_operator.py took 0.213 seconds
[2024-02-11 12:55:39,389] {processor.py:153} INFO - Started process (PID=1243) to work on /home/airflow/.local/lib/python3.7/site-packages/airflow/example_dags/example_python_operator.py
[2024-02-11 12:55:39,394] {processor.py:641} INFO - Processing file /home/airflow/.local/lib/python3.7/site-packages/airflow/example_dags/example_python_operator.py for tasks to queue
[2024-02-11 12:55:39,394] {logging_mixin.py:115} INFO - [2024-02-11 12:55:39,394] {dagbag.py:507} INFO - Filling up the DagBag from /home/airflow/.local/lib/python3.7/site-packages/airflow/example_dags/example_python_operator.py
[2024-02-11 12:55:39,411] {processor.py:651} INFO - DAG(s) dict_keys(['example_python_operator']) retrieved from /home/airflow/.local/lib/python3.7/site-packages/airflow/example_dags/example_python_operator.py
[2024-02-11 12:55:39,438] {logging_mixin.py:115} INFO - [2024-02-11 12:55:39,438] {dag.py:2371} INFO - Sync 1 DAGs
[2024-02-11 12:55:39,579] {logging_mixin.py:115} INFO - [2024-02-11 12:55:39,579] {dag.py:2919} INFO - Setting next_dagrun for example_python_operator to None, run_after=None
[2024-02-11 12:55:39,591] {processor.py:161} INFO - Processing /home/airflow/.local/lib/python3.7/site-packages/airflow/example_dags/example_python_operator.py took 0.206 seconds
[2024-02-11 12:56:10,570] {processor.py:153} INFO - Started process (PID=1302) to work on /home/airflow/.local/lib/python3.7/site-packages/airflow/example_dags/example_python_operator.py
[2024-02-11 12:56:10,574] {processor.py:641} INFO - Processing file /home/airflow/.local/lib/python3.7/site-packages/airflow/example_dags/example_python_operator.py for tasks to queue
[2024-02-11 12:56:10,575] {logging_mixin.py:115} INFO - [2024-02-11 12:56:10,574] {dagbag.py:507} INFO - Filling up the DagBag from /home/airflow/.local/lib/python3.7/site-packages/airflow/example_dags/example_python_operator.py
[2024-02-11 12:56:10,585] {processor.py:651} INFO - DAG(s) dict_keys(['example_python_operator']) retrieved from /home/airflow/.local/lib/python3.7/site-packages/airflow/example_dags/example_python_operator.py
[2024-02-11 12:56:10,610] {logging_mixin.py:115} INFO - [2024-02-11 12:56:10,609] {dag.py:2371} INFO - Sync 1 DAGs
[2024-02-11 12:56:10,715] {logging_mixin.py:115} INFO - [2024-02-11 12:56:10,715] {dag.py:2919} INFO - Setting next_dagrun for example_python_operator to None, run_after=None
[2024-02-11 12:56:10,720] {processor.py:161} INFO - Processing /home/airflow/.local/lib/python3.7/site-packages/airflow/example_dags/example_python_operator.py took 0.153 seconds
[2024-02-11 12:56:41,707] {processor.py:153} INFO - Started process (PID=1365) to work on /home/airflow/.local/lib/python3.7/site-packages/airflow/example_dags/example_python_operator.py
[2024-02-11 12:56:41,708] {processor.py:641} INFO - Processing file /home/airflow/.local/lib/python3.7/site-packages/airflow/example_dags/example_python_operator.py for tasks to queue
[2024-02-11 12:56:41,709] {logging_mixin.py:115} INFO - [2024-02-11 12:56:41,709] {dagbag.py:507} INFO - Filling up the DagBag from /home/airflow/.local/lib/python3.7/site-packages/airflow/example_dags/example_python_operator.py
[2024-02-11 12:56:41,717] {processor.py:651} INFO - DAG(s) dict_keys(['example_python_operator']) retrieved from /home/airflow/.local/lib/python3.7/site-packages/airflow/example_dags/example_python_operator.py
[2024-02-11 12:56:41,729] {logging_mixin.py:115} INFO - [2024-02-11 12:56:41,729] {dag.py:2371} INFO - Sync 1 DAGs
[2024-02-11 12:56:41,804] {logging_mixin.py:115} INFO - [2024-02-11 12:56:41,803] {dag.py:2919} INFO - Setting next_dagrun for example_python_operator to None, run_after=None
[2024-02-11 12:56:41,810] {processor.py:161} INFO - Processing /home/airflow/.local/lib/python3.7/site-packages/airflow/example_dags/example_python_operator.py took 0.105 seconds
[2024-02-11 13:46:24,574] {processor.py:153} INFO - Started process (PID=1428) to work on /home/airflow/.local/lib/python3.7/site-packages/airflow/example_dags/example_python_operator.py
[2024-02-11 13:46:24,576] {processor.py:641} INFO - Processing file /home/airflow/.local/lib/python3.7/site-packages/airflow/example_dags/example_python_operator.py for tasks to queue
[2024-02-11 13:46:24,577] {logging_mixin.py:115} INFO - [2024-02-11 13:46:24,577] {dagbag.py:507} INFO - Filling up the DagBag from /home/airflow/.local/lib/python3.7/site-packages/airflow/example_dags/example_python_operator.py
[2024-02-11 13:46:24,586] {processor.py:651} INFO - DAG(s) dict_keys(['example_python_operator']) retrieved from /home/airflow/.local/lib/python3.7/site-packages/airflow/example_dags/example_python_operator.py
[2024-02-11 13:46:24,720] {logging_mixin.py:115} INFO - [2024-02-11 13:46:24,720] {dag.py:2371} INFO - Sync 1 DAGs
[2024-02-11 13:46:24,737] {logging_mixin.py:115} INFO - [2024-02-11 13:46:24,737] {dag.py:2919} INFO - Setting next_dagrun for example_python_operator to None, run_after=None
[2024-02-11 13:46:24,744] {processor.py:161} INFO - Processing /home/airflow/.local/lib/python3.7/site-packages/airflow/example_dags/example_python_operator.py took 0.174 seconds
[2024-02-11 14:33:14,025] {processor.py:153} INFO - Started process (PID=1494) to work on /home/airflow/.local/lib/python3.7/site-packages/airflow/example_dags/example_python_operator.py
[2024-02-11 14:33:14,031] {processor.py:641} INFO - Processing file /home/airflow/.local/lib/python3.7/site-packages/airflow/example_dags/example_python_operator.py for tasks to queue
[2024-02-11 14:33:14,033] {logging_mixin.py:115} INFO - [2024-02-11 14:33:14,033] {dagbag.py:507} INFO - Filling up the DagBag from /home/airflow/.local/lib/python3.7/site-packages/airflow/example_dags/example_python_operator.py
[2024-02-11 14:33:14,070] {processor.py:651} INFO - DAG(s) dict_keys(['example_python_operator']) retrieved from /home/airflow/.local/lib/python3.7/site-packages/airflow/example_dags/example_python_operator.py
[2024-02-11 14:33:14,270] {logging_mixin.py:115} INFO - [2024-02-11 14:33:14,270] {dag.py:2371} INFO - Sync 1 DAGs
[2024-02-11 14:33:14,299] {logging_mixin.py:115} INFO - [2024-02-11 14:33:14,299] {dag.py:2919} INFO - Setting next_dagrun for example_python_operator to None, run_after=None
[2024-02-11 14:33:14,309] {processor.py:161} INFO - Processing /home/airflow/.local/lib/python3.7/site-packages/airflow/example_dags/example_python_operator.py took 0.292 seconds
[2024-02-11 14:33:45,300] {processor.py:153} INFO - Started process (PID=1549) to work on /home/airflow/.local/lib/python3.7/site-packages/airflow/example_dags/example_python_operator.py
[2024-02-11 14:33:45,302] {processor.py:641} INFO - Processing file /home/airflow/.local/lib/python3.7/site-packages/airflow/example_dags/example_python_operator.py for tasks to queue
[2024-02-11 14:33:45,302] {logging_mixin.py:115} INFO - [2024-02-11 14:33:45,302] {dagbag.py:507} INFO - Filling up the DagBag from /home/airflow/.local/lib/python3.7/site-packages/airflow/example_dags/example_python_operator.py
[2024-02-11 14:33:45,324] {processor.py:651} INFO - DAG(s) dict_keys(['example_python_operator']) retrieved from /home/airflow/.local/lib/python3.7/site-packages/airflow/example_dags/example_python_operator.py
[2024-02-11 14:33:45,436] {logging_mixin.py:115} INFO - [2024-02-11 14:33:45,436] {dag.py:2371} INFO - Sync 1 DAGs
[2024-02-11 14:33:45,455] {logging_mixin.py:115} INFO - [2024-02-11 14:33:45,455] {dag.py:2919} INFO - Setting next_dagrun for example_python_operator to None, run_after=None
[2024-02-11 14:33:45,462] {processor.py:161} INFO - Processing /home/airflow/.local/lib/python3.7/site-packages/airflow/example_dags/example_python_operator.py took 0.164 seconds
[2024-02-11 14:42:44,068] {processor.py:153} INFO - Started process (PID=1630) to work on /home/airflow/.local/lib/python3.7/site-packages/airflow/example_dags/example_python_operator.py
[2024-02-11 14:42:44,074] {processor.py:641} INFO - Processing file /home/airflow/.local/lib/python3.7/site-packages/airflow/example_dags/example_python_operator.py for tasks to queue
[2024-02-11 14:42:44,075] {logging_mixin.py:115} INFO - [2024-02-11 14:42:44,075] {dagbag.py:507} INFO - Filling up the DagBag from /home/airflow/.local/lib/python3.7/site-packages/airflow/example_dags/example_python_operator.py
[2024-02-11 14:42:44,094] {processor.py:651} INFO - DAG(s) dict_keys(['example_python_operator']) retrieved from /home/airflow/.local/lib/python3.7/site-packages/airflow/example_dags/example_python_operator.py
[2024-02-11 14:42:44,131] {logging_mixin.py:115} INFO - [2024-02-11 14:42:44,131] {dag.py:2371} INFO - Sync 1 DAGs
[2024-02-11 14:42:44,151] {logging_mixin.py:115} INFO - [2024-02-11 14:42:44,151] {dag.py:2919} INFO - Setting next_dagrun for example_python_operator to None, run_after=None
[2024-02-11 14:42:44,179] {processor.py:161} INFO - Processing /home/airflow/.local/lib/python3.7/site-packages/airflow/example_dags/example_python_operator.py took 0.116 seconds
[2024-02-11 14:58:31,658] {processor.py:153} INFO - Started process (PID=1702) to work on /home/airflow/.local/lib/python3.7/site-packages/airflow/example_dags/example_python_operator.py
[2024-02-11 14:58:31,661] {processor.py:641} INFO - Processing file /home/airflow/.local/lib/python3.7/site-packages/airflow/example_dags/example_python_operator.py for tasks to queue
[2024-02-11 14:58:31,664] {logging_mixin.py:115} INFO - [2024-02-11 14:58:31,663] {dagbag.py:507} INFO - Filling up the DagBag from /home/airflow/.local/lib/python3.7/site-packages/airflow/example_dags/example_python_operator.py
[2024-02-11 14:58:31,682] {processor.py:651} INFO - DAG(s) dict_keys(['example_python_operator']) retrieved from /home/airflow/.local/lib/python3.7/site-packages/airflow/example_dags/example_python_operator.py
[2024-02-11 14:58:31,712] {logging_mixin.py:115} INFO - [2024-02-11 14:58:31,712] {dag.py:2371} INFO - Sync 1 DAGs
[2024-02-11 14:58:31,769] {logging_mixin.py:115} INFO - [2024-02-11 14:58:31,769] {dag.py:2919} INFO - Setting next_dagrun for example_python_operator to None, run_after=None
[2024-02-11 14:58:31,779] {processor.py:161} INFO - Processing /home/airflow/.local/lib/python3.7/site-packages/airflow/example_dags/example_python_operator.py took 0.126 seconds
[2024-02-11 15:34:12,265] {processor.py:153} INFO - Started process (PID=1768) to work on /home/airflow/.local/lib/python3.7/site-packages/airflow/example_dags/example_python_operator.py
[2024-02-11 15:34:12,267] {processor.py:641} INFO - Processing file /home/airflow/.local/lib/python3.7/site-packages/airflow/example_dags/example_python_operator.py for tasks to queue
[2024-02-11 15:34:12,268] {logging_mixin.py:115} INFO - [2024-02-11 15:34:12,268] {dagbag.py:507} INFO - Filling up the DagBag from /home/airflow/.local/lib/python3.7/site-packages/airflow/example_dags/example_python_operator.py
[2024-02-11 15:34:12,289] {processor.py:651} INFO - DAG(s) dict_keys(['example_python_operator']) retrieved from /home/airflow/.local/lib/python3.7/site-packages/airflow/example_dags/example_python_operator.py
[2024-02-11 15:34:12,329] {logging_mixin.py:115} INFO - [2024-02-11 15:34:12,329] {dag.py:2371} INFO - Sync 1 DAGs
[2024-02-11 15:34:12,366] {logging_mixin.py:115} INFO - [2024-02-11 15:34:12,366] {dag.py:2919} INFO - Setting next_dagrun for example_python_operator to None, run_after=None
[2024-02-11 15:34:12,395] {processor.py:161} INFO - Processing /home/airflow/.local/lib/python3.7/site-packages/airflow/example_dags/example_python_operator.py took 0.134 seconds
[2024-02-11 15:34:43,190] {processor.py:153} INFO - Started process (PID=1832) to work on /home/airflow/.local/lib/python3.7/site-packages/airflow/example_dags/example_python_operator.py
[2024-02-11 15:34:43,193] {processor.py:641} INFO - Processing file /home/airflow/.local/lib/python3.7/site-packages/airflow/example_dags/example_python_operator.py for tasks to queue
[2024-02-11 15:34:43,193] {logging_mixin.py:115} INFO - [2024-02-11 15:34:43,193] {dagbag.py:507} INFO - Filling up the DagBag from /home/airflow/.local/lib/python3.7/site-packages/airflow/example_dags/example_python_operator.py
[2024-02-11 15:34:43,207] {processor.py:651} INFO - DAG(s) dict_keys(['example_python_operator']) retrieved from /home/airflow/.local/lib/python3.7/site-packages/airflow/example_dags/example_python_operator.py
[2024-02-11 15:34:43,221] {logging_mixin.py:115} INFO - [2024-02-11 15:34:43,221] {dag.py:2371} INFO - Sync 1 DAGs
[2024-02-11 15:34:43,233] {logging_mixin.py:115} INFO - [2024-02-11 15:34:43,233] {dag.py:2919} INFO - Setting next_dagrun for example_python_operator to None, run_after=None
[2024-02-11 15:34:43,247] {processor.py:161} INFO - Processing /home/airflow/.local/lib/python3.7/site-packages/airflow/example_dags/example_python_operator.py took 0.060 seconds
[2024-02-11 15:41:19,460] {processor.py:153} INFO - Started process (PID=1912) to work on /home/airflow/.local/lib/python3.7/site-packages/airflow/example_dags/example_python_operator.py
[2024-02-11 15:41:19,471] {processor.py:641} INFO - Processing file /home/airflow/.local/lib/python3.7/site-packages/airflow/example_dags/example_python_operator.py for tasks to queue
[2024-02-11 15:41:19,477] {logging_mixin.py:115} INFO - [2024-02-11 15:41:19,475] {dagbag.py:507} INFO - Filling up the DagBag from /home/airflow/.local/lib/python3.7/site-packages/airflow/example_dags/example_python_operator.py
[2024-02-11 15:41:19,497] {processor.py:651} INFO - DAG(s) dict_keys(['example_python_operator']) retrieved from /home/airflow/.local/lib/python3.7/site-packages/airflow/example_dags/example_python_operator.py
[2024-02-11 15:41:19,592] {logging_mixin.py:115} INFO - [2024-02-11 15:41:19,592] {dag.py:2371} INFO - Sync 1 DAGs
[2024-02-11 15:41:19,625] {logging_mixin.py:115} INFO - [2024-02-11 15:41:19,625] {dag.py:2919} INFO - Setting next_dagrun for example_python_operator to None, run_after=None
[2024-02-11 15:41:19,661] {processor.py:161} INFO - Processing /home/airflow/.local/lib/python3.7/site-packages/airflow/example_dags/example_python_operator.py took 0.205 seconds
[2024-02-11 16:05:36,289] {processor.py:153} INFO - Started process (PID=1977) to work on /home/airflow/.local/lib/python3.7/site-packages/airflow/example_dags/example_python_operator.py
[2024-02-11 16:05:36,291] {processor.py:641} INFO - Processing file /home/airflow/.local/lib/python3.7/site-packages/airflow/example_dags/example_python_operator.py for tasks to queue
[2024-02-11 16:05:36,293] {logging_mixin.py:115} INFO - [2024-02-11 16:05:36,293] {dagbag.py:507} INFO - Filling up the DagBag from /home/airflow/.local/lib/python3.7/site-packages/airflow/example_dags/example_python_operator.py
[2024-02-11 16:05:36,312] {processor.py:651} INFO - DAG(s) dict_keys(['example_python_operator']) retrieved from /home/airflow/.local/lib/python3.7/site-packages/airflow/example_dags/example_python_operator.py
[2024-02-11 16:05:36,351] {logging_mixin.py:115} INFO - [2024-02-11 16:05:36,351] {dag.py:2371} INFO - Sync 1 DAGs
[2024-02-11 16:05:36,368] {logging_mixin.py:115} INFO - [2024-02-11 16:05:36,368] {dag.py:2919} INFO - Setting next_dagrun for example_python_operator to None, run_after=None
[2024-02-11 16:05:36,385] {processor.py:161} INFO - Processing /home/airflow/.local/lib/python3.7/site-packages/airflow/example_dags/example_python_operator.py took 0.097 seconds
[2024-02-11 16:06:18,611] {processor.py:153} INFO - Started process (PID=2044) to work on /home/airflow/.local/lib/python3.7/site-packages/airflow/example_dags/example_python_operator.py
[2024-02-11 16:06:18,613] {processor.py:641} INFO - Processing file /home/airflow/.local/lib/python3.7/site-packages/airflow/example_dags/example_python_operator.py for tasks to queue
[2024-02-11 16:06:18,614] {logging_mixin.py:115} INFO - [2024-02-11 16:06:18,614] {dagbag.py:507} INFO - Filling up the DagBag from /home/airflow/.local/lib/python3.7/site-packages/airflow/example_dags/example_python_operator.py
[2024-02-11 16:06:18,628] {processor.py:651} INFO - DAG(s) dict_keys(['example_python_operator']) retrieved from /home/airflow/.local/lib/python3.7/site-packages/airflow/example_dags/example_python_operator.py
[2024-02-11 16:06:18,663] {logging_mixin.py:115} INFO - [2024-02-11 16:06:18,663] {dag.py:2371} INFO - Sync 1 DAGs
[2024-02-11 16:06:18,677] {logging_mixin.py:115} INFO - [2024-02-11 16:06:18,677] {dag.py:2919} INFO - Setting next_dagrun for example_python_operator to None, run_after=None
[2024-02-11 16:06:18,691] {processor.py:161} INFO - Processing /home/airflow/.local/lib/python3.7/site-packages/airflow/example_dags/example_python_operator.py took 0.083 seconds
[2024-02-11 16:06:49,553] {processor.py:153} INFO - Started process (PID=2107) to work on /home/airflow/.local/lib/python3.7/site-packages/airflow/example_dags/example_python_operator.py
[2024-02-11 16:06:49,555] {processor.py:641} INFO - Processing file /home/airflow/.local/lib/python3.7/site-packages/airflow/example_dags/example_python_operator.py for tasks to queue
[2024-02-11 16:06:49,556] {logging_mixin.py:115} INFO - [2024-02-11 16:06:49,556] {dagbag.py:507} INFO - Filling up the DagBag from /home/airflow/.local/lib/python3.7/site-packages/airflow/example_dags/example_python_operator.py
[2024-02-11 16:06:49,571] {processor.py:651} INFO - DAG(s) dict_keys(['example_python_operator']) retrieved from /home/airflow/.local/lib/python3.7/site-packages/airflow/example_dags/example_python_operator.py
[2024-02-11 16:06:49,596] {logging_mixin.py:115} INFO - [2024-02-11 16:06:49,596] {dag.py:2371} INFO - Sync 1 DAGs
[2024-02-11 16:06:49,614] {logging_mixin.py:115} INFO - [2024-02-11 16:06:49,613] {dag.py:2919} INFO - Setting next_dagrun for example_python_operator to None, run_after=None
[2024-02-11 16:06:49,634] {processor.py:161} INFO - Processing /home/airflow/.local/lib/python3.7/site-packages/airflow/example_dags/example_python_operator.py took 0.084 seconds
[2024-02-11 16:07:19,715] {processor.py:153} INFO - Started process (PID=2175) to work on /home/airflow/.local/lib/python3.7/site-packages/airflow/example_dags/example_python_operator.py
[2024-02-11 16:07:19,720] {processor.py:641} INFO - Processing file /home/airflow/.local/lib/python3.7/site-packages/airflow/example_dags/example_python_operator.py for tasks to queue
[2024-02-11 16:07:19,720] {logging_mixin.py:115} INFO - [2024-02-11 16:07:19,720] {dagbag.py:507} INFO - Filling up the DagBag from /home/airflow/.local/lib/python3.7/site-packages/airflow/example_dags/example_python_operator.py
[2024-02-11 16:07:19,729] {processor.py:651} INFO - DAG(s) dict_keys(['example_python_operator']) retrieved from /home/airflow/.local/lib/python3.7/site-packages/airflow/example_dags/example_python_operator.py
[2024-02-11 16:07:19,742] {logging_mixin.py:115} INFO - [2024-02-11 16:07:19,742] {dag.py:2371} INFO - Sync 1 DAGs
[2024-02-11 16:07:19,752] {logging_mixin.py:115} INFO - [2024-02-11 16:07:19,752] {dag.py:2919} INFO - Setting next_dagrun for example_python_operator to None, run_after=None
[2024-02-11 16:07:19,758] {processor.py:161} INFO - Processing /home/airflow/.local/lib/python3.7/site-packages/airflow/example_dags/example_python_operator.py took 0.044 seconds
[2024-02-11 16:07:49,876] {processor.py:153} INFO - Started process (PID=2229) to work on /home/airflow/.local/lib/python3.7/site-packages/airflow/example_dags/example_python_operator.py
[2024-02-11 16:07:49,877] {processor.py:641} INFO - Processing file /home/airflow/.local/lib/python3.7/site-packages/airflow/example_dags/example_python_operator.py for tasks to queue
[2024-02-11 16:07:49,878] {logging_mixin.py:115} INFO - [2024-02-11 16:07:49,878] {dagbag.py:507} INFO - Filling up the DagBag from /home/airflow/.local/lib/python3.7/site-packages/airflow/example_dags/example_python_operator.py
[2024-02-11 16:07:49,893] {processor.py:651} INFO - DAG(s) dict_keys(['example_python_operator']) retrieved from /home/airflow/.local/lib/python3.7/site-packages/airflow/example_dags/example_python_operator.py
[2024-02-11 16:07:49,914] {logging_mixin.py:115} INFO - [2024-02-11 16:07:49,913] {dag.py:2371} INFO - Sync 1 DAGs
[2024-02-11 16:07:49,926] {logging_mixin.py:115} INFO - [2024-02-11 16:07:49,926] {dag.py:2919} INFO - Setting next_dagrun for example_python_operator to None, run_after=None
[2024-02-11 16:07:49,933] {processor.py:161} INFO - Processing /home/airflow/.local/lib/python3.7/site-packages/airflow/example_dags/example_python_operator.py took 0.059 seconds
[2024-02-11 16:08:21,043] {processor.py:153} INFO - Started process (PID=2296) to work on /home/airflow/.local/lib/python3.7/site-packages/airflow/example_dags/example_python_operator.py
[2024-02-11 16:08:21,048] {processor.py:641} INFO - Processing file /home/airflow/.local/lib/python3.7/site-packages/airflow/example_dags/example_python_operator.py for tasks to queue
[2024-02-11 16:08:21,048] {logging_mixin.py:115} INFO - [2024-02-11 16:08:21,048] {dagbag.py:507} INFO - Filling up the DagBag from /home/airflow/.local/lib/python3.7/site-packages/airflow/example_dags/example_python_operator.py
[2024-02-11 16:08:21,065] {processor.py:651} INFO - DAG(s) dict_keys(['example_python_operator']) retrieved from /home/airflow/.local/lib/python3.7/site-packages/airflow/example_dags/example_python_operator.py
[2024-02-11 16:08:21,087] {logging_mixin.py:115} INFO - [2024-02-11 16:08:21,087] {dag.py:2371} INFO - Sync 1 DAGs
[2024-02-11 16:08:21,097] {logging_mixin.py:115} INFO - [2024-02-11 16:08:21,097] {dag.py:2919} INFO - Setting next_dagrun for example_python_operator to None, run_after=None
[2024-02-11 16:08:21,104] {processor.py:161} INFO - Processing /home/airflow/.local/lib/python3.7/site-packages/airflow/example_dags/example_python_operator.py took 0.065 seconds
[2024-02-11 16:08:51,607] {processor.py:153} INFO - Started process (PID=2360) to work on /home/airflow/.local/lib/python3.7/site-packages/airflow/example_dags/example_python_operator.py
[2024-02-11 16:08:51,609] {processor.py:641} INFO - Processing file /home/airflow/.local/lib/python3.7/site-packages/airflow/example_dags/example_python_operator.py for tasks to queue
[2024-02-11 16:08:51,611] {logging_mixin.py:115} INFO - [2024-02-11 16:08:51,611] {dagbag.py:507} INFO - Filling up the DagBag from /home/airflow/.local/lib/python3.7/site-packages/airflow/example_dags/example_python_operator.py
[2024-02-11 16:08:51,627] {processor.py:651} INFO - DAG(s) dict_keys(['example_python_operator']) retrieved from /home/airflow/.local/lib/python3.7/site-packages/airflow/example_dags/example_python_operator.py
[2024-02-11 16:08:51,650] {logging_mixin.py:115} INFO - [2024-02-11 16:08:51,650] {dag.py:2371} INFO - Sync 1 DAGs
[2024-02-11 16:08:51,669] {logging_mixin.py:115} INFO - [2024-02-11 16:08:51,669] {dag.py:2919} INFO - Setting next_dagrun for example_python_operator to None, run_after=None
[2024-02-11 16:08:51,678] {processor.py:161} INFO - Processing /home/airflow/.local/lib/python3.7/site-packages/airflow/example_dags/example_python_operator.py took 0.074 seconds
