[2024-02-11 00:01:17,706] {processor.py:153} INFO - Started process (PID=4411) to work on /home/airflow/.local/lib/python3.7/site-packages/airflow/example_dags/tutorial_etl_dag.py
[2024-02-11 00:01:17,708] {processor.py:641} INFO - Processing file /home/airflow/.local/lib/python3.7/site-packages/airflow/example_dags/tutorial_etl_dag.py for tasks to queue
[2024-02-11 00:01:17,709] {logging_mixin.py:115} INFO - [2024-02-11 00:01:17,709] {dagbag.py:507} INFO - Filling up the DagBag from /home/airflow/.local/lib/python3.7/site-packages/airflow/example_dags/tutorial_etl_dag.py
[2024-02-11 00:01:17,722] {processor.py:651} INFO - DAG(s) dict_keys(['tutorial_etl_dag']) retrieved from /home/airflow/.local/lib/python3.7/site-packages/airflow/example_dags/tutorial_etl_dag.py
[2024-02-11 00:01:17,775] {logging_mixin.py:115} INFO - [2024-02-11 00:01:17,775] {dag.py:2371} INFO - Sync 1 DAGs
[2024-02-11 00:01:17,811] {logging_mixin.py:115} INFO - [2024-02-11 00:01:17,811] {dag.py:2919} INFO - Setting next_dagrun for tutorial_etl_dag to None, run_after=None
[2024-02-11 00:01:17,842] {processor.py:161} INFO - Processing /home/airflow/.local/lib/python3.7/site-packages/airflow/example_dags/tutorial_etl_dag.py took 0.165 seconds
[2024-02-11 00:01:48,769] {processor.py:153} INFO - Started process (PID=4474) to work on /home/airflow/.local/lib/python3.7/site-packages/airflow/example_dags/tutorial_etl_dag.py
[2024-02-11 00:01:48,771] {processor.py:641} INFO - Processing file /home/airflow/.local/lib/python3.7/site-packages/airflow/example_dags/tutorial_etl_dag.py for tasks to queue
[2024-02-11 00:01:48,772] {logging_mixin.py:115} INFO - [2024-02-11 00:01:48,772] {dagbag.py:507} INFO - Filling up the DagBag from /home/airflow/.local/lib/python3.7/site-packages/airflow/example_dags/tutorial_etl_dag.py
[2024-02-11 00:01:48,781] {processor.py:651} INFO - DAG(s) dict_keys(['tutorial_etl_dag']) retrieved from /home/airflow/.local/lib/python3.7/site-packages/airflow/example_dags/tutorial_etl_dag.py
[2024-02-11 00:01:48,808] {logging_mixin.py:115} INFO - [2024-02-11 00:01:48,808] {dag.py:2371} INFO - Sync 1 DAGs
[2024-02-11 00:01:48,821] {logging_mixin.py:115} INFO - [2024-02-11 00:01:48,821] {dag.py:2919} INFO - Setting next_dagrun for tutorial_etl_dag to None, run_after=None
[2024-02-11 00:01:48,827] {processor.py:161} INFO - Processing /home/airflow/.local/lib/python3.7/site-packages/airflow/example_dags/tutorial_etl_dag.py took 0.071 seconds
[2024-02-11 00:07:01,592] {processor.py:153} INFO - Started process (PID=4543) to work on /home/airflow/.local/lib/python3.7/site-packages/airflow/example_dags/tutorial_etl_dag.py
[2024-02-11 00:07:01,620] {processor.py:641} INFO - Processing file /home/airflow/.local/lib/python3.7/site-packages/airflow/example_dags/tutorial_etl_dag.py for tasks to queue
[2024-02-11 00:07:01,635] {logging_mixin.py:115} INFO - [2024-02-11 00:07:01,634] {dagbag.py:507} INFO - Filling up the DagBag from /home/airflow/.local/lib/python3.7/site-packages/airflow/example_dags/tutorial_etl_dag.py
[2024-02-11 00:07:01,712] {processor.py:651} INFO - DAG(s) dict_keys(['tutorial_etl_dag']) retrieved from /home/airflow/.local/lib/python3.7/site-packages/airflow/example_dags/tutorial_etl_dag.py
[2024-02-11 00:07:01,952] {logging_mixin.py:115} INFO - [2024-02-11 00:07:01,952] {dag.py:2371} INFO - Sync 1 DAGs
[2024-02-11 00:07:02,205] {logging_mixin.py:115} INFO - [2024-02-11 00:07:02,204] {dag.py:2919} INFO - Setting next_dagrun for tutorial_etl_dag to None, run_after=None
[2024-02-11 00:07:03,336] {processor.py:161} INFO - Processing /home/airflow/.local/lib/python3.7/site-packages/airflow/example_dags/tutorial_etl_dag.py took 1.772 seconds
[2024-02-11 00:07:33,817] {processor.py:153} INFO - Started process (PID=4598) to work on /home/airflow/.local/lib/python3.7/site-packages/airflow/example_dags/tutorial_etl_dag.py
[2024-02-11 00:07:33,817] {processor.py:641} INFO - Processing file /home/airflow/.local/lib/python3.7/site-packages/airflow/example_dags/tutorial_etl_dag.py for tasks to queue
[2024-02-11 00:07:33,818] {logging_mixin.py:115} INFO - [2024-02-11 00:07:33,818] {dagbag.py:507} INFO - Filling up the DagBag from /home/airflow/.local/lib/python3.7/site-packages/airflow/example_dags/tutorial_etl_dag.py
[2024-02-11 00:07:33,824] {processor.py:651} INFO - DAG(s) dict_keys(['tutorial_etl_dag']) retrieved from /home/airflow/.local/lib/python3.7/site-packages/airflow/example_dags/tutorial_etl_dag.py
[2024-02-11 00:07:33,838] {logging_mixin.py:115} INFO - [2024-02-11 00:07:33,838] {dag.py:2371} INFO - Sync 1 DAGs
[2024-02-11 00:07:33,848] {logging_mixin.py:115} INFO - [2024-02-11 00:07:33,848] {dag.py:2919} INFO - Setting next_dagrun for tutorial_etl_dag to None, run_after=None
[2024-02-11 00:07:33,945] {processor.py:161} INFO - Processing /home/airflow/.local/lib/python3.7/site-packages/airflow/example_dags/tutorial_etl_dag.py took 0.131 seconds
[2024-02-11 00:08:04,149] {processor.py:153} INFO - Started process (PID=4662) to work on /home/airflow/.local/lib/python3.7/site-packages/airflow/example_dags/tutorial_etl_dag.py
[2024-02-11 00:08:04,150] {processor.py:641} INFO - Processing file /home/airflow/.local/lib/python3.7/site-packages/airflow/example_dags/tutorial_etl_dag.py for tasks to queue
[2024-02-11 00:08:04,153] {logging_mixin.py:115} INFO - [2024-02-11 00:08:04,153] {dagbag.py:507} INFO - Filling up the DagBag from /home/airflow/.local/lib/python3.7/site-packages/airflow/example_dags/tutorial_etl_dag.py
[2024-02-11 00:08:04,157] {processor.py:651} INFO - DAG(s) dict_keys(['tutorial_etl_dag']) retrieved from /home/airflow/.local/lib/python3.7/site-packages/airflow/example_dags/tutorial_etl_dag.py
[2024-02-11 00:08:04,176] {logging_mixin.py:115} INFO - [2024-02-11 00:08:04,176] {dag.py:2371} INFO - Sync 1 DAGs
[2024-02-11 00:08:04,195] {logging_mixin.py:115} INFO - [2024-02-11 00:08:04,195] {dag.py:2919} INFO - Setting next_dagrun for tutorial_etl_dag to None, run_after=None
[2024-02-11 00:08:04,343] {processor.py:161} INFO - Processing /home/airflow/.local/lib/python3.7/site-packages/airflow/example_dags/tutorial_etl_dag.py took 0.197 seconds
[2024-02-11 00:41:50,519] {processor.py:153} INFO - Started process (PID=4732) to work on /home/airflow/.local/lib/python3.7/site-packages/airflow/example_dags/tutorial_etl_dag.py
[2024-02-11 00:41:50,530] {processor.py:641} INFO - Processing file /home/airflow/.local/lib/python3.7/site-packages/airflow/example_dags/tutorial_etl_dag.py for tasks to queue
[2024-02-11 00:41:50,534] {logging_mixin.py:115} INFO - [2024-02-11 00:41:50,533] {dagbag.py:507} INFO - Filling up the DagBag from /home/airflow/.local/lib/python3.7/site-packages/airflow/example_dags/tutorial_etl_dag.py
[2024-02-11 00:41:50,672] {processor.py:651} INFO - DAG(s) dict_keys(['tutorial_etl_dag']) retrieved from /home/airflow/.local/lib/python3.7/site-packages/airflow/example_dags/tutorial_etl_dag.py
[2024-02-11 00:41:50,968] {logging_mixin.py:115} INFO - [2024-02-11 00:41:50,966] {dag.py:2371} INFO - Sync 1 DAGs
[2024-02-11 00:41:51,772] {logging_mixin.py:115} INFO - [2024-02-11 00:41:51,771] {dag.py:2919} INFO - Setting next_dagrun for tutorial_etl_dag to None, run_after=None
[2024-02-11 00:41:51,799] {processor.py:161} INFO - Processing /home/airflow/.local/lib/python3.7/site-packages/airflow/example_dags/tutorial_etl_dag.py took 1.317 seconds
[2024-02-11 00:58:44,034] {processor.py:153} INFO - Started process (PID=4793) to work on /home/airflow/.local/lib/python3.7/site-packages/airflow/example_dags/tutorial_etl_dag.py
[2024-02-11 00:58:44,041] {processor.py:641} INFO - Processing file /home/airflow/.local/lib/python3.7/site-packages/airflow/example_dags/tutorial_etl_dag.py for tasks to queue
[2024-02-11 00:58:44,055] {logging_mixin.py:115} INFO - [2024-02-11 00:58:44,054] {dagbag.py:507} INFO - Filling up the DagBag from /home/airflow/.local/lib/python3.7/site-packages/airflow/example_dags/tutorial_etl_dag.py
[2024-02-11 00:58:44,116] {processor.py:651} INFO - DAG(s) dict_keys(['tutorial_etl_dag']) retrieved from /home/airflow/.local/lib/python3.7/site-packages/airflow/example_dags/tutorial_etl_dag.py
[2024-02-11 00:58:44,258] {logging_mixin.py:115} INFO - [2024-02-11 00:58:44,257] {dag.py:2371} INFO - Sync 1 DAGs
[2024-02-11 00:58:45,302] {logging_mixin.py:115} INFO - [2024-02-11 00:58:45,302] {dag.py:2919} INFO - Setting next_dagrun for tutorial_etl_dag to None, run_after=None
[2024-02-11 00:58:45,331] {processor.py:161} INFO - Processing /home/airflow/.local/lib/python3.7/site-packages/airflow/example_dags/tutorial_etl_dag.py took 1.321 seconds
[2024-02-11 02:19:45,687] {processor.py:153} INFO - Started process (PID=4853) to work on /home/airflow/.local/lib/python3.7/site-packages/airflow/example_dags/tutorial_etl_dag.py
[2024-02-11 02:19:45,699] {processor.py:641} INFO - Processing file /home/airflow/.local/lib/python3.7/site-packages/airflow/example_dags/tutorial_etl_dag.py for tasks to queue
[2024-02-11 02:19:45,700] {logging_mixin.py:115} INFO - [2024-02-11 02:19:45,700] {dagbag.py:507} INFO - Filling up the DagBag from /home/airflow/.local/lib/python3.7/site-packages/airflow/example_dags/tutorial_etl_dag.py
[2024-02-11 02:19:45,736] {processor.py:651} INFO - DAG(s) dict_keys(['tutorial_etl_dag']) retrieved from /home/airflow/.local/lib/python3.7/site-packages/airflow/example_dags/tutorial_etl_dag.py
[2024-02-11 02:19:45,853] {logging_mixin.py:115} INFO - [2024-02-11 02:19:45,852] {dag.py:2371} INFO - Sync 1 DAGs
[2024-02-11 02:19:46,684] {logging_mixin.py:115} INFO - [2024-02-11 02:19:46,684] {dag.py:2919} INFO - Setting next_dagrun for tutorial_etl_dag to None, run_after=None
[2024-02-11 02:19:46,729] {processor.py:161} INFO - Processing /home/airflow/.local/lib/python3.7/site-packages/airflow/example_dags/tutorial_etl_dag.py took 1.053 seconds
[2024-02-11 03:26:59,296] {processor.py:153} INFO - Started process (PID=4923) to work on /home/airflow/.local/lib/python3.7/site-packages/airflow/example_dags/tutorial_etl_dag.py
[2024-02-11 03:26:59,301] {processor.py:641} INFO - Processing file /home/airflow/.local/lib/python3.7/site-packages/airflow/example_dags/tutorial_etl_dag.py for tasks to queue
[2024-02-11 03:26:59,304] {logging_mixin.py:115} INFO - [2024-02-11 03:26:59,304] {dagbag.py:507} INFO - Filling up the DagBag from /home/airflow/.local/lib/python3.7/site-packages/airflow/example_dags/tutorial_etl_dag.py
[2024-02-11 03:26:59,331] {processor.py:651} INFO - DAG(s) dict_keys(['tutorial_etl_dag']) retrieved from /home/airflow/.local/lib/python3.7/site-packages/airflow/example_dags/tutorial_etl_dag.py
[2024-02-11 03:26:59,657] {logging_mixin.py:115} INFO - [2024-02-11 03:26:59,657] {dag.py:2371} INFO - Sync 1 DAGs
[2024-02-11 03:26:59,685] {logging_mixin.py:115} INFO - [2024-02-11 03:26:59,685] {dag.py:2919} INFO - Setting next_dagrun for tutorial_etl_dag to None, run_after=None
[2024-02-11 03:26:59,706] {processor.py:161} INFO - Processing /home/airflow/.local/lib/python3.7/site-packages/airflow/example_dags/tutorial_etl_dag.py took 0.431 seconds
[2024-02-11 03:32:23,256] {processor.py:153} INFO - Started process (PID=4978) to work on /home/airflow/.local/lib/python3.7/site-packages/airflow/example_dags/tutorial_etl_dag.py
[2024-02-11 03:32:23,257] {processor.py:641} INFO - Processing file /home/airflow/.local/lib/python3.7/site-packages/airflow/example_dags/tutorial_etl_dag.py for tasks to queue
[2024-02-11 03:32:23,258] {logging_mixin.py:115} INFO - [2024-02-11 03:32:23,258] {dagbag.py:507} INFO - Filling up the DagBag from /home/airflow/.local/lib/python3.7/site-packages/airflow/example_dags/tutorial_etl_dag.py
[2024-02-11 03:32:23,264] {processor.py:651} INFO - DAG(s) dict_keys(['tutorial_etl_dag']) retrieved from /home/airflow/.local/lib/python3.7/site-packages/airflow/example_dags/tutorial_etl_dag.py
[2024-02-11 03:32:23,327] {logging_mixin.py:115} INFO - [2024-02-11 03:32:23,327] {dag.py:2371} INFO - Sync 1 DAGs
[2024-02-11 03:32:23,382] {logging_mixin.py:115} INFO - [2024-02-11 03:32:23,382] {dag.py:2919} INFO - Setting next_dagrun for tutorial_etl_dag to None, run_after=None
[2024-02-11 03:32:23,404] {processor.py:161} INFO - Processing /home/airflow/.local/lib/python3.7/site-packages/airflow/example_dags/tutorial_etl_dag.py took 0.150 seconds
[2024-02-11 04:04:48,343] {processor.py:153} INFO - Started process (PID=5049) to work on /home/airflow/.local/lib/python3.7/site-packages/airflow/example_dags/tutorial_etl_dag.py
[2024-02-11 04:04:48,345] {processor.py:641} INFO - Processing file /home/airflow/.local/lib/python3.7/site-packages/airflow/example_dags/tutorial_etl_dag.py for tasks to queue
[2024-02-11 04:04:48,346] {logging_mixin.py:115} INFO - [2024-02-11 04:04:48,345] {dagbag.py:507} INFO - Filling up the DagBag from /home/airflow/.local/lib/python3.7/site-packages/airflow/example_dags/tutorial_etl_dag.py
[2024-02-11 04:04:48,401] {processor.py:651} INFO - DAG(s) dict_keys(['tutorial_etl_dag']) retrieved from /home/airflow/.local/lib/python3.7/site-packages/airflow/example_dags/tutorial_etl_dag.py
[2024-02-11 04:04:48,483] {logging_mixin.py:115} INFO - [2024-02-11 04:04:48,483] {dag.py:2371} INFO - Sync 1 DAGs
[2024-02-11 04:04:48,590] {logging_mixin.py:115} INFO - [2024-02-11 04:04:48,589] {dag.py:2919} INFO - Setting next_dagrun for tutorial_etl_dag to None, run_after=None
[2024-02-11 04:04:48,629] {processor.py:161} INFO - Processing /home/airflow/.local/lib/python3.7/site-packages/airflow/example_dags/tutorial_etl_dag.py took 0.293 seconds
[2024-02-11 04:23:01,840] {processor.py:153} INFO - Started process (PID=5111) to work on /home/airflow/.local/lib/python3.7/site-packages/airflow/example_dags/tutorial_etl_dag.py
[2024-02-11 04:23:01,842] {processor.py:641} INFO - Processing file /home/airflow/.local/lib/python3.7/site-packages/airflow/example_dags/tutorial_etl_dag.py for tasks to queue
[2024-02-11 04:23:01,844] {logging_mixin.py:115} INFO - [2024-02-11 04:23:01,844] {dagbag.py:507} INFO - Filling up the DagBag from /home/airflow/.local/lib/python3.7/site-packages/airflow/example_dags/tutorial_etl_dag.py
[2024-02-11 04:23:01,871] {processor.py:651} INFO - DAG(s) dict_keys(['tutorial_etl_dag']) retrieved from /home/airflow/.local/lib/python3.7/site-packages/airflow/example_dags/tutorial_etl_dag.py
[2024-02-11 04:23:01,924] {logging_mixin.py:115} INFO - [2024-02-11 04:23:01,924] {dag.py:2371} INFO - Sync 1 DAGs
[2024-02-11 04:23:02,026] {logging_mixin.py:115} INFO - [2024-02-11 04:23:02,026] {dag.py:2919} INFO - Setting next_dagrun for tutorial_etl_dag to None, run_after=None
[2024-02-11 04:23:02,069] {processor.py:161} INFO - Processing /home/airflow/.local/lib/python3.7/site-packages/airflow/example_dags/tutorial_etl_dag.py took 0.234 seconds
[2024-02-11 05:29:04,362] {processor.py:153} INFO - Started process (PID=5178) to work on /home/airflow/.local/lib/python3.7/site-packages/airflow/example_dags/tutorial_etl_dag.py
[2024-02-11 05:29:04,382] {processor.py:641} INFO - Processing file /home/airflow/.local/lib/python3.7/site-packages/airflow/example_dags/tutorial_etl_dag.py for tasks to queue
[2024-02-11 05:29:04,393] {logging_mixin.py:115} INFO - [2024-02-11 05:29:04,392] {dagbag.py:507} INFO - Filling up the DagBag from /home/airflow/.local/lib/python3.7/site-packages/airflow/example_dags/tutorial_etl_dag.py
[2024-02-11 05:29:04,426] {processor.py:651} INFO - DAG(s) dict_keys(['tutorial_etl_dag']) retrieved from /home/airflow/.local/lib/python3.7/site-packages/airflow/example_dags/tutorial_etl_dag.py
[2024-02-11 05:29:04,548] {logging_mixin.py:115} INFO - [2024-02-11 05:29:04,548] {dag.py:2371} INFO - Sync 1 DAGs
[2024-02-11 05:29:04,615] {logging_mixin.py:115} INFO - [2024-02-11 05:29:04,615] {dag.py:2919} INFO - Setting next_dagrun for tutorial_etl_dag to None, run_after=None
[2024-02-11 05:29:04,653] {processor.py:161} INFO - Processing /home/airflow/.local/lib/python3.7/site-packages/airflow/example_dags/tutorial_etl_dag.py took 0.359 seconds
[2024-02-11 05:33:24,426] {processor.py:153} INFO - Started process (PID=5235) to work on /home/airflow/.local/lib/python3.7/site-packages/airflow/example_dags/tutorial_etl_dag.py
[2024-02-11 05:33:24,427] {processor.py:641} INFO - Processing file /home/airflow/.local/lib/python3.7/site-packages/airflow/example_dags/tutorial_etl_dag.py for tasks to queue
[2024-02-11 05:33:24,429] {logging_mixin.py:115} INFO - [2024-02-11 05:33:24,428] {dagbag.py:507} INFO - Filling up the DagBag from /home/airflow/.local/lib/python3.7/site-packages/airflow/example_dags/tutorial_etl_dag.py
[2024-02-11 05:33:24,437] {processor.py:651} INFO - DAG(s) dict_keys(['tutorial_etl_dag']) retrieved from /home/airflow/.local/lib/python3.7/site-packages/airflow/example_dags/tutorial_etl_dag.py
[2024-02-11 05:33:24,504] {logging_mixin.py:115} INFO - [2024-02-11 05:33:24,504] {dag.py:2371} INFO - Sync 1 DAGs
[2024-02-11 05:33:24,543] {logging_mixin.py:115} INFO - [2024-02-11 05:33:24,543] {dag.py:2919} INFO - Setting next_dagrun for tutorial_etl_dag to None, run_after=None
[2024-02-11 05:33:24,566] {processor.py:161} INFO - Processing /home/airflow/.local/lib/python3.7/site-packages/airflow/example_dags/tutorial_etl_dag.py took 0.143 seconds
[2024-02-11 06:21:36,500] {processor.py:153} INFO - Started process (PID=5303) to work on /home/airflow/.local/lib/python3.7/site-packages/airflow/example_dags/tutorial_etl_dag.py
[2024-02-11 06:21:36,501] {processor.py:641} INFO - Processing file /home/airflow/.local/lib/python3.7/site-packages/airflow/example_dags/tutorial_etl_dag.py for tasks to queue
[2024-02-11 06:21:36,506] {logging_mixin.py:115} INFO - [2024-02-11 06:21:36,506] {dagbag.py:507} INFO - Filling up the DagBag from /home/airflow/.local/lib/python3.7/site-packages/airflow/example_dags/tutorial_etl_dag.py
[2024-02-11 06:21:36,519] {processor.py:651} INFO - DAG(s) dict_keys(['tutorial_etl_dag']) retrieved from /home/airflow/.local/lib/python3.7/site-packages/airflow/example_dags/tutorial_etl_dag.py
[2024-02-11 06:21:36,565] {logging_mixin.py:115} INFO - [2024-02-11 06:21:36,565] {dag.py:2371} INFO - Sync 1 DAGs
[2024-02-11 06:21:36,637] {logging_mixin.py:115} INFO - [2024-02-11 06:21:36,637] {dag.py:2919} INFO - Setting next_dagrun for tutorial_etl_dag to None, run_after=None
[2024-02-11 06:21:36,677] {processor.py:161} INFO - Processing /home/airflow/.local/lib/python3.7/site-packages/airflow/example_dags/tutorial_etl_dag.py took 0.181 seconds
[2024-02-11 06:34:24,711] {processor.py:153} INFO - Started process (PID=5364) to work on /home/airflow/.local/lib/python3.7/site-packages/airflow/example_dags/tutorial_etl_dag.py
[2024-02-11 06:34:24,714] {processor.py:641} INFO - Processing file /home/airflow/.local/lib/python3.7/site-packages/airflow/example_dags/tutorial_etl_dag.py for tasks to queue
[2024-02-11 06:34:24,721] {logging_mixin.py:115} INFO - [2024-02-11 06:34:24,721] {dagbag.py:507} INFO - Filling up the DagBag from /home/airflow/.local/lib/python3.7/site-packages/airflow/example_dags/tutorial_etl_dag.py
[2024-02-11 06:34:24,833] {processor.py:651} INFO - DAG(s) dict_keys(['tutorial_etl_dag']) retrieved from /home/airflow/.local/lib/python3.7/site-packages/airflow/example_dags/tutorial_etl_dag.py
[2024-02-11 06:34:24,989] {logging_mixin.py:115} INFO - [2024-02-11 06:34:24,989] {dag.py:2371} INFO - Sync 1 DAGs
[2024-02-11 06:34:25,051] {logging_mixin.py:115} INFO - [2024-02-11 06:34:25,051] {dag.py:2919} INFO - Setting next_dagrun for tutorial_etl_dag to None, run_after=None
[2024-02-11 06:34:25,099] {processor.py:161} INFO - Processing /home/airflow/.local/lib/python3.7/site-packages/airflow/example_dags/tutorial_etl_dag.py took 0.406 seconds
[2024-02-11 07:08:50,092] {processor.py:153} INFO - Started process (PID=5431) to work on /home/airflow/.local/lib/python3.7/site-packages/airflow/example_dags/tutorial_etl_dag.py
[2024-02-11 07:08:50,099] {processor.py:641} INFO - Processing file /home/airflow/.local/lib/python3.7/site-packages/airflow/example_dags/tutorial_etl_dag.py for tasks to queue
[2024-02-11 07:08:50,104] {logging_mixin.py:115} INFO - [2024-02-11 07:08:50,104] {dagbag.py:507} INFO - Filling up the DagBag from /home/airflow/.local/lib/python3.7/site-packages/airflow/example_dags/tutorial_etl_dag.py
[2024-02-11 07:08:50,117] {processor.py:651} INFO - DAG(s) dict_keys(['tutorial_etl_dag']) retrieved from /home/airflow/.local/lib/python3.7/site-packages/airflow/example_dags/tutorial_etl_dag.py
[2024-02-11 07:08:50,149] {logging_mixin.py:115} INFO - [2024-02-11 07:08:50,149] {dag.py:2371} INFO - Sync 1 DAGs
[2024-02-11 07:08:50,167] {logging_mixin.py:115} INFO - [2024-02-11 07:08:50,167] {dag.py:2919} INFO - Setting next_dagrun for tutorial_etl_dag to None, run_after=None
[2024-02-11 07:08:50,316] {processor.py:161} INFO - Processing /home/airflow/.local/lib/python3.7/site-packages/airflow/example_dags/tutorial_etl_dag.py took 0.228 seconds
[2024-02-11 07:35:22,318] {processor.py:153} INFO - Started process (PID=5491) to work on /home/airflow/.local/lib/python3.7/site-packages/airflow/example_dags/tutorial_etl_dag.py
[2024-02-11 07:35:22,320] {processor.py:641} INFO - Processing file /home/airflow/.local/lib/python3.7/site-packages/airflow/example_dags/tutorial_etl_dag.py for tasks to queue
[2024-02-11 07:35:22,323] {logging_mixin.py:115} INFO - [2024-02-11 07:35:22,323] {dagbag.py:507} INFO - Filling up the DagBag from /home/airflow/.local/lib/python3.7/site-packages/airflow/example_dags/tutorial_etl_dag.py
[2024-02-11 07:35:22,332] {processor.py:651} INFO - DAG(s) dict_keys(['tutorial_etl_dag']) retrieved from /home/airflow/.local/lib/python3.7/site-packages/airflow/example_dags/tutorial_etl_dag.py
[2024-02-11 07:35:22,370] {logging_mixin.py:115} INFO - [2024-02-11 07:35:22,370] {dag.py:2371} INFO - Sync 1 DAGs
[2024-02-11 07:35:22,910] {logging_mixin.py:115} INFO - [2024-02-11 07:35:22,909] {dag.py:2919} INFO - Setting next_dagrun for tutorial_etl_dag to None, run_after=None
[2024-02-11 07:35:22,986] {processor.py:161} INFO - Processing /home/airflow/.local/lib/python3.7/site-packages/airflow/example_dags/tutorial_etl_dag.py took 0.672 seconds
[2024-02-11 08:02:42,886] {processor.py:153} INFO - Started process (PID=5560) to work on /home/airflow/.local/lib/python3.7/site-packages/airflow/example_dags/tutorial_etl_dag.py
[2024-02-11 08:02:42,887] {processor.py:641} INFO - Processing file /home/airflow/.local/lib/python3.7/site-packages/airflow/example_dags/tutorial_etl_dag.py for tasks to queue
[2024-02-11 08:02:42,888] {logging_mixin.py:115} INFO - [2024-02-11 08:02:42,887] {dagbag.py:507} INFO - Filling up the DagBag from /home/airflow/.local/lib/python3.7/site-packages/airflow/example_dags/tutorial_etl_dag.py
[2024-02-11 08:02:42,896] {processor.py:651} INFO - DAG(s) dict_keys(['tutorial_etl_dag']) retrieved from /home/airflow/.local/lib/python3.7/site-packages/airflow/example_dags/tutorial_etl_dag.py
[2024-02-11 08:02:42,942] {logging_mixin.py:115} INFO - [2024-02-11 08:02:42,942] {dag.py:2371} INFO - Sync 1 DAGs
[2024-02-11 08:02:43,169] {logging_mixin.py:115} INFO - [2024-02-11 08:02:43,168] {dag.py:2919} INFO - Setting next_dagrun for tutorial_etl_dag to None, run_after=None
[2024-02-11 08:02:43,195] {processor.py:161} INFO - Processing /home/airflow/.local/lib/python3.7/site-packages/airflow/example_dags/tutorial_etl_dag.py took 0.313 seconds
[2024-02-11 08:03:13,298] {processor.py:153} INFO - Started process (PID=5623) to work on /home/airflow/.local/lib/python3.7/site-packages/airflow/example_dags/tutorial_etl_dag.py
[2024-02-11 08:03:13,299] {processor.py:641} INFO - Processing file /home/airflow/.local/lib/python3.7/site-packages/airflow/example_dags/tutorial_etl_dag.py for tasks to queue
[2024-02-11 08:03:13,299] {logging_mixin.py:115} INFO - [2024-02-11 08:03:13,299] {dagbag.py:507} INFO - Filling up the DagBag from /home/airflow/.local/lib/python3.7/site-packages/airflow/example_dags/tutorial_etl_dag.py
[2024-02-11 08:03:13,306] {processor.py:651} INFO - DAG(s) dict_keys(['tutorial_etl_dag']) retrieved from /home/airflow/.local/lib/python3.7/site-packages/airflow/example_dags/tutorial_etl_dag.py
[2024-02-11 08:03:13,331] {logging_mixin.py:115} INFO - [2024-02-11 08:03:13,331] {dag.py:2371} INFO - Sync 1 DAGs
[2024-02-11 08:03:13,422] {logging_mixin.py:115} INFO - [2024-02-11 08:03:13,421] {dag.py:2919} INFO - Setting next_dagrun for tutorial_etl_dag to None, run_after=None
[2024-02-11 08:03:13,428] {processor.py:161} INFO - Processing /home/airflow/.local/lib/python3.7/site-packages/airflow/example_dags/tutorial_etl_dag.py took 0.135 seconds
[2024-02-11 08:05:38,779] {processor.py:153} INFO - Started process (PID=5678) to work on /home/airflow/.local/lib/python3.7/site-packages/airflow/example_dags/tutorial_etl_dag.py
[2024-02-11 08:05:38,780] {processor.py:641} INFO - Processing file /home/airflow/.local/lib/python3.7/site-packages/airflow/example_dags/tutorial_etl_dag.py for tasks to queue
[2024-02-11 08:05:38,780] {logging_mixin.py:115} INFO - [2024-02-11 08:05:38,780] {dagbag.py:507} INFO - Filling up the DagBag from /home/airflow/.local/lib/python3.7/site-packages/airflow/example_dags/tutorial_etl_dag.py
[2024-02-11 08:05:38,785] {processor.py:651} INFO - DAG(s) dict_keys(['tutorial_etl_dag']) retrieved from /home/airflow/.local/lib/python3.7/site-packages/airflow/example_dags/tutorial_etl_dag.py
[2024-02-11 08:05:38,807] {logging_mixin.py:115} INFO - [2024-02-11 08:05:38,807] {dag.py:2371} INFO - Sync 1 DAGs
[2024-02-11 08:05:38,926] {logging_mixin.py:115} INFO - [2024-02-11 08:05:38,926] {dag.py:2919} INFO - Setting next_dagrun for tutorial_etl_dag to None, run_after=None
[2024-02-11 08:05:38,935] {processor.py:161} INFO - Processing /home/airflow/.local/lib/python3.7/site-packages/airflow/example_dags/tutorial_etl_dag.py took 0.158 seconds
[2024-02-11 08:06:10,310] {processor.py:153} INFO - Started process (PID=5742) to work on /home/airflow/.local/lib/python3.7/site-packages/airflow/example_dags/tutorial_etl_dag.py
[2024-02-11 08:06:10,311] {processor.py:641} INFO - Processing file /home/airflow/.local/lib/python3.7/site-packages/airflow/example_dags/tutorial_etl_dag.py for tasks to queue
[2024-02-11 08:06:10,312] {logging_mixin.py:115} INFO - [2024-02-11 08:06:10,312] {dagbag.py:507} INFO - Filling up the DagBag from /home/airflow/.local/lib/python3.7/site-packages/airflow/example_dags/tutorial_etl_dag.py
[2024-02-11 08:06:10,319] {processor.py:651} INFO - DAG(s) dict_keys(['tutorial_etl_dag']) retrieved from /home/airflow/.local/lib/python3.7/site-packages/airflow/example_dags/tutorial_etl_dag.py
[2024-02-11 08:06:10,342] {logging_mixin.py:115} INFO - [2024-02-11 08:06:10,342] {dag.py:2371} INFO - Sync 1 DAGs
[2024-02-11 08:06:10,478] {logging_mixin.py:115} INFO - [2024-02-11 08:06:10,478] {dag.py:2919} INFO - Setting next_dagrun for tutorial_etl_dag to None, run_after=None
[2024-02-11 08:06:10,488] {processor.py:161} INFO - Processing /home/airflow/.local/lib/python3.7/site-packages/airflow/example_dags/tutorial_etl_dag.py took 0.180 seconds
[2024-02-11 08:06:40,767] {processor.py:153} INFO - Started process (PID=5806) to work on /home/airflow/.local/lib/python3.7/site-packages/airflow/example_dags/tutorial_etl_dag.py
[2024-02-11 08:06:40,768] {processor.py:641} INFO - Processing file /home/airflow/.local/lib/python3.7/site-packages/airflow/example_dags/tutorial_etl_dag.py for tasks to queue
[2024-02-11 08:06:40,768] {logging_mixin.py:115} INFO - [2024-02-11 08:06:40,768] {dagbag.py:507} INFO - Filling up the DagBag from /home/airflow/.local/lib/python3.7/site-packages/airflow/example_dags/tutorial_etl_dag.py
[2024-02-11 08:06:40,772] {processor.py:651} INFO - DAG(s) dict_keys(['tutorial_etl_dag']) retrieved from /home/airflow/.local/lib/python3.7/site-packages/airflow/example_dags/tutorial_etl_dag.py
[2024-02-11 08:06:40,785] {logging_mixin.py:115} INFO - [2024-02-11 08:06:40,785] {dag.py:2371} INFO - Sync 1 DAGs
[2024-02-11 08:06:40,880] {logging_mixin.py:115} INFO - [2024-02-11 08:06:40,880] {dag.py:2919} INFO - Setting next_dagrun for tutorial_etl_dag to None, run_after=None
[2024-02-11 08:06:40,887] {processor.py:161} INFO - Processing /home/airflow/.local/lib/python3.7/site-packages/airflow/example_dags/tutorial_etl_dag.py took 0.122 seconds
[2024-02-11 08:07:11,377] {processor.py:153} INFO - Started process (PID=5870) to work on /home/airflow/.local/lib/python3.7/site-packages/airflow/example_dags/tutorial_etl_dag.py
[2024-02-11 08:07:11,378] {processor.py:641} INFO - Processing file /home/airflow/.local/lib/python3.7/site-packages/airflow/example_dags/tutorial_etl_dag.py for tasks to queue
[2024-02-11 08:07:11,378] {logging_mixin.py:115} INFO - [2024-02-11 08:07:11,378] {dagbag.py:507} INFO - Filling up the DagBag from /home/airflow/.local/lib/python3.7/site-packages/airflow/example_dags/tutorial_etl_dag.py
[2024-02-11 08:07:11,382] {processor.py:651} INFO - DAG(s) dict_keys(['tutorial_etl_dag']) retrieved from /home/airflow/.local/lib/python3.7/site-packages/airflow/example_dags/tutorial_etl_dag.py
[2024-02-11 08:07:11,394] {logging_mixin.py:115} INFO - [2024-02-11 08:07:11,394] {dag.py:2371} INFO - Sync 1 DAGs
[2024-02-11 08:07:11,480] {logging_mixin.py:115} INFO - [2024-02-11 08:07:11,479] {dag.py:2919} INFO - Setting next_dagrun for tutorial_etl_dag to None, run_after=None
[2024-02-11 08:07:11,486] {processor.py:161} INFO - Processing /home/airflow/.local/lib/python3.7/site-packages/airflow/example_dags/tutorial_etl_dag.py took 0.110 seconds
[2024-02-11 08:07:42,696] {processor.py:153} INFO - Started process (PID=5934) to work on /home/airflow/.local/lib/python3.7/site-packages/airflow/example_dags/tutorial_etl_dag.py
[2024-02-11 08:07:42,697] {processor.py:641} INFO - Processing file /home/airflow/.local/lib/python3.7/site-packages/airflow/example_dags/tutorial_etl_dag.py for tasks to queue
[2024-02-11 08:07:42,698] {logging_mixin.py:115} INFO - [2024-02-11 08:07:42,698] {dagbag.py:507} INFO - Filling up the DagBag from /home/airflow/.local/lib/python3.7/site-packages/airflow/example_dags/tutorial_etl_dag.py
[2024-02-11 08:07:42,707] {processor.py:651} INFO - DAG(s) dict_keys(['tutorial_etl_dag']) retrieved from /home/airflow/.local/lib/python3.7/site-packages/airflow/example_dags/tutorial_etl_dag.py
[2024-02-11 08:07:42,763] {logging_mixin.py:115} INFO - [2024-02-11 08:07:42,763] {dag.py:2371} INFO - Sync 1 DAGs
[2024-02-11 08:07:43,220] {logging_mixin.py:115} INFO - [2024-02-11 08:07:43,220] {dag.py:2919} INFO - Setting next_dagrun for tutorial_etl_dag to None, run_after=None
[2024-02-11 08:07:43,233] {processor.py:161} INFO - Processing /home/airflow/.local/lib/python3.7/site-packages/airflow/example_dags/tutorial_etl_dag.py took 0.544 seconds
[2024-02-11 08:08:14,229] {processor.py:153} INFO - Started process (PID=5989) to work on /home/airflow/.local/lib/python3.7/site-packages/airflow/example_dags/tutorial_etl_dag.py
[2024-02-11 08:08:14,232] {processor.py:641} INFO - Processing file /home/airflow/.local/lib/python3.7/site-packages/airflow/example_dags/tutorial_etl_dag.py for tasks to queue
[2024-02-11 08:08:14,233] {logging_mixin.py:115} INFO - [2024-02-11 08:08:14,233] {dagbag.py:507} INFO - Filling up the DagBag from /home/airflow/.local/lib/python3.7/site-packages/airflow/example_dags/tutorial_etl_dag.py
[2024-02-11 08:08:14,248] {processor.py:651} INFO - DAG(s) dict_keys(['tutorial_etl_dag']) retrieved from /home/airflow/.local/lib/python3.7/site-packages/airflow/example_dags/tutorial_etl_dag.py
[2024-02-11 08:08:14,303] {logging_mixin.py:115} INFO - [2024-02-11 08:08:14,303] {dag.py:2371} INFO - Sync 1 DAGs
[2024-02-11 08:08:14,569] {logging_mixin.py:115} INFO - [2024-02-11 08:08:14,569] {dag.py:2919} INFO - Setting next_dagrun for tutorial_etl_dag to None, run_after=None
[2024-02-11 08:08:14,574] {processor.py:161} INFO - Processing /home/airflow/.local/lib/python3.7/site-packages/airflow/example_dags/tutorial_etl_dag.py took 0.361 seconds
[2024-02-11 08:08:45,217] {processor.py:153} INFO - Started process (PID=6053) to work on /home/airflow/.local/lib/python3.7/site-packages/airflow/example_dags/tutorial_etl_dag.py
[2024-02-11 08:08:45,219] {processor.py:641} INFO - Processing file /home/airflow/.local/lib/python3.7/site-packages/airflow/example_dags/tutorial_etl_dag.py for tasks to queue
[2024-02-11 08:08:45,220] {logging_mixin.py:115} INFO - [2024-02-11 08:08:45,220] {dagbag.py:507} INFO - Filling up the DagBag from /home/airflow/.local/lib/python3.7/site-packages/airflow/example_dags/tutorial_etl_dag.py
[2024-02-11 08:08:45,231] {processor.py:651} INFO - DAG(s) dict_keys(['tutorial_etl_dag']) retrieved from /home/airflow/.local/lib/python3.7/site-packages/airflow/example_dags/tutorial_etl_dag.py
[2024-02-11 08:08:45,278] {logging_mixin.py:115} INFO - [2024-02-11 08:08:45,278] {dag.py:2371} INFO - Sync 1 DAGs
[2024-02-11 08:08:45,679] {logging_mixin.py:115} INFO - [2024-02-11 08:08:45,679] {dag.py:2919} INFO - Setting next_dagrun for tutorial_etl_dag to None, run_after=None
[2024-02-11 08:08:45,690] {processor.py:161} INFO - Processing /home/airflow/.local/lib/python3.7/site-packages/airflow/example_dags/tutorial_etl_dag.py took 0.485 seconds
[2024-02-11 12:16:12,525] {processor.py:153} INFO - Started process (PID=61) to work on /home/airflow/.local/lib/python3.7/site-packages/airflow/example_dags/tutorial_etl_dag.py
[2024-02-11 12:16:12,563] {processor.py:641} INFO - Processing file /home/airflow/.local/lib/python3.7/site-packages/airflow/example_dags/tutorial_etl_dag.py for tasks to queue
[2024-02-11 12:16:12,571] {logging_mixin.py:115} INFO - [2024-02-11 12:16:12,571] {dagbag.py:507} INFO - Filling up the DagBag from /home/airflow/.local/lib/python3.7/site-packages/airflow/example_dags/tutorial_etl_dag.py
[2024-02-11 12:16:12,866] {processor.py:651} INFO - DAG(s) dict_keys(['tutorial_etl_dag']) retrieved from /home/airflow/.local/lib/python3.7/site-packages/airflow/example_dags/tutorial_etl_dag.py
[2024-02-11 12:16:13,061] {logging_mixin.py:115} INFO - [2024-02-11 12:16:13,061] {dag.py:2371} INFO - Sync 1 DAGs
[2024-02-11 12:16:13,144] {logging_mixin.py:115} INFO - [2024-02-11 12:16:13,143] {dag.py:2919} INFO - Setting next_dagrun for tutorial_etl_dag to None, run_after=None
[2024-02-11 12:16:13,232] {processor.py:161} INFO - Processing /home/airflow/.local/lib/python3.7/site-packages/airflow/example_dags/tutorial_etl_dag.py took 0.724 seconds
[2024-02-11 12:16:44,472] {processor.py:153} INFO - Started process (PID=115) to work on /home/airflow/.local/lib/python3.7/site-packages/airflow/example_dags/tutorial_etl_dag.py
[2024-02-11 12:16:44,476] {processor.py:641} INFO - Processing file /home/airflow/.local/lib/python3.7/site-packages/airflow/example_dags/tutorial_etl_dag.py for tasks to queue
[2024-02-11 12:16:44,482] {logging_mixin.py:115} INFO - [2024-02-11 12:16:44,482] {dagbag.py:507} INFO - Filling up the DagBag from /home/airflow/.local/lib/python3.7/site-packages/airflow/example_dags/tutorial_etl_dag.py
[2024-02-11 12:16:44,498] {processor.py:651} INFO - DAG(s) dict_keys(['tutorial_etl_dag']) retrieved from /home/airflow/.local/lib/python3.7/site-packages/airflow/example_dags/tutorial_etl_dag.py
[2024-02-11 12:16:44,521] {logging_mixin.py:115} INFO - [2024-02-11 12:16:44,521] {dag.py:2371} INFO - Sync 1 DAGs
[2024-02-11 12:16:44,570] {logging_mixin.py:115} INFO - [2024-02-11 12:16:44,570] {dag.py:2919} INFO - Setting next_dagrun for tutorial_etl_dag to None, run_after=None
[2024-02-11 12:16:44,583] {processor.py:161} INFO - Processing /home/airflow/.local/lib/python3.7/site-packages/airflow/example_dags/tutorial_etl_dag.py took 0.114 seconds
[2024-02-11 12:17:15,249] {processor.py:153} INFO - Started process (PID=170) to work on /home/airflow/.local/lib/python3.7/site-packages/airflow/example_dags/tutorial_etl_dag.py
[2024-02-11 12:17:15,252] {processor.py:641} INFO - Processing file /home/airflow/.local/lib/python3.7/site-packages/airflow/example_dags/tutorial_etl_dag.py for tasks to queue
[2024-02-11 12:17:15,262] {logging_mixin.py:115} INFO - [2024-02-11 12:17:15,262] {dagbag.py:507} INFO - Filling up the DagBag from /home/airflow/.local/lib/python3.7/site-packages/airflow/example_dags/tutorial_etl_dag.py
[2024-02-11 12:17:15,271] {processor.py:651} INFO - DAG(s) dict_keys(['tutorial_etl_dag']) retrieved from /home/airflow/.local/lib/python3.7/site-packages/airflow/example_dags/tutorial_etl_dag.py
[2024-02-11 12:17:15,285] {logging_mixin.py:115} INFO - [2024-02-11 12:17:15,285] {dag.py:2371} INFO - Sync 1 DAGs
[2024-02-11 12:17:15,296] {logging_mixin.py:115} INFO - [2024-02-11 12:17:15,295] {dag.py:2919} INFO - Setting next_dagrun for tutorial_etl_dag to None, run_after=None
[2024-02-11 12:17:15,304] {processor.py:161} INFO - Processing /home/airflow/.local/lib/python3.7/site-packages/airflow/example_dags/tutorial_etl_dag.py took 0.058 seconds
[2024-02-11 12:17:45,579] {processor.py:153} INFO - Started process (PID=233) to work on /home/airflow/.local/lib/python3.7/site-packages/airflow/example_dags/tutorial_etl_dag.py
[2024-02-11 12:17:45,580] {processor.py:641} INFO - Processing file /home/airflow/.local/lib/python3.7/site-packages/airflow/example_dags/tutorial_etl_dag.py for tasks to queue
[2024-02-11 12:17:45,580] {logging_mixin.py:115} INFO - [2024-02-11 12:17:45,580] {dagbag.py:507} INFO - Filling up the DagBag from /home/airflow/.local/lib/python3.7/site-packages/airflow/example_dags/tutorial_etl_dag.py
[2024-02-11 12:17:45,587] {processor.py:651} INFO - DAG(s) dict_keys(['tutorial_etl_dag']) retrieved from /home/airflow/.local/lib/python3.7/site-packages/airflow/example_dags/tutorial_etl_dag.py
[2024-02-11 12:17:45,601] {logging_mixin.py:115} INFO - [2024-02-11 12:17:45,601] {dag.py:2371} INFO - Sync 1 DAGs
[2024-02-11 12:17:45,613] {logging_mixin.py:115} INFO - [2024-02-11 12:17:45,613] {dag.py:2919} INFO - Setting next_dagrun for tutorial_etl_dag to None, run_after=None
[2024-02-11 12:17:45,620] {processor.py:161} INFO - Processing /home/airflow/.local/lib/python3.7/site-packages/airflow/example_dags/tutorial_etl_dag.py took 0.042 seconds
[2024-02-11 12:18:16,417] {processor.py:153} INFO - Started process (PID=297) to work on /home/airflow/.local/lib/python3.7/site-packages/airflow/example_dags/tutorial_etl_dag.py
[2024-02-11 12:18:16,419] {processor.py:641} INFO - Processing file /home/airflow/.local/lib/python3.7/site-packages/airflow/example_dags/tutorial_etl_dag.py for tasks to queue
[2024-02-11 12:18:16,420] {logging_mixin.py:115} INFO - [2024-02-11 12:18:16,420] {dagbag.py:507} INFO - Filling up the DagBag from /home/airflow/.local/lib/python3.7/site-packages/airflow/example_dags/tutorial_etl_dag.py
[2024-02-11 12:18:16,430] {processor.py:651} INFO - DAG(s) dict_keys(['tutorial_etl_dag']) retrieved from /home/airflow/.local/lib/python3.7/site-packages/airflow/example_dags/tutorial_etl_dag.py
[2024-02-11 12:18:16,451] {logging_mixin.py:115} INFO - [2024-02-11 12:18:16,451] {dag.py:2371} INFO - Sync 1 DAGs
[2024-02-11 12:18:16,474] {logging_mixin.py:115} INFO - [2024-02-11 12:18:16,474] {dag.py:2919} INFO - Setting next_dagrun for tutorial_etl_dag to None, run_after=None
[2024-02-11 12:18:16,489] {processor.py:161} INFO - Processing /home/airflow/.local/lib/python3.7/site-packages/airflow/example_dags/tutorial_etl_dag.py took 0.077 seconds
[2024-02-11 12:18:47,395] {processor.py:153} INFO - Started process (PID=352) to work on /home/airflow/.local/lib/python3.7/site-packages/airflow/example_dags/tutorial_etl_dag.py
[2024-02-11 12:18:47,396] {processor.py:641} INFO - Processing file /home/airflow/.local/lib/python3.7/site-packages/airflow/example_dags/tutorial_etl_dag.py for tasks to queue
[2024-02-11 12:18:47,397] {logging_mixin.py:115} INFO - [2024-02-11 12:18:47,397] {dagbag.py:507} INFO - Filling up the DagBag from /home/airflow/.local/lib/python3.7/site-packages/airflow/example_dags/tutorial_etl_dag.py
[2024-02-11 12:18:47,410] {processor.py:651} INFO - DAG(s) dict_keys(['tutorial_etl_dag']) retrieved from /home/airflow/.local/lib/python3.7/site-packages/airflow/example_dags/tutorial_etl_dag.py
[2024-02-11 12:18:47,425] {logging_mixin.py:115} INFO - [2024-02-11 12:18:47,425] {dag.py:2371} INFO - Sync 1 DAGs
[2024-02-11 12:18:47,436] {logging_mixin.py:115} INFO - [2024-02-11 12:18:47,436] {dag.py:2919} INFO - Setting next_dagrun for tutorial_etl_dag to None, run_after=None
[2024-02-11 12:18:47,442] {processor.py:161} INFO - Processing /home/airflow/.local/lib/python3.7/site-packages/airflow/example_dags/tutorial_etl_dag.py took 0.049 seconds
[2024-02-11 12:19:18,199] {processor.py:153} INFO - Started process (PID=415) to work on /home/airflow/.local/lib/python3.7/site-packages/airflow/example_dags/tutorial_etl_dag.py
[2024-02-11 12:19:18,200] {processor.py:641} INFO - Processing file /home/airflow/.local/lib/python3.7/site-packages/airflow/example_dags/tutorial_etl_dag.py for tasks to queue
[2024-02-11 12:19:18,200] {logging_mixin.py:115} INFO - [2024-02-11 12:19:18,200] {dagbag.py:507} INFO - Filling up the DagBag from /home/airflow/.local/lib/python3.7/site-packages/airflow/example_dags/tutorial_etl_dag.py
[2024-02-11 12:19:18,208] {processor.py:651} INFO - DAG(s) dict_keys(['tutorial_etl_dag']) retrieved from /home/airflow/.local/lib/python3.7/site-packages/airflow/example_dags/tutorial_etl_dag.py
[2024-02-11 12:19:18,234] {logging_mixin.py:115} INFO - [2024-02-11 12:19:18,234] {dag.py:2371} INFO - Sync 1 DAGs
[2024-02-11 12:19:18,247] {logging_mixin.py:115} INFO - [2024-02-11 12:19:18,247] {dag.py:2919} INFO - Setting next_dagrun for tutorial_etl_dag to None, run_after=None
[2024-02-11 12:19:18,253] {processor.py:161} INFO - Processing /home/airflow/.local/lib/python3.7/site-packages/airflow/example_dags/tutorial_etl_dag.py took 0.056 seconds
[2024-02-11 12:19:49,082] {processor.py:153} INFO - Started process (PID=478) to work on /home/airflow/.local/lib/python3.7/site-packages/airflow/example_dags/tutorial_etl_dag.py
[2024-02-11 12:19:49,082] {processor.py:641} INFO - Processing file /home/airflow/.local/lib/python3.7/site-packages/airflow/example_dags/tutorial_etl_dag.py for tasks to queue
[2024-02-11 12:19:49,083] {logging_mixin.py:115} INFO - [2024-02-11 12:19:49,083] {dagbag.py:507} INFO - Filling up the DagBag from /home/airflow/.local/lib/python3.7/site-packages/airflow/example_dags/tutorial_etl_dag.py
[2024-02-11 12:19:49,090] {processor.py:651} INFO - DAG(s) dict_keys(['tutorial_etl_dag']) retrieved from /home/airflow/.local/lib/python3.7/site-packages/airflow/example_dags/tutorial_etl_dag.py
[2024-02-11 12:19:49,103] {logging_mixin.py:115} INFO - [2024-02-11 12:19:49,103] {dag.py:2371} INFO - Sync 1 DAGs
[2024-02-11 12:19:49,113] {logging_mixin.py:115} INFO - [2024-02-11 12:19:49,113] {dag.py:2919} INFO - Setting next_dagrun for tutorial_etl_dag to None, run_after=None
[2024-02-11 12:19:49,119] {processor.py:161} INFO - Processing /home/airflow/.local/lib/python3.7/site-packages/airflow/example_dags/tutorial_etl_dag.py took 0.039 seconds
[2024-02-11 12:20:19,870] {processor.py:153} INFO - Started process (PID=533) to work on /home/airflow/.local/lib/python3.7/site-packages/airflow/example_dags/tutorial_etl_dag.py
[2024-02-11 12:20:19,871] {processor.py:641} INFO - Processing file /home/airflow/.local/lib/python3.7/site-packages/airflow/example_dags/tutorial_etl_dag.py for tasks to queue
[2024-02-11 12:20:19,872] {logging_mixin.py:115} INFO - [2024-02-11 12:20:19,872] {dagbag.py:507} INFO - Filling up the DagBag from /home/airflow/.local/lib/python3.7/site-packages/airflow/example_dags/tutorial_etl_dag.py
[2024-02-11 12:20:19,880] {processor.py:651} INFO - DAG(s) dict_keys(['tutorial_etl_dag']) retrieved from /home/airflow/.local/lib/python3.7/site-packages/airflow/example_dags/tutorial_etl_dag.py
[2024-02-11 12:20:19,913] {logging_mixin.py:115} INFO - [2024-02-11 12:20:19,913] {dag.py:2371} INFO - Sync 1 DAGs
[2024-02-11 12:20:19,936] {logging_mixin.py:115} INFO - [2024-02-11 12:20:19,936] {dag.py:2919} INFO - Setting next_dagrun for tutorial_etl_dag to None, run_after=None
[2024-02-11 12:20:19,944] {processor.py:161} INFO - Processing /home/airflow/.local/lib/python3.7/site-packages/airflow/example_dags/tutorial_etl_dag.py took 0.075 seconds
[2024-02-11 12:20:50,408] {processor.py:153} INFO - Started process (PID=597) to work on /home/airflow/.local/lib/python3.7/site-packages/airflow/example_dags/tutorial_etl_dag.py
[2024-02-11 12:20:50,408] {processor.py:641} INFO - Processing file /home/airflow/.local/lib/python3.7/site-packages/airflow/example_dags/tutorial_etl_dag.py for tasks to queue
[2024-02-11 12:20:50,409] {logging_mixin.py:115} INFO - [2024-02-11 12:20:50,409] {dagbag.py:507} INFO - Filling up the DagBag from /home/airflow/.local/lib/python3.7/site-packages/airflow/example_dags/tutorial_etl_dag.py
[2024-02-11 12:20:50,414] {processor.py:651} INFO - DAG(s) dict_keys(['tutorial_etl_dag']) retrieved from /home/airflow/.local/lib/python3.7/site-packages/airflow/example_dags/tutorial_etl_dag.py
[2024-02-11 12:20:50,426] {logging_mixin.py:115} INFO - [2024-02-11 12:20:50,426] {dag.py:2371} INFO - Sync 1 DAGs
[2024-02-11 12:20:50,437] {logging_mixin.py:115} INFO - [2024-02-11 12:20:50,437] {dag.py:2919} INFO - Setting next_dagrun for tutorial_etl_dag to None, run_after=None
[2024-02-11 12:20:50,444] {processor.py:161} INFO - Processing /home/airflow/.local/lib/python3.7/site-packages/airflow/example_dags/tutorial_etl_dag.py took 0.038 seconds
[2024-02-11 12:21:20,682] {processor.py:153} INFO - Started process (PID=660) to work on /home/airflow/.local/lib/python3.7/site-packages/airflow/example_dags/tutorial_etl_dag.py
[2024-02-11 12:21:20,685] {processor.py:641} INFO - Processing file /home/airflow/.local/lib/python3.7/site-packages/airflow/example_dags/tutorial_etl_dag.py for tasks to queue
[2024-02-11 12:21:20,689] {logging_mixin.py:115} INFO - [2024-02-11 12:21:20,689] {dagbag.py:507} INFO - Filling up the DagBag from /home/airflow/.local/lib/python3.7/site-packages/airflow/example_dags/tutorial_etl_dag.py
[2024-02-11 12:21:20,704] {processor.py:651} INFO - DAG(s) dict_keys(['tutorial_etl_dag']) retrieved from /home/airflow/.local/lib/python3.7/site-packages/airflow/example_dags/tutorial_etl_dag.py
[2024-02-11 12:21:20,724] {logging_mixin.py:115} INFO - [2024-02-11 12:21:20,724] {dag.py:2371} INFO - Sync 1 DAGs
[2024-02-11 12:21:20,745] {logging_mixin.py:115} INFO - [2024-02-11 12:21:20,745] {dag.py:2919} INFO - Setting next_dagrun for tutorial_etl_dag to None, run_after=None
[2024-02-11 12:21:20,777] {processor.py:161} INFO - Processing /home/airflow/.local/lib/python3.7/site-packages/airflow/example_dags/tutorial_etl_dag.py took 0.098 seconds
[2024-02-11 12:21:50,848] {processor.py:153} INFO - Started process (PID=725) to work on /home/airflow/.local/lib/python3.7/site-packages/airflow/example_dags/tutorial_etl_dag.py
[2024-02-11 12:21:50,849] {processor.py:641} INFO - Processing file /home/airflow/.local/lib/python3.7/site-packages/airflow/example_dags/tutorial_etl_dag.py for tasks to queue
[2024-02-11 12:21:50,849] {logging_mixin.py:115} INFO - [2024-02-11 12:21:50,849] {dagbag.py:507} INFO - Filling up the DagBag from /home/airflow/.local/lib/python3.7/site-packages/airflow/example_dags/tutorial_etl_dag.py
[2024-02-11 12:21:50,854] {processor.py:651} INFO - DAG(s) dict_keys(['tutorial_etl_dag']) retrieved from /home/airflow/.local/lib/python3.7/site-packages/airflow/example_dags/tutorial_etl_dag.py
[2024-02-11 12:21:50,869] {logging_mixin.py:115} INFO - [2024-02-11 12:21:50,869] {dag.py:2371} INFO - Sync 1 DAGs
[2024-02-11 12:21:50,884] {logging_mixin.py:115} INFO - [2024-02-11 12:21:50,884] {dag.py:2919} INFO - Setting next_dagrun for tutorial_etl_dag to None, run_after=None
[2024-02-11 12:21:50,893] {processor.py:161} INFO - Processing /home/airflow/.local/lib/python3.7/site-packages/airflow/example_dags/tutorial_etl_dag.py took 0.047 seconds
[2024-02-11 12:22:21,029] {processor.py:153} INFO - Started process (PID=781) to work on /home/airflow/.local/lib/python3.7/site-packages/airflow/example_dags/tutorial_etl_dag.py
[2024-02-11 12:22:21,030] {processor.py:641} INFO - Processing file /home/airflow/.local/lib/python3.7/site-packages/airflow/example_dags/tutorial_etl_dag.py for tasks to queue
[2024-02-11 12:22:21,031] {logging_mixin.py:115} INFO - [2024-02-11 12:22:21,031] {dagbag.py:507} INFO - Filling up the DagBag from /home/airflow/.local/lib/python3.7/site-packages/airflow/example_dags/tutorial_etl_dag.py
[2024-02-11 12:22:21,037] {processor.py:651} INFO - DAG(s) dict_keys(['tutorial_etl_dag']) retrieved from /home/airflow/.local/lib/python3.7/site-packages/airflow/example_dags/tutorial_etl_dag.py
[2024-02-11 12:22:21,053] {logging_mixin.py:115} INFO - [2024-02-11 12:22:21,053] {dag.py:2371} INFO - Sync 1 DAGs
[2024-02-11 12:22:21,070] {logging_mixin.py:115} INFO - [2024-02-11 12:22:21,070] {dag.py:2919} INFO - Setting next_dagrun for tutorial_etl_dag to None, run_after=None
[2024-02-11 12:22:21,079] {processor.py:161} INFO - Processing /home/airflow/.local/lib/python3.7/site-packages/airflow/example_dags/tutorial_etl_dag.py took 0.051 seconds
[2024-02-11 12:23:19,098] {processor.py:153} INFO - Started process (PID=49) to work on /home/airflow/.local/lib/python3.7/site-packages/airflow/example_dags/tutorial_etl_dag.py
[2024-02-11 12:23:19,099] {processor.py:641} INFO - Processing file /home/airflow/.local/lib/python3.7/site-packages/airflow/example_dags/tutorial_etl_dag.py for tasks to queue
[2024-02-11 12:23:19,100] {logging_mixin.py:115} INFO - [2024-02-11 12:23:19,100] {dagbag.py:507} INFO - Filling up the DagBag from /home/airflow/.local/lib/python3.7/site-packages/airflow/example_dags/tutorial_etl_dag.py
[2024-02-11 12:23:19,107] {processor.py:651} INFO - DAG(s) dict_keys(['tutorial_etl_dag']) retrieved from /home/airflow/.local/lib/python3.7/site-packages/airflow/example_dags/tutorial_etl_dag.py
[2024-02-11 12:23:19,152] {logging_mixin.py:115} INFO - [2024-02-11 12:23:19,152] {dag.py:2371} INFO - Sync 1 DAGs
[2024-02-11 12:23:19,202] {logging_mixin.py:115} INFO - [2024-02-11 12:23:19,202] {dag.py:2919} INFO - Setting next_dagrun for tutorial_etl_dag to None, run_after=None
[2024-02-11 12:23:19,230] {processor.py:161} INFO - Processing /home/airflow/.local/lib/python3.7/site-packages/airflow/example_dags/tutorial_etl_dag.py took 0.137 seconds
[2024-02-11 12:24:13,071] {processor.py:153} INFO - Started process (PID=58) to work on /home/airflow/.local/lib/python3.7/site-packages/airflow/example_dags/tutorial_etl_dag.py
[2024-02-11 12:24:13,075] {processor.py:641} INFO - Processing file /home/airflow/.local/lib/python3.7/site-packages/airflow/example_dags/tutorial_etl_dag.py for tasks to queue
[2024-02-11 12:24:13,081] {logging_mixin.py:115} INFO - [2024-02-11 12:24:13,080] {dagbag.py:507} INFO - Filling up the DagBag from /home/airflow/.local/lib/python3.7/site-packages/airflow/example_dags/tutorial_etl_dag.py
[2024-02-11 12:24:13,099] {processor.py:651} INFO - DAG(s) dict_keys(['tutorial_etl_dag']) retrieved from /home/airflow/.local/lib/python3.7/site-packages/airflow/example_dags/tutorial_etl_dag.py
[2024-02-11 12:24:13,181] {logging_mixin.py:115} INFO - [2024-02-11 12:24:13,181] {dag.py:2371} INFO - Sync 1 DAGs
[2024-02-11 12:24:13,220] {logging_mixin.py:115} INFO - [2024-02-11 12:24:13,220] {dag.py:2919} INFO - Setting next_dagrun for tutorial_etl_dag to None, run_after=None
[2024-02-11 12:24:13,249] {processor.py:161} INFO - Processing /home/airflow/.local/lib/python3.7/site-packages/airflow/example_dags/tutorial_etl_dag.py took 0.181 seconds
[2024-02-11 12:24:43,492] {processor.py:153} INFO - Started process (PID=112) to work on /home/airflow/.local/lib/python3.7/site-packages/airflow/example_dags/tutorial_etl_dag.py
[2024-02-11 12:24:43,492] {processor.py:641} INFO - Processing file /home/airflow/.local/lib/python3.7/site-packages/airflow/example_dags/tutorial_etl_dag.py for tasks to queue
[2024-02-11 12:24:43,493] {logging_mixin.py:115} INFO - [2024-02-11 12:24:43,493] {dagbag.py:507} INFO - Filling up the DagBag from /home/airflow/.local/lib/python3.7/site-packages/airflow/example_dags/tutorial_etl_dag.py
[2024-02-11 12:24:43,497] {processor.py:651} INFO - DAG(s) dict_keys(['tutorial_etl_dag']) retrieved from /home/airflow/.local/lib/python3.7/site-packages/airflow/example_dags/tutorial_etl_dag.py
[2024-02-11 12:24:43,510] {logging_mixin.py:115} INFO - [2024-02-11 12:24:43,510] {dag.py:2371} INFO - Sync 1 DAGs
[2024-02-11 12:24:43,527] {logging_mixin.py:115} INFO - [2024-02-11 12:24:43,527] {dag.py:2919} INFO - Setting next_dagrun for tutorial_etl_dag to None, run_after=None
[2024-02-11 12:24:43,536] {processor.py:161} INFO - Processing /home/airflow/.local/lib/python3.7/site-packages/airflow/example_dags/tutorial_etl_dag.py took 0.046 seconds
[2024-02-11 12:25:14,400] {processor.py:153} INFO - Started process (PID=180) to work on /home/airflow/.local/lib/python3.7/site-packages/airflow/example_dags/tutorial_etl_dag.py
[2024-02-11 12:25:14,401] {processor.py:641} INFO - Processing file /home/airflow/.local/lib/python3.7/site-packages/airflow/example_dags/tutorial_etl_dag.py for tasks to queue
[2024-02-11 12:25:14,402] {logging_mixin.py:115} INFO - [2024-02-11 12:25:14,402] {dagbag.py:507} INFO - Filling up the DagBag from /home/airflow/.local/lib/python3.7/site-packages/airflow/example_dags/tutorial_etl_dag.py
[2024-02-11 12:25:14,407] {processor.py:651} INFO - DAG(s) dict_keys(['tutorial_etl_dag']) retrieved from /home/airflow/.local/lib/python3.7/site-packages/airflow/example_dags/tutorial_etl_dag.py
[2024-02-11 12:25:14,448] {logging_mixin.py:115} INFO - [2024-02-11 12:25:14,448] {dag.py:2371} INFO - Sync 1 DAGs
[2024-02-11 12:25:14,486] {logging_mixin.py:115} INFO - [2024-02-11 12:25:14,486] {dag.py:2919} INFO - Setting next_dagrun for tutorial_etl_dag to None, run_after=None
[2024-02-11 12:25:14,499] {processor.py:161} INFO - Processing /home/airflow/.local/lib/python3.7/site-packages/airflow/example_dags/tutorial_etl_dag.py took 0.102 seconds
[2024-02-11 12:25:44,576] {processor.py:153} INFO - Started process (PID=243) to work on /home/airflow/.local/lib/python3.7/site-packages/airflow/example_dags/tutorial_etl_dag.py
[2024-02-11 12:25:44,576] {processor.py:641} INFO - Processing file /home/airflow/.local/lib/python3.7/site-packages/airflow/example_dags/tutorial_etl_dag.py for tasks to queue
[2024-02-11 12:25:44,577] {logging_mixin.py:115} INFO - [2024-02-11 12:25:44,577] {dagbag.py:507} INFO - Filling up the DagBag from /home/airflow/.local/lib/python3.7/site-packages/airflow/example_dags/tutorial_etl_dag.py
[2024-02-11 12:25:44,580] {processor.py:651} INFO - DAG(s) dict_keys(['tutorial_etl_dag']) retrieved from /home/airflow/.local/lib/python3.7/site-packages/airflow/example_dags/tutorial_etl_dag.py
[2024-02-11 12:25:44,592] {logging_mixin.py:115} INFO - [2024-02-11 12:25:44,592] {dag.py:2371} INFO - Sync 1 DAGs
[2024-02-11 12:25:44,608] {logging_mixin.py:115} INFO - [2024-02-11 12:25:44,608] {dag.py:2919} INFO - Setting next_dagrun for tutorial_etl_dag to None, run_after=None
[2024-02-11 12:25:44,615] {processor.py:161} INFO - Processing /home/airflow/.local/lib/python3.7/site-packages/airflow/example_dags/tutorial_etl_dag.py took 0.041 seconds
[2024-02-11 12:26:15,090] {processor.py:153} INFO - Started process (PID=310) to work on /home/airflow/.local/lib/python3.7/site-packages/airflow/example_dags/tutorial_etl_dag.py
[2024-02-11 12:26:15,091] {processor.py:641} INFO - Processing file /home/airflow/.local/lib/python3.7/site-packages/airflow/example_dags/tutorial_etl_dag.py for tasks to queue
[2024-02-11 12:26:15,091] {logging_mixin.py:115} INFO - [2024-02-11 12:26:15,091] {dagbag.py:507} INFO - Filling up the DagBag from /home/airflow/.local/lib/python3.7/site-packages/airflow/example_dags/tutorial_etl_dag.py
[2024-02-11 12:26:15,095] {processor.py:651} INFO - DAG(s) dict_keys(['tutorial_etl_dag']) retrieved from /home/airflow/.local/lib/python3.7/site-packages/airflow/example_dags/tutorial_etl_dag.py
[2024-02-11 12:26:15,111] {logging_mixin.py:115} INFO - [2024-02-11 12:26:15,111] {dag.py:2371} INFO - Sync 1 DAGs
[2024-02-11 12:26:15,128] {logging_mixin.py:115} INFO - [2024-02-11 12:26:15,128] {dag.py:2919} INFO - Setting next_dagrun for tutorial_etl_dag to None, run_after=None
[2024-02-11 12:26:15,138] {processor.py:161} INFO - Processing /home/airflow/.local/lib/python3.7/site-packages/airflow/example_dags/tutorial_etl_dag.py took 0.050 seconds
[2024-02-11 12:26:45,672] {processor.py:153} INFO - Started process (PID=364) to work on /home/airflow/.local/lib/python3.7/site-packages/airflow/example_dags/tutorial_etl_dag.py
[2024-02-11 12:26:45,673] {processor.py:641} INFO - Processing file /home/airflow/.local/lib/python3.7/site-packages/airflow/example_dags/tutorial_etl_dag.py for tasks to queue
[2024-02-11 12:26:45,673] {logging_mixin.py:115} INFO - [2024-02-11 12:26:45,673] {dagbag.py:507} INFO - Filling up the DagBag from /home/airflow/.local/lib/python3.7/site-packages/airflow/example_dags/tutorial_etl_dag.py
[2024-02-11 12:26:45,677] {processor.py:651} INFO - DAG(s) dict_keys(['tutorial_etl_dag']) retrieved from /home/airflow/.local/lib/python3.7/site-packages/airflow/example_dags/tutorial_etl_dag.py
[2024-02-11 12:26:45,691] {logging_mixin.py:115} INFO - [2024-02-11 12:26:45,691] {dag.py:2371} INFO - Sync 1 DAGs
[2024-02-11 12:26:45,702] {logging_mixin.py:115} INFO - [2024-02-11 12:26:45,702] {dag.py:2919} INFO - Setting next_dagrun for tutorial_etl_dag to None, run_after=None
[2024-02-11 12:26:45,708] {processor.py:161} INFO - Processing /home/airflow/.local/lib/python3.7/site-packages/airflow/example_dags/tutorial_etl_dag.py took 0.038 seconds
[2024-02-11 12:27:16,466] {processor.py:153} INFO - Started process (PID=431) to work on /home/airflow/.local/lib/python3.7/site-packages/airflow/example_dags/tutorial_etl_dag.py
[2024-02-11 12:27:16,467] {processor.py:641} INFO - Processing file /home/airflow/.local/lib/python3.7/site-packages/airflow/example_dags/tutorial_etl_dag.py for tasks to queue
[2024-02-11 12:27:16,468] {logging_mixin.py:115} INFO - [2024-02-11 12:27:16,468] {dagbag.py:507} INFO - Filling up the DagBag from /home/airflow/.local/lib/python3.7/site-packages/airflow/example_dags/tutorial_etl_dag.py
[2024-02-11 12:27:16,472] {processor.py:651} INFO - DAG(s) dict_keys(['tutorial_etl_dag']) retrieved from /home/airflow/.local/lib/python3.7/site-packages/airflow/example_dags/tutorial_etl_dag.py
[2024-02-11 12:27:16,488] {logging_mixin.py:115} INFO - [2024-02-11 12:27:16,488] {dag.py:2371} INFO - Sync 1 DAGs
[2024-02-11 12:27:16,505] {logging_mixin.py:115} INFO - [2024-02-11 12:27:16,505] {dag.py:2919} INFO - Setting next_dagrun for tutorial_etl_dag to None, run_after=None
[2024-02-11 12:27:16,514] {processor.py:161} INFO - Processing /home/airflow/.local/lib/python3.7/site-packages/airflow/example_dags/tutorial_etl_dag.py took 0.050 seconds
[2024-02-11 12:27:46,630] {processor.py:153} INFO - Started process (PID=494) to work on /home/airflow/.local/lib/python3.7/site-packages/airflow/example_dags/tutorial_etl_dag.py
[2024-02-11 12:27:46,631] {processor.py:641} INFO - Processing file /home/airflow/.local/lib/python3.7/site-packages/airflow/example_dags/tutorial_etl_dag.py for tasks to queue
[2024-02-11 12:27:46,631] {logging_mixin.py:115} INFO - [2024-02-11 12:27:46,631] {dagbag.py:507} INFO - Filling up the DagBag from /home/airflow/.local/lib/python3.7/site-packages/airflow/example_dags/tutorial_etl_dag.py
[2024-02-11 12:27:46,643] {processor.py:651} INFO - DAG(s) dict_keys(['tutorial_etl_dag']) retrieved from /home/airflow/.local/lib/python3.7/site-packages/airflow/example_dags/tutorial_etl_dag.py
[2024-02-11 12:27:46,689] {logging_mixin.py:115} INFO - [2024-02-11 12:27:46,689] {dag.py:2371} INFO - Sync 1 DAGs
[2024-02-11 12:27:46,749] {logging_mixin.py:115} INFO - [2024-02-11 12:27:46,749] {dag.py:2919} INFO - Setting next_dagrun for tutorial_etl_dag to None, run_after=None
[2024-02-11 12:27:46,764] {processor.py:161} INFO - Processing /home/airflow/.local/lib/python3.7/site-packages/airflow/example_dags/tutorial_etl_dag.py took 0.136 seconds
[2024-02-11 12:28:16,983] {processor.py:153} INFO - Started process (PID=562) to work on /home/airflow/.local/lib/python3.7/site-packages/airflow/example_dags/tutorial_etl_dag.py
[2024-02-11 12:28:16,985] {processor.py:641} INFO - Processing file /home/airflow/.local/lib/python3.7/site-packages/airflow/example_dags/tutorial_etl_dag.py for tasks to queue
[2024-02-11 12:28:16,985] {logging_mixin.py:115} INFO - [2024-02-11 12:28:16,985] {dagbag.py:507} INFO - Filling up the DagBag from /home/airflow/.local/lib/python3.7/site-packages/airflow/example_dags/tutorial_etl_dag.py
[2024-02-11 12:28:16,994] {processor.py:651} INFO - DAG(s) dict_keys(['tutorial_etl_dag']) retrieved from /home/airflow/.local/lib/python3.7/site-packages/airflow/example_dags/tutorial_etl_dag.py
[2024-02-11 12:28:17,014] {logging_mixin.py:115} INFO - [2024-02-11 12:28:17,014] {dag.py:2371} INFO - Sync 1 DAGs
[2024-02-11 12:28:17,033] {logging_mixin.py:115} INFO - [2024-02-11 12:28:17,033] {dag.py:2919} INFO - Setting next_dagrun for tutorial_etl_dag to None, run_after=None
[2024-02-11 12:28:17,051] {processor.py:161} INFO - Processing /home/airflow/.local/lib/python3.7/site-packages/airflow/example_dags/tutorial_etl_dag.py took 0.070 seconds
[2024-02-11 12:28:47,168] {processor.py:153} INFO - Started process (PID=617) to work on /home/airflow/.local/lib/python3.7/site-packages/airflow/example_dags/tutorial_etl_dag.py
[2024-02-11 12:28:47,169] {processor.py:641} INFO - Processing file /home/airflow/.local/lib/python3.7/site-packages/airflow/example_dags/tutorial_etl_dag.py for tasks to queue
[2024-02-11 12:28:47,170] {logging_mixin.py:115} INFO - [2024-02-11 12:28:47,170] {dagbag.py:507} INFO - Filling up the DagBag from /home/airflow/.local/lib/python3.7/site-packages/airflow/example_dags/tutorial_etl_dag.py
[2024-02-11 12:28:47,175] {processor.py:651} INFO - DAG(s) dict_keys(['tutorial_etl_dag']) retrieved from /home/airflow/.local/lib/python3.7/site-packages/airflow/example_dags/tutorial_etl_dag.py
[2024-02-11 12:28:47,190] {logging_mixin.py:115} INFO - [2024-02-11 12:28:47,190] {dag.py:2371} INFO - Sync 1 DAGs
[2024-02-11 12:28:47,203] {logging_mixin.py:115} INFO - [2024-02-11 12:28:47,203] {dag.py:2919} INFO - Setting next_dagrun for tutorial_etl_dag to None, run_after=None
[2024-02-11 12:28:47,216] {processor.py:161} INFO - Processing /home/airflow/.local/lib/python3.7/site-packages/airflow/example_dags/tutorial_etl_dag.py took 0.050 seconds
[2024-02-11 12:29:17,904] {processor.py:153} INFO - Started process (PID=685) to work on /home/airflow/.local/lib/python3.7/site-packages/airflow/example_dags/tutorial_etl_dag.py
[2024-02-11 12:29:17,905] {processor.py:641} INFO - Processing file /home/airflow/.local/lib/python3.7/site-packages/airflow/example_dags/tutorial_etl_dag.py for tasks to queue
[2024-02-11 12:29:17,906] {logging_mixin.py:115} INFO - [2024-02-11 12:29:17,906] {dagbag.py:507} INFO - Filling up the DagBag from /home/airflow/.local/lib/python3.7/site-packages/airflow/example_dags/tutorial_etl_dag.py
[2024-02-11 12:29:17,910] {processor.py:651} INFO - DAG(s) dict_keys(['tutorial_etl_dag']) retrieved from /home/airflow/.local/lib/python3.7/site-packages/airflow/example_dags/tutorial_etl_dag.py
[2024-02-11 12:29:17,925] {logging_mixin.py:115} INFO - [2024-02-11 12:29:17,925] {dag.py:2371} INFO - Sync 1 DAGs
[2024-02-11 12:29:17,938] {logging_mixin.py:115} INFO - [2024-02-11 12:29:17,938] {dag.py:2919} INFO - Setting next_dagrun for tutorial_etl_dag to None, run_after=None
[2024-02-11 12:29:18,042] {processor.py:161} INFO - Processing /home/airflow/.local/lib/python3.7/site-packages/airflow/example_dags/tutorial_etl_dag.py took 0.140 seconds
[2024-02-11 12:29:48,636] {processor.py:153} INFO - Started process (PID=750) to work on /home/airflow/.local/lib/python3.7/site-packages/airflow/example_dags/tutorial_etl_dag.py
[2024-02-11 12:29:48,637] {processor.py:641} INFO - Processing file /home/airflow/.local/lib/python3.7/site-packages/airflow/example_dags/tutorial_etl_dag.py for tasks to queue
[2024-02-11 12:29:48,638] {logging_mixin.py:115} INFO - [2024-02-11 12:29:48,638] {dagbag.py:507} INFO - Filling up the DagBag from /home/airflow/.local/lib/python3.7/site-packages/airflow/example_dags/tutorial_etl_dag.py
[2024-02-11 12:29:48,644] {processor.py:651} INFO - DAG(s) dict_keys(['tutorial_etl_dag']) retrieved from /home/airflow/.local/lib/python3.7/site-packages/airflow/example_dags/tutorial_etl_dag.py
[2024-02-11 12:29:48,664] {logging_mixin.py:115} INFO - [2024-02-11 12:29:48,664] {dag.py:2371} INFO - Sync 1 DAGs
[2024-02-11 12:29:48,676] {logging_mixin.py:115} INFO - [2024-02-11 12:29:48,676] {dag.py:2919} INFO - Setting next_dagrun for tutorial_etl_dag to None, run_after=None
[2024-02-11 12:29:48,762] {processor.py:161} INFO - Processing /home/airflow/.local/lib/python3.7/site-packages/airflow/example_dags/tutorial_etl_dag.py took 0.131 seconds
[2024-02-11 12:30:20,002] {processor.py:153} INFO - Started process (PID=818) to work on /home/airflow/.local/lib/python3.7/site-packages/airflow/example_dags/tutorial_etl_dag.py
[2024-02-11 12:30:20,003] {processor.py:641} INFO - Processing file /home/airflow/.local/lib/python3.7/site-packages/airflow/example_dags/tutorial_etl_dag.py for tasks to queue
[2024-02-11 12:30:20,004] {logging_mixin.py:115} INFO - [2024-02-11 12:30:20,004] {dagbag.py:507} INFO - Filling up the DagBag from /home/airflow/.local/lib/python3.7/site-packages/airflow/example_dags/tutorial_etl_dag.py
[2024-02-11 12:30:20,010] {processor.py:651} INFO - DAG(s) dict_keys(['tutorial_etl_dag']) retrieved from /home/airflow/.local/lib/python3.7/site-packages/airflow/example_dags/tutorial_etl_dag.py
[2024-02-11 12:30:20,030] {logging_mixin.py:115} INFO - [2024-02-11 12:30:20,030] {dag.py:2371} INFO - Sync 1 DAGs
[2024-02-11 12:30:20,044] {logging_mixin.py:115} INFO - [2024-02-11 12:30:20,044] {dag.py:2919} INFO - Setting next_dagrun for tutorial_etl_dag to None, run_after=None
[2024-02-11 12:30:20,216] {processor.py:161} INFO - Processing /home/airflow/.local/lib/python3.7/site-packages/airflow/example_dags/tutorial_etl_dag.py took 0.217 seconds
[2024-02-11 12:30:50,369] {processor.py:153} INFO - Started process (PID=872) to work on /home/airflow/.local/lib/python3.7/site-packages/airflow/example_dags/tutorial_etl_dag.py
[2024-02-11 12:30:50,370] {processor.py:641} INFO - Processing file /home/airflow/.local/lib/python3.7/site-packages/airflow/example_dags/tutorial_etl_dag.py for tasks to queue
[2024-02-11 12:30:50,371] {logging_mixin.py:115} INFO - [2024-02-11 12:30:50,371] {dagbag.py:507} INFO - Filling up the DagBag from /home/airflow/.local/lib/python3.7/site-packages/airflow/example_dags/tutorial_etl_dag.py
[2024-02-11 12:30:50,378] {processor.py:651} INFO - DAG(s) dict_keys(['tutorial_etl_dag']) retrieved from /home/airflow/.local/lib/python3.7/site-packages/airflow/example_dags/tutorial_etl_dag.py
[2024-02-11 12:30:50,404] {logging_mixin.py:115} INFO - [2024-02-11 12:30:50,404] {dag.py:2371} INFO - Sync 1 DAGs
[2024-02-11 12:30:50,452] {logging_mixin.py:115} INFO - [2024-02-11 12:30:50,452] {dag.py:2919} INFO - Setting next_dagrun for tutorial_etl_dag to None, run_after=None
[2024-02-11 12:30:50,563] {processor.py:161} INFO - Processing /home/airflow/.local/lib/python3.7/site-packages/airflow/example_dags/tutorial_etl_dag.py took 0.199 seconds
[2024-02-11 12:31:20,697] {processor.py:153} INFO - Started process (PID=942) to work on /home/airflow/.local/lib/python3.7/site-packages/airflow/example_dags/tutorial_etl_dag.py
[2024-02-11 12:31:20,699] {processor.py:641} INFO - Processing file /home/airflow/.local/lib/python3.7/site-packages/airflow/example_dags/tutorial_etl_dag.py for tasks to queue
[2024-02-11 12:31:20,700] {logging_mixin.py:115} INFO - [2024-02-11 12:31:20,700] {dagbag.py:507} INFO - Filling up the DagBag from /home/airflow/.local/lib/python3.7/site-packages/airflow/example_dags/tutorial_etl_dag.py
[2024-02-11 12:31:20,706] {processor.py:651} INFO - DAG(s) dict_keys(['tutorial_etl_dag']) retrieved from /home/airflow/.local/lib/python3.7/site-packages/airflow/example_dags/tutorial_etl_dag.py
[2024-02-11 12:31:20,723] {logging_mixin.py:115} INFO - [2024-02-11 12:31:20,723] {dag.py:2371} INFO - Sync 1 DAGs
[2024-02-11 12:31:20,737] {logging_mixin.py:115} INFO - [2024-02-11 12:31:20,736] {dag.py:2919} INFO - Setting next_dagrun for tutorial_etl_dag to None, run_after=None
[2024-02-11 12:31:20,816] {processor.py:161} INFO - Processing /home/airflow/.local/lib/python3.7/site-packages/airflow/example_dags/tutorial_etl_dag.py took 0.122 seconds
[2024-02-11 12:31:51,248] {processor.py:153} INFO - Started process (PID=1006) to work on /home/airflow/.local/lib/python3.7/site-packages/airflow/example_dags/tutorial_etl_dag.py
[2024-02-11 12:31:51,250] {processor.py:641} INFO - Processing file /home/airflow/.local/lib/python3.7/site-packages/airflow/example_dags/tutorial_etl_dag.py for tasks to queue
[2024-02-11 12:31:51,251] {logging_mixin.py:115} INFO - [2024-02-11 12:31:51,251] {dagbag.py:507} INFO - Filling up the DagBag from /home/airflow/.local/lib/python3.7/site-packages/airflow/example_dags/tutorial_etl_dag.py
[2024-02-11 12:31:51,257] {processor.py:651} INFO - DAG(s) dict_keys(['tutorial_etl_dag']) retrieved from /home/airflow/.local/lib/python3.7/site-packages/airflow/example_dags/tutorial_etl_dag.py
[2024-02-11 12:31:51,271] {logging_mixin.py:115} INFO - [2024-02-11 12:31:51,271] {dag.py:2371} INFO - Sync 1 DAGs
[2024-02-11 12:31:51,284] {logging_mixin.py:115} INFO - [2024-02-11 12:31:51,284] {dag.py:2919} INFO - Setting next_dagrun for tutorial_etl_dag to None, run_after=None
[2024-02-11 12:31:51,371] {processor.py:161} INFO - Processing /home/airflow/.local/lib/python3.7/site-packages/airflow/example_dags/tutorial_etl_dag.py took 0.126 seconds
[2024-02-11 12:32:22,565] {processor.py:153} INFO - Started process (PID=1076) to work on /home/airflow/.local/lib/python3.7/site-packages/airflow/example_dags/tutorial_etl_dag.py
[2024-02-11 12:32:22,566] {processor.py:641} INFO - Processing file /home/airflow/.local/lib/python3.7/site-packages/airflow/example_dags/tutorial_etl_dag.py for tasks to queue
[2024-02-11 12:32:22,570] {logging_mixin.py:115} INFO - [2024-02-11 12:32:22,570] {dagbag.py:507} INFO - Filling up the DagBag from /home/airflow/.local/lib/python3.7/site-packages/airflow/example_dags/tutorial_etl_dag.py
[2024-02-11 12:32:22,576] {processor.py:651} INFO - DAG(s) dict_keys(['tutorial_etl_dag']) retrieved from /home/airflow/.local/lib/python3.7/site-packages/airflow/example_dags/tutorial_etl_dag.py
[2024-02-11 12:32:22,603] {logging_mixin.py:115} INFO - [2024-02-11 12:32:22,603] {dag.py:2371} INFO - Sync 1 DAGs
[2024-02-11 12:32:22,616] {logging_mixin.py:115} INFO - [2024-02-11 12:32:22,616] {dag.py:2919} INFO - Setting next_dagrun for tutorial_etl_dag to None, run_after=None
[2024-02-11 12:32:22,710] {processor.py:161} INFO - Processing /home/airflow/.local/lib/python3.7/site-packages/airflow/example_dags/tutorial_etl_dag.py took 0.147 seconds
[2024-02-11 12:32:53,340] {processor.py:153} INFO - Started process (PID=1130) to work on /home/airflow/.local/lib/python3.7/site-packages/airflow/example_dags/tutorial_etl_dag.py
[2024-02-11 12:32:53,341] {processor.py:641} INFO - Processing file /home/airflow/.local/lib/python3.7/site-packages/airflow/example_dags/tutorial_etl_dag.py for tasks to queue
[2024-02-11 12:32:53,341] {logging_mixin.py:115} INFO - [2024-02-11 12:32:53,341] {dagbag.py:507} INFO - Filling up the DagBag from /home/airflow/.local/lib/python3.7/site-packages/airflow/example_dags/tutorial_etl_dag.py
[2024-02-11 12:32:53,346] {processor.py:651} INFO - DAG(s) dict_keys(['tutorial_etl_dag']) retrieved from /home/airflow/.local/lib/python3.7/site-packages/airflow/example_dags/tutorial_etl_dag.py
[2024-02-11 12:32:53,360] {logging_mixin.py:115} INFO - [2024-02-11 12:32:53,360] {dag.py:2371} INFO - Sync 1 DAGs
[2024-02-11 12:32:53,372] {logging_mixin.py:115} INFO - [2024-02-11 12:32:53,372] {dag.py:2919} INFO - Setting next_dagrun for tutorial_etl_dag to None, run_after=None
[2024-02-11 12:32:53,476] {processor.py:161} INFO - Processing /home/airflow/.local/lib/python3.7/site-packages/airflow/example_dags/tutorial_etl_dag.py took 0.137 seconds
[2024-02-11 12:55:23,897] {processor.py:153} INFO - Started process (PID=1216) to work on /home/airflow/.local/lib/python3.7/site-packages/airflow/example_dags/tutorial_etl_dag.py
[2024-02-11 12:55:23,900] {processor.py:641} INFO - Processing file /home/airflow/.local/lib/python3.7/site-packages/airflow/example_dags/tutorial_etl_dag.py for tasks to queue
[2024-02-11 12:55:23,901] {logging_mixin.py:115} INFO - [2024-02-11 12:55:23,901] {dagbag.py:507} INFO - Filling up the DagBag from /home/airflow/.local/lib/python3.7/site-packages/airflow/example_dags/tutorial_etl_dag.py
[2024-02-11 12:55:23,985] {processor.py:651} INFO - DAG(s) dict_keys(['tutorial_etl_dag']) retrieved from /home/airflow/.local/lib/python3.7/site-packages/airflow/example_dags/tutorial_etl_dag.py
[2024-02-11 12:55:24,194] {logging_mixin.py:115} INFO - [2024-02-11 12:55:24,193] {dag.py:2371} INFO - Sync 1 DAGs
[2024-02-11 12:55:28,321] {logging_mixin.py:115} INFO - [2024-02-11 12:55:28,319] {dag.py:2919} INFO - Setting next_dagrun for tutorial_etl_dag to None, run_after=None
[2024-02-11 12:55:28,423] {processor.py:161} INFO - Processing /home/airflow/.local/lib/python3.7/site-packages/airflow/example_dags/tutorial_etl_dag.py took 4.554 seconds
[2024-02-11 12:55:59,287] {processor.py:153} INFO - Started process (PID=1271) to work on /home/airflow/.local/lib/python3.7/site-packages/airflow/example_dags/tutorial_etl_dag.py
[2024-02-11 12:55:59,289] {processor.py:641} INFO - Processing file /home/airflow/.local/lib/python3.7/site-packages/airflow/example_dags/tutorial_etl_dag.py for tasks to queue
[2024-02-11 12:55:59,289] {logging_mixin.py:115} INFO - [2024-02-11 12:55:59,289] {dagbag.py:507} INFO - Filling up the DagBag from /home/airflow/.local/lib/python3.7/site-packages/airflow/example_dags/tutorial_etl_dag.py
[2024-02-11 12:55:59,295] {processor.py:651} INFO - DAG(s) dict_keys(['tutorial_etl_dag']) retrieved from /home/airflow/.local/lib/python3.7/site-packages/airflow/example_dags/tutorial_etl_dag.py
[2024-02-11 12:55:59,310] {logging_mixin.py:115} INFO - [2024-02-11 12:55:59,310] {dag.py:2371} INFO - Sync 1 DAGs
[2024-02-11 12:55:59,400] {logging_mixin.py:115} INFO - [2024-02-11 12:55:59,400] {dag.py:2919} INFO - Setting next_dagrun for tutorial_etl_dag to None, run_after=None
[2024-02-11 12:55:59,405] {processor.py:161} INFO - Processing /home/airflow/.local/lib/python3.7/site-packages/airflow/example_dags/tutorial_etl_dag.py took 0.121 seconds
[2024-02-11 12:56:29,521] {processor.py:153} INFO - Started process (PID=1338) to work on /home/airflow/.local/lib/python3.7/site-packages/airflow/example_dags/tutorial_etl_dag.py
[2024-02-11 12:56:29,523] {processor.py:641} INFO - Processing file /home/airflow/.local/lib/python3.7/site-packages/airflow/example_dags/tutorial_etl_dag.py for tasks to queue
[2024-02-11 12:56:29,523] {logging_mixin.py:115} INFO - [2024-02-11 12:56:29,523] {dagbag.py:507} INFO - Filling up the DagBag from /home/airflow/.local/lib/python3.7/site-packages/airflow/example_dags/tutorial_etl_dag.py
[2024-02-11 12:56:29,527] {processor.py:651} INFO - DAG(s) dict_keys(['tutorial_etl_dag']) retrieved from /home/airflow/.local/lib/python3.7/site-packages/airflow/example_dags/tutorial_etl_dag.py
[2024-02-11 12:56:29,541] {logging_mixin.py:115} INFO - [2024-02-11 12:56:29,541] {dag.py:2371} INFO - Sync 1 DAGs
[2024-02-11 12:56:29,628] {logging_mixin.py:115} INFO - [2024-02-11 12:56:29,628] {dag.py:2919} INFO - Setting next_dagrun for tutorial_etl_dag to None, run_after=None
[2024-02-11 12:56:29,637] {processor.py:161} INFO - Processing /home/airflow/.local/lib/python3.7/site-packages/airflow/example_dags/tutorial_etl_dag.py took 0.118 seconds
[2024-02-11 13:46:14,291] {processor.py:153} INFO - Started process (PID=1402) to work on /home/airflow/.local/lib/python3.7/site-packages/airflow/example_dags/tutorial_etl_dag.py
[2024-02-11 13:46:14,295] {processor.py:641} INFO - Processing file /home/airflow/.local/lib/python3.7/site-packages/airflow/example_dags/tutorial_etl_dag.py for tasks to queue
[2024-02-11 13:46:14,297] {logging_mixin.py:115} INFO - [2024-02-11 13:46:14,297] {dagbag.py:507} INFO - Filling up the DagBag from /home/airflow/.local/lib/python3.7/site-packages/airflow/example_dags/tutorial_etl_dag.py
[2024-02-11 13:46:14,332] {processor.py:651} INFO - DAG(s) dict_keys(['tutorial_etl_dag']) retrieved from /home/airflow/.local/lib/python3.7/site-packages/airflow/example_dags/tutorial_etl_dag.py
[2024-02-11 13:46:14,450] {logging_mixin.py:115} INFO - [2024-02-11 13:46:14,450] {dag.py:2371} INFO - Sync 1 DAGs
[2024-02-11 13:46:16,459] {logging_mixin.py:115} INFO - [2024-02-11 13:46:16,457] {dag.py:2919} INFO - Setting next_dagrun for tutorial_etl_dag to None, run_after=None
[2024-02-11 13:46:16,499] {processor.py:161} INFO - Processing /home/airflow/.local/lib/python3.7/site-packages/airflow/example_dags/tutorial_etl_dag.py took 2.220 seconds
[2024-02-11 14:33:09,132] {processor.py:153} INFO - Started process (PID=1468) to work on /home/airflow/.local/lib/python3.7/site-packages/airflow/example_dags/tutorial_etl_dag.py
[2024-02-11 14:33:09,136] {processor.py:641} INFO - Processing file /home/airflow/.local/lib/python3.7/site-packages/airflow/example_dags/tutorial_etl_dag.py for tasks to queue
[2024-02-11 14:33:09,138] {logging_mixin.py:115} INFO - [2024-02-11 14:33:09,138] {dagbag.py:507} INFO - Filling up the DagBag from /home/airflow/.local/lib/python3.7/site-packages/airflow/example_dags/tutorial_etl_dag.py
[2024-02-11 14:33:09,154] {processor.py:651} INFO - DAG(s) dict_keys(['tutorial_etl_dag']) retrieved from /home/airflow/.local/lib/python3.7/site-packages/airflow/example_dags/tutorial_etl_dag.py
[2024-02-11 14:33:09,243] {logging_mixin.py:115} INFO - [2024-02-11 14:33:09,242] {dag.py:2371} INFO - Sync 1 DAGs
[2024-02-11 14:33:09,815] {logging_mixin.py:115} INFO - [2024-02-11 14:33:09,815] {dag.py:2919} INFO - Setting next_dagrun for tutorial_etl_dag to None, run_after=None
[2024-02-11 14:33:09,868] {processor.py:161} INFO - Processing /home/airflow/.local/lib/python3.7/site-packages/airflow/example_dags/tutorial_etl_dag.py took 0.752 seconds
[2024-02-11 14:33:40,388] {processor.py:153} INFO - Started process (PID=1531) to work on /home/airflow/.local/lib/python3.7/site-packages/airflow/example_dags/tutorial_etl_dag.py
[2024-02-11 14:33:40,391] {processor.py:641} INFO - Processing file /home/airflow/.local/lib/python3.7/site-packages/airflow/example_dags/tutorial_etl_dag.py for tasks to queue
[2024-02-11 14:33:40,391] {logging_mixin.py:115} INFO - [2024-02-11 14:33:40,391] {dagbag.py:507} INFO - Filling up the DagBag from /home/airflow/.local/lib/python3.7/site-packages/airflow/example_dags/tutorial_etl_dag.py
[2024-02-11 14:33:40,397] {processor.py:651} INFO - DAG(s) dict_keys(['tutorial_etl_dag']) retrieved from /home/airflow/.local/lib/python3.7/site-packages/airflow/example_dags/tutorial_etl_dag.py
[2024-02-11 14:33:40,412] {logging_mixin.py:115} INFO - [2024-02-11 14:33:40,412] {dag.py:2371} INFO - Sync 1 DAGs
[2024-02-11 14:33:40,507] {logging_mixin.py:115} INFO - [2024-02-11 14:33:40,507] {dag.py:2919} INFO - Setting next_dagrun for tutorial_etl_dag to None, run_after=None
[2024-02-11 14:33:40,511] {processor.py:161} INFO - Processing /home/airflow/.local/lib/python3.7/site-packages/airflow/example_dags/tutorial_etl_dag.py took 0.125 seconds
[2024-02-11 14:42:36,668] {processor.py:153} INFO - Started process (PID=1599) to work on /home/airflow/.local/lib/python3.7/site-packages/airflow/example_dags/tutorial_etl_dag.py
[2024-02-11 14:42:36,677] {processor.py:641} INFO - Processing file /home/airflow/.local/lib/python3.7/site-packages/airflow/example_dags/tutorial_etl_dag.py for tasks to queue
[2024-02-11 14:42:36,693] {logging_mixin.py:115} INFO - [2024-02-11 14:42:36,693] {dagbag.py:507} INFO - Filling up the DagBag from /home/airflow/.local/lib/python3.7/site-packages/airflow/example_dags/tutorial_etl_dag.py
[2024-02-11 14:42:36,770] {processor.py:651} INFO - DAG(s) dict_keys(['tutorial_etl_dag']) retrieved from /home/airflow/.local/lib/python3.7/site-packages/airflow/example_dags/tutorial_etl_dag.py
[2024-02-11 14:42:36,888] {logging_mixin.py:115} INFO - [2024-02-11 14:42:36,888] {dag.py:2371} INFO - Sync 1 DAGs
[2024-02-11 14:42:37,070] {logging_mixin.py:115} INFO - [2024-02-11 14:42:37,069] {dag.py:2919} INFO - Setting next_dagrun for tutorial_etl_dag to None, run_after=None
[2024-02-11 14:42:37,160] {processor.py:161} INFO - Processing /home/airflow/.local/lib/python3.7/site-packages/airflow/example_dags/tutorial_etl_dag.py took 0.521 seconds
[2024-02-11 14:58:22,618] {processor.py:153} INFO - Started process (PID=1680) to work on /home/airflow/.local/lib/python3.7/site-packages/airflow/example_dags/tutorial_etl_dag.py
[2024-02-11 14:58:22,627] {processor.py:641} INFO - Processing file /home/airflow/.local/lib/python3.7/site-packages/airflow/example_dags/tutorial_etl_dag.py for tasks to queue
[2024-02-11 14:58:22,628] {logging_mixin.py:115} INFO - [2024-02-11 14:58:22,628] {dagbag.py:507} INFO - Filling up the DagBag from /home/airflow/.local/lib/python3.7/site-packages/airflow/example_dags/tutorial_etl_dag.py
[2024-02-11 14:58:22,644] {processor.py:651} INFO - DAG(s) dict_keys(['tutorial_etl_dag']) retrieved from /home/airflow/.local/lib/python3.7/site-packages/airflow/example_dags/tutorial_etl_dag.py
[2024-02-11 14:58:22,788] {logging_mixin.py:115} INFO - [2024-02-11 14:58:22,788] {dag.py:2371} INFO - Sync 1 DAGs
[2024-02-11 14:58:22,878] {logging_mixin.py:115} INFO - [2024-02-11 14:58:22,877] {dag.py:2919} INFO - Setting next_dagrun for tutorial_etl_dag to None, run_after=None
[2024-02-11 14:58:22,962] {processor.py:161} INFO - Processing /home/airflow/.local/lib/python3.7/site-packages/airflow/example_dags/tutorial_etl_dag.py took 0.352 seconds
[2024-02-11 15:34:07,483] {processor.py:153} INFO - Started process (PID=1746) to work on /home/airflow/.local/lib/python3.7/site-packages/airflow/example_dags/tutorial_etl_dag.py
[2024-02-11 15:34:07,484] {processor.py:641} INFO - Processing file /home/airflow/.local/lib/python3.7/site-packages/airflow/example_dags/tutorial_etl_dag.py for tasks to queue
[2024-02-11 15:34:07,485] {logging_mixin.py:115} INFO - [2024-02-11 15:34:07,485] {dagbag.py:507} INFO - Filling up the DagBag from /home/airflow/.local/lib/python3.7/site-packages/airflow/example_dags/tutorial_etl_dag.py
[2024-02-11 15:34:07,498] {processor.py:651} INFO - DAG(s) dict_keys(['tutorial_etl_dag']) retrieved from /home/airflow/.local/lib/python3.7/site-packages/airflow/example_dags/tutorial_etl_dag.py
[2024-02-11 15:34:07,589] {logging_mixin.py:115} INFO - [2024-02-11 15:34:07,589] {dag.py:2371} INFO - Sync 1 DAGs
[2024-02-11 15:34:07,664] {logging_mixin.py:115} INFO - [2024-02-11 15:34:07,663] {dag.py:2919} INFO - Setting next_dagrun for tutorial_etl_dag to None, run_after=None
[2024-02-11 15:34:07,729] {processor.py:161} INFO - Processing /home/airflow/.local/lib/python3.7/site-packages/airflow/example_dags/tutorial_etl_dag.py took 0.259 seconds
[2024-02-11 15:34:37,802] {processor.py:153} INFO - Started process (PID=1813) to work on /home/airflow/.local/lib/python3.7/site-packages/airflow/example_dags/tutorial_etl_dag.py
[2024-02-11 15:34:37,803] {processor.py:641} INFO - Processing file /home/airflow/.local/lib/python3.7/site-packages/airflow/example_dags/tutorial_etl_dag.py for tasks to queue
[2024-02-11 15:34:37,804] {logging_mixin.py:115} INFO - [2024-02-11 15:34:37,804] {dagbag.py:507} INFO - Filling up the DagBag from /home/airflow/.local/lib/python3.7/site-packages/airflow/example_dags/tutorial_etl_dag.py
[2024-02-11 15:34:37,808] {processor.py:651} INFO - DAG(s) dict_keys(['tutorial_etl_dag']) retrieved from /home/airflow/.local/lib/python3.7/site-packages/airflow/example_dags/tutorial_etl_dag.py
[2024-02-11 15:34:37,823] {logging_mixin.py:115} INFO - [2024-02-11 15:34:37,823] {dag.py:2371} INFO - Sync 1 DAGs
[2024-02-11 15:34:37,834] {logging_mixin.py:115} INFO - [2024-02-11 15:34:37,834] {dag.py:2919} INFO - Setting next_dagrun for tutorial_etl_dag to None, run_after=None
[2024-02-11 15:34:37,839] {processor.py:161} INFO - Processing /home/airflow/.local/lib/python3.7/site-packages/airflow/example_dags/tutorial_etl_dag.py took 0.038 seconds
[2024-02-11 15:41:09,335] {processor.py:153} INFO - Started process (PID=1881) to work on /home/airflow/.local/lib/python3.7/site-packages/airflow/example_dags/tutorial_etl_dag.py
[2024-02-11 15:41:09,341] {processor.py:641} INFO - Processing file /home/airflow/.local/lib/python3.7/site-packages/airflow/example_dags/tutorial_etl_dag.py for tasks to queue
[2024-02-11 15:41:09,343] {logging_mixin.py:115} INFO - [2024-02-11 15:41:09,343] {dagbag.py:507} INFO - Filling up the DagBag from /home/airflow/.local/lib/python3.7/site-packages/airflow/example_dags/tutorial_etl_dag.py
[2024-02-11 15:41:09,381] {processor.py:651} INFO - DAG(s) dict_keys(['tutorial_etl_dag']) retrieved from /home/airflow/.local/lib/python3.7/site-packages/airflow/example_dags/tutorial_etl_dag.py
[2024-02-11 15:41:09,595] {logging_mixin.py:115} INFO - [2024-02-11 15:41:09,595] {dag.py:2371} INFO - Sync 1 DAGs
[2024-02-11 15:41:09,674] {logging_mixin.py:115} INFO - [2024-02-11 15:41:09,673] {dag.py:2919} INFO - Setting next_dagrun for tutorial_etl_dag to None, run_after=None
[2024-02-11 15:41:09,710] {processor.py:161} INFO - Processing /home/airflow/.local/lib/python3.7/site-packages/airflow/example_dags/tutorial_etl_dag.py took 0.388 seconds
[2024-02-11 16:05:26,823] {processor.py:153} INFO - Started process (PID=1959) to work on /home/airflow/.local/lib/python3.7/site-packages/airflow/example_dags/tutorial_etl_dag.py
[2024-02-11 16:05:26,846] {processor.py:641} INFO - Processing file /home/airflow/.local/lib/python3.7/site-packages/airflow/example_dags/tutorial_etl_dag.py for tasks to queue
[2024-02-11 16:05:26,868] {logging_mixin.py:115} INFO - [2024-02-11 16:05:26,867] {dagbag.py:507} INFO - Filling up the DagBag from /home/airflow/.local/lib/python3.7/site-packages/airflow/example_dags/tutorial_etl_dag.py
[2024-02-11 16:05:27,064] {processor.py:651} INFO - DAG(s) dict_keys(['tutorial_etl_dag']) retrieved from /home/airflow/.local/lib/python3.7/site-packages/airflow/example_dags/tutorial_etl_dag.py
[2024-02-11 16:05:27,604] {logging_mixin.py:115} INFO - [2024-02-11 16:05:27,519] {dag.py:2371} INFO - Sync 1 DAGs
[2024-02-11 16:05:27,900] {logging_mixin.py:115} INFO - [2024-02-11 16:05:27,900] {dag.py:2919} INFO - Setting next_dagrun for tutorial_etl_dag to None, run_after=None
[2024-02-11 16:05:28,029] {processor.py:161} INFO - Processing /home/airflow/.local/lib/python3.7/site-packages/airflow/example_dags/tutorial_etl_dag.py took 1.422 seconds
[2024-02-11 16:05:58,237] {processor.py:153} INFO - Started process (PID=2012) to work on /home/airflow/.local/lib/python3.7/site-packages/airflow/example_dags/tutorial_etl_dag.py
[2024-02-11 16:05:58,238] {processor.py:641} INFO - Processing file /home/airflow/.local/lib/python3.7/site-packages/airflow/example_dags/tutorial_etl_dag.py for tasks to queue
[2024-02-11 16:05:58,239] {logging_mixin.py:115} INFO - [2024-02-11 16:05:58,239] {dagbag.py:507} INFO - Filling up the DagBag from /home/airflow/.local/lib/python3.7/site-packages/airflow/example_dags/tutorial_etl_dag.py
[2024-02-11 16:05:58,254] {processor.py:651} INFO - DAG(s) dict_keys(['tutorial_etl_dag']) retrieved from /home/airflow/.local/lib/python3.7/site-packages/airflow/example_dags/tutorial_etl_dag.py
[2024-02-11 16:05:58,294] {logging_mixin.py:115} INFO - [2024-02-11 16:05:58,294] {dag.py:2371} INFO - Sync 1 DAGs
[2024-02-11 16:05:58,317] {logging_mixin.py:115} INFO - [2024-02-11 16:05:58,317] {dag.py:2919} INFO - Setting next_dagrun for tutorial_etl_dag to None, run_after=None
[2024-02-11 16:05:58,324] {processor.py:161} INFO - Processing /home/airflow/.local/lib/python3.7/site-packages/airflow/example_dags/tutorial_etl_dag.py took 0.092 seconds
[2024-02-11 16:06:28,489] {processor.py:153} INFO - Started process (PID=2071) to work on /home/airflow/.local/lib/python3.7/site-packages/airflow/example_dags/tutorial_etl_dag.py
[2024-02-11 16:06:28,492] {processor.py:641} INFO - Processing file /home/airflow/.local/lib/python3.7/site-packages/airflow/example_dags/tutorial_etl_dag.py for tasks to queue
[2024-02-11 16:06:28,494] {logging_mixin.py:115} INFO - [2024-02-11 16:06:28,494] {dagbag.py:507} INFO - Filling up the DagBag from /home/airflow/.local/lib/python3.7/site-packages/airflow/example_dags/tutorial_etl_dag.py
[2024-02-11 16:06:28,516] {processor.py:651} INFO - DAG(s) dict_keys(['tutorial_etl_dag']) retrieved from /home/airflow/.local/lib/python3.7/site-packages/airflow/example_dags/tutorial_etl_dag.py
[2024-02-11 16:06:28,551] {logging_mixin.py:115} INFO - [2024-02-11 16:06:28,551] {dag.py:2371} INFO - Sync 1 DAGs
[2024-02-11 16:06:28,569] {logging_mixin.py:115} INFO - [2024-02-11 16:06:28,569] {dag.py:2919} INFO - Setting next_dagrun for tutorial_etl_dag to None, run_after=None
[2024-02-11 16:06:28,576] {processor.py:161} INFO - Processing /home/airflow/.local/lib/python3.7/site-packages/airflow/example_dags/tutorial_etl_dag.py took 0.096 seconds
[2024-02-11 16:06:59,390] {processor.py:153} INFO - Started process (PID=2134) to work on /home/airflow/.local/lib/python3.7/site-packages/airflow/example_dags/tutorial_etl_dag.py
[2024-02-11 16:06:59,391] {processor.py:641} INFO - Processing file /home/airflow/.local/lib/python3.7/site-packages/airflow/example_dags/tutorial_etl_dag.py for tasks to queue
[2024-02-11 16:06:59,392] {logging_mixin.py:115} INFO - [2024-02-11 16:06:59,392] {dagbag.py:507} INFO - Filling up the DagBag from /home/airflow/.local/lib/python3.7/site-packages/airflow/example_dags/tutorial_etl_dag.py
[2024-02-11 16:06:59,411] {processor.py:651} INFO - DAG(s) dict_keys(['tutorial_etl_dag']) retrieved from /home/airflow/.local/lib/python3.7/site-packages/airflow/example_dags/tutorial_etl_dag.py
[2024-02-11 16:06:59,453] {logging_mixin.py:115} INFO - [2024-02-11 16:06:59,453] {dag.py:2371} INFO - Sync 1 DAGs
[2024-02-11 16:06:59,469] {logging_mixin.py:115} INFO - [2024-02-11 16:06:59,469] {dag.py:2919} INFO - Setting next_dagrun for tutorial_etl_dag to None, run_after=None
[2024-02-11 16:06:59,476] {processor.py:161} INFO - Processing /home/airflow/.local/lib/python3.7/site-packages/airflow/example_dags/tutorial_etl_dag.py took 0.089 seconds
[2024-02-11 16:07:29,629] {processor.py:153} INFO - Started process (PID=2200) to work on /home/airflow/.local/lib/python3.7/site-packages/airflow/example_dags/tutorial_etl_dag.py
[2024-02-11 16:07:29,632] {processor.py:641} INFO - Processing file /home/airflow/.local/lib/python3.7/site-packages/airflow/example_dags/tutorial_etl_dag.py for tasks to queue
[2024-02-11 16:07:29,637] {logging_mixin.py:115} INFO - [2024-02-11 16:07:29,637] {dagbag.py:507} INFO - Filling up the DagBag from /home/airflow/.local/lib/python3.7/site-packages/airflow/example_dags/tutorial_etl_dag.py
[2024-02-11 16:07:29,680] {processor.py:651} INFO - DAG(s) dict_keys(['tutorial_etl_dag']) retrieved from /home/airflow/.local/lib/python3.7/site-packages/airflow/example_dags/tutorial_etl_dag.py
[2024-02-11 16:07:29,727] {logging_mixin.py:115} INFO - [2024-02-11 16:07:29,727] {dag.py:2371} INFO - Sync 1 DAGs
[2024-02-11 16:07:29,754] {logging_mixin.py:115} INFO - [2024-02-11 16:07:29,754] {dag.py:2919} INFO - Setting next_dagrun for tutorial_etl_dag to None, run_after=None
[2024-02-11 16:07:29,766] {processor.py:161} INFO - Processing /home/airflow/.local/lib/python3.7/site-packages/airflow/example_dags/tutorial_etl_dag.py took 0.143 seconds
[2024-02-11 16:08:00,032] {processor.py:153} INFO - Started process (PID=2257) to work on /home/airflow/.local/lib/python3.7/site-packages/airflow/example_dags/tutorial_etl_dag.py
[2024-02-11 16:08:00,046] {processor.py:641} INFO - Processing file /home/airflow/.local/lib/python3.7/site-packages/airflow/example_dags/tutorial_etl_dag.py for tasks to queue
[2024-02-11 16:08:00,047] {logging_mixin.py:115} INFO - [2024-02-11 16:08:00,047] {dagbag.py:507} INFO - Filling up the DagBag from /home/airflow/.local/lib/python3.7/site-packages/airflow/example_dags/tutorial_etl_dag.py
[2024-02-11 16:08:00,061] {processor.py:651} INFO - DAG(s) dict_keys(['tutorial_etl_dag']) retrieved from /home/airflow/.local/lib/python3.7/site-packages/airflow/example_dags/tutorial_etl_dag.py
[2024-02-11 16:08:00,105] {logging_mixin.py:115} INFO - [2024-02-11 16:08:00,105] {dag.py:2371} INFO - Sync 1 DAGs
[2024-02-11 16:08:00,129] {logging_mixin.py:115} INFO - [2024-02-11 16:08:00,129] {dag.py:2919} INFO - Setting next_dagrun for tutorial_etl_dag to None, run_after=None
[2024-02-11 16:08:00,137] {processor.py:161} INFO - Processing /home/airflow/.local/lib/python3.7/site-packages/airflow/example_dags/tutorial_etl_dag.py took 0.125 seconds
[2024-02-11 16:08:30,292] {processor.py:153} INFO - Started process (PID=2324) to work on /home/airflow/.local/lib/python3.7/site-packages/airflow/example_dags/tutorial_etl_dag.py
[2024-02-11 16:08:30,296] {processor.py:641} INFO - Processing file /home/airflow/.local/lib/python3.7/site-packages/airflow/example_dags/tutorial_etl_dag.py for tasks to queue
[2024-02-11 16:08:30,298] {logging_mixin.py:115} INFO - [2024-02-11 16:08:30,298] {dagbag.py:507} INFO - Filling up the DagBag from /home/airflow/.local/lib/python3.7/site-packages/airflow/example_dags/tutorial_etl_dag.py
[2024-02-11 16:08:30,319] {processor.py:651} INFO - DAG(s) dict_keys(['tutorial_etl_dag']) retrieved from /home/airflow/.local/lib/python3.7/site-packages/airflow/example_dags/tutorial_etl_dag.py
[2024-02-11 16:08:30,367] {logging_mixin.py:115} INFO - [2024-02-11 16:08:30,367] {dag.py:2371} INFO - Sync 1 DAGs
[2024-02-11 16:08:30,390] {logging_mixin.py:115} INFO - [2024-02-11 16:08:30,390] {dag.py:2919} INFO - Setting next_dagrun for tutorial_etl_dag to None, run_after=None
[2024-02-11 16:08:30,404] {processor.py:161} INFO - Processing /home/airflow/.local/lib/python3.7/site-packages/airflow/example_dags/tutorial_etl_dag.py took 0.137 seconds
[2024-02-11 16:09:01,162] {processor.py:153} INFO - Started process (PID=2388) to work on /home/airflow/.local/lib/python3.7/site-packages/airflow/example_dags/tutorial_etl_dag.py
[2024-02-11 16:09:01,177] {processor.py:641} INFO - Processing file /home/airflow/.local/lib/python3.7/site-packages/airflow/example_dags/tutorial_etl_dag.py for tasks to queue
[2024-02-11 16:09:01,180] {logging_mixin.py:115} INFO - [2024-02-11 16:09:01,180] {dagbag.py:507} INFO - Filling up the DagBag from /home/airflow/.local/lib/python3.7/site-packages/airflow/example_dags/tutorial_etl_dag.py
[2024-02-11 16:09:01,228] {processor.py:651} INFO - DAG(s) dict_keys(['tutorial_etl_dag']) retrieved from /home/airflow/.local/lib/python3.7/site-packages/airflow/example_dags/tutorial_etl_dag.py
[2024-02-11 16:09:01,526] {logging_mixin.py:115} INFO - [2024-02-11 16:09:01,525] {dag.py:2371} INFO - Sync 1 DAGs
[2024-02-11 16:09:01,857] {logging_mixin.py:115} INFO - [2024-02-11 16:09:01,857] {dag.py:2919} INFO - Setting next_dagrun for tutorial_etl_dag to None, run_after=None
[2024-02-11 16:09:01,980] {processor.py:161} INFO - Processing /home/airflow/.local/lib/python3.7/site-packages/airflow/example_dags/tutorial_etl_dag.py took 0.863 seconds
