[2024-02-11 00:01:17,847] {processor.py:153} INFO - Started process (PID=4412) to work on /home/airflow/.local/lib/python3.7/site-packages/airflow/example_dags/tutorial_taskflow_api_etl.py
[2024-02-11 00:01:17,850] {processor.py:641} INFO - Processing file /home/airflow/.local/lib/python3.7/site-packages/airflow/example_dags/tutorial_taskflow_api_etl.py for tasks to queue
[2024-02-11 00:01:17,851] {logging_mixin.py:115} INFO - [2024-02-11 00:01:17,851] {dagbag.py:507} INFO - Filling up the DagBag from /home/airflow/.local/lib/python3.7/site-packages/airflow/example_dags/tutorial_taskflow_api_etl.py
[2024-02-11 00:01:17,884] {processor.py:651} INFO - DAG(s) dict_keys(['tutorial_taskflow_api_etl']) retrieved from /home/airflow/.local/lib/python3.7/site-packages/airflow/example_dags/tutorial_taskflow_api_etl.py
[2024-02-11 00:01:18,786] {logging_mixin.py:115} INFO - [2024-02-11 00:01:18,785] {dag.py:2371} INFO - Sync 1 DAGs
[2024-02-11 00:01:18,824] {logging_mixin.py:115} INFO - [2024-02-11 00:01:18,824] {dag.py:2919} INFO - Setting next_dagrun for tutorial_taskflow_api_etl to None, run_after=None
[2024-02-11 00:01:18,849] {processor.py:161} INFO - Processing /home/airflow/.local/lib/python3.7/site-packages/airflow/example_dags/tutorial_taskflow_api_etl.py took 1.007 seconds
[2024-02-11 00:01:48,926] {processor.py:153} INFO - Started process (PID=4476) to work on /home/airflow/.local/lib/python3.7/site-packages/airflow/example_dags/tutorial_taskflow_api_etl.py
[2024-02-11 00:01:48,926] {processor.py:641} INFO - Processing file /home/airflow/.local/lib/python3.7/site-packages/airflow/example_dags/tutorial_taskflow_api_etl.py for tasks to queue
[2024-02-11 00:01:48,927] {logging_mixin.py:115} INFO - [2024-02-11 00:01:48,927] {dagbag.py:507} INFO - Filling up the DagBag from /home/airflow/.local/lib/python3.7/site-packages/airflow/example_dags/tutorial_taskflow_api_etl.py
[2024-02-11 00:01:48,941] {processor.py:651} INFO - DAG(s) dict_keys(['tutorial_taskflow_api_etl']) retrieved from /home/airflow/.local/lib/python3.7/site-packages/airflow/example_dags/tutorial_taskflow_api_etl.py
[2024-02-11 00:01:49,132] {logging_mixin.py:115} INFO - [2024-02-11 00:01:49,132] {dag.py:2371} INFO - Sync 1 DAGs
[2024-02-11 00:01:49,142] {logging_mixin.py:115} INFO - [2024-02-11 00:01:49,142] {dag.py:2919} INFO - Setting next_dagrun for tutorial_taskflow_api_etl to None, run_after=None
[2024-02-11 00:01:49,148] {processor.py:161} INFO - Processing /home/airflow/.local/lib/python3.7/site-packages/airflow/example_dags/tutorial_taskflow_api_etl.py took 0.224 seconds
[2024-02-11 00:07:02,031] {processor.py:153} INFO - Started process (PID=4544) to work on /home/airflow/.local/lib/python3.7/site-packages/airflow/example_dags/tutorial_taskflow_api_etl.py
[2024-02-11 00:07:02,039] {processor.py:641} INFO - Processing file /home/airflow/.local/lib/python3.7/site-packages/airflow/example_dags/tutorial_taskflow_api_etl.py for tasks to queue
[2024-02-11 00:07:02,041] {logging_mixin.py:115} INFO - [2024-02-11 00:07:02,041] {dagbag.py:507} INFO - Filling up the DagBag from /home/airflow/.local/lib/python3.7/site-packages/airflow/example_dags/tutorial_taskflow_api_etl.py
[2024-02-11 00:07:02,302] {processor.py:651} INFO - DAG(s) dict_keys(['tutorial_taskflow_api_etl']) retrieved from /home/airflow/.local/lib/python3.7/site-packages/airflow/example_dags/tutorial_taskflow_api_etl.py
[2024-02-11 00:07:03,476] {logging_mixin.py:115} INFO - [2024-02-11 00:07:03,476] {dag.py:2371} INFO - Sync 1 DAGs
[2024-02-11 00:07:03,500] {logging_mixin.py:115} INFO - [2024-02-11 00:07:03,500] {dag.py:2919} INFO - Setting next_dagrun for tutorial_taskflow_api_etl to None, run_after=None
[2024-02-11 00:07:03,548] {processor.py:161} INFO - Processing /home/airflow/.local/lib/python3.7/site-packages/airflow/example_dags/tutorial_taskflow_api_etl.py took 1.561 seconds
[2024-02-11 00:07:33,818] {processor.py:153} INFO - Started process (PID=4599) to work on /home/airflow/.local/lib/python3.7/site-packages/airflow/example_dags/tutorial_taskflow_api_etl.py
[2024-02-11 00:07:33,819] {processor.py:641} INFO - Processing file /home/airflow/.local/lib/python3.7/site-packages/airflow/example_dags/tutorial_taskflow_api_etl.py for tasks to queue
[2024-02-11 00:07:33,819] {logging_mixin.py:115} INFO - [2024-02-11 00:07:33,819] {dagbag.py:507} INFO - Filling up the DagBag from /home/airflow/.local/lib/python3.7/site-packages/airflow/example_dags/tutorial_taskflow_api_etl.py
[2024-02-11 00:07:33,828] {processor.py:651} INFO - DAG(s) dict_keys(['tutorial_taskflow_api_etl']) retrieved from /home/airflow/.local/lib/python3.7/site-packages/airflow/example_dags/tutorial_taskflow_api_etl.py
[2024-02-11 00:07:33,953] {logging_mixin.py:115} INFO - [2024-02-11 00:07:33,953] {dag.py:2371} INFO - Sync 1 DAGs
[2024-02-11 00:07:33,963] {logging_mixin.py:115} INFO - [2024-02-11 00:07:33,963] {dag.py:2919} INFO - Setting next_dagrun for tutorial_taskflow_api_etl to None, run_after=None
[2024-02-11 00:07:33,971] {processor.py:161} INFO - Processing /home/airflow/.local/lib/python3.7/site-packages/airflow/example_dags/tutorial_taskflow_api_etl.py took 0.155 seconds
[2024-02-11 00:08:04,150] {processor.py:153} INFO - Started process (PID=4663) to work on /home/airflow/.local/lib/python3.7/site-packages/airflow/example_dags/tutorial_taskflow_api_etl.py
[2024-02-11 00:08:04,152] {processor.py:641} INFO - Processing file /home/airflow/.local/lib/python3.7/site-packages/airflow/example_dags/tutorial_taskflow_api_etl.py for tasks to queue
[2024-02-11 00:08:04,153] {logging_mixin.py:115} INFO - [2024-02-11 00:08:04,153] {dagbag.py:507} INFO - Filling up the DagBag from /home/airflow/.local/lib/python3.7/site-packages/airflow/example_dags/tutorial_taskflow_api_etl.py
[2024-02-11 00:08:04,164] {processor.py:651} INFO - DAG(s) dict_keys(['tutorial_taskflow_api_etl']) retrieved from /home/airflow/.local/lib/python3.7/site-packages/airflow/example_dags/tutorial_taskflow_api_etl.py
[2024-02-11 00:08:04,182] {logging_mixin.py:115} INFO - [2024-02-11 00:08:04,182] {dag.py:2371} INFO - Sync 1 DAGs
[2024-02-11 00:08:04,336] {logging_mixin.py:115} INFO - [2024-02-11 00:08:04,336] {dag.py:2919} INFO - Setting next_dagrun for tutorial_taskflow_api_etl to None, run_after=None
[2024-02-11 00:08:04,342] {processor.py:161} INFO - Processing /home/airflow/.local/lib/python3.7/site-packages/airflow/example_dags/tutorial_taskflow_api_etl.py took 0.194 seconds
[2024-02-11 00:41:50,991] {processor.py:153} INFO - Started process (PID=4733) to work on /home/airflow/.local/lib/python3.7/site-packages/airflow/example_dags/tutorial_taskflow_api_etl.py
[2024-02-11 00:41:51,000] {processor.py:641} INFO - Processing file /home/airflow/.local/lib/python3.7/site-packages/airflow/example_dags/tutorial_taskflow_api_etl.py for tasks to queue
[2024-02-11 00:41:51,007] {logging_mixin.py:115} INFO - [2024-02-11 00:41:51,006] {dagbag.py:507} INFO - Filling up the DagBag from /home/airflow/.local/lib/python3.7/site-packages/airflow/example_dags/tutorial_taskflow_api_etl.py
[2024-02-11 00:41:51,083] {processor.py:651} INFO - DAG(s) dict_keys(['tutorial_taskflow_api_etl']) retrieved from /home/airflow/.local/lib/python3.7/site-packages/airflow/example_dags/tutorial_taskflow_api_etl.py
[2024-02-11 00:41:51,794] {logging_mixin.py:115} INFO - [2024-02-11 00:41:51,794] {dag.py:2371} INFO - Sync 1 DAGs
[2024-02-11 00:41:51,850] {logging_mixin.py:115} INFO - [2024-02-11 00:41:51,849] {dag.py:2919} INFO - Setting next_dagrun for tutorial_taskflow_api_etl to None, run_after=None
[2024-02-11 00:41:51,917] {processor.py:161} INFO - Processing /home/airflow/.local/lib/python3.7/site-packages/airflow/example_dags/tutorial_taskflow_api_etl.py took 0.938 seconds
[2024-02-11 00:58:44,731] {processor.py:153} INFO - Started process (PID=4794) to work on /home/airflow/.local/lib/python3.7/site-packages/airflow/example_dags/tutorial_taskflow_api_etl.py
[2024-02-11 00:58:44,734] {processor.py:641} INFO - Processing file /home/airflow/.local/lib/python3.7/site-packages/airflow/example_dags/tutorial_taskflow_api_etl.py for tasks to queue
[2024-02-11 00:58:44,739] {logging_mixin.py:115} INFO - [2024-02-11 00:58:44,739] {dagbag.py:507} INFO - Filling up the DagBag from /home/airflow/.local/lib/python3.7/site-packages/airflow/example_dags/tutorial_taskflow_api_etl.py
[2024-02-11 00:58:44,848] {processor.py:651} INFO - DAG(s) dict_keys(['tutorial_taskflow_api_etl']) retrieved from /home/airflow/.local/lib/python3.7/site-packages/airflow/example_dags/tutorial_taskflow_api_etl.py
[2024-02-11 00:58:45,548] {logging_mixin.py:115} INFO - [2024-02-11 00:58:45,548] {dag.py:2371} INFO - Sync 1 DAGs
[2024-02-11 00:58:45,585] {logging_mixin.py:115} INFO - [2024-02-11 00:58:45,585] {dag.py:2919} INFO - Setting next_dagrun for tutorial_taskflow_api_etl to None, run_after=None
[2024-02-11 00:58:45,619] {processor.py:161} INFO - Processing /home/airflow/.local/lib/python3.7/site-packages/airflow/example_dags/tutorial_taskflow_api_etl.py took 0.920 seconds
[2024-02-11 02:19:46,798] {processor.py:153} INFO - Started process (PID=4854) to work on /home/airflow/.local/lib/python3.7/site-packages/airflow/example_dags/tutorial_taskflow_api_etl.py
[2024-02-11 02:19:46,801] {processor.py:641} INFO - Processing file /home/airflow/.local/lib/python3.7/site-packages/airflow/example_dags/tutorial_taskflow_api_etl.py for tasks to queue
[2024-02-11 02:19:46,803] {logging_mixin.py:115} INFO - [2024-02-11 02:19:46,803] {dagbag.py:507} INFO - Filling up the DagBag from /home/airflow/.local/lib/python3.7/site-packages/airflow/example_dags/tutorial_taskflow_api_etl.py
[2024-02-11 02:19:46,865] {processor.py:651} INFO - DAG(s) dict_keys(['tutorial_taskflow_api_etl']) retrieved from /home/airflow/.local/lib/python3.7/site-packages/airflow/example_dags/tutorial_taskflow_api_etl.py
[2024-02-11 02:19:47,358] {logging_mixin.py:115} INFO - [2024-02-11 02:19:47,358] {dag.py:2371} INFO - Sync 1 DAGs
[2024-02-11 02:19:47,392] {logging_mixin.py:115} INFO - [2024-02-11 02:19:47,392] {dag.py:2919} INFO - Setting next_dagrun for tutorial_taskflow_api_etl to None, run_after=None
[2024-02-11 02:19:47,423] {processor.py:161} INFO - Processing /home/airflow/.local/lib/python3.7/site-packages/airflow/example_dags/tutorial_taskflow_api_etl.py took 0.638 seconds
[2024-02-11 03:26:59,740] {processor.py:153} INFO - Started process (PID=4924) to work on /home/airflow/.local/lib/python3.7/site-packages/airflow/example_dags/tutorial_taskflow_api_etl.py
[2024-02-11 03:26:59,741] {processor.py:641} INFO - Processing file /home/airflow/.local/lib/python3.7/site-packages/airflow/example_dags/tutorial_taskflow_api_etl.py for tasks to queue
[2024-02-11 03:26:59,743] {logging_mixin.py:115} INFO - [2024-02-11 03:26:59,743] {dagbag.py:507} INFO - Filling up the DagBag from /home/airflow/.local/lib/python3.7/site-packages/airflow/example_dags/tutorial_taskflow_api_etl.py
[2024-02-11 03:26:59,971] {processor.py:651} INFO - DAG(s) dict_keys(['tutorial_taskflow_api_etl']) retrieved from /home/airflow/.local/lib/python3.7/site-packages/airflow/example_dags/tutorial_taskflow_api_etl.py
[2024-02-11 03:27:00,276] {logging_mixin.py:115} INFO - [2024-02-11 03:27:00,275] {dag.py:2371} INFO - Sync 1 DAGs
[2024-02-11 03:27:00,317] {logging_mixin.py:115} INFO - [2024-02-11 03:27:00,317] {dag.py:2919} INFO - Setting next_dagrun for tutorial_taskflow_api_etl to None, run_after=None
[2024-02-11 03:27:00,350] {processor.py:161} INFO - Processing /home/airflow/.local/lib/python3.7/site-packages/airflow/example_dags/tutorial_taskflow_api_etl.py took 0.613 seconds
[2024-02-11 03:32:23,453] {processor.py:153} INFO - Started process (PID=4985) to work on /home/airflow/.local/lib/python3.7/site-packages/airflow/example_dags/tutorial_taskflow_api_etl.py
[2024-02-11 03:32:23,455] {processor.py:641} INFO - Processing file /home/airflow/.local/lib/python3.7/site-packages/airflow/example_dags/tutorial_taskflow_api_etl.py for tasks to queue
[2024-02-11 03:32:23,458] {logging_mixin.py:115} INFO - [2024-02-11 03:32:23,458] {dagbag.py:507} INFO - Filling up the DagBag from /home/airflow/.local/lib/python3.7/site-packages/airflow/example_dags/tutorial_taskflow_api_etl.py
[2024-02-11 03:32:23,491] {processor.py:651} INFO - DAG(s) dict_keys(['tutorial_taskflow_api_etl']) retrieved from /home/airflow/.local/lib/python3.7/site-packages/airflow/example_dags/tutorial_taskflow_api_etl.py
[2024-02-11 03:32:23,892] {logging_mixin.py:115} INFO - [2024-02-11 03:32:23,890] {dag.py:2371} INFO - Sync 1 DAGs
[2024-02-11 03:32:25,553] {logging_mixin.py:115} INFO - [2024-02-11 03:32:25,553] {dag.py:2919} INFO - Setting next_dagrun for tutorial_taskflow_api_etl to None, run_after=None
[2024-02-11 03:32:26,242] {processor.py:161} INFO - Processing /home/airflow/.local/lib/python3.7/site-packages/airflow/example_dags/tutorial_taskflow_api_etl.py took 2.786 seconds
[2024-02-11 04:04:48,675] {processor.py:153} INFO - Started process (PID=5052) to work on /home/airflow/.local/lib/python3.7/site-packages/airflow/example_dags/tutorial_taskflow_api_etl.py
[2024-02-11 04:04:48,679] {processor.py:641} INFO - Processing file /home/airflow/.local/lib/python3.7/site-packages/airflow/example_dags/tutorial_taskflow_api_etl.py for tasks to queue
[2024-02-11 04:04:48,682] {logging_mixin.py:115} INFO - [2024-02-11 04:04:48,682] {dagbag.py:507} INFO - Filling up the DagBag from /home/airflow/.local/lib/python3.7/site-packages/airflow/example_dags/tutorial_taskflow_api_etl.py
[2024-02-11 04:04:48,712] {processor.py:651} INFO - DAG(s) dict_keys(['tutorial_taskflow_api_etl']) retrieved from /home/airflow/.local/lib/python3.7/site-packages/airflow/example_dags/tutorial_taskflow_api_etl.py
[2024-02-11 04:04:48,833] {logging_mixin.py:115} INFO - [2024-02-11 04:04:48,833] {dag.py:2371} INFO - Sync 1 DAGs
[2024-02-11 04:04:49,135] {logging_mixin.py:115} INFO - [2024-02-11 04:04:49,135] {dag.py:2919} INFO - Setting next_dagrun for tutorial_taskflow_api_etl to None, run_after=None
[2024-02-11 04:04:49,208] {processor.py:161} INFO - Processing /home/airflow/.local/lib/python3.7/site-packages/airflow/example_dags/tutorial_taskflow_api_etl.py took 0.544 seconds
[2024-02-11 04:23:02,097] {processor.py:153} INFO - Started process (PID=5112) to work on /home/airflow/.local/lib/python3.7/site-packages/airflow/example_dags/tutorial_taskflow_api_etl.py
[2024-02-11 04:23:02,099] {processor.py:641} INFO - Processing file /home/airflow/.local/lib/python3.7/site-packages/airflow/example_dags/tutorial_taskflow_api_etl.py for tasks to queue
[2024-02-11 04:23:02,101] {logging_mixin.py:115} INFO - [2024-02-11 04:23:02,101] {dagbag.py:507} INFO - Filling up the DagBag from /home/airflow/.local/lib/python3.7/site-packages/airflow/example_dags/tutorial_taskflow_api_etl.py
[2024-02-11 04:23:02,134] {processor.py:651} INFO - DAG(s) dict_keys(['tutorial_taskflow_api_etl']) retrieved from /home/airflow/.local/lib/python3.7/site-packages/airflow/example_dags/tutorial_taskflow_api_etl.py
[2024-02-11 04:23:02,998] {logging_mixin.py:115} INFO - [2024-02-11 04:23:02,997] {dag.py:2371} INFO - Sync 1 DAGs
[2024-02-11 04:23:04,835] {logging_mixin.py:115} INFO - [2024-02-11 04:23:04,835] {dag.py:2919} INFO - Setting next_dagrun for tutorial_taskflow_api_etl to None, run_after=None
[2024-02-11 04:23:04,875] {processor.py:161} INFO - Processing /home/airflow/.local/lib/python3.7/site-packages/airflow/example_dags/tutorial_taskflow_api_etl.py took 2.782 seconds
[2024-02-11 05:29:04,577] {processor.py:153} INFO - Started process (PID=5179) to work on /home/airflow/.local/lib/python3.7/site-packages/airflow/example_dags/tutorial_taskflow_api_etl.py
[2024-02-11 05:29:04,585] {processor.py:641} INFO - Processing file /home/airflow/.local/lib/python3.7/site-packages/airflow/example_dags/tutorial_taskflow_api_etl.py for tasks to queue
[2024-02-11 05:29:04,592] {logging_mixin.py:115} INFO - [2024-02-11 05:29:04,589] {dagbag.py:507} INFO - Filling up the DagBag from /home/airflow/.local/lib/python3.7/site-packages/airflow/example_dags/tutorial_taskflow_api_etl.py
[2024-02-11 05:29:04,634] {processor.py:651} INFO - DAG(s) dict_keys(['tutorial_taskflow_api_etl']) retrieved from /home/airflow/.local/lib/python3.7/site-packages/airflow/example_dags/tutorial_taskflow_api_etl.py
[2024-02-11 05:29:05,292] {logging_mixin.py:115} INFO - [2024-02-11 05:29:05,292] {dag.py:2371} INFO - Sync 1 DAGs
[2024-02-11 05:29:05,345] {logging_mixin.py:115} INFO - [2024-02-11 05:29:05,344] {dag.py:2919} INFO - Setting next_dagrun for tutorial_taskflow_api_etl to None, run_after=None
[2024-02-11 05:29:05,379] {processor.py:161} INFO - Processing /home/airflow/.local/lib/python3.7/site-packages/airflow/example_dags/tutorial_taskflow_api_etl.py took 0.805 seconds
[2024-02-11 05:33:24,588] {processor.py:153} INFO - Started process (PID=5236) to work on /home/airflow/.local/lib/python3.7/site-packages/airflow/example_dags/tutorial_taskflow_api_etl.py
[2024-02-11 05:33:24,589] {processor.py:641} INFO - Processing file /home/airflow/.local/lib/python3.7/site-packages/airflow/example_dags/tutorial_taskflow_api_etl.py for tasks to queue
[2024-02-11 05:33:24,590] {logging_mixin.py:115} INFO - [2024-02-11 05:33:24,590] {dagbag.py:507} INFO - Filling up the DagBag from /home/airflow/.local/lib/python3.7/site-packages/airflow/example_dags/tutorial_taskflow_api_etl.py
[2024-02-11 05:33:24,608] {processor.py:651} INFO - DAG(s) dict_keys(['tutorial_taskflow_api_etl']) retrieved from /home/airflow/.local/lib/python3.7/site-packages/airflow/example_dags/tutorial_taskflow_api_etl.py
[2024-02-11 05:33:24,652] {logging_mixin.py:115} INFO - [2024-02-11 05:33:24,652] {dag.py:2371} INFO - Sync 1 DAGs
[2024-02-11 05:33:24,669] {logging_mixin.py:115} INFO - [2024-02-11 05:33:24,669] {dag.py:2919} INFO - Setting next_dagrun for tutorial_taskflow_api_etl to None, run_after=None
[2024-02-11 05:33:24,679] {processor.py:161} INFO - Processing /home/airflow/.local/lib/python3.7/site-packages/airflow/example_dags/tutorial_taskflow_api_etl.py took 0.095 seconds
[2024-02-11 06:21:36,716] {processor.py:153} INFO - Started process (PID=5304) to work on /home/airflow/.local/lib/python3.7/site-packages/airflow/example_dags/tutorial_taskflow_api_etl.py
[2024-02-11 06:21:36,723] {processor.py:641} INFO - Processing file /home/airflow/.local/lib/python3.7/site-packages/airflow/example_dags/tutorial_taskflow_api_etl.py for tasks to queue
[2024-02-11 06:21:36,727] {logging_mixin.py:115} INFO - [2024-02-11 06:21:36,727] {dagbag.py:507} INFO - Filling up the DagBag from /home/airflow/.local/lib/python3.7/site-packages/airflow/example_dags/tutorial_taskflow_api_etl.py
[2024-02-11 06:21:36,859] {processor.py:651} INFO - DAG(s) dict_keys(['tutorial_taskflow_api_etl']) retrieved from /home/airflow/.local/lib/python3.7/site-packages/airflow/example_dags/tutorial_taskflow_api_etl.py
[2024-02-11 06:21:38,001] {logging_mixin.py:115} INFO - [2024-02-11 06:21:38,001] {dag.py:2371} INFO - Sync 1 DAGs
[2024-02-11 06:21:38,015] {logging_mixin.py:115} INFO - [2024-02-11 06:21:38,015] {dag.py:2919} INFO - Setting next_dagrun for tutorial_taskflow_api_etl to None, run_after=None
[2024-02-11 06:21:38,024] {processor.py:161} INFO - Processing /home/airflow/.local/lib/python3.7/site-packages/airflow/example_dags/tutorial_taskflow_api_etl.py took 1.315 seconds
[2024-02-11 06:34:25,157] {processor.py:153} INFO - Started process (PID=5365) to work on /home/airflow/.local/lib/python3.7/site-packages/airflow/example_dags/tutorial_taskflow_api_etl.py
[2024-02-11 06:34:25,160] {processor.py:641} INFO - Processing file /home/airflow/.local/lib/python3.7/site-packages/airflow/example_dags/tutorial_taskflow_api_etl.py for tasks to queue
[2024-02-11 06:34:25,162] {logging_mixin.py:115} INFO - [2024-02-11 06:34:25,162] {dagbag.py:507} INFO - Filling up the DagBag from /home/airflow/.local/lib/python3.7/site-packages/airflow/example_dags/tutorial_taskflow_api_etl.py
[2024-02-11 06:34:25,206] {processor.py:651} INFO - DAG(s) dict_keys(['tutorial_taskflow_api_etl']) retrieved from /home/airflow/.local/lib/python3.7/site-packages/airflow/example_dags/tutorial_taskflow_api_etl.py
[2024-02-11 06:34:28,359] {logging_mixin.py:115} INFO - [2024-02-11 06:34:28,358] {dag.py:2371} INFO - Sync 1 DAGs
[2024-02-11 06:34:28,484] {logging_mixin.py:115} INFO - [2024-02-11 06:34:28,484] {dag.py:2919} INFO - Setting next_dagrun for tutorial_taskflow_api_etl to None, run_after=None
[2024-02-11 06:34:28,560] {processor.py:161} INFO - Processing /home/airflow/.local/lib/python3.7/site-packages/airflow/example_dags/tutorial_taskflow_api_etl.py took 3.410 seconds
[2024-02-11 07:08:50,283] {processor.py:153} INFO - Started process (PID=5432) to work on /home/airflow/.local/lib/python3.7/site-packages/airflow/example_dags/tutorial_taskflow_api_etl.py
[2024-02-11 07:08:50,285] {processor.py:641} INFO - Processing file /home/airflow/.local/lib/python3.7/site-packages/airflow/example_dags/tutorial_taskflow_api_etl.py for tasks to queue
[2024-02-11 07:08:50,287] {logging_mixin.py:115} INFO - [2024-02-11 07:08:50,287] {dagbag.py:507} INFO - Filling up the DagBag from /home/airflow/.local/lib/python3.7/site-packages/airflow/example_dags/tutorial_taskflow_api_etl.py
[2024-02-11 07:08:50,305] {processor.py:651} INFO - DAG(s) dict_keys(['tutorial_taskflow_api_etl']) retrieved from /home/airflow/.local/lib/python3.7/site-packages/airflow/example_dags/tutorial_taskflow_api_etl.py
[2024-02-11 07:08:50,511] {logging_mixin.py:115} INFO - [2024-02-11 07:08:50,511] {dag.py:2371} INFO - Sync 1 DAGs
[2024-02-11 07:08:50,527] {logging_mixin.py:115} INFO - [2024-02-11 07:08:50,527] {dag.py:2919} INFO - Setting next_dagrun for tutorial_taskflow_api_etl to None, run_after=None
[2024-02-11 07:08:50,539] {processor.py:161} INFO - Processing /home/airflow/.local/lib/python3.7/site-packages/airflow/example_dags/tutorial_taskflow_api_etl.py took 0.260 seconds
[2024-02-11 07:35:23,025] {processor.py:153} INFO - Started process (PID=5492) to work on /home/airflow/.local/lib/python3.7/site-packages/airflow/example_dags/tutorial_taskflow_api_etl.py
[2024-02-11 07:35:23,028] {processor.py:641} INFO - Processing file /home/airflow/.local/lib/python3.7/site-packages/airflow/example_dags/tutorial_taskflow_api_etl.py for tasks to queue
[2024-02-11 07:35:23,034] {logging_mixin.py:115} INFO - [2024-02-11 07:35:23,034] {dagbag.py:507} INFO - Filling up the DagBag from /home/airflow/.local/lib/python3.7/site-packages/airflow/example_dags/tutorial_taskflow_api_etl.py
[2024-02-11 07:35:23,093] {processor.py:651} INFO - DAG(s) dict_keys(['tutorial_taskflow_api_etl']) retrieved from /home/airflow/.local/lib/python3.7/site-packages/airflow/example_dags/tutorial_taskflow_api_etl.py
[2024-02-11 07:35:23,978] {logging_mixin.py:115} INFO - [2024-02-11 07:35:23,978] {dag.py:2371} INFO - Sync 1 DAGs
[2024-02-11 07:35:24,017] {logging_mixin.py:115} INFO - [2024-02-11 07:35:24,017] {dag.py:2919} INFO - Setting next_dagrun for tutorial_taskflow_api_etl to None, run_after=None
[2024-02-11 07:35:24,035] {processor.py:161} INFO - Processing /home/airflow/.local/lib/python3.7/site-packages/airflow/example_dags/tutorial_taskflow_api_etl.py took 1.044 seconds
[2024-02-11 08:02:43,226] {processor.py:153} INFO - Started process (PID=5561) to work on /home/airflow/.local/lib/python3.7/site-packages/airflow/example_dags/tutorial_taskflow_api_etl.py
[2024-02-11 08:02:43,232] {processor.py:641} INFO - Processing file /home/airflow/.local/lib/python3.7/site-packages/airflow/example_dags/tutorial_taskflow_api_etl.py for tasks to queue
[2024-02-11 08:02:43,234] {logging_mixin.py:115} INFO - [2024-02-11 08:02:43,234] {dagbag.py:507} INFO - Filling up the DagBag from /home/airflow/.local/lib/python3.7/site-packages/airflow/example_dags/tutorial_taskflow_api_etl.py
[2024-02-11 08:02:43,260] {processor.py:651} INFO - DAG(s) dict_keys(['tutorial_taskflow_api_etl']) retrieved from /home/airflow/.local/lib/python3.7/site-packages/airflow/example_dags/tutorial_taskflow_api_etl.py
[2024-02-11 08:02:43,501] {logging_mixin.py:115} INFO - [2024-02-11 08:02:43,500] {dag.py:2371} INFO - Sync 1 DAGs
[2024-02-11 08:02:43,526] {logging_mixin.py:115} INFO - [2024-02-11 08:02:43,526] {dag.py:2919} INFO - Setting next_dagrun for tutorial_taskflow_api_etl to None, run_after=None
[2024-02-11 08:02:43,547] {processor.py:161} INFO - Processing /home/airflow/.local/lib/python3.7/site-packages/airflow/example_dags/tutorial_taskflow_api_etl.py took 0.324 seconds
[2024-02-11 08:03:14,427] {processor.py:153} INFO - Started process (PID=5624) to work on /home/airflow/.local/lib/python3.7/site-packages/airflow/example_dags/tutorial_taskflow_api_etl.py
[2024-02-11 08:03:14,428] {processor.py:641} INFO - Processing file /home/airflow/.local/lib/python3.7/site-packages/airflow/example_dags/tutorial_taskflow_api_etl.py for tasks to queue
[2024-02-11 08:03:14,429] {logging_mixin.py:115} INFO - [2024-02-11 08:03:14,429] {dagbag.py:507} INFO - Filling up the DagBag from /home/airflow/.local/lib/python3.7/site-packages/airflow/example_dags/tutorial_taskflow_api_etl.py
[2024-02-11 08:03:14,446] {processor.py:651} INFO - DAG(s) dict_keys(['tutorial_taskflow_api_etl']) retrieved from /home/airflow/.local/lib/python3.7/site-packages/airflow/example_dags/tutorial_taskflow_api_etl.py
[2024-02-11 08:03:14,599] {logging_mixin.py:115} INFO - [2024-02-11 08:03:14,599] {dag.py:2371} INFO - Sync 1 DAGs
[2024-02-11 08:03:14,608] {logging_mixin.py:115} INFO - [2024-02-11 08:03:14,608] {dag.py:2919} INFO - Setting next_dagrun for tutorial_taskflow_api_etl to None, run_after=None
[2024-02-11 08:03:14,615] {processor.py:161} INFO - Processing /home/airflow/.local/lib/python3.7/site-packages/airflow/example_dags/tutorial_taskflow_api_etl.py took 0.193 seconds
[2024-02-11 08:05:38,821] {processor.py:153} INFO - Started process (PID=5679) to work on /home/airflow/.local/lib/python3.7/site-packages/airflow/example_dags/tutorial_taskflow_api_etl.py
[2024-02-11 08:05:38,822] {processor.py:641} INFO - Processing file /home/airflow/.local/lib/python3.7/site-packages/airflow/example_dags/tutorial_taskflow_api_etl.py for tasks to queue
[2024-02-11 08:05:38,823] {logging_mixin.py:115} INFO - [2024-02-11 08:05:38,822] {dagbag.py:507} INFO - Filling up the DagBag from /home/airflow/.local/lib/python3.7/site-packages/airflow/example_dags/tutorial_taskflow_api_etl.py
[2024-02-11 08:05:38,834] {processor.py:651} INFO - DAG(s) dict_keys(['tutorial_taskflow_api_etl']) retrieved from /home/airflow/.local/lib/python3.7/site-packages/airflow/example_dags/tutorial_taskflow_api_etl.py
[2024-02-11 08:05:38,994] {logging_mixin.py:115} INFO - [2024-02-11 08:05:38,994] {dag.py:2371} INFO - Sync 1 DAGs
[2024-02-11 08:05:39,005] {logging_mixin.py:115} INFO - [2024-02-11 08:05:39,004] {dag.py:2919} INFO - Setting next_dagrun for tutorial_taskflow_api_etl to None, run_after=None
[2024-02-11 08:05:39,017] {processor.py:161} INFO - Processing /home/airflow/.local/lib/python3.7/site-packages/airflow/example_dags/tutorial_taskflow_api_etl.py took 0.198 seconds
[2024-02-11 08:06:10,355] {processor.py:153} INFO - Started process (PID=5743) to work on /home/airflow/.local/lib/python3.7/site-packages/airflow/example_dags/tutorial_taskflow_api_etl.py
[2024-02-11 08:06:10,356] {processor.py:641} INFO - Processing file /home/airflow/.local/lib/python3.7/site-packages/airflow/example_dags/tutorial_taskflow_api_etl.py for tasks to queue
[2024-02-11 08:06:10,357] {logging_mixin.py:115} INFO - [2024-02-11 08:06:10,356] {dagbag.py:507} INFO - Filling up the DagBag from /home/airflow/.local/lib/python3.7/site-packages/airflow/example_dags/tutorial_taskflow_api_etl.py
[2024-02-11 08:06:10,370] {processor.py:651} INFO - DAG(s) dict_keys(['tutorial_taskflow_api_etl']) retrieved from /home/airflow/.local/lib/python3.7/site-packages/airflow/example_dags/tutorial_taskflow_api_etl.py
[2024-02-11 08:06:10,535] {logging_mixin.py:115} INFO - [2024-02-11 08:06:10,535] {dag.py:2371} INFO - Sync 1 DAGs
[2024-02-11 08:06:10,559] {logging_mixin.py:115} INFO - [2024-02-11 08:06:10,559] {dag.py:2919} INFO - Setting next_dagrun for tutorial_taskflow_api_etl to None, run_after=None
[2024-02-11 08:06:10,588] {processor.py:161} INFO - Processing /home/airflow/.local/lib/python3.7/site-packages/airflow/example_dags/tutorial_taskflow_api_etl.py took 0.236 seconds
[2024-02-11 08:06:40,797] {processor.py:153} INFO - Started process (PID=5807) to work on /home/airflow/.local/lib/python3.7/site-packages/airflow/example_dags/tutorial_taskflow_api_etl.py
[2024-02-11 08:06:40,798] {processor.py:641} INFO - Processing file /home/airflow/.local/lib/python3.7/site-packages/airflow/example_dags/tutorial_taskflow_api_etl.py for tasks to queue
[2024-02-11 08:06:40,798] {logging_mixin.py:115} INFO - [2024-02-11 08:06:40,798] {dagbag.py:507} INFO - Filling up the DagBag from /home/airflow/.local/lib/python3.7/site-packages/airflow/example_dags/tutorial_taskflow_api_etl.py
[2024-02-11 08:06:40,807] {processor.py:651} INFO - DAG(s) dict_keys(['tutorial_taskflow_api_etl']) retrieved from /home/airflow/.local/lib/python3.7/site-packages/airflow/example_dags/tutorial_taskflow_api_etl.py
[2024-02-11 08:06:40,923] {logging_mixin.py:115} INFO - [2024-02-11 08:06:40,923] {dag.py:2371} INFO - Sync 1 DAGs
[2024-02-11 08:06:40,932] {logging_mixin.py:115} INFO - [2024-02-11 08:06:40,932] {dag.py:2919} INFO - Setting next_dagrun for tutorial_taskflow_api_etl to None, run_after=None
[2024-02-11 08:06:40,939] {processor.py:161} INFO - Processing /home/airflow/.local/lib/python3.7/site-packages/airflow/example_dags/tutorial_taskflow_api_etl.py took 0.144 seconds
[2024-02-11 08:07:11,410] {processor.py:153} INFO - Started process (PID=5871) to work on /home/airflow/.local/lib/python3.7/site-packages/airflow/example_dags/tutorial_taskflow_api_etl.py
[2024-02-11 08:07:11,412] {processor.py:641} INFO - Processing file /home/airflow/.local/lib/python3.7/site-packages/airflow/example_dags/tutorial_taskflow_api_etl.py for tasks to queue
[2024-02-11 08:07:11,412] {logging_mixin.py:115} INFO - [2024-02-11 08:07:11,412] {dagbag.py:507} INFO - Filling up the DagBag from /home/airflow/.local/lib/python3.7/site-packages/airflow/example_dags/tutorial_taskflow_api_etl.py
[2024-02-11 08:07:11,421] {processor.py:651} INFO - DAG(s) dict_keys(['tutorial_taskflow_api_etl']) retrieved from /home/airflow/.local/lib/python3.7/site-packages/airflow/example_dags/tutorial_taskflow_api_etl.py
[2024-02-11 08:07:11,550] {logging_mixin.py:115} INFO - [2024-02-11 08:07:11,549] {dag.py:2371} INFO - Sync 1 DAGs
[2024-02-11 08:07:11,574] {logging_mixin.py:115} INFO - [2024-02-11 08:07:11,574] {dag.py:2919} INFO - Setting next_dagrun for tutorial_taskflow_api_etl to None, run_after=None
[2024-02-11 08:07:11,584] {processor.py:161} INFO - Processing /home/airflow/.local/lib/python3.7/site-packages/airflow/example_dags/tutorial_taskflow_api_etl.py took 0.176 seconds
[2024-02-11 08:07:42,815] {processor.py:153} INFO - Started process (PID=5935) to work on /home/airflow/.local/lib/python3.7/site-packages/airflow/example_dags/tutorial_taskflow_api_etl.py
[2024-02-11 08:07:42,818] {processor.py:641} INFO - Processing file /home/airflow/.local/lib/python3.7/site-packages/airflow/example_dags/tutorial_taskflow_api_etl.py for tasks to queue
[2024-02-11 08:07:42,819] {logging_mixin.py:115} INFO - [2024-02-11 08:07:42,819] {dagbag.py:507} INFO - Filling up the DagBag from /home/airflow/.local/lib/python3.7/site-packages/airflow/example_dags/tutorial_taskflow_api_etl.py
[2024-02-11 08:07:42,883] {processor.py:651} INFO - DAG(s) dict_keys(['tutorial_taskflow_api_etl']) retrieved from /home/airflow/.local/lib/python3.7/site-packages/airflow/example_dags/tutorial_taskflow_api_etl.py
[2024-02-11 08:07:43,255] {logging_mixin.py:115} INFO - [2024-02-11 08:07:43,254] {dag.py:2371} INFO - Sync 1 DAGs
[2024-02-11 08:07:43,274] {logging_mixin.py:115} INFO - [2024-02-11 08:07:43,274] {dag.py:2919} INFO - Setting next_dagrun for tutorial_taskflow_api_etl to None, run_after=None
[2024-02-11 08:07:43,286] {processor.py:161} INFO - Processing /home/airflow/.local/lib/python3.7/site-packages/airflow/example_dags/tutorial_taskflow_api_etl.py took 0.475 seconds
[2024-02-11 08:08:14,229] {processor.py:153} INFO - Started process (PID=5990) to work on /home/airflow/.local/lib/python3.7/site-packages/airflow/example_dags/tutorial_taskflow_api_etl.py
[2024-02-11 08:08:14,232] {processor.py:641} INFO - Processing file /home/airflow/.local/lib/python3.7/site-packages/airflow/example_dags/tutorial_taskflow_api_etl.py for tasks to queue
[2024-02-11 08:08:14,233] {logging_mixin.py:115} INFO - [2024-02-11 08:08:14,233] {dagbag.py:507} INFO - Filling up the DagBag from /home/airflow/.local/lib/python3.7/site-packages/airflow/example_dags/tutorial_taskflow_api_etl.py
[2024-02-11 08:08:14,257] {processor.py:651} INFO - DAG(s) dict_keys(['tutorial_taskflow_api_etl']) retrieved from /home/airflow/.local/lib/python3.7/site-packages/airflow/example_dags/tutorial_taskflow_api_etl.py
[2024-02-11 08:08:14,588] {logging_mixin.py:115} INFO - [2024-02-11 08:08:14,588] {dag.py:2371} INFO - Sync 1 DAGs
[2024-02-11 08:08:14,603] {logging_mixin.py:115} INFO - [2024-02-11 08:08:14,603] {dag.py:2919} INFO - Setting next_dagrun for tutorial_taskflow_api_etl to None, run_after=None
[2024-02-11 08:08:14,610] {processor.py:161} INFO - Processing /home/airflow/.local/lib/python3.7/site-packages/airflow/example_dags/tutorial_taskflow_api_etl.py took 0.392 seconds
[2024-02-11 08:08:45,217] {processor.py:153} INFO - Started process (PID=6054) to work on /home/airflow/.local/lib/python3.7/site-packages/airflow/example_dags/tutorial_taskflow_api_etl.py
[2024-02-11 08:08:45,219] {processor.py:641} INFO - Processing file /home/airflow/.local/lib/python3.7/site-packages/airflow/example_dags/tutorial_taskflow_api_etl.py for tasks to queue
[2024-02-11 08:08:45,220] {logging_mixin.py:115} INFO - [2024-02-11 08:08:45,220] {dagbag.py:507} INFO - Filling up the DagBag from /home/airflow/.local/lib/python3.7/site-packages/airflow/example_dags/tutorial_taskflow_api_etl.py
[2024-02-11 08:08:45,239] {processor.py:651} INFO - DAG(s) dict_keys(['tutorial_taskflow_api_etl']) retrieved from /home/airflow/.local/lib/python3.7/site-packages/airflow/example_dags/tutorial_taskflow_api_etl.py
[2024-02-11 08:08:45,704] {logging_mixin.py:115} INFO - [2024-02-11 08:08:45,703] {dag.py:2371} INFO - Sync 1 DAGs
[2024-02-11 08:08:45,753] {logging_mixin.py:115} INFO - [2024-02-11 08:08:45,753] {dag.py:2919} INFO - Setting next_dagrun for tutorial_taskflow_api_etl to None, run_after=None
[2024-02-11 08:08:45,823] {processor.py:161} INFO - Processing /home/airflow/.local/lib/python3.7/site-packages/airflow/example_dags/tutorial_taskflow_api_etl.py took 0.616 seconds
[2024-02-11 12:16:13,346] {processor.py:153} INFO - Started process (PID=62) to work on /home/airflow/.local/lib/python3.7/site-packages/airflow/example_dags/tutorial_taskflow_api_etl.py
[2024-02-11 12:16:13,348] {processor.py:641} INFO - Processing file /home/airflow/.local/lib/python3.7/site-packages/airflow/example_dags/tutorial_taskflow_api_etl.py for tasks to queue
[2024-02-11 12:16:13,355] {logging_mixin.py:115} INFO - [2024-02-11 12:16:13,355] {dagbag.py:507} INFO - Filling up the DagBag from /home/airflow/.local/lib/python3.7/site-packages/airflow/example_dags/tutorial_taskflow_api_etl.py
[2024-02-11 12:16:13,424] {processor.py:651} INFO - DAG(s) dict_keys(['tutorial_taskflow_api_etl']) retrieved from /home/airflow/.local/lib/python3.7/site-packages/airflow/example_dags/tutorial_taskflow_api_etl.py
[2024-02-11 12:16:13,588] {logging_mixin.py:115} INFO - [2024-02-11 12:16:13,588] {dag.py:2371} INFO - Sync 1 DAGs
[2024-02-11 12:16:13,632] {logging_mixin.py:115} INFO - [2024-02-11 12:16:13,632] {dag.py:2919} INFO - Setting next_dagrun for tutorial_taskflow_api_etl to None, run_after=None
[2024-02-11 12:16:13,747] {processor.py:161} INFO - Processing /home/airflow/.local/lib/python3.7/site-packages/airflow/example_dags/tutorial_taskflow_api_etl.py took 0.433 seconds
[2024-02-11 12:16:44,600] {processor.py:153} INFO - Started process (PID=117) to work on /home/airflow/.local/lib/python3.7/site-packages/airflow/example_dags/tutorial_taskflow_api_etl.py
[2024-02-11 12:16:44,601] {processor.py:641} INFO - Processing file /home/airflow/.local/lib/python3.7/site-packages/airflow/example_dags/tutorial_taskflow_api_etl.py for tasks to queue
[2024-02-11 12:16:44,602] {logging_mixin.py:115} INFO - [2024-02-11 12:16:44,602] {dagbag.py:507} INFO - Filling up the DagBag from /home/airflow/.local/lib/python3.7/site-packages/airflow/example_dags/tutorial_taskflow_api_etl.py
[2024-02-11 12:16:44,631] {processor.py:651} INFO - DAG(s) dict_keys(['tutorial_taskflow_api_etl']) retrieved from /home/airflow/.local/lib/python3.7/site-packages/airflow/example_dags/tutorial_taskflow_api_etl.py
[2024-02-11 12:16:44,931] {logging_mixin.py:115} INFO - [2024-02-11 12:16:44,931] {dag.py:2371} INFO - Sync 1 DAGs
[2024-02-11 12:16:44,973] {logging_mixin.py:115} INFO - [2024-02-11 12:16:44,973] {dag.py:2919} INFO - Setting next_dagrun for tutorial_taskflow_api_etl to None, run_after=None
[2024-02-11 12:16:45,041] {processor.py:161} INFO - Processing /home/airflow/.local/lib/python3.7/site-packages/airflow/example_dags/tutorial_taskflow_api_etl.py took 0.443 seconds
[2024-02-11 12:17:15,268] {processor.py:153} INFO - Started process (PID=171) to work on /home/airflow/.local/lib/python3.7/site-packages/airflow/example_dags/tutorial_taskflow_api_etl.py
[2024-02-11 12:17:15,271] {processor.py:641} INFO - Processing file /home/airflow/.local/lib/python3.7/site-packages/airflow/example_dags/tutorial_taskflow_api_etl.py for tasks to queue
[2024-02-11 12:17:15,271] {logging_mixin.py:115} INFO - [2024-02-11 12:17:15,271] {dagbag.py:507} INFO - Filling up the DagBag from /home/airflow/.local/lib/python3.7/site-packages/airflow/example_dags/tutorial_taskflow_api_etl.py
[2024-02-11 12:17:15,283] {processor.py:651} INFO - DAG(s) dict_keys(['tutorial_taskflow_api_etl']) retrieved from /home/airflow/.local/lib/python3.7/site-packages/airflow/example_dags/tutorial_taskflow_api_etl.py
[2024-02-11 12:17:15,316] {logging_mixin.py:115} INFO - [2024-02-11 12:17:15,316] {dag.py:2371} INFO - Sync 1 DAGs
[2024-02-11 12:17:15,327] {logging_mixin.py:115} INFO - [2024-02-11 12:17:15,327] {dag.py:2919} INFO - Setting next_dagrun for tutorial_taskflow_api_etl to None, run_after=None
[2024-02-11 12:17:15,485] {processor.py:161} INFO - Processing /home/airflow/.local/lib/python3.7/site-packages/airflow/example_dags/tutorial_taskflow_api_etl.py took 0.220 seconds
[2024-02-11 12:17:45,593] {processor.py:153} INFO - Started process (PID=234) to work on /home/airflow/.local/lib/python3.7/site-packages/airflow/example_dags/tutorial_taskflow_api_etl.py
[2024-02-11 12:17:45,594] {processor.py:641} INFO - Processing file /home/airflow/.local/lib/python3.7/site-packages/airflow/example_dags/tutorial_taskflow_api_etl.py for tasks to queue
[2024-02-11 12:17:45,594] {logging_mixin.py:115} INFO - [2024-02-11 12:17:45,594] {dagbag.py:507} INFO - Filling up the DagBag from /home/airflow/.local/lib/python3.7/site-packages/airflow/example_dags/tutorial_taskflow_api_etl.py
[2024-02-11 12:17:45,607] {processor.py:651} INFO - DAG(s) dict_keys(['tutorial_taskflow_api_etl']) retrieved from /home/airflow/.local/lib/python3.7/site-packages/airflow/example_dags/tutorial_taskflow_api_etl.py
[2024-02-11 12:17:45,641] {logging_mixin.py:115} INFO - [2024-02-11 12:17:45,641] {dag.py:2371} INFO - Sync 1 DAGs
[2024-02-11 12:17:45,651] {logging_mixin.py:115} INFO - [2024-02-11 12:17:45,651] {dag.py:2919} INFO - Setting next_dagrun for tutorial_taskflow_api_etl to None, run_after=None
[2024-02-11 12:17:45,820] {processor.py:161} INFO - Processing /home/airflow/.local/lib/python3.7/site-packages/airflow/example_dags/tutorial_taskflow_api_etl.py took 0.228 seconds
[2024-02-11 12:18:16,438] {processor.py:153} INFO - Started process (PID=298) to work on /home/airflow/.local/lib/python3.7/site-packages/airflow/example_dags/tutorial_taskflow_api_etl.py
[2024-02-11 12:18:16,439] {processor.py:641} INFO - Processing file /home/airflow/.local/lib/python3.7/site-packages/airflow/example_dags/tutorial_taskflow_api_etl.py for tasks to queue
[2024-02-11 12:18:16,441] {logging_mixin.py:115} INFO - [2024-02-11 12:18:16,441] {dagbag.py:507} INFO - Filling up the DagBag from /home/airflow/.local/lib/python3.7/site-packages/airflow/example_dags/tutorial_taskflow_api_etl.py
[2024-02-11 12:18:16,455] {processor.py:651} INFO - DAG(s) dict_keys(['tutorial_taskflow_api_etl']) retrieved from /home/airflow/.local/lib/python3.7/site-packages/airflow/example_dags/tutorial_taskflow_api_etl.py
[2024-02-11 12:18:16,520] {logging_mixin.py:115} INFO - [2024-02-11 12:18:16,519] {dag.py:2371} INFO - Sync 1 DAGs
[2024-02-11 12:18:16,534] {logging_mixin.py:115} INFO - [2024-02-11 12:18:16,534] {dag.py:2919} INFO - Setting next_dagrun for tutorial_taskflow_api_etl to None, run_after=None
[2024-02-11 12:18:16,909] {processor.py:161} INFO - Processing /home/airflow/.local/lib/python3.7/site-packages/airflow/example_dags/tutorial_taskflow_api_etl.py took 0.473 seconds
[2024-02-11 12:18:47,451] {processor.py:153} INFO - Started process (PID=353) to work on /home/airflow/.local/lib/python3.7/site-packages/airflow/example_dags/tutorial_taskflow_api_etl.py
[2024-02-11 12:18:47,452] {processor.py:641} INFO - Processing file /home/airflow/.local/lib/python3.7/site-packages/airflow/example_dags/tutorial_taskflow_api_etl.py for tasks to queue
[2024-02-11 12:18:47,452] {logging_mixin.py:115} INFO - [2024-02-11 12:18:47,452] {dagbag.py:507} INFO - Filling up the DagBag from /home/airflow/.local/lib/python3.7/site-packages/airflow/example_dags/tutorial_taskflow_api_etl.py
[2024-02-11 12:18:47,464] {processor.py:651} INFO - DAG(s) dict_keys(['tutorial_taskflow_api_etl']) retrieved from /home/airflow/.local/lib/python3.7/site-packages/airflow/example_dags/tutorial_taskflow_api_etl.py
[2024-02-11 12:18:47,509] {logging_mixin.py:115} INFO - [2024-02-11 12:18:47,509] {dag.py:2371} INFO - Sync 1 DAGs
[2024-02-11 12:18:47,521] {logging_mixin.py:115} INFO - [2024-02-11 12:18:47,521] {dag.py:2919} INFO - Setting next_dagrun for tutorial_taskflow_api_etl to None, run_after=None
[2024-02-11 12:18:47,752] {processor.py:161} INFO - Processing /home/airflow/.local/lib/python3.7/site-packages/airflow/example_dags/tutorial_taskflow_api_etl.py took 0.302 seconds
[2024-02-11 12:19:18,258] {processor.py:153} INFO - Started process (PID=416) to work on /home/airflow/.local/lib/python3.7/site-packages/airflow/example_dags/tutorial_taskflow_api_etl.py
[2024-02-11 12:19:18,259] {processor.py:641} INFO - Processing file /home/airflow/.local/lib/python3.7/site-packages/airflow/example_dags/tutorial_taskflow_api_etl.py for tasks to queue
[2024-02-11 12:19:18,260] {logging_mixin.py:115} INFO - [2024-02-11 12:19:18,259] {dagbag.py:507} INFO - Filling up the DagBag from /home/airflow/.local/lib/python3.7/site-packages/airflow/example_dags/tutorial_taskflow_api_etl.py
[2024-02-11 12:19:18,272] {processor.py:651} INFO - DAG(s) dict_keys(['tutorial_taskflow_api_etl']) retrieved from /home/airflow/.local/lib/python3.7/site-packages/airflow/example_dags/tutorial_taskflow_api_etl.py
[2024-02-11 12:19:18,314] {logging_mixin.py:115} INFO - [2024-02-11 12:19:18,314] {dag.py:2371} INFO - Sync 1 DAGs
[2024-02-11 12:19:18,328] {logging_mixin.py:115} INFO - [2024-02-11 12:19:18,328] {dag.py:2919} INFO - Setting next_dagrun for tutorial_taskflow_api_etl to None, run_after=None
[2024-02-11 12:19:18,592] {processor.py:161} INFO - Processing /home/airflow/.local/lib/python3.7/site-packages/airflow/example_dags/tutorial_taskflow_api_etl.py took 0.335 seconds
[2024-02-11 12:19:49,127] {processor.py:153} INFO - Started process (PID=479) to work on /home/airflow/.local/lib/python3.7/site-packages/airflow/example_dags/tutorial_taskflow_api_etl.py
[2024-02-11 12:19:49,127] {processor.py:641} INFO - Processing file /home/airflow/.local/lib/python3.7/site-packages/airflow/example_dags/tutorial_taskflow_api_etl.py for tasks to queue
[2024-02-11 12:19:49,128] {logging_mixin.py:115} INFO - [2024-02-11 12:19:49,128] {dagbag.py:507} INFO - Filling up the DagBag from /home/airflow/.local/lib/python3.7/site-packages/airflow/example_dags/tutorial_taskflow_api_etl.py
[2024-02-11 12:19:49,139] {processor.py:651} INFO - DAG(s) dict_keys(['tutorial_taskflow_api_etl']) retrieved from /home/airflow/.local/lib/python3.7/site-packages/airflow/example_dags/tutorial_taskflow_api_etl.py
[2024-02-11 12:19:49,170] {logging_mixin.py:115} INFO - [2024-02-11 12:19:49,170] {dag.py:2371} INFO - Sync 1 DAGs
[2024-02-11 12:19:49,181] {logging_mixin.py:115} INFO - [2024-02-11 12:19:49,181] {dag.py:2919} INFO - Setting next_dagrun for tutorial_taskflow_api_etl to None, run_after=None
[2024-02-11 12:19:49,395] {processor.py:161} INFO - Processing /home/airflow/.local/lib/python3.7/site-packages/airflow/example_dags/tutorial_taskflow_api_etl.py took 0.270 seconds
[2024-02-11 12:20:19,963] {processor.py:153} INFO - Started process (PID=534) to work on /home/airflow/.local/lib/python3.7/site-packages/airflow/example_dags/tutorial_taskflow_api_etl.py
[2024-02-11 12:20:19,964] {processor.py:641} INFO - Processing file /home/airflow/.local/lib/python3.7/site-packages/airflow/example_dags/tutorial_taskflow_api_etl.py for tasks to queue
[2024-02-11 12:20:19,965] {logging_mixin.py:115} INFO - [2024-02-11 12:20:19,965] {dagbag.py:507} INFO - Filling up the DagBag from /home/airflow/.local/lib/python3.7/site-packages/airflow/example_dags/tutorial_taskflow_api_etl.py
[2024-02-11 12:20:19,977] {processor.py:651} INFO - DAG(s) dict_keys(['tutorial_taskflow_api_etl']) retrieved from /home/airflow/.local/lib/python3.7/site-packages/airflow/example_dags/tutorial_taskflow_api_etl.py
[2024-02-11 12:20:20,027] {logging_mixin.py:115} INFO - [2024-02-11 12:20:20,027] {dag.py:2371} INFO - Sync 1 DAGs
[2024-02-11 12:20:20,047] {logging_mixin.py:115} INFO - [2024-02-11 12:20:20,047] {dag.py:2919} INFO - Setting next_dagrun for tutorial_taskflow_api_etl to None, run_after=None
[2024-02-11 12:20:20,260] {processor.py:161} INFO - Processing /home/airflow/.local/lib/python3.7/site-packages/airflow/example_dags/tutorial_taskflow_api_etl.py took 0.299 seconds
[2024-02-11 12:20:50,452] {processor.py:153} INFO - Started process (PID=598) to work on /home/airflow/.local/lib/python3.7/site-packages/airflow/example_dags/tutorial_taskflow_api_etl.py
[2024-02-11 12:20:50,453] {processor.py:641} INFO - Processing file /home/airflow/.local/lib/python3.7/site-packages/airflow/example_dags/tutorial_taskflow_api_etl.py for tasks to queue
[2024-02-11 12:20:50,453] {logging_mixin.py:115} INFO - [2024-02-11 12:20:50,453] {dagbag.py:507} INFO - Filling up the DagBag from /home/airflow/.local/lib/python3.7/site-packages/airflow/example_dags/tutorial_taskflow_api_etl.py
[2024-02-11 12:20:50,463] {processor.py:651} INFO - DAG(s) dict_keys(['tutorial_taskflow_api_etl']) retrieved from /home/airflow/.local/lib/python3.7/site-packages/airflow/example_dags/tutorial_taskflow_api_etl.py
[2024-02-11 12:20:50,491] {logging_mixin.py:115} INFO - [2024-02-11 12:20:50,491] {dag.py:2371} INFO - Sync 1 DAGs
[2024-02-11 12:20:50,500] {logging_mixin.py:115} INFO - [2024-02-11 12:20:50,500] {dag.py:2919} INFO - Setting next_dagrun for tutorial_taskflow_api_etl to None, run_after=None
[2024-02-11 12:20:50,618] {processor.py:161} INFO - Processing /home/airflow/.local/lib/python3.7/site-packages/airflow/example_dags/tutorial_taskflow_api_etl.py took 0.167 seconds
[2024-02-11 12:21:20,711] {processor.py:153} INFO - Started process (PID=661) to work on /home/airflow/.local/lib/python3.7/site-packages/airflow/example_dags/tutorial_taskflow_api_etl.py
[2024-02-11 12:21:20,712] {processor.py:641} INFO - Processing file /home/airflow/.local/lib/python3.7/site-packages/airflow/example_dags/tutorial_taskflow_api_etl.py for tasks to queue
[2024-02-11 12:21:20,714] {logging_mixin.py:115} INFO - [2024-02-11 12:21:20,714] {dagbag.py:507} INFO - Filling up the DagBag from /home/airflow/.local/lib/python3.7/site-packages/airflow/example_dags/tutorial_taskflow_api_etl.py
[2024-02-11 12:21:20,730] {processor.py:651} INFO - DAG(s) dict_keys(['tutorial_taskflow_api_etl']) retrieved from /home/airflow/.local/lib/python3.7/site-packages/airflow/example_dags/tutorial_taskflow_api_etl.py
[2024-02-11 12:21:20,809] {logging_mixin.py:115} INFO - [2024-02-11 12:21:20,809] {dag.py:2371} INFO - Sync 1 DAGs
[2024-02-11 12:21:21,046] {logging_mixin.py:115} INFO - [2024-02-11 12:21:21,046] {dag.py:2919} INFO - Setting next_dagrun for tutorial_taskflow_api_etl to None, run_after=None
[2024-02-11 12:21:21,053] {processor.py:161} INFO - Processing /home/airflow/.local/lib/python3.7/site-packages/airflow/example_dags/tutorial_taskflow_api_etl.py took 0.344 seconds
[2024-02-11 12:21:51,914] {processor.py:153} INFO - Started process (PID=729) to work on /home/airflow/.local/lib/python3.7/site-packages/airflow/example_dags/tutorial_taskflow_api_etl.py
[2024-02-11 12:21:51,915] {processor.py:641} INFO - Processing file /home/airflow/.local/lib/python3.7/site-packages/airflow/example_dags/tutorial_taskflow_api_etl.py for tasks to queue
[2024-02-11 12:21:51,916] {logging_mixin.py:115} INFO - [2024-02-11 12:21:51,916] {dagbag.py:507} INFO - Filling up the DagBag from /home/airflow/.local/lib/python3.7/site-packages/airflow/example_dags/tutorial_taskflow_api_etl.py
[2024-02-11 12:21:51,928] {processor.py:651} INFO - DAG(s) dict_keys(['tutorial_taskflow_api_etl']) retrieved from /home/airflow/.local/lib/python3.7/site-packages/airflow/example_dags/tutorial_taskflow_api_etl.py
[2024-02-11 12:21:51,966] {logging_mixin.py:115} INFO - [2024-02-11 12:21:51,966] {dag.py:2371} INFO - Sync 1 DAGs
[2024-02-11 12:21:52,162] {logging_mixin.py:115} INFO - [2024-02-11 12:21:52,162] {dag.py:2919} INFO - Setting next_dagrun for tutorial_taskflow_api_etl to None, run_after=None
[2024-02-11 12:21:52,170] {processor.py:161} INFO - Processing /home/airflow/.local/lib/python3.7/site-packages/airflow/example_dags/tutorial_taskflow_api_etl.py took 0.259 seconds
[2024-02-11 12:22:23,195] {processor.py:153} INFO - Started process (PID=783) to work on /home/airflow/.local/lib/python3.7/site-packages/airflow/example_dags/tutorial_taskflow_api_etl.py
[2024-02-11 12:22:23,202] {processor.py:641} INFO - Processing file /home/airflow/.local/lib/python3.7/site-packages/airflow/example_dags/tutorial_taskflow_api_etl.py for tasks to queue
[2024-02-11 12:22:23,206] {logging_mixin.py:115} INFO - [2024-02-11 12:22:23,206] {dagbag.py:507} INFO - Filling up the DagBag from /home/airflow/.local/lib/python3.7/site-packages/airflow/example_dags/tutorial_taskflow_api_etl.py
[2024-02-11 12:22:23,227] {processor.py:651} INFO - DAG(s) dict_keys(['tutorial_taskflow_api_etl']) retrieved from /home/airflow/.local/lib/python3.7/site-packages/airflow/example_dags/tutorial_taskflow_api_etl.py
[2024-02-11 12:22:23,282] {logging_mixin.py:115} INFO - [2024-02-11 12:22:23,282] {dag.py:2371} INFO - Sync 1 DAGs
[2024-02-11 12:22:23,507] {logging_mixin.py:115} INFO - [2024-02-11 12:22:23,507] {dag.py:2919} INFO - Setting next_dagrun for tutorial_taskflow_api_etl to None, run_after=None
[2024-02-11 12:22:23,513] {processor.py:161} INFO - Processing /home/airflow/.local/lib/python3.7/site-packages/airflow/example_dags/tutorial_taskflow_api_etl.py took 0.323 seconds
[2024-02-11 12:23:19,252] {processor.py:153} INFO - Started process (PID=50) to work on /home/airflow/.local/lib/python3.7/site-packages/airflow/example_dags/tutorial_taskflow_api_etl.py
[2024-02-11 12:23:19,254] {processor.py:641} INFO - Processing file /home/airflow/.local/lib/python3.7/site-packages/airflow/example_dags/tutorial_taskflow_api_etl.py for tasks to queue
[2024-02-11 12:23:19,256] {logging_mixin.py:115} INFO - [2024-02-11 12:23:19,256] {dagbag.py:507} INFO - Filling up the DagBag from /home/airflow/.local/lib/python3.7/site-packages/airflow/example_dags/tutorial_taskflow_api_etl.py
[2024-02-11 12:23:19,287] {processor.py:651} INFO - DAG(s) dict_keys(['tutorial_taskflow_api_etl']) retrieved from /home/airflow/.local/lib/python3.7/site-packages/airflow/example_dags/tutorial_taskflow_api_etl.py
[2024-02-11 12:23:19,366] {logging_mixin.py:115} INFO - [2024-02-11 12:23:19,366] {dag.py:2371} INFO - Sync 1 DAGs
[2024-02-11 12:23:19,391] {logging_mixin.py:115} INFO - [2024-02-11 12:23:19,391] {dag.py:2919} INFO - Setting next_dagrun for tutorial_taskflow_api_etl to None, run_after=None
[2024-02-11 12:23:19,406] {processor.py:161} INFO - Processing /home/airflow/.local/lib/python3.7/site-packages/airflow/example_dags/tutorial_taskflow_api_etl.py took 0.158 seconds
[2024-02-11 12:24:13,280] {processor.py:153} INFO - Started process (PID=59) to work on /home/airflow/.local/lib/python3.7/site-packages/airflow/example_dags/tutorial_taskflow_api_etl.py
[2024-02-11 12:24:13,282] {processor.py:641} INFO - Processing file /home/airflow/.local/lib/python3.7/site-packages/airflow/example_dags/tutorial_taskflow_api_etl.py for tasks to queue
[2024-02-11 12:24:13,284] {logging_mixin.py:115} INFO - [2024-02-11 12:24:13,284] {dagbag.py:507} INFO - Filling up the DagBag from /home/airflow/.local/lib/python3.7/site-packages/airflow/example_dags/tutorial_taskflow_api_etl.py
[2024-02-11 12:24:13,297] {processor.py:651} INFO - DAG(s) dict_keys(['tutorial_taskflow_api_etl']) retrieved from /home/airflow/.local/lib/python3.7/site-packages/airflow/example_dags/tutorial_taskflow_api_etl.py
[2024-02-11 12:24:14,322] {logging_mixin.py:115} INFO - [2024-02-11 12:24:14,322] {dag.py:2371} INFO - Sync 1 DAGs
[2024-02-11 12:24:14,361] {logging_mixin.py:115} INFO - [2024-02-11 12:24:14,361] {dag.py:2919} INFO - Setting next_dagrun for tutorial_taskflow_api_etl to None, run_after=None
[2024-02-11 12:24:14,403] {processor.py:161} INFO - Processing /home/airflow/.local/lib/python3.7/site-packages/airflow/example_dags/tutorial_taskflow_api_etl.py took 1.129 seconds
[2024-02-11 12:24:44,633] {processor.py:153} INFO - Started process (PID=114) to work on /home/airflow/.local/lib/python3.7/site-packages/airflow/example_dags/tutorial_taskflow_api_etl.py
[2024-02-11 12:24:44,635] {processor.py:641} INFO - Processing file /home/airflow/.local/lib/python3.7/site-packages/airflow/example_dags/tutorial_taskflow_api_etl.py for tasks to queue
[2024-02-11 12:24:44,638] {logging_mixin.py:115} INFO - [2024-02-11 12:24:44,638] {dagbag.py:507} INFO - Filling up the DagBag from /home/airflow/.local/lib/python3.7/site-packages/airflow/example_dags/tutorial_taskflow_api_etl.py
[2024-02-11 12:24:44,682] {processor.py:651} INFO - DAG(s) dict_keys(['tutorial_taskflow_api_etl']) retrieved from /home/airflow/.local/lib/python3.7/site-packages/airflow/example_dags/tutorial_taskflow_api_etl.py
[2024-02-11 12:24:44,959] {logging_mixin.py:115} INFO - [2024-02-11 12:24:44,959] {dag.py:2371} INFO - Sync 1 DAGs
[2024-02-11 12:24:44,970] {logging_mixin.py:115} INFO - [2024-02-11 12:24:44,970] {dag.py:2919} INFO - Setting next_dagrun for tutorial_taskflow_api_etl to None, run_after=None
[2024-02-11 12:24:45,004] {processor.py:161} INFO - Processing /home/airflow/.local/lib/python3.7/site-packages/airflow/example_dags/tutorial_taskflow_api_etl.py took 0.380 seconds
[2024-02-11 12:25:15,651] {processor.py:153} INFO - Started process (PID=182) to work on /home/airflow/.local/lib/python3.7/site-packages/airflow/example_dags/tutorial_taskflow_api_etl.py
[2024-02-11 12:25:15,653] {processor.py:641} INFO - Processing file /home/airflow/.local/lib/python3.7/site-packages/airflow/example_dags/tutorial_taskflow_api_etl.py for tasks to queue
[2024-02-11 12:25:15,660] {logging_mixin.py:115} INFO - [2024-02-11 12:25:15,660] {dagbag.py:507} INFO - Filling up the DagBag from /home/airflow/.local/lib/python3.7/site-packages/airflow/example_dags/tutorial_taskflow_api_etl.py
[2024-02-11 12:25:15,686] {processor.py:651} INFO - DAG(s) dict_keys(['tutorial_taskflow_api_etl']) retrieved from /home/airflow/.local/lib/python3.7/site-packages/airflow/example_dags/tutorial_taskflow_api_etl.py
[2024-02-11 12:25:16,185] {logging_mixin.py:115} INFO - [2024-02-11 12:25:16,185] {dag.py:2371} INFO - Sync 1 DAGs
[2024-02-11 12:25:16,210] {logging_mixin.py:115} INFO - [2024-02-11 12:25:16,209] {dag.py:2919} INFO - Setting next_dagrun for tutorial_taskflow_api_etl to None, run_after=None
[2024-02-11 12:25:16,223] {processor.py:161} INFO - Processing /home/airflow/.local/lib/python3.7/site-packages/airflow/example_dags/tutorial_taskflow_api_etl.py took 0.577 seconds
[2024-02-11 12:25:46,751] {processor.py:153} INFO - Started process (PID=246) to work on /home/airflow/.local/lib/python3.7/site-packages/airflow/example_dags/tutorial_taskflow_api_etl.py
[2024-02-11 12:25:46,757] {processor.py:641} INFO - Processing file /home/airflow/.local/lib/python3.7/site-packages/airflow/example_dags/tutorial_taskflow_api_etl.py for tasks to queue
[2024-02-11 12:25:46,762] {logging_mixin.py:115} INFO - [2024-02-11 12:25:46,762] {dagbag.py:507} INFO - Filling up the DagBag from /home/airflow/.local/lib/python3.7/site-packages/airflow/example_dags/tutorial_taskflow_api_etl.py
[2024-02-11 12:25:46,834] {processor.py:651} INFO - DAG(s) dict_keys(['tutorial_taskflow_api_etl']) retrieved from /home/airflow/.local/lib/python3.7/site-packages/airflow/example_dags/tutorial_taskflow_api_etl.py
[2024-02-11 12:25:47,483] {logging_mixin.py:115} INFO - [2024-02-11 12:25:47,483] {dag.py:2371} INFO - Sync 1 DAGs
[2024-02-11 12:25:47,514] {logging_mixin.py:115} INFO - [2024-02-11 12:25:47,514] {dag.py:2919} INFO - Setting next_dagrun for tutorial_taskflow_api_etl to None, run_after=None
[2024-02-11 12:25:47,529] {processor.py:161} INFO - Processing /home/airflow/.local/lib/python3.7/site-packages/airflow/example_dags/tutorial_taskflow_api_etl.py took 0.807 seconds
[2024-02-11 12:26:17,632] {processor.py:153} INFO - Started process (PID=313) to work on /home/airflow/.local/lib/python3.7/site-packages/airflow/example_dags/tutorial_taskflow_api_etl.py
[2024-02-11 12:26:17,636] {processor.py:641} INFO - Processing file /home/airflow/.local/lib/python3.7/site-packages/airflow/example_dags/tutorial_taskflow_api_etl.py for tasks to queue
[2024-02-11 12:26:17,638] {logging_mixin.py:115} INFO - [2024-02-11 12:26:17,638] {dagbag.py:507} INFO - Filling up the DagBag from /home/airflow/.local/lib/python3.7/site-packages/airflow/example_dags/tutorial_taskflow_api_etl.py
[2024-02-11 12:26:17,687] {processor.py:651} INFO - DAG(s) dict_keys(['tutorial_taskflow_api_etl']) retrieved from /home/airflow/.local/lib/python3.7/site-packages/airflow/example_dags/tutorial_taskflow_api_etl.py
[2024-02-11 12:26:17,907] {logging_mixin.py:115} INFO - [2024-02-11 12:26:17,907] {dag.py:2371} INFO - Sync 1 DAGs
[2024-02-11 12:26:17,917] {logging_mixin.py:115} INFO - [2024-02-11 12:26:17,917] {dag.py:2919} INFO - Setting next_dagrun for tutorial_taskflow_api_etl to None, run_after=None
[2024-02-11 12:26:17,923] {processor.py:161} INFO - Processing /home/airflow/.local/lib/python3.7/site-packages/airflow/example_dags/tutorial_taskflow_api_etl.py took 0.302 seconds
[2024-02-11 12:26:48,102] {processor.py:153} INFO - Started process (PID=375) to work on /home/airflow/.local/lib/python3.7/site-packages/airflow/example_dags/tutorial_taskflow_api_etl.py
[2024-02-11 12:26:48,106] {processor.py:641} INFO - Processing file /home/airflow/.local/lib/python3.7/site-packages/airflow/example_dags/tutorial_taskflow_api_etl.py for tasks to queue
[2024-02-11 12:26:48,106] {logging_mixin.py:115} INFO - [2024-02-11 12:26:48,106] {dagbag.py:507} INFO - Filling up the DagBag from /home/airflow/.local/lib/python3.7/site-packages/airflow/example_dags/tutorial_taskflow_api_etl.py
[2024-02-11 12:26:48,126] {processor.py:651} INFO - DAG(s) dict_keys(['tutorial_taskflow_api_etl']) retrieved from /home/airflow/.local/lib/python3.7/site-packages/airflow/example_dags/tutorial_taskflow_api_etl.py
[2024-02-11 12:26:48,500] {logging_mixin.py:115} INFO - [2024-02-11 12:26:48,500] {dag.py:2371} INFO - Sync 1 DAGs
[2024-02-11 12:26:48,529] {logging_mixin.py:115} INFO - [2024-02-11 12:26:48,529] {dag.py:2919} INFO - Setting next_dagrun for tutorial_taskflow_api_etl to None, run_after=None
[2024-02-11 12:26:48,552] {processor.py:161} INFO - Processing /home/airflow/.local/lib/python3.7/site-packages/airflow/example_dags/tutorial_taskflow_api_etl.py took 0.455 seconds
[2024-02-11 12:27:18,810] {processor.py:153} INFO - Started process (PID=434) to work on /home/airflow/.local/lib/python3.7/site-packages/airflow/example_dags/tutorial_taskflow_api_etl.py
[2024-02-11 12:27:18,814] {processor.py:641} INFO - Processing file /home/airflow/.local/lib/python3.7/site-packages/airflow/example_dags/tutorial_taskflow_api_etl.py for tasks to queue
[2024-02-11 12:27:18,815] {logging_mixin.py:115} INFO - [2024-02-11 12:27:18,815] {dagbag.py:507} INFO - Filling up the DagBag from /home/airflow/.local/lib/python3.7/site-packages/airflow/example_dags/tutorial_taskflow_api_etl.py
[2024-02-11 12:27:18,850] {processor.py:651} INFO - DAG(s) dict_keys(['tutorial_taskflow_api_etl']) retrieved from /home/airflow/.local/lib/python3.7/site-packages/airflow/example_dags/tutorial_taskflow_api_etl.py
[2024-02-11 12:27:19,012] {logging_mixin.py:115} INFO - [2024-02-11 12:27:19,012] {dag.py:2371} INFO - Sync 1 DAGs
[2024-02-11 12:27:19,023] {logging_mixin.py:115} INFO - [2024-02-11 12:27:19,023] {dag.py:2919} INFO - Setting next_dagrun for tutorial_taskflow_api_etl to None, run_after=None
[2024-02-11 12:27:19,030] {processor.py:161} INFO - Processing /home/airflow/.local/lib/python3.7/site-packages/airflow/example_dags/tutorial_taskflow_api_etl.py took 0.228 seconds
[2024-02-11 12:27:49,210] {processor.py:153} INFO - Started process (PID=497) to work on /home/airflow/.local/lib/python3.7/site-packages/airflow/example_dags/tutorial_taskflow_api_etl.py
[2024-02-11 12:27:49,213] {processor.py:641} INFO - Processing file /home/airflow/.local/lib/python3.7/site-packages/airflow/example_dags/tutorial_taskflow_api_etl.py for tasks to queue
[2024-02-11 12:27:49,213] {logging_mixin.py:115} INFO - [2024-02-11 12:27:49,213] {dagbag.py:507} INFO - Filling up the DagBag from /home/airflow/.local/lib/python3.7/site-packages/airflow/example_dags/tutorial_taskflow_api_etl.py
[2024-02-11 12:27:49,227] {processor.py:651} INFO - DAG(s) dict_keys(['tutorial_taskflow_api_etl']) retrieved from /home/airflow/.local/lib/python3.7/site-packages/airflow/example_dags/tutorial_taskflow_api_etl.py
[2024-02-11 12:27:49,394] {logging_mixin.py:115} INFO - [2024-02-11 12:27:49,394] {dag.py:2371} INFO - Sync 1 DAGs
[2024-02-11 12:27:49,405] {logging_mixin.py:115} INFO - [2024-02-11 12:27:49,405] {dag.py:2919} INFO - Setting next_dagrun for tutorial_taskflow_api_etl to None, run_after=None
[2024-02-11 12:27:49,413] {processor.py:161} INFO - Processing /home/airflow/.local/lib/python3.7/site-packages/airflow/example_dags/tutorial_taskflow_api_etl.py took 0.205 seconds
[2024-02-11 12:28:19,489] {processor.py:153} INFO - Started process (PID=565) to work on /home/airflow/.local/lib/python3.7/site-packages/airflow/example_dags/tutorial_taskflow_api_etl.py
[2024-02-11 12:28:19,490] {processor.py:641} INFO - Processing file /home/airflow/.local/lib/python3.7/site-packages/airflow/example_dags/tutorial_taskflow_api_etl.py for tasks to queue
[2024-02-11 12:28:19,491] {logging_mixin.py:115} INFO - [2024-02-11 12:28:19,491] {dagbag.py:507} INFO - Filling up the DagBag from /home/airflow/.local/lib/python3.7/site-packages/airflow/example_dags/tutorial_taskflow_api_etl.py
[2024-02-11 12:28:19,500] {processor.py:651} INFO - DAG(s) dict_keys(['tutorial_taskflow_api_etl']) retrieved from /home/airflow/.local/lib/python3.7/site-packages/airflow/example_dags/tutorial_taskflow_api_etl.py
[2024-02-11 12:28:19,647] {logging_mixin.py:115} INFO - [2024-02-11 12:28:19,647] {dag.py:2371} INFO - Sync 1 DAGs
[2024-02-11 12:28:19,657] {logging_mixin.py:115} INFO - [2024-02-11 12:28:19,657] {dag.py:2919} INFO - Setting next_dagrun for tutorial_taskflow_api_etl to None, run_after=None
[2024-02-11 12:28:19,665] {processor.py:161} INFO - Processing /home/airflow/.local/lib/python3.7/site-packages/airflow/example_dags/tutorial_taskflow_api_etl.py took 0.178 seconds
[2024-02-11 12:28:50,270] {processor.py:153} INFO - Started process (PID=629) to work on /home/airflow/.local/lib/python3.7/site-packages/airflow/example_dags/tutorial_taskflow_api_etl.py
[2024-02-11 12:28:50,274] {processor.py:641} INFO - Processing file /home/airflow/.local/lib/python3.7/site-packages/airflow/example_dags/tutorial_taskflow_api_etl.py for tasks to queue
[2024-02-11 12:28:50,275] {logging_mixin.py:115} INFO - [2024-02-11 12:28:50,275] {dagbag.py:507} INFO - Filling up the DagBag from /home/airflow/.local/lib/python3.7/site-packages/airflow/example_dags/tutorial_taskflow_api_etl.py
[2024-02-11 12:28:50,297] {processor.py:651} INFO - DAG(s) dict_keys(['tutorial_taskflow_api_etl']) retrieved from /home/airflow/.local/lib/python3.7/site-packages/airflow/example_dags/tutorial_taskflow_api_etl.py
[2024-02-11 12:28:50,632] {logging_mixin.py:115} INFO - [2024-02-11 12:28:50,632] {dag.py:2371} INFO - Sync 1 DAGs
[2024-02-11 12:28:50,646] {logging_mixin.py:115} INFO - [2024-02-11 12:28:50,646] {dag.py:2919} INFO - Setting next_dagrun for tutorial_taskflow_api_etl to None, run_after=None
[2024-02-11 12:28:50,659] {processor.py:161} INFO - Processing /home/airflow/.local/lib/python3.7/site-packages/airflow/example_dags/tutorial_taskflow_api_etl.py took 0.400 seconds
[2024-02-11 12:29:21,099] {processor.py:153} INFO - Started process (PID=688) to work on /home/airflow/.local/lib/python3.7/site-packages/airflow/example_dags/tutorial_taskflow_api_etl.py
[2024-02-11 12:29:21,102] {processor.py:641} INFO - Processing file /home/airflow/.local/lib/python3.7/site-packages/airflow/example_dags/tutorial_taskflow_api_etl.py for tasks to queue
[2024-02-11 12:29:21,103] {logging_mixin.py:115} INFO - [2024-02-11 12:29:21,103] {dagbag.py:507} INFO - Filling up the DagBag from /home/airflow/.local/lib/python3.7/site-packages/airflow/example_dags/tutorial_taskflow_api_etl.py
[2024-02-11 12:29:21,121] {processor.py:651} INFO - DAG(s) dict_keys(['tutorial_taskflow_api_etl']) retrieved from /home/airflow/.local/lib/python3.7/site-packages/airflow/example_dags/tutorial_taskflow_api_etl.py
[2024-02-11 12:29:21,321] {logging_mixin.py:115} INFO - [2024-02-11 12:29:21,321] {dag.py:2371} INFO - Sync 1 DAGs
[2024-02-11 12:29:21,340] {logging_mixin.py:115} INFO - [2024-02-11 12:29:21,340] {dag.py:2919} INFO - Setting next_dagrun for tutorial_taskflow_api_etl to None, run_after=None
[2024-02-11 12:29:21,348] {processor.py:161} INFO - Processing /home/airflow/.local/lib/python3.7/site-packages/airflow/example_dags/tutorial_taskflow_api_etl.py took 0.254 seconds
[2024-02-11 12:29:51,849] {processor.py:153} INFO - Started process (PID=753) to work on /home/airflow/.local/lib/python3.7/site-packages/airflow/example_dags/tutorial_taskflow_api_etl.py
[2024-02-11 12:29:51,851] {processor.py:641} INFO - Processing file /home/airflow/.local/lib/python3.7/site-packages/airflow/example_dags/tutorial_taskflow_api_etl.py for tasks to queue
[2024-02-11 12:29:51,852] {logging_mixin.py:115} INFO - [2024-02-11 12:29:51,852] {dagbag.py:507} INFO - Filling up the DagBag from /home/airflow/.local/lib/python3.7/site-packages/airflow/example_dags/tutorial_taskflow_api_etl.py
[2024-02-11 12:29:51,888] {processor.py:651} INFO - DAG(s) dict_keys(['tutorial_taskflow_api_etl']) retrieved from /home/airflow/.local/lib/python3.7/site-packages/airflow/example_dags/tutorial_taskflow_api_etl.py
[2024-02-11 12:29:52,233] {logging_mixin.py:115} INFO - [2024-02-11 12:29:52,233] {dag.py:2371} INFO - Sync 1 DAGs
[2024-02-11 12:29:52,244] {logging_mixin.py:115} INFO - [2024-02-11 12:29:52,244] {dag.py:2919} INFO - Setting next_dagrun for tutorial_taskflow_api_etl to None, run_after=None
[2024-02-11 12:29:52,251] {processor.py:161} INFO - Processing /home/airflow/.local/lib/python3.7/site-packages/airflow/example_dags/tutorial_taskflow_api_etl.py took 0.408 seconds
[2024-02-11 12:30:23,067] {processor.py:153} INFO - Started process (PID=821) to work on /home/airflow/.local/lib/python3.7/site-packages/airflow/example_dags/tutorial_taskflow_api_etl.py
[2024-02-11 12:30:23,069] {processor.py:641} INFO - Processing file /home/airflow/.local/lib/python3.7/site-packages/airflow/example_dags/tutorial_taskflow_api_etl.py for tasks to queue
[2024-02-11 12:30:23,070] {logging_mixin.py:115} INFO - [2024-02-11 12:30:23,070] {dagbag.py:507} INFO - Filling up the DagBag from /home/airflow/.local/lib/python3.7/site-packages/airflow/example_dags/tutorial_taskflow_api_etl.py
[2024-02-11 12:30:23,086] {processor.py:651} INFO - DAG(s) dict_keys(['tutorial_taskflow_api_etl']) retrieved from /home/airflow/.local/lib/python3.7/site-packages/airflow/example_dags/tutorial_taskflow_api_etl.py
[2024-02-11 12:30:23,433] {logging_mixin.py:115} INFO - [2024-02-11 12:30:23,432] {dag.py:2371} INFO - Sync 1 DAGs
[2024-02-11 12:30:23,445] {logging_mixin.py:115} INFO - [2024-02-11 12:30:23,445] {dag.py:2919} INFO - Setting next_dagrun for tutorial_taskflow_api_etl to None, run_after=None
[2024-02-11 12:30:23,452] {processor.py:161} INFO - Processing /home/airflow/.local/lib/python3.7/site-packages/airflow/example_dags/tutorial_taskflow_api_etl.py took 0.390 seconds
[2024-02-11 12:30:53,623] {processor.py:153} INFO - Started process (PID=884) to work on /home/airflow/.local/lib/python3.7/site-packages/airflow/example_dags/tutorial_taskflow_api_etl.py
[2024-02-11 12:30:53,628] {processor.py:641} INFO - Processing file /home/airflow/.local/lib/python3.7/site-packages/airflow/example_dags/tutorial_taskflow_api_etl.py for tasks to queue
[2024-02-11 12:30:53,630] {logging_mixin.py:115} INFO - [2024-02-11 12:30:53,630] {dagbag.py:507} INFO - Filling up the DagBag from /home/airflow/.local/lib/python3.7/site-packages/airflow/example_dags/tutorial_taskflow_api_etl.py
[2024-02-11 12:30:53,661] {processor.py:651} INFO - DAG(s) dict_keys(['tutorial_taskflow_api_etl']) retrieved from /home/airflow/.local/lib/python3.7/site-packages/airflow/example_dags/tutorial_taskflow_api_etl.py
[2024-02-11 12:30:53,998] {logging_mixin.py:115} INFO - [2024-02-11 12:30:53,998] {dag.py:2371} INFO - Sync 1 DAGs
[2024-02-11 12:30:54,053] {logging_mixin.py:115} INFO - [2024-02-11 12:30:54,052] {dag.py:2919} INFO - Setting next_dagrun for tutorial_taskflow_api_etl to None, run_after=None
[2024-02-11 12:30:54,067] {processor.py:161} INFO - Processing /home/airflow/.local/lib/python3.7/site-packages/airflow/example_dags/tutorial_taskflow_api_etl.py took 0.451 seconds
[2024-02-11 12:31:24,885] {processor.py:153} INFO - Started process (PID=945) to work on /home/airflow/.local/lib/python3.7/site-packages/airflow/example_dags/tutorial_taskflow_api_etl.py
[2024-02-11 12:31:24,887] {processor.py:641} INFO - Processing file /home/airflow/.local/lib/python3.7/site-packages/airflow/example_dags/tutorial_taskflow_api_etl.py for tasks to queue
[2024-02-11 12:31:24,888] {logging_mixin.py:115} INFO - [2024-02-11 12:31:24,888] {dagbag.py:507} INFO - Filling up the DagBag from /home/airflow/.local/lib/python3.7/site-packages/airflow/example_dags/tutorial_taskflow_api_etl.py
[2024-02-11 12:31:24,910] {processor.py:651} INFO - DAG(s) dict_keys(['tutorial_taskflow_api_etl']) retrieved from /home/airflow/.local/lib/python3.7/site-packages/airflow/example_dags/tutorial_taskflow_api_etl.py
[2024-02-11 12:31:25,156] {logging_mixin.py:115} INFO - [2024-02-11 12:31:25,156] {dag.py:2371} INFO - Sync 1 DAGs
[2024-02-11 12:31:25,166] {logging_mixin.py:115} INFO - [2024-02-11 12:31:25,166] {dag.py:2919} INFO - Setting next_dagrun for tutorial_taskflow_api_etl to None, run_after=None
[2024-02-11 12:31:25,173] {processor.py:161} INFO - Processing /home/airflow/.local/lib/python3.7/site-packages/airflow/example_dags/tutorial_taskflow_api_etl.py took 0.291 seconds
[2024-02-11 12:31:55,453] {processor.py:153} INFO - Started process (PID=1009) to work on /home/airflow/.local/lib/python3.7/site-packages/airflow/example_dags/tutorial_taskflow_api_etl.py
[2024-02-11 12:31:55,456] {processor.py:641} INFO - Processing file /home/airflow/.local/lib/python3.7/site-packages/airflow/example_dags/tutorial_taskflow_api_etl.py for tasks to queue
[2024-02-11 12:31:55,458] {logging_mixin.py:115} INFO - [2024-02-11 12:31:55,458] {dagbag.py:507} INFO - Filling up the DagBag from /home/airflow/.local/lib/python3.7/site-packages/airflow/example_dags/tutorial_taskflow_api_etl.py
[2024-02-11 12:31:55,482] {processor.py:651} INFO - DAG(s) dict_keys(['tutorial_taskflow_api_etl']) retrieved from /home/airflow/.local/lib/python3.7/site-packages/airflow/example_dags/tutorial_taskflow_api_etl.py
[2024-02-11 12:31:55,797] {logging_mixin.py:115} INFO - [2024-02-11 12:31:55,797] {dag.py:2371} INFO - Sync 1 DAGs
[2024-02-11 12:31:55,811] {logging_mixin.py:115} INFO - [2024-02-11 12:31:55,811] {dag.py:2919} INFO - Setting next_dagrun for tutorial_taskflow_api_etl to None, run_after=None
[2024-02-11 12:31:55,820] {processor.py:161} INFO - Processing /home/airflow/.local/lib/python3.7/site-packages/airflow/example_dags/tutorial_taskflow_api_etl.py took 0.382 seconds
[2024-02-11 12:32:26,620] {processor.py:153} INFO - Started process (PID=1079) to work on /home/airflow/.local/lib/python3.7/site-packages/airflow/example_dags/tutorial_taskflow_api_etl.py
[2024-02-11 12:32:26,623] {processor.py:641} INFO - Processing file /home/airflow/.local/lib/python3.7/site-packages/airflow/example_dags/tutorial_taskflow_api_etl.py for tasks to queue
[2024-02-11 12:32:26,625] {logging_mixin.py:115} INFO - [2024-02-11 12:32:26,624] {dagbag.py:507} INFO - Filling up the DagBag from /home/airflow/.local/lib/python3.7/site-packages/airflow/example_dags/tutorial_taskflow_api_etl.py
[2024-02-11 12:32:26,652] {processor.py:651} INFO - DAG(s) dict_keys(['tutorial_taskflow_api_etl']) retrieved from /home/airflow/.local/lib/python3.7/site-packages/airflow/example_dags/tutorial_taskflow_api_etl.py
[2024-02-11 12:32:26,924] {logging_mixin.py:115} INFO - [2024-02-11 12:32:26,924] {dag.py:2371} INFO - Sync 1 DAGs
[2024-02-11 12:32:26,936] {logging_mixin.py:115} INFO - [2024-02-11 12:32:26,936] {dag.py:2919} INFO - Setting next_dagrun for tutorial_taskflow_api_etl to None, run_after=None
[2024-02-11 12:32:26,945] {processor.py:161} INFO - Processing /home/airflow/.local/lib/python3.7/site-packages/airflow/example_dags/tutorial_taskflow_api_etl.py took 0.331 seconds
[2024-02-11 12:32:57,601] {processor.py:153} INFO - Started process (PID=1142) to work on /home/airflow/.local/lib/python3.7/site-packages/airflow/example_dags/tutorial_taskflow_api_etl.py
[2024-02-11 12:32:57,606] {processor.py:641} INFO - Processing file /home/airflow/.local/lib/python3.7/site-packages/airflow/example_dags/tutorial_taskflow_api_etl.py for tasks to queue
[2024-02-11 12:32:57,607] {logging_mixin.py:115} INFO - [2024-02-11 12:32:57,607] {dagbag.py:507} INFO - Filling up the DagBag from /home/airflow/.local/lib/python3.7/site-packages/airflow/example_dags/tutorial_taskflow_api_etl.py
[2024-02-11 12:32:57,632] {processor.py:651} INFO - DAG(s) dict_keys(['tutorial_taskflow_api_etl']) retrieved from /home/airflow/.local/lib/python3.7/site-packages/airflow/example_dags/tutorial_taskflow_api_etl.py
[2024-02-11 12:32:57,918] {logging_mixin.py:115} INFO - [2024-02-11 12:32:57,918] {dag.py:2371} INFO - Sync 1 DAGs
[2024-02-11 12:32:57,927] {logging_mixin.py:115} INFO - [2024-02-11 12:32:57,927] {dag.py:2919} INFO - Setting next_dagrun for tutorial_taskflow_api_etl to None, run_after=None
[2024-02-11 12:32:57,935] {processor.py:161} INFO - Processing /home/airflow/.local/lib/python3.7/site-packages/airflow/example_dags/tutorial_taskflow_api_etl.py took 0.337 seconds
[2024-02-11 12:55:28,121] {processor.py:153} INFO - Started process (PID=1217) to work on /home/airflow/.local/lib/python3.7/site-packages/airflow/example_dags/tutorial_taskflow_api_etl.py
[2024-02-11 12:55:28,127] {processor.py:641} INFO - Processing file /home/airflow/.local/lib/python3.7/site-packages/airflow/example_dags/tutorial_taskflow_api_etl.py for tasks to queue
[2024-02-11 12:55:28,137] {logging_mixin.py:115} INFO - [2024-02-11 12:55:28,136] {dagbag.py:507} INFO - Filling up the DagBag from /home/airflow/.local/lib/python3.7/site-packages/airflow/example_dags/tutorial_taskflow_api_etl.py
[2024-02-11 12:55:28,358] {processor.py:651} INFO - DAG(s) dict_keys(['tutorial_taskflow_api_etl']) retrieved from /home/airflow/.local/lib/python3.7/site-packages/airflow/example_dags/tutorial_taskflow_api_etl.py
[2024-02-11 12:55:32,640] {logging_mixin.py:115} INFO - [2024-02-11 12:55:32,637] {dag.py:2371} INFO - Sync 1 DAGs
[2024-02-11 12:55:32,751] {logging_mixin.py:115} INFO - [2024-02-11 12:55:32,751] {dag.py:2919} INFO - Setting next_dagrun for tutorial_taskflow_api_etl to None, run_after=None
[2024-02-11 12:55:32,803] {processor.py:161} INFO - Processing /home/airflow/.local/lib/python3.7/site-packages/airflow/example_dags/tutorial_taskflow_api_etl.py took 4.709 seconds
[2024-02-11 12:56:03,338] {processor.py:153} INFO - Started process (PID=1285) to work on /home/airflow/.local/lib/python3.7/site-packages/airflow/example_dags/tutorial_taskflow_api_etl.py
[2024-02-11 12:56:03,341] {processor.py:641} INFO - Processing file /home/airflow/.local/lib/python3.7/site-packages/airflow/example_dags/tutorial_taskflow_api_etl.py for tasks to queue
[2024-02-11 12:56:03,343] {logging_mixin.py:115} INFO - [2024-02-11 12:56:03,343] {dagbag.py:507} INFO - Filling up the DagBag from /home/airflow/.local/lib/python3.7/site-packages/airflow/example_dags/tutorial_taskflow_api_etl.py
[2024-02-11 12:56:03,398] {processor.py:651} INFO - DAG(s) dict_keys(['tutorial_taskflow_api_etl']) retrieved from /home/airflow/.local/lib/python3.7/site-packages/airflow/example_dags/tutorial_taskflow_api_etl.py
[2024-02-11 12:56:03,694] {logging_mixin.py:115} INFO - [2024-02-11 12:56:03,694] {dag.py:2371} INFO - Sync 1 DAGs
[2024-02-11 12:56:03,703] {logging_mixin.py:115} INFO - [2024-02-11 12:56:03,703] {dag.py:2919} INFO - Setting next_dagrun for tutorial_taskflow_api_etl to None, run_after=None
[2024-02-11 12:56:03,714] {processor.py:161} INFO - Processing /home/airflow/.local/lib/python3.7/site-packages/airflow/example_dags/tutorial_taskflow_api_etl.py took 0.387 seconds
[2024-02-11 12:56:34,598] {processor.py:153} INFO - Started process (PID=1348) to work on /home/airflow/.local/lib/python3.7/site-packages/airflow/example_dags/tutorial_taskflow_api_etl.py
[2024-02-11 12:56:34,603] {processor.py:641} INFO - Processing file /home/airflow/.local/lib/python3.7/site-packages/airflow/example_dags/tutorial_taskflow_api_etl.py for tasks to queue
[2024-02-11 12:56:34,605] {logging_mixin.py:115} INFO - [2024-02-11 12:56:34,605] {dagbag.py:507} INFO - Filling up the DagBag from /home/airflow/.local/lib/python3.7/site-packages/airflow/example_dags/tutorial_taskflow_api_etl.py
[2024-02-11 12:56:34,631] {processor.py:651} INFO - DAG(s) dict_keys(['tutorial_taskflow_api_etl']) retrieved from /home/airflow/.local/lib/python3.7/site-packages/airflow/example_dags/tutorial_taskflow_api_etl.py
[2024-02-11 12:56:34,983] {logging_mixin.py:115} INFO - [2024-02-11 12:56:34,983] {dag.py:2371} INFO - Sync 1 DAGs
[2024-02-11 12:56:34,998] {logging_mixin.py:115} INFO - [2024-02-11 12:56:34,998] {dag.py:2919} INFO - Setting next_dagrun for tutorial_taskflow_api_etl to None, run_after=None
[2024-02-11 12:56:35,032] {processor.py:161} INFO - Processing /home/airflow/.local/lib/python3.7/site-packages/airflow/example_dags/tutorial_taskflow_api_etl.py took 0.445 seconds
[2024-02-11 13:46:14,513] {processor.py:153} INFO - Started process (PID=1409) to work on /home/airflow/.local/lib/python3.7/site-packages/airflow/example_dags/tutorial_taskflow_api_etl.py
[2024-02-11 13:46:14,537] {processor.py:641} INFO - Processing file /home/airflow/.local/lib/python3.7/site-packages/airflow/example_dags/tutorial_taskflow_api_etl.py for tasks to queue
[2024-02-11 13:46:14,546] {logging_mixin.py:115} INFO - [2024-02-11 13:46:14,546] {dagbag.py:507} INFO - Filling up the DagBag from /home/airflow/.local/lib/python3.7/site-packages/airflow/example_dags/tutorial_taskflow_api_etl.py
[2024-02-11 13:46:14,616] {processor.py:651} INFO - DAG(s) dict_keys(['tutorial_taskflow_api_etl']) retrieved from /home/airflow/.local/lib/python3.7/site-packages/airflow/example_dags/tutorial_taskflow_api_etl.py
[2024-02-11 13:46:16,317] {logging_mixin.py:115} INFO - [2024-02-11 13:46:16,316] {dag.py:2371} INFO - Sync 1 DAGs
[2024-02-11 13:46:16,370] {logging_mixin.py:115} INFO - [2024-02-11 13:46:16,370] {dag.py:2919} INFO - Setting next_dagrun for tutorial_taskflow_api_etl to None, run_after=None
[2024-02-11 13:46:16,406] {processor.py:161} INFO - Processing /home/airflow/.local/lib/python3.7/site-packages/airflow/example_dags/tutorial_taskflow_api_etl.py took 1.899 seconds
[2024-02-11 14:33:09,972] {processor.py:153} INFO - Started process (PID=1469) to work on /home/airflow/.local/lib/python3.7/site-packages/airflow/example_dags/tutorial_taskflow_api_etl.py
[2024-02-11 14:33:09,977] {processor.py:641} INFO - Processing file /home/airflow/.local/lib/python3.7/site-packages/airflow/example_dags/tutorial_taskflow_api_etl.py for tasks to queue
[2024-02-11 14:33:09,981] {logging_mixin.py:115} INFO - [2024-02-11 14:33:09,981] {dagbag.py:507} INFO - Filling up the DagBag from /home/airflow/.local/lib/python3.7/site-packages/airflow/example_dags/tutorial_taskflow_api_etl.py
[2024-02-11 14:33:10,044] {processor.py:651} INFO - DAG(s) dict_keys(['tutorial_taskflow_api_etl']) retrieved from /home/airflow/.local/lib/python3.7/site-packages/airflow/example_dags/tutorial_taskflow_api_etl.py
[2024-02-11 14:33:10,966] {logging_mixin.py:115} INFO - [2024-02-11 14:33:10,966] {dag.py:2371} INFO - Sync 1 DAGs
[2024-02-11 14:33:10,990] {logging_mixin.py:115} INFO - [2024-02-11 14:33:10,990] {dag.py:2919} INFO - Setting next_dagrun for tutorial_taskflow_api_etl to None, run_after=None
[2024-02-11 14:33:11,020] {processor.py:161} INFO - Processing /home/airflow/.local/lib/python3.7/site-packages/airflow/example_dags/tutorial_taskflow_api_etl.py took 1.067 seconds
[2024-02-11 14:33:41,445] {processor.py:153} INFO - Started process (PID=1532) to work on /home/airflow/.local/lib/python3.7/site-packages/airflow/example_dags/tutorial_taskflow_api_etl.py
[2024-02-11 14:33:41,450] {processor.py:641} INFO - Processing file /home/airflow/.local/lib/python3.7/site-packages/airflow/example_dags/tutorial_taskflow_api_etl.py for tasks to queue
[2024-02-11 14:33:41,451] {logging_mixin.py:115} INFO - [2024-02-11 14:33:41,451] {dagbag.py:507} INFO - Filling up the DagBag from /home/airflow/.local/lib/python3.7/site-packages/airflow/example_dags/tutorial_taskflow_api_etl.py
[2024-02-11 14:33:41,469] {processor.py:651} INFO - DAG(s) dict_keys(['tutorial_taskflow_api_etl']) retrieved from /home/airflow/.local/lib/python3.7/site-packages/airflow/example_dags/tutorial_taskflow_api_etl.py
[2024-02-11 14:33:41,617] {logging_mixin.py:115} INFO - [2024-02-11 14:33:41,617] {dag.py:2371} INFO - Sync 1 DAGs
[2024-02-11 14:33:41,629] {logging_mixin.py:115} INFO - [2024-02-11 14:33:41,628] {dag.py:2919} INFO - Setting next_dagrun for tutorial_taskflow_api_etl to None, run_after=None
[2024-02-11 14:33:41,637] {processor.py:161} INFO - Processing /home/airflow/.local/lib/python3.7/site-packages/airflow/example_dags/tutorial_taskflow_api_etl.py took 0.196 seconds
[2024-02-11 14:42:37,299] {processor.py:153} INFO - Started process (PID=1604) to work on /home/airflow/.local/lib/python3.7/site-packages/airflow/example_dags/tutorial_taskflow_api_etl.py
[2024-02-11 14:42:37,331] {processor.py:641} INFO - Processing file /home/airflow/.local/lib/python3.7/site-packages/airflow/example_dags/tutorial_taskflow_api_etl.py for tasks to queue
[2024-02-11 14:42:37,336] {logging_mixin.py:115} INFO - [2024-02-11 14:42:37,335] {dagbag.py:507} INFO - Filling up the DagBag from /home/airflow/.local/lib/python3.7/site-packages/airflow/example_dags/tutorial_taskflow_api_etl.py
[2024-02-11 14:42:37,431] {processor.py:651} INFO - DAG(s) dict_keys(['tutorial_taskflow_api_etl']) retrieved from /home/airflow/.local/lib/python3.7/site-packages/airflow/example_dags/tutorial_taskflow_api_etl.py
[2024-02-11 14:42:37,696] {logging_mixin.py:115} INFO - [2024-02-11 14:42:37,696] {dag.py:2371} INFO - Sync 1 DAGs
[2024-02-11 14:42:37,822] {logging_mixin.py:115} INFO - [2024-02-11 14:42:37,822] {dag.py:2919} INFO - Setting next_dagrun for tutorial_taskflow_api_etl to None, run_after=None
[2024-02-11 14:42:37,895] {processor.py:161} INFO - Processing /home/airflow/.local/lib/python3.7/site-packages/airflow/example_dags/tutorial_taskflow_api_etl.py took 0.615 seconds
[2024-02-11 14:58:23,019] {processor.py:153} INFO - Started process (PID=1685) to work on /home/airflow/.local/lib/python3.7/site-packages/airflow/example_dags/tutorial_taskflow_api_etl.py
[2024-02-11 14:58:23,024] {processor.py:641} INFO - Processing file /home/airflow/.local/lib/python3.7/site-packages/airflow/example_dags/tutorial_taskflow_api_etl.py for tasks to queue
[2024-02-11 14:58:23,029] {logging_mixin.py:115} INFO - [2024-02-11 14:58:23,028] {dagbag.py:507} INFO - Filling up the DagBag from /home/airflow/.local/lib/python3.7/site-packages/airflow/example_dags/tutorial_taskflow_api_etl.py
[2024-02-11 14:58:23,081] {processor.py:651} INFO - DAG(s) dict_keys(['tutorial_taskflow_api_etl']) retrieved from /home/airflow/.local/lib/python3.7/site-packages/airflow/example_dags/tutorial_taskflow_api_etl.py
[2024-02-11 14:58:23,248] {logging_mixin.py:115} INFO - [2024-02-11 14:58:23,248] {dag.py:2371} INFO - Sync 1 DAGs
[2024-02-11 14:58:25,872] {logging_mixin.py:115} INFO - [2024-02-11 14:58:25,861] {dag.py:2919} INFO - Setting next_dagrun for tutorial_taskflow_api_etl to None, run_after=None
[2024-02-11 14:58:26,263] {processor.py:161} INFO - Processing /home/airflow/.local/lib/python3.7/site-packages/airflow/example_dags/tutorial_taskflow_api_etl.py took 3.258 seconds
[2024-02-11 15:34:07,829] {processor.py:153} INFO - Started process (PID=1748) to work on /home/airflow/.local/lib/python3.7/site-packages/airflow/example_dags/tutorial_taskflow_api_etl.py
[2024-02-11 15:34:07,840] {processor.py:641} INFO - Processing file /home/airflow/.local/lib/python3.7/site-packages/airflow/example_dags/tutorial_taskflow_api_etl.py for tasks to queue
[2024-02-11 15:34:07,844] {logging_mixin.py:115} INFO - [2024-02-11 15:34:07,844] {dagbag.py:507} INFO - Filling up the DagBag from /home/airflow/.local/lib/python3.7/site-packages/airflow/example_dags/tutorial_taskflow_api_etl.py
[2024-02-11 15:34:07,974] {processor.py:651} INFO - DAG(s) dict_keys(['tutorial_taskflow_api_etl']) retrieved from /home/airflow/.local/lib/python3.7/site-packages/airflow/example_dags/tutorial_taskflow_api_etl.py
[2024-02-11 15:34:08,246] {logging_mixin.py:115} INFO - [2024-02-11 15:34:08,246] {dag.py:2371} INFO - Sync 1 DAGs
[2024-02-11 15:34:08,799] {logging_mixin.py:115} INFO - [2024-02-11 15:34:08,799] {dag.py:2919} INFO - Setting next_dagrun for tutorial_taskflow_api_etl to None, run_after=None
[2024-02-11 15:34:08,879] {processor.py:161} INFO - Processing /home/airflow/.local/lib/python3.7/site-packages/airflow/example_dags/tutorial_taskflow_api_etl.py took 1.089 seconds
[2024-02-11 15:34:39,177] {processor.py:153} INFO - Started process (PID=1815) to work on /home/airflow/.local/lib/python3.7/site-packages/airflow/example_dags/tutorial_taskflow_api_etl.py
[2024-02-11 15:34:39,180] {processor.py:641} INFO - Processing file /home/airflow/.local/lib/python3.7/site-packages/airflow/example_dags/tutorial_taskflow_api_etl.py for tasks to queue
[2024-02-11 15:34:39,181] {logging_mixin.py:115} INFO - [2024-02-11 15:34:39,181] {dagbag.py:507} INFO - Filling up the DagBag from /home/airflow/.local/lib/python3.7/site-packages/airflow/example_dags/tutorial_taskflow_api_etl.py
[2024-02-11 15:34:39,199] {processor.py:651} INFO - DAG(s) dict_keys(['tutorial_taskflow_api_etl']) retrieved from /home/airflow/.local/lib/python3.7/site-packages/airflow/example_dags/tutorial_taskflow_api_etl.py
[2024-02-11 15:34:39,239] {logging_mixin.py:115} INFO - [2024-02-11 15:34:39,239] {dag.py:2371} INFO - Sync 1 DAGs
[2024-02-11 15:34:39,344] {logging_mixin.py:115} INFO - [2024-02-11 15:34:39,344] {dag.py:2919} INFO - Setting next_dagrun for tutorial_taskflow_api_etl to None, run_after=None
[2024-02-11 15:34:39,349] {processor.py:161} INFO - Processing /home/airflow/.local/lib/python3.7/site-packages/airflow/example_dags/tutorial_taskflow_api_etl.py took 0.175 seconds
[2024-02-11 15:41:09,765] {processor.py:153} INFO - Started process (PID=1882) to work on /home/airflow/.local/lib/python3.7/site-packages/airflow/example_dags/tutorial_taskflow_api_etl.py
[2024-02-11 15:41:09,777] {processor.py:641} INFO - Processing file /home/airflow/.local/lib/python3.7/site-packages/airflow/example_dags/tutorial_taskflow_api_etl.py for tasks to queue
[2024-02-11 15:41:09,778] {logging_mixin.py:115} INFO - [2024-02-11 15:41:09,778] {dagbag.py:507} INFO - Filling up the DagBag from /home/airflow/.local/lib/python3.7/site-packages/airflow/example_dags/tutorial_taskflow_api_etl.py
[2024-02-11 15:41:09,837] {processor.py:651} INFO - DAG(s) dict_keys(['tutorial_taskflow_api_etl']) retrieved from /home/airflow/.local/lib/python3.7/site-packages/airflow/example_dags/tutorial_taskflow_api_etl.py
[2024-02-11 15:41:10,071] {logging_mixin.py:115} INFO - [2024-02-11 15:41:10,070] {dag.py:2371} INFO - Sync 1 DAGs
[2024-02-11 15:41:11,072] {logging_mixin.py:115} INFO - [2024-02-11 15:41:11,071] {dag.py:2919} INFO - Setting next_dagrun for tutorial_taskflow_api_etl to None, run_after=None
[2024-02-11 15:41:11,245] {processor.py:161} INFO - Processing /home/airflow/.local/lib/python3.7/site-packages/airflow/example_dags/tutorial_taskflow_api_etl.py took 1.486 seconds
[2024-02-11 16:05:28,528] {processor.py:153} INFO - Started process (PID=1960) to work on /home/airflow/.local/lib/python3.7/site-packages/airflow/example_dags/tutorial_taskflow_api_etl.py
[2024-02-11 16:05:28,549] {processor.py:641} INFO - Processing file /home/airflow/.local/lib/python3.7/site-packages/airflow/example_dags/tutorial_taskflow_api_etl.py for tasks to queue
[2024-02-11 16:05:28,574] {logging_mixin.py:115} INFO - [2024-02-11 16:05:28,574] {dagbag.py:507} INFO - Filling up the DagBag from /home/airflow/.local/lib/python3.7/site-packages/airflow/example_dags/tutorial_taskflow_api_etl.py
[2024-02-11 16:05:29,024] {processor.py:651} INFO - DAG(s) dict_keys(['tutorial_taskflow_api_etl']) retrieved from /home/airflow/.local/lib/python3.7/site-packages/airflow/example_dags/tutorial_taskflow_api_etl.py
[2024-02-11 16:05:30,838] {logging_mixin.py:115} INFO - [2024-02-11 16:05:30,837] {dag.py:2371} INFO - Sync 1 DAGs
[2024-02-11 16:05:31,012] {logging_mixin.py:115} INFO - [2024-02-11 16:05:31,012] {dag.py:2919} INFO - Setting next_dagrun for tutorial_taskflow_api_etl to None, run_after=None
[2024-02-11 16:05:31,169] {processor.py:161} INFO - Processing /home/airflow/.local/lib/python3.7/site-packages/airflow/example_dags/tutorial_taskflow_api_etl.py took 2.790 seconds
[2024-02-11 16:06:01,269] {processor.py:153} INFO - Started process (PID=2018) to work on /home/airflow/.local/lib/python3.7/site-packages/airflow/example_dags/tutorial_taskflow_api_etl.py
[2024-02-11 16:06:01,274] {processor.py:641} INFO - Processing file /home/airflow/.local/lib/python3.7/site-packages/airflow/example_dags/tutorial_taskflow_api_etl.py for tasks to queue
[2024-02-11 16:06:01,277] {logging_mixin.py:115} INFO - [2024-02-11 16:06:01,277] {dagbag.py:507} INFO - Filling up the DagBag from /home/airflow/.local/lib/python3.7/site-packages/airflow/example_dags/tutorial_taskflow_api_etl.py
[2024-02-11 16:06:01,310] {processor.py:651} INFO - DAG(s) dict_keys(['tutorial_taskflow_api_etl']) retrieved from /home/airflow/.local/lib/python3.7/site-packages/airflow/example_dags/tutorial_taskflow_api_etl.py
[2024-02-11 16:06:06,066] {logging_mixin.py:115} INFO - [2024-02-11 16:06:06,065] {dag.py:2371} INFO - Sync 1 DAGs
[2024-02-11 16:06:06,590] {logging_mixin.py:115} INFO - [2024-02-11 16:06:06,588] {dag.py:2919} INFO - Setting next_dagrun for tutorial_taskflow_api_etl to None, run_after=None
[2024-02-11 16:06:07,614] {processor.py:161} INFO - Processing /home/airflow/.local/lib/python3.7/site-packages/airflow/example_dags/tutorial_taskflow_api_etl.py took 6.349 seconds
[2024-02-11 16:06:38,675] {processor.py:153} INFO - Started process (PID=2081) to work on /home/airflow/.local/lib/python3.7/site-packages/airflow/example_dags/tutorial_taskflow_api_etl.py
[2024-02-11 16:06:38,679] {processor.py:641} INFO - Processing file /home/airflow/.local/lib/python3.7/site-packages/airflow/example_dags/tutorial_taskflow_api_etl.py for tasks to queue
[2024-02-11 16:06:38,681] {logging_mixin.py:115} INFO - [2024-02-11 16:06:38,681] {dagbag.py:507} INFO - Filling up the DagBag from /home/airflow/.local/lib/python3.7/site-packages/airflow/example_dags/tutorial_taskflow_api_etl.py
[2024-02-11 16:06:38,707] {processor.py:651} INFO - DAG(s) dict_keys(['tutorial_taskflow_api_etl']) retrieved from /home/airflow/.local/lib/python3.7/site-packages/airflow/example_dags/tutorial_taskflow_api_etl.py
[2024-02-11 16:06:38,959] {logging_mixin.py:115} INFO - [2024-02-11 16:06:38,959] {dag.py:2371} INFO - Sync 1 DAGs
[2024-02-11 16:06:38,968] {logging_mixin.py:115} INFO - [2024-02-11 16:06:38,968] {dag.py:2919} INFO - Setting next_dagrun for tutorial_taskflow_api_etl to None, run_after=None
[2024-02-11 16:06:38,974] {processor.py:161} INFO - Processing /home/airflow/.local/lib/python3.7/site-packages/airflow/example_dags/tutorial_taskflow_api_etl.py took 0.309 seconds
[2024-02-11 16:07:09,645] {processor.py:153} INFO - Started process (PID=2149) to work on /home/airflow/.local/lib/python3.7/site-packages/airflow/example_dags/tutorial_taskflow_api_etl.py
[2024-02-11 16:07:09,651] {processor.py:641} INFO - Processing file /home/airflow/.local/lib/python3.7/site-packages/airflow/example_dags/tutorial_taskflow_api_etl.py for tasks to queue
[2024-02-11 16:07:09,654] {logging_mixin.py:115} INFO - [2024-02-11 16:07:09,654] {dagbag.py:507} INFO - Filling up the DagBag from /home/airflow/.local/lib/python3.7/site-packages/airflow/example_dags/tutorial_taskflow_api_etl.py
[2024-02-11 16:07:09,674] {processor.py:651} INFO - DAG(s) dict_keys(['tutorial_taskflow_api_etl']) retrieved from /home/airflow/.local/lib/python3.7/site-packages/airflow/example_dags/tutorial_taskflow_api_etl.py
[2024-02-11 16:07:09,994] {logging_mixin.py:115} INFO - [2024-02-11 16:07:09,994] {dag.py:2371} INFO - Sync 1 DAGs
[2024-02-11 16:07:10,009] {logging_mixin.py:115} INFO - [2024-02-11 16:07:10,009] {dag.py:2919} INFO - Setting next_dagrun for tutorial_taskflow_api_etl to None, run_after=None
[2024-02-11 16:07:10,019] {processor.py:161} INFO - Processing /home/airflow/.local/lib/python3.7/site-packages/airflow/example_dags/tutorial_taskflow_api_etl.py took 0.401 seconds
[2024-02-11 16:07:40,800] {processor.py:153} INFO - Started process (PID=2213) to work on /home/airflow/.local/lib/python3.7/site-packages/airflow/example_dags/tutorial_taskflow_api_etl.py
[2024-02-11 16:07:40,803] {processor.py:641} INFO - Processing file /home/airflow/.local/lib/python3.7/site-packages/airflow/example_dags/tutorial_taskflow_api_etl.py for tasks to queue
[2024-02-11 16:07:40,805] {logging_mixin.py:115} INFO - [2024-02-11 16:07:40,805] {dagbag.py:507} INFO - Filling up the DagBag from /home/airflow/.local/lib/python3.7/site-packages/airflow/example_dags/tutorial_taskflow_api_etl.py
[2024-02-11 16:07:40,831] {processor.py:651} INFO - DAG(s) dict_keys(['tutorial_taskflow_api_etl']) retrieved from /home/airflow/.local/lib/python3.7/site-packages/airflow/example_dags/tutorial_taskflow_api_etl.py
[2024-02-11 16:07:40,870] {logging_mixin.py:115} INFO - [2024-02-11 16:07:40,870] {dag.py:2371} INFO - Sync 1 DAGs
[2024-02-11 16:07:40,902] {logging_mixin.py:115} INFO - [2024-02-11 16:07:40,902] {dag.py:2919} INFO - Setting next_dagrun for tutorial_taskflow_api_etl to None, run_after=None
[2024-02-11 16:07:40,919] {processor.py:161} INFO - Processing /home/airflow/.local/lib/python3.7/site-packages/airflow/example_dags/tutorial_taskflow_api_etl.py took 0.123 seconds
[2024-02-11 16:08:11,438] {processor.py:153} INFO - Started process (PID=2271) to work on /home/airflow/.local/lib/python3.7/site-packages/airflow/example_dags/tutorial_taskflow_api_etl.py
[2024-02-11 16:08:11,442] {processor.py:641} INFO - Processing file /home/airflow/.local/lib/python3.7/site-packages/airflow/example_dags/tutorial_taskflow_api_etl.py for tasks to queue
[2024-02-11 16:08:11,444] {logging_mixin.py:115} INFO - [2024-02-11 16:08:11,444] {dagbag.py:507} INFO - Filling up the DagBag from /home/airflow/.local/lib/python3.7/site-packages/airflow/example_dags/tutorial_taskflow_api_etl.py
[2024-02-11 16:08:11,492] {processor.py:651} INFO - DAG(s) dict_keys(['tutorial_taskflow_api_etl']) retrieved from /home/airflow/.local/lib/python3.7/site-packages/airflow/example_dags/tutorial_taskflow_api_etl.py
[2024-02-11 16:08:12,123] {logging_mixin.py:115} INFO - [2024-02-11 16:08:12,123] {dag.py:2371} INFO - Sync 1 DAGs
[2024-02-11 16:08:12,171] {logging_mixin.py:115} INFO - [2024-02-11 16:08:12,171] {dag.py:2919} INFO - Setting next_dagrun for tutorial_taskflow_api_etl to None, run_after=None
[2024-02-11 16:08:12,191] {processor.py:161} INFO - Processing /home/airflow/.local/lib/python3.7/site-packages/airflow/example_dags/tutorial_taskflow_api_etl.py took 0.763 seconds
[2024-02-11 16:08:42,387] {processor.py:153} INFO - Started process (PID=2335) to work on /home/airflow/.local/lib/python3.7/site-packages/airflow/example_dags/tutorial_taskflow_api_etl.py
[2024-02-11 16:08:42,394] {processor.py:641} INFO - Processing file /home/airflow/.local/lib/python3.7/site-packages/airflow/example_dags/tutorial_taskflow_api_etl.py for tasks to queue
[2024-02-11 16:08:42,396] {logging_mixin.py:115} INFO - [2024-02-11 16:08:42,396] {dagbag.py:507} INFO - Filling up the DagBag from /home/airflow/.local/lib/python3.7/site-packages/airflow/example_dags/tutorial_taskflow_api_etl.py
[2024-02-11 16:08:42,431] {processor.py:651} INFO - DAG(s) dict_keys(['tutorial_taskflow_api_etl']) retrieved from /home/airflow/.local/lib/python3.7/site-packages/airflow/example_dags/tutorial_taskflow_api_etl.py
[2024-02-11 16:08:42,478] {logging_mixin.py:115} INFO - [2024-02-11 16:08:42,478] {dag.py:2371} INFO - Sync 1 DAGs
[2024-02-11 16:08:42,520] {logging_mixin.py:115} INFO - [2024-02-11 16:08:42,520] {dag.py:2919} INFO - Setting next_dagrun for tutorial_taskflow_api_etl to None, run_after=None
[2024-02-11 16:08:42,533] {processor.py:161} INFO - Processing /home/airflow/.local/lib/python3.7/site-packages/airflow/example_dags/tutorial_taskflow_api_etl.py took 0.163 seconds
