[2024-02-10 06:28:21,882] {taskinstance.py:1159} INFO - Dependencies all met for <TaskInstance: example_bash_operator.runme_2 scheduled__2024-02-09T00:00:00+00:00 [queued]>
[2024-02-10 06:28:22,031] {taskinstance.py:1159} INFO - Dependencies all met for <TaskInstance: example_bash_operator.runme_2 scheduled__2024-02-09T00:00:00+00:00 [queued]>
[2024-02-10 06:28:22,032] {taskinstance.py:1356} INFO - 
--------------------------------------------------------------------------------
[2024-02-10 06:28:22,032] {taskinstance.py:1357} INFO - Starting attempt 1 of 1
[2024-02-10 06:28:22,032] {taskinstance.py:1358} INFO - 
--------------------------------------------------------------------------------
[2024-02-10 06:28:22,309] {taskinstance.py:1377} INFO - Executing <Task(BashOperator): runme_2> on 2024-02-09 00:00:00+00:00
[2024-02-10 06:28:22,317] {standard_task_runner.py:52} INFO - Started process 29853 to run task
[2024-02-10 06:28:22,321] {standard_task_runner.py:79} INFO - Running: ['***', 'tasks', 'run', 'example_bash_operator', 'runme_2', 'scheduled__2024-02-09T00:00:00+00:00', '--job-id', '3', '--raw', '--subdir', '/home/***/.local/lib/python3.7/site-packages/***/example_dags/example_bash_operator.py', '--cfg-path', '/tmp/tmpzpr7w61c', '--error-file', '/tmp/tmp03ssu0_s']
[2024-02-10 06:28:22,324] {standard_task_runner.py:80} INFO - Job 3: Subtask runme_2
[2024-02-10 06:28:22,721] {task_command.py:369} INFO - Running <TaskInstance: example_bash_operator.runme_2 scheduled__2024-02-09T00:00:00+00:00 [running]> on host f4c5b03650dc
[2024-02-10 06:28:23,559] {taskinstance.py:1571} INFO - Exporting the following env vars:
AIRFLOW_CTX_DAG_OWNER=***
AIRFLOW_CTX_DAG_ID=example_bash_operator
AIRFLOW_CTX_TASK_ID=runme_2
AIRFLOW_CTX_EXECUTION_DATE=2024-02-09T00:00:00+00:00
AIRFLOW_CTX_TRY_NUMBER=1
AIRFLOW_CTX_DAG_RUN_ID=scheduled__2024-02-09T00:00:00+00:00
[2024-02-10 06:28:23,570] {subprocess.py:62} INFO - Tmp dir root location: 
 /tmp
[2024-02-10 06:28:23,576] {subprocess.py:74} INFO - Running command: ['bash', '-c', 'echo "example_bash_operator__runme_2__20240209" && sleep 1']
[2024-02-10 06:28:23,678] {subprocess.py:85} INFO - Output:
[2024-02-10 06:28:23,712] {subprocess.py:92} INFO - example_bash_operator__runme_2__20240209
[2024-02-10 06:28:24,728] {subprocess.py:96} INFO - Command exited with return code 0
[2024-02-10 06:28:24,957] {taskinstance.py:1400} INFO - Marking task as SUCCESS. dag_id=example_bash_operator, task_id=runme_2, execution_date=20240209T000000, start_date=20240210T062821, end_date=20240210T062824
[2024-02-10 06:28:25,108] {local_task_job.py:156} INFO - Task exited with return code 0
[2024-02-10 06:28:25,444] {local_task_job.py:273} INFO - 0 downstream tasks scheduled from follow-on schedule check
