[2024-02-10 06:32:45,060] {taskinstance.py:1159} INFO - Dependencies all met for <TaskInstance: example_bash_operator.this_will_skip manual__2024-02-10T06:32:42.953634+00:00 [queued]>
[2024-02-10 06:32:45,077] {taskinstance.py:1159} INFO - Dependencies all met for <TaskInstance: example_bash_operator.this_will_skip manual__2024-02-10T06:32:42.953634+00:00 [queued]>
[2024-02-10 06:32:45,081] {taskinstance.py:1356} INFO - 
--------------------------------------------------------------------------------
[2024-02-10 06:32:45,089] {taskinstance.py:1357} INFO - Starting attempt 1 of 1
[2024-02-10 06:32:45,094] {taskinstance.py:1358} INFO - 
--------------------------------------------------------------------------------
[2024-02-10 06:32:45,121] {taskinstance.py:1377} INFO - Executing <Task(BashOperator): this_will_skip> on 2024-02-10 06:32:42.953634+00:00
[2024-02-10 06:32:45,133] {standard_task_runner.py:52} INFO - Started process 30071 to run task
[2024-02-10 06:32:45,165] {standard_task_runner.py:79} INFO - Running: ['***', 'tasks', 'run', 'example_bash_operator', 'this_will_skip', 'manual__2024-02-10T06:32:42.953634+00:00', '--job-id', '9', '--raw', '--subdir', '/home/***/.local/lib/python3.7/site-packages/***/example_dags/example_bash_operator.py', '--cfg-path', '/tmp/tmp5j8h2gyv', '--error-file', '/tmp/tmppimvlq6_']
[2024-02-10 06:32:45,173] {standard_task_runner.py:80} INFO - Job 9: Subtask this_will_skip
[2024-02-10 06:32:45,369] {task_command.py:369} INFO - Running <TaskInstance: example_bash_operator.this_will_skip manual__2024-02-10T06:32:42.953634+00:00 [running]> on host f4c5b03650dc
[2024-02-10 06:32:46,018] {taskinstance.py:1571} INFO - Exporting the following env vars:
AIRFLOW_CTX_DAG_OWNER=***
AIRFLOW_CTX_DAG_ID=example_bash_operator
AIRFLOW_CTX_TASK_ID=this_will_skip
AIRFLOW_CTX_EXECUTION_DATE=2024-02-10T06:32:42.953634+00:00
AIRFLOW_CTX_TRY_NUMBER=1
AIRFLOW_CTX_DAG_RUN_ID=manual__2024-02-10T06:32:42.953634+00:00
[2024-02-10 06:32:46,029] {subprocess.py:62} INFO - Tmp dir root location: 
 /tmp
[2024-02-10 06:32:46,039] {subprocess.py:74} INFO - Running command: ['bash', '-c', 'echo "hello world"; exit 99;']
[2024-02-10 06:32:46,102] {subprocess.py:85} INFO - Output:
[2024-02-10 06:32:46,123] {subprocess.py:92} INFO - hello world
[2024-02-10 06:32:46,127] {subprocess.py:96} INFO - Command exited with return code 99
[2024-02-10 06:32:46,250] {taskinstance.py:1478} INFO - Bash command returned exit code 99. Skipping.
[2024-02-10 06:32:46,598] {taskinstance.py:1400} INFO - Marking task as SKIPPED. dag_id=example_bash_operator, task_id=this_will_skip, execution_date=20240210T063242, start_date=20240210T063245, end_date=20240210T063246
[2024-02-10 06:32:46,830] {local_task_job.py:156} INFO - Task exited with return code 0
[2024-02-10 06:32:48,529] {local_task_job.py:273} INFO - 0 downstream tasks scheduled from follow-on schedule check
