[2024-02-10 06:32:54,842] {taskinstance.py:1159} INFO - Dependencies all met for <TaskInstance: example_bash_operator.run_after_loop manual__2024-02-10T06:32:42.953634+00:00 [queued]>
[2024-02-10 06:32:54,853] {taskinstance.py:1159} INFO - Dependencies all met for <TaskInstance: example_bash_operator.run_after_loop manual__2024-02-10T06:32:42.953634+00:00 [queued]>
[2024-02-10 06:32:54,857] {taskinstance.py:1356} INFO - 
--------------------------------------------------------------------------------
[2024-02-10 06:32:54,857] {taskinstance.py:1357} INFO - Starting attempt 1 of 1
[2024-02-10 06:32:54,858] {taskinstance.py:1358} INFO - 
--------------------------------------------------------------------------------
[2024-02-10 06:32:54,894] {taskinstance.py:1377} INFO - Executing <Task(BashOperator): run_after_loop> on 2024-02-10 06:32:42.953634+00:00
[2024-02-10 06:32:54,901] {standard_task_runner.py:52} INFO - Started process 30091 to run task
[2024-02-10 06:32:54,908] {standard_task_runner.py:79} INFO - Running: ['***', 'tasks', 'run', 'example_bash_operator', 'run_after_loop', 'manual__2024-02-10T06:32:42.953634+00:00', '--job-id', '14', '--raw', '--subdir', '/home/***/.local/lib/python3.7/site-packages/***/example_dags/example_bash_operator.py', '--cfg-path', '/tmp/tmpua9q3379', '--error-file', '/tmp/tmpc3_kdmn6']
[2024-02-10 06:32:54,912] {standard_task_runner.py:80} INFO - Job 14: Subtask run_after_loop
[2024-02-10 06:32:55,012] {task_command.py:369} INFO - Running <TaskInstance: example_bash_operator.run_after_loop manual__2024-02-10T06:32:42.953634+00:00 [running]> on host f4c5b03650dc
[2024-02-10 06:32:55,202] {taskinstance.py:1571} INFO - Exporting the following env vars:
AIRFLOW_CTX_DAG_OWNER=***
AIRFLOW_CTX_DAG_ID=example_bash_operator
AIRFLOW_CTX_TASK_ID=run_after_loop
AIRFLOW_CTX_EXECUTION_DATE=2024-02-10T06:32:42.953634+00:00
AIRFLOW_CTX_TRY_NUMBER=1
AIRFLOW_CTX_DAG_RUN_ID=manual__2024-02-10T06:32:42.953634+00:00
[2024-02-10 06:32:55,213] {subprocess.py:62} INFO - Tmp dir root location: 
 /tmp
[2024-02-10 06:32:55,217] {subprocess.py:74} INFO - Running command: ['bash', '-c', 'echo 1']
[2024-02-10 06:32:55,231] {subprocess.py:85} INFO - Output:
[2024-02-10 06:32:55,237] {subprocess.py:92} INFO - 1
[2024-02-10 06:32:55,237] {subprocess.py:96} INFO - Command exited with return code 0
[2024-02-10 06:32:55,289] {taskinstance.py:1400} INFO - Marking task as SUCCESS. dag_id=example_bash_operator, task_id=run_after_loop, execution_date=20240210T063242, start_date=20240210T063254, end_date=20240210T063255
[2024-02-10 06:32:55,339] {local_task_job.py:156} INFO - Task exited with return code 0
[2024-02-10 06:32:55,430] {local_task_job.py:273} INFO - 0 downstream tasks scheduled from follow-on schedule check
