[2024-02-10 06:28:24,514] {taskinstance.py:1159} INFO - Dependencies all met for <TaskInstance: example_bash_operator.this_will_skip scheduled__2024-02-09T00:00:00+00:00 [queued]>
[2024-02-10 06:28:24,545] {taskinstance.py:1159} INFO - Dependencies all met for <TaskInstance: example_bash_operator.this_will_skip scheduled__2024-02-09T00:00:00+00:00 [queued]>
[2024-02-10 06:28:24,546] {taskinstance.py:1356} INFO - 
--------------------------------------------------------------------------------
[2024-02-10 06:28:24,546] {taskinstance.py:1357} INFO - Starting attempt 1 of 1
[2024-02-10 06:28:24,546] {taskinstance.py:1358} INFO - 
--------------------------------------------------------------------------------
[2024-02-10 06:28:24,617] {taskinstance.py:1377} INFO - Executing <Task(BashOperator): this_will_skip> on 2024-02-09 00:00:00+00:00
[2024-02-10 06:28:24,626] {standard_task_runner.py:52} INFO - Started process 29860 to run task
[2024-02-10 06:28:24,648] {standard_task_runner.py:79} INFO - Running: ['***', 'tasks', 'run', 'example_bash_operator', 'this_will_skip', 'scheduled__2024-02-09T00:00:00+00:00', '--job-id', '5', '--raw', '--subdir', '/home/***/.local/lib/python3.7/site-packages/***/example_dags/example_bash_operator.py', '--cfg-path', '/tmp/tmpivmo6b00', '--error-file', '/tmp/tmpp63xmeb3']
[2024-02-10 06:28:24,651] {standard_task_runner.py:80} INFO - Job 5: Subtask this_will_skip
[2024-02-10 06:28:25,053] {task_command.py:369} INFO - Running <TaskInstance: example_bash_operator.this_will_skip scheduled__2024-02-09T00:00:00+00:00 [running]> on host f4c5b03650dc
[2024-02-10 06:28:25,699] {taskinstance.py:1571} INFO - Exporting the following env vars:
AIRFLOW_CTX_DAG_OWNER=***
AIRFLOW_CTX_DAG_ID=example_bash_operator
AIRFLOW_CTX_TASK_ID=this_will_skip
AIRFLOW_CTX_EXECUTION_DATE=2024-02-09T00:00:00+00:00
AIRFLOW_CTX_TRY_NUMBER=1
AIRFLOW_CTX_DAG_RUN_ID=scheduled__2024-02-09T00:00:00+00:00
[2024-02-10 06:28:25,707] {subprocess.py:62} INFO - Tmp dir root location: 
 /tmp
[2024-02-10 06:28:25,711] {subprocess.py:74} INFO - Running command: ['bash', '-c', 'echo "hello world"; exit 99;']
[2024-02-10 06:28:25,739] {subprocess.py:85} INFO - Output:
[2024-02-10 06:28:25,740] {subprocess.py:92} INFO - hello world
[2024-02-10 06:28:25,741] {subprocess.py:96} INFO - Command exited with return code 99
[2024-02-10 06:28:25,744] {taskinstance.py:1478} INFO - Bash command returned exit code 99. Skipping.
[2024-02-10 06:28:25,775] {taskinstance.py:1400} INFO - Marking task as SKIPPED. dag_id=example_bash_operator, task_id=this_will_skip, execution_date=20240209T000000, start_date=20240210T062824, end_date=20240210T062825
[2024-02-10 06:28:25,941] {local_task_job.py:156} INFO - Task exited with return code 0
[2024-02-10 06:28:26,002] {local_task_job.py:273} INFO - 0 downstream tasks scheduled from follow-on schedule check
