[2024-02-10 06:32:46,324] {taskinstance.py:1159} INFO - Dependencies all met for <TaskInstance: example_bash_operator.runme_2 manual__2024-02-10T06:32:42.953634+00:00 [queued]>
[2024-02-10 06:32:46,391] {taskinstance.py:1159} INFO - Dependencies all met for <TaskInstance: example_bash_operator.runme_2 manual__2024-02-10T06:32:42.953634+00:00 [queued]>
[2024-02-10 06:32:46,398] {taskinstance.py:1356} INFO - 
--------------------------------------------------------------------------------
[2024-02-10 06:32:46,401] {taskinstance.py:1357} INFO - Starting attempt 1 of 1
[2024-02-10 06:32:46,407] {taskinstance.py:1358} INFO - 
--------------------------------------------------------------------------------
[2024-02-10 06:32:46,557] {taskinstance.py:1377} INFO - Executing <Task(BashOperator): runme_2> on 2024-02-10 06:32:42.953634+00:00
[2024-02-10 06:32:46,625] {standard_task_runner.py:52} INFO - Started process 30076 to run task
[2024-02-10 06:32:46,701] {standard_task_runner.py:79} INFO - Running: ['***', 'tasks', 'run', 'example_bash_operator', 'runme_2', 'manual__2024-02-10T06:32:42.953634+00:00', '--job-id', '11', '--raw', '--subdir', '/home/***/.local/lib/python3.7/site-packages/***/example_dags/example_bash_operator.py', '--cfg-path', '/tmp/tmptj4j2726', '--error-file', '/tmp/tmp82fl5n3b']
[2024-02-10 06:32:46,710] {standard_task_runner.py:80} INFO - Job 11: Subtask runme_2
[2024-02-10 06:32:48,387] {task_command.py:369} INFO - Running <TaskInstance: example_bash_operator.runme_2 manual__2024-02-10T06:32:42.953634+00:00 [running]> on host f4c5b03650dc
[2024-02-10 06:32:49,576] {taskinstance.py:1571} INFO - Exporting the following env vars:
AIRFLOW_CTX_DAG_OWNER=***
AIRFLOW_CTX_DAG_ID=example_bash_operator
AIRFLOW_CTX_TASK_ID=runme_2
AIRFLOW_CTX_EXECUTION_DATE=2024-02-10T06:32:42.953634+00:00
AIRFLOW_CTX_TRY_NUMBER=1
AIRFLOW_CTX_DAG_RUN_ID=manual__2024-02-10T06:32:42.953634+00:00
[2024-02-10 06:32:49,616] {subprocess.py:62} INFO - Tmp dir root location: 
 /tmp
[2024-02-10 06:32:49,623] {subprocess.py:74} INFO - Running command: ['bash', '-c', 'echo "example_bash_operator__runme_2__20240210" && sleep 1']
[2024-02-10 06:32:49,642] {subprocess.py:85} INFO - Output:
[2024-02-10 06:32:49,651] {subprocess.py:92} INFO - example_bash_operator__runme_2__20240210
[2024-02-10 06:32:50,706] {subprocess.py:96} INFO - Command exited with return code 0
[2024-02-10 06:32:52,327] {taskinstance.py:1400} INFO - Marking task as SUCCESS. dag_id=example_bash_operator, task_id=runme_2, execution_date=20240210T063242, start_date=20240210T063246, end_date=20240210T063252
[2024-02-10 06:32:52,538] {local_task_job.py:156} INFO - Task exited with return code 0
[2024-02-10 06:32:52,914] {local_task_job.py:273} INFO - 1 downstream tasks scheduled from follow-on schedule check
