[2024-02-10 06:28:25,210] {taskinstance.py:1159} INFO - Dependencies all met for <TaskInstance: example_bash_operator.runme_1 scheduled__2024-02-09T00:00:00+00:00 [queued]>
[2024-02-10 06:28:25,267] {taskinstance.py:1159} INFO - Dependencies all met for <TaskInstance: example_bash_operator.runme_1 scheduled__2024-02-09T00:00:00+00:00 [queued]>
[2024-02-10 06:28:25,268] {taskinstance.py:1356} INFO - 
--------------------------------------------------------------------------------
[2024-02-10 06:28:25,268] {taskinstance.py:1357} INFO - Starting attempt 1 of 1
[2024-02-10 06:28:25,268] {taskinstance.py:1358} INFO - 
--------------------------------------------------------------------------------
[2024-02-10 06:28:25,354] {taskinstance.py:1377} INFO - Executing <Task(BashOperator): runme_1> on 2024-02-09 00:00:00+00:00
[2024-02-10 06:28:25,368] {standard_task_runner.py:52} INFO - Started process 29861 to run task
[2024-02-10 06:28:25,384] {standard_task_runner.py:79} INFO - Running: ['***', 'tasks', 'run', 'example_bash_operator', 'runme_1', 'scheduled__2024-02-09T00:00:00+00:00', '--job-id', '7', '--raw', '--subdir', '/home/***/.local/lib/python3.7/site-packages/***/example_dags/example_bash_operator.py', '--cfg-path', '/tmp/tmpitqi114v', '--error-file', '/tmp/tmp5sjo068n']
[2024-02-10 06:28:25,390] {standard_task_runner.py:80} INFO - Job 7: Subtask runme_1
[2024-02-10 06:28:25,583] {task_command.py:369} INFO - Running <TaskInstance: example_bash_operator.runme_1 scheduled__2024-02-09T00:00:00+00:00 [running]> on host f4c5b03650dc
[2024-02-10 06:28:25,916] {taskinstance.py:1571} INFO - Exporting the following env vars:
AIRFLOW_CTX_DAG_OWNER=***
AIRFLOW_CTX_DAG_ID=example_bash_operator
AIRFLOW_CTX_TASK_ID=runme_1
AIRFLOW_CTX_EXECUTION_DATE=2024-02-09T00:00:00+00:00
AIRFLOW_CTX_TRY_NUMBER=1
AIRFLOW_CTX_DAG_RUN_ID=scheduled__2024-02-09T00:00:00+00:00
[2024-02-10 06:28:25,921] {subprocess.py:62} INFO - Tmp dir root location: 
 /tmp
[2024-02-10 06:28:25,923] {subprocess.py:74} INFO - Running command: ['bash', '-c', 'echo "example_bash_operator__runme_1__20240209" && sleep 1']
[2024-02-10 06:28:25,944] {subprocess.py:85} INFO - Output:
[2024-02-10 06:28:25,947] {subprocess.py:92} INFO - example_bash_operator__runme_1__20240209
[2024-02-10 06:28:26,951] {subprocess.py:96} INFO - Command exited with return code 0
[2024-02-10 06:28:27,049] {taskinstance.py:1400} INFO - Marking task as SUCCESS. dag_id=example_bash_operator, task_id=runme_1, execution_date=20240209T000000, start_date=20240210T062825, end_date=20240210T062827
[2024-02-10 06:28:27,106] {local_task_job.py:156} INFO - Task exited with return code 0
[2024-02-10 06:28:27,203] {local_task_job.py:273} INFO - 1 downstream tasks scheduled from follow-on schedule check
