[2024-02-10 06:32:47,197] {taskinstance.py:1159} INFO - Dependencies all met for <TaskInstance: example_bash_operator.also_run_this manual__2024-02-10T06:32:42.953634+00:00 [queued]>
[2024-02-10 06:32:47,367] {taskinstance.py:1159} INFO - Dependencies all met for <TaskInstance: example_bash_operator.also_run_this manual__2024-02-10T06:32:42.953634+00:00 [queued]>
[2024-02-10 06:32:47,373] {taskinstance.py:1356} INFO - 
--------------------------------------------------------------------------------
[2024-02-10 06:32:47,377] {taskinstance.py:1357} INFO - Starting attempt 1 of 1
[2024-02-10 06:32:47,392] {taskinstance.py:1358} INFO - 
--------------------------------------------------------------------------------
[2024-02-10 06:32:47,922] {taskinstance.py:1377} INFO - Executing <Task(BashOperator): also_run_this> on 2024-02-10 06:32:42.953634+00:00
[2024-02-10 06:32:47,982] {standard_task_runner.py:52} INFO - Started process 30084 to run task
[2024-02-10 06:32:48,055] {standard_task_runner.py:79} INFO - Running: ['***', 'tasks', 'run', 'example_bash_operator', 'also_run_this', 'manual__2024-02-10T06:32:42.953634+00:00', '--job-id', '13', '--raw', '--subdir', '/home/***/.local/lib/python3.7/site-packages/***/example_dags/example_bash_operator.py', '--cfg-path', '/tmp/tmpa20rp9ti', '--error-file', '/tmp/tmp6hs5uwl9']
[2024-02-10 06:32:48,070] {standard_task_runner.py:80} INFO - Job 13: Subtask also_run_this
[2024-02-10 06:32:49,119] {task_command.py:369} INFO - Running <TaskInstance: example_bash_operator.also_run_this manual__2024-02-10T06:32:42.953634+00:00 [running]> on host f4c5b03650dc
[2024-02-10 06:32:49,545] {taskinstance.py:1571} INFO - Exporting the following env vars:
AIRFLOW_CTX_DAG_OWNER=***
AIRFLOW_CTX_DAG_ID=example_bash_operator
AIRFLOW_CTX_TASK_ID=also_run_this
AIRFLOW_CTX_EXECUTION_DATE=2024-02-10T06:32:42.953634+00:00
AIRFLOW_CTX_TRY_NUMBER=1
AIRFLOW_CTX_DAG_RUN_ID=manual__2024-02-10T06:32:42.953634+00:00
[2024-02-10 06:32:49,566] {subprocess.py:62} INFO - Tmp dir root location: 
 /tmp
[2024-02-10 06:32:49,579] {subprocess.py:74} INFO - Running command: ['bash', '-c', 'echo "run_id=manual__2024-02-10T06:32:42.953634+00:00 | dag_run=<DagRun example_bash_operator @ 2024-02-10 06:32:42.953634+00:00: manual__2024-02-10T06:32:42.953634+00:00, externally triggered: True>"']
[2024-02-10 06:32:49,629] {subprocess.py:85} INFO - Output:
[2024-02-10 06:32:49,639] {subprocess.py:92} INFO - run_id=manual__2024-02-10T06:32:42.953634+00:00 | dag_run=<DagRun example_bash_operator @ 2024-02-10 06:32:42.953634+00:00: manual__2024-02-10T06:32:42.953634+00:00, externally triggered: True>
[2024-02-10 06:32:49,640] {subprocess.py:96} INFO - Command exited with return code 0
[2024-02-10 06:32:50,483] {taskinstance.py:1400} INFO - Marking task as SUCCESS. dag_id=example_bash_operator, task_id=also_run_this, execution_date=20240210T063242, start_date=20240210T063247, end_date=20240210T063250
[2024-02-10 06:32:51,056] {local_task_job.py:156} INFO - Task exited with return code 0
[2024-02-10 06:32:52,666] {local_task_job.py:273} INFO - 0 downstream tasks scheduled from follow-on schedule check
