[2024-02-10 20:02:08,128] {processor.py:153} INFO - Started process (PID=1527) to work on /opt/airflow/dags/12acc47946a5_dag.py
[2024-02-10 20:02:08,129] {processor.py:641} INFO - Processing file /opt/airflow/dags/12acc47946a5_dag.py for tasks to queue
[2024-02-10 20:02:08,129] {logging_mixin.py:115} INFO - [2024-02-10 20:02:08,129] {dagbag.py:507} INFO - Filling up the DagBag from /opt/airflow/dags/12acc47946a5_dag.py
[2024-02-10 20:02:08,162] {processor.py:651} INFO - DAG(s) dict_keys(['12acc47946a5_dag']) retrieved from /opt/airflow/dags/12acc47946a5_dag.py
[2024-02-10 20:02:08,620] {logging_mixin.py:115} INFO - [2024-02-10 20:02:08,620] {manager.py:508} INFO - Created Permission View: can read on DAG:12acc47946a5_dag
[2024-02-10 20:02:08,633] {logging_mixin.py:115} INFO - [2024-02-10 20:02:08,632] {manager.py:508} INFO - Created Permission View: can edit on DAG:12acc47946a5_dag
[2024-02-10 20:02:08,643] {logging_mixin.py:115} INFO - [2024-02-10 20:02:08,642] {manager.py:508} INFO - Created Permission View: can delete on DAG:12acc47946a5_dag
[2024-02-10 20:02:08,643] {logging_mixin.py:115} INFO - [2024-02-10 20:02:08,643] {dag.py:2371} INFO - Sync 1 DAGs
[2024-02-10 20:02:08,654] {logging_mixin.py:115} INFO - [2024-02-10 20:02:08,654] {dag.py:2390} INFO - Creating ORM DAG for 12acc47946a5_dag
[2024-02-10 20:02:08,670] {logging_mixin.py:115} INFO - [2024-02-10 20:02:08,670] {dag.py:2919} INFO - Setting next_dagrun for 12acc47946a5_dag to 2024-02-10T20:01:00+00:00, run_after=2024-02-10T20:02:00+00:00
[2024-02-10 20:02:08,684] {processor.py:161} INFO - Processing /opt/airflow/dags/12acc47946a5_dag.py took 0.560 seconds
[2024-02-10 20:02:38,912] {processor.py:153} INFO - Started process (PID=1590) to work on /opt/airflow/dags/12acc47946a5_dag.py
[2024-02-10 20:02:38,916] {processor.py:641} INFO - Processing file /opt/airflow/dags/12acc47946a5_dag.py for tasks to queue
[2024-02-10 20:02:38,920] {logging_mixin.py:115} INFO - [2024-02-10 20:02:38,920] {dagbag.py:507} INFO - Filling up the DagBag from /opt/airflow/dags/12acc47946a5_dag.py
[2024-02-10 20:02:38,949] {processor.py:651} INFO - DAG(s) dict_keys(['12acc47946a5_dag']) retrieved from /opt/airflow/dags/12acc47946a5_dag.py
[2024-02-10 20:02:38,991] {logging_mixin.py:115} INFO - [2024-02-10 20:02:38,991] {dag.py:2371} INFO - Sync 1 DAGs
[2024-02-10 20:02:39,034] {logging_mixin.py:115} INFO - [2024-02-10 20:02:39,034] {dag.py:2919} INFO - Setting next_dagrun for 12acc47946a5_dag to 2024-02-10T20:01:00+00:00, run_after=2024-02-10T20:02:00+00:00
[2024-02-10 20:02:39,046] {processor.py:161} INFO - Processing /opt/airflow/dags/12acc47946a5_dag.py took 0.140 seconds
[2024-02-10 20:03:09,196] {processor.py:153} INFO - Started process (PID=1645) to work on /opt/airflow/dags/12acc47946a5_dag.py
[2024-02-10 20:03:09,197] {processor.py:641} INFO - Processing file /opt/airflow/dags/12acc47946a5_dag.py for tasks to queue
[2024-02-10 20:03:09,198] {logging_mixin.py:115} INFO - [2024-02-10 20:03:09,198] {dagbag.py:507} INFO - Filling up the DagBag from /opt/airflow/dags/12acc47946a5_dag.py
[2024-02-10 20:03:09,213] {processor.py:651} INFO - DAG(s) dict_keys(['12acc47946a5_dag']) retrieved from /opt/airflow/dags/12acc47946a5_dag.py
[2024-02-10 20:03:09,279] {logging_mixin.py:115} INFO - [2024-02-10 20:03:09,279] {dag.py:2371} INFO - Sync 1 DAGs
[2024-02-10 20:03:09,333] {logging_mixin.py:115} INFO - [2024-02-10 20:03:09,333] {dag.py:2919} INFO - Setting next_dagrun for 12acc47946a5_dag to 2024-02-10T20:02:00+00:00, run_after=2024-02-10T20:03:00+00:00
[2024-02-10 20:03:09,351] {processor.py:161} INFO - Processing /opt/airflow/dags/12acc47946a5_dag.py took 0.162 seconds
[2024-02-10 20:03:39,475] {processor.py:153} INFO - Started process (PID=1709) to work on /opt/airflow/dags/12acc47946a5_dag.py
[2024-02-10 20:03:39,478] {processor.py:641} INFO - Processing file /opt/airflow/dags/12acc47946a5_dag.py for tasks to queue
[2024-02-10 20:03:39,481] {logging_mixin.py:115} INFO - [2024-02-10 20:03:39,481] {dagbag.py:507} INFO - Filling up the DagBag from /opt/airflow/dags/12acc47946a5_dag.py
[2024-02-10 20:03:39,499] {processor.py:651} INFO - DAG(s) dict_keys(['12acc47946a5_dag']) retrieved from /opt/airflow/dags/12acc47946a5_dag.py
[2024-02-10 20:03:39,548] {logging_mixin.py:115} INFO - [2024-02-10 20:03:39,547] {dag.py:2371} INFO - Sync 1 DAGs
[2024-02-10 20:03:39,571] {logging_mixin.py:115} INFO - [2024-02-10 20:03:39,570] {dag.py:2919} INFO - Setting next_dagrun for 12acc47946a5_dag to 2024-02-10T20:02:00+00:00, run_after=2024-02-10T20:03:00+00:00
[2024-02-10 20:03:39,580] {processor.py:161} INFO - Processing /opt/airflow/dags/12acc47946a5_dag.py took 0.118 seconds
[2024-02-10 20:04:10,115] {processor.py:153} INFO - Started process (PID=1767) to work on /opt/airflow/dags/12acc47946a5_dag.py
[2024-02-10 20:04:10,125] {processor.py:641} INFO - Processing file /opt/airflow/dags/12acc47946a5_dag.py for tasks to queue
[2024-02-10 20:04:10,127] {logging_mixin.py:115} INFO - [2024-02-10 20:04:10,127] {dagbag.py:507} INFO - Filling up the DagBag from /opt/airflow/dags/12acc47946a5_dag.py
[2024-02-10 20:04:10,168] {processor.py:651} INFO - DAG(s) dict_keys(['12acc47946a5_dag']) retrieved from /opt/airflow/dags/12acc47946a5_dag.py
[2024-02-10 20:04:10,227] {logging_mixin.py:115} INFO - [2024-02-10 20:04:10,227] {dag.py:2371} INFO - Sync 1 DAGs
[2024-02-10 20:04:10,268] {logging_mixin.py:115} INFO - [2024-02-10 20:04:10,268] {dag.py:2919} INFO - Setting next_dagrun for 12acc47946a5_dag to 2024-02-10T20:03:00+00:00, run_after=2024-02-10T20:04:00+00:00
[2024-02-10 20:04:10,301] {processor.py:161} INFO - Processing /opt/airflow/dags/12acc47946a5_dag.py took 0.201 seconds
[2024-02-10 20:04:40,936] {processor.py:153} INFO - Started process (PID=1831) to work on /opt/airflow/dags/12acc47946a5_dag.py
[2024-02-10 20:04:40,937] {processor.py:641} INFO - Processing file /opt/airflow/dags/12acc47946a5_dag.py for tasks to queue
[2024-02-10 20:04:40,937] {logging_mixin.py:115} INFO - [2024-02-10 20:04:40,937] {dagbag.py:507} INFO - Filling up the DagBag from /opt/airflow/dags/12acc47946a5_dag.py
[2024-02-10 20:04:40,945] {processor.py:651} INFO - DAG(s) dict_keys(['12acc47946a5_dag']) retrieved from /opt/airflow/dags/12acc47946a5_dag.py
[2024-02-10 20:04:40,978] {logging_mixin.py:115} INFO - [2024-02-10 20:04:40,978] {dag.py:2371} INFO - Sync 1 DAGs
[2024-02-10 20:04:40,998] {logging_mixin.py:115} INFO - [2024-02-10 20:04:40,998] {dag.py:2919} INFO - Setting next_dagrun for 12acc47946a5_dag to 2024-02-10T20:03:00+00:00, run_after=2024-02-10T20:04:00+00:00
[2024-02-10 20:04:41,007] {processor.py:161} INFO - Processing /opt/airflow/dags/12acc47946a5_dag.py took 0.074 seconds
[2024-02-10 20:05:11,050] {processor.py:153} INFO - Started process (PID=1885) to work on /opt/airflow/dags/12acc47946a5_dag.py
[2024-02-10 20:05:11,052] {processor.py:641} INFO - Processing file /opt/airflow/dags/12acc47946a5_dag.py for tasks to queue
[2024-02-10 20:05:11,053] {logging_mixin.py:115} INFO - [2024-02-10 20:05:11,053] {dagbag.py:507} INFO - Filling up the DagBag from /opt/airflow/dags/12acc47946a5_dag.py
[2024-02-10 20:05:11,063] {processor.py:651} INFO - DAG(s) dict_keys(['12acc47946a5_dag']) retrieved from /opt/airflow/dags/12acc47946a5_dag.py
[2024-02-10 20:05:11,080] {logging_mixin.py:115} INFO - [2024-02-10 20:05:11,080] {dag.py:2371} INFO - Sync 1 DAGs
[2024-02-10 20:05:11,098] {logging_mixin.py:115} INFO - [2024-02-10 20:05:11,097] {dag.py:2919} INFO - Setting next_dagrun for 12acc47946a5_dag to 2024-02-10T20:04:00+00:00, run_after=2024-02-10T20:05:00+00:00
[2024-02-10 20:05:11,103] {processor.py:161} INFO - Processing /opt/airflow/dags/12acc47946a5_dag.py took 0.057 seconds
[2024-02-10 20:05:41,786] {processor.py:153} INFO - Started process (PID=1948) to work on /opt/airflow/dags/12acc47946a5_dag.py
[2024-02-10 20:05:41,795] {processor.py:641} INFO - Processing file /opt/airflow/dags/12acc47946a5_dag.py for tasks to queue
[2024-02-10 20:05:41,796] {logging_mixin.py:115} INFO - [2024-02-10 20:05:41,796] {dagbag.py:507} INFO - Filling up the DagBag from /opt/airflow/dags/12acc47946a5_dag.py
[2024-02-10 20:05:41,819] {processor.py:651} INFO - DAG(s) dict_keys(['12acc47946a5_dag']) retrieved from /opt/airflow/dags/12acc47946a5_dag.py
[2024-02-10 20:05:41,877] {logging_mixin.py:115} INFO - [2024-02-10 20:05:41,877] {dag.py:2371} INFO - Sync 1 DAGs
[2024-02-10 20:05:41,898] {logging_mixin.py:115} INFO - [2024-02-10 20:05:41,898] {dag.py:2919} INFO - Setting next_dagrun for 12acc47946a5_dag to 2024-02-10T20:04:00+00:00, run_after=2024-02-10T20:05:00+00:00
[2024-02-10 20:05:41,907] {processor.py:161} INFO - Processing /opt/airflow/dags/12acc47946a5_dag.py took 0.128 seconds
[2024-02-10 20:06:12,911] {processor.py:153} INFO - Started process (PID=2011) to work on /opt/airflow/dags/12acc47946a5_dag.py
[2024-02-10 20:06:12,920] {processor.py:641} INFO - Processing file /opt/airflow/dags/12acc47946a5_dag.py for tasks to queue
[2024-02-10 20:06:12,921] {logging_mixin.py:115} INFO - [2024-02-10 20:06:12,921] {dagbag.py:507} INFO - Filling up the DagBag from /opt/airflow/dags/12acc47946a5_dag.py
[2024-02-10 20:06:12,937] {processor.py:651} INFO - DAG(s) dict_keys(['12acc47946a5_dag']) retrieved from /opt/airflow/dags/12acc47946a5_dag.py
[2024-02-10 20:06:12,983] {logging_mixin.py:115} INFO - [2024-02-10 20:06:12,983] {dag.py:2371} INFO - Sync 1 DAGs
[2024-02-10 20:06:13,006] {logging_mixin.py:115} INFO - [2024-02-10 20:06:13,006] {dag.py:2919} INFO - Setting next_dagrun for 12acc47946a5_dag to 2024-02-10T20:05:00+00:00, run_after=2024-02-10T20:06:00+00:00
[2024-02-10 20:06:13,023] {processor.py:161} INFO - Processing /opt/airflow/dags/12acc47946a5_dag.py took 0.119 seconds
[2024-02-10 20:06:43,666] {processor.py:153} INFO - Started process (PID=2075) to work on /opt/airflow/dags/12acc47946a5_dag.py
[2024-02-10 20:06:43,673] {processor.py:641} INFO - Processing file /opt/airflow/dags/12acc47946a5_dag.py for tasks to queue
[2024-02-10 20:06:43,674] {logging_mixin.py:115} INFO - [2024-02-10 20:06:43,674] {dagbag.py:507} INFO - Filling up the DagBag from /opt/airflow/dags/12acc47946a5_dag.py
[2024-02-10 20:06:43,704] {processor.py:651} INFO - DAG(s) dict_keys(['12acc47946a5_dag']) retrieved from /opt/airflow/dags/12acc47946a5_dag.py
[2024-02-10 20:06:43,753] {logging_mixin.py:115} INFO - [2024-02-10 20:06:43,753] {dag.py:2371} INFO - Sync 1 DAGs
[2024-02-10 20:06:43,774] {logging_mixin.py:115} INFO - [2024-02-10 20:06:43,774] {dag.py:2919} INFO - Setting next_dagrun for 12acc47946a5_dag to 2024-02-10T20:05:00+00:00, run_after=2024-02-10T20:06:00+00:00
[2024-02-10 20:06:43,784] {processor.py:161} INFO - Processing /opt/airflow/dags/12acc47946a5_dag.py took 0.125 seconds
[2024-02-10 20:07:14,026] {processor.py:153} INFO - Started process (PID=2133) to work on /opt/airflow/dags/12acc47946a5_dag.py
[2024-02-10 20:07:14,032] {processor.py:641} INFO - Processing file /opt/airflow/dags/12acc47946a5_dag.py for tasks to queue
[2024-02-10 20:07:14,033] {logging_mixin.py:115} INFO - [2024-02-10 20:07:14,033] {dagbag.py:507} INFO - Filling up the DagBag from /opt/airflow/dags/12acc47946a5_dag.py
[2024-02-10 20:07:14,059] {processor.py:651} INFO - DAG(s) dict_keys(['12acc47946a5_dag']) retrieved from /opt/airflow/dags/12acc47946a5_dag.py
[2024-02-10 20:07:14,161] {logging_mixin.py:115} INFO - [2024-02-10 20:07:14,159] {dag.py:2371} INFO - Sync 1 DAGs
[2024-02-10 20:07:14,215] {logging_mixin.py:115} INFO - [2024-02-10 20:07:14,215] {dag.py:2919} INFO - Setting next_dagrun for 12acc47946a5_dag to 2024-02-10T20:06:00+00:00, run_after=2024-02-10T20:07:00+00:00
[2024-02-10 20:07:14,243] {processor.py:161} INFO - Processing /opt/airflow/dags/12acc47946a5_dag.py took 0.222 seconds
[2024-02-10 20:07:44,956] {processor.py:153} INFO - Started process (PID=2197) to work on /opt/airflow/dags/12acc47946a5_dag.py
[2024-02-10 20:07:44,962] {processor.py:641} INFO - Processing file /opt/airflow/dags/12acc47946a5_dag.py for tasks to queue
[2024-02-10 20:07:44,963] {logging_mixin.py:115} INFO - [2024-02-10 20:07:44,963] {dagbag.py:507} INFO - Filling up the DagBag from /opt/airflow/dags/12acc47946a5_dag.py
[2024-02-10 20:07:44,994] {processor.py:651} INFO - DAG(s) dict_keys(['12acc47946a5_dag']) retrieved from /opt/airflow/dags/12acc47946a5_dag.py
[2024-02-10 20:07:45,050] {logging_mixin.py:115} INFO - [2024-02-10 20:07:45,050] {dag.py:2371} INFO - Sync 1 DAGs
[2024-02-10 20:07:45,069] {logging_mixin.py:115} INFO - [2024-02-10 20:07:45,069] {dag.py:2919} INFO - Setting next_dagrun for 12acc47946a5_dag to 2024-02-10T20:06:00+00:00, run_after=2024-02-10T20:07:00+00:00
[2024-02-10 20:07:45,079] {processor.py:161} INFO - Processing /opt/airflow/dags/12acc47946a5_dag.py took 0.145 seconds
[2024-02-10 20:30:44,938] {processor.py:153} INFO - Started process (PID=2235) to work on /opt/airflow/dags/12acc47946a5_dag.py
[2024-02-10 20:30:44,948] {processor.py:641} INFO - Processing file /opt/airflow/dags/12acc47946a5_dag.py for tasks to queue
[2024-02-10 20:30:44,967] {logging_mixin.py:115} INFO - [2024-02-10 20:30:44,967] {dagbag.py:507} INFO - Filling up the DagBag from /opt/airflow/dags/12acc47946a5_dag.py
[2024-02-10 20:30:45,069] {processor.py:651} INFO - DAG(s) dict_keys(['12acc47946a5_dag']) retrieved from /opt/airflow/dags/12acc47946a5_dag.py
[2024-02-10 20:30:45,229] {logging_mixin.py:115} INFO - [2024-02-10 20:30:45,229] {dag.py:2371} INFO - Sync 1 DAGs
[2024-02-10 20:30:45,421] {logging_mixin.py:115} INFO - [2024-02-10 20:30:45,421] {dag.py:2919} INFO - Setting next_dagrun for 12acc47946a5_dag to 2024-02-10T20:29:00+00:00, run_after=2024-02-10T20:30:00+00:00
[2024-02-10 20:30:45,521] {processor.py:161} INFO - Processing /opt/airflow/dags/12acc47946a5_dag.py took 0.622 seconds
[2024-02-10 20:31:16,419] {processor.py:153} INFO - Started process (PID=2300) to work on /opt/airflow/dags/12acc47946a5_dag.py
[2024-02-10 20:31:16,420] {processor.py:641} INFO - Processing file /opt/airflow/dags/12acc47946a5_dag.py for tasks to queue
[2024-02-10 20:31:16,421] {logging_mixin.py:115} INFO - [2024-02-10 20:31:16,421] {dagbag.py:507} INFO - Filling up the DagBag from /opt/airflow/dags/12acc47946a5_dag.py
[2024-02-10 20:31:16,437] {processor.py:651} INFO - DAG(s) dict_keys(['12acc47946a5_dag']) retrieved from /opt/airflow/dags/12acc47946a5_dag.py
[2024-02-10 20:31:16,481] {logging_mixin.py:115} INFO - [2024-02-10 20:31:16,481] {dag.py:2371} INFO - Sync 1 DAGs
[2024-02-10 20:31:16,507] {logging_mixin.py:115} INFO - [2024-02-10 20:31:16,507] {dag.py:2919} INFO - Setting next_dagrun for 12acc47946a5_dag to 2024-02-10T20:30:00+00:00, run_after=2024-02-10T20:31:00+00:00
[2024-02-10 20:31:16,516] {processor.py:161} INFO - Processing /opt/airflow/dags/12acc47946a5_dag.py took 0.119 seconds
[2024-02-10 20:32:27,940] {processor.py:153} INFO - Started process (PID=2354) to work on /opt/airflow/dags/12acc47946a5_dag.py
[2024-02-10 20:32:27,943] {processor.py:641} INFO - Processing file /opt/airflow/dags/12acc47946a5_dag.py for tasks to queue
[2024-02-10 20:32:27,946] {logging_mixin.py:115} INFO - [2024-02-10 20:32:27,946] {dagbag.py:507} INFO - Filling up the DagBag from /opt/airflow/dags/12acc47946a5_dag.py
[2024-02-10 20:32:27,970] {processor.py:651} INFO - DAG(s) dict_keys(['12acc47946a5_dag']) retrieved from /opt/airflow/dags/12acc47946a5_dag.py
[2024-02-10 20:32:28,026] {logging_mixin.py:115} INFO - [2024-02-10 20:32:28,026] {dag.py:2371} INFO - Sync 1 DAGs
[2024-02-10 20:32:28,069] {logging_mixin.py:115} INFO - [2024-02-10 20:32:28,069] {dag.py:2919} INFO - Setting next_dagrun for 12acc47946a5_dag to 2024-02-10T20:31:00+00:00, run_after=2024-02-10T20:32:00+00:00
[2024-02-10 20:32:28,092] {processor.py:161} INFO - Processing /opt/airflow/dags/12acc47946a5_dag.py took 0.156 seconds
[2024-02-10 20:32:58,699] {processor.py:153} INFO - Started process (PID=2418) to work on /opt/airflow/dags/12acc47946a5_dag.py
[2024-02-10 20:32:58,701] {processor.py:641} INFO - Processing file /opt/airflow/dags/12acc47946a5_dag.py for tasks to queue
[2024-02-10 20:32:58,703] {logging_mixin.py:115} INFO - [2024-02-10 20:32:58,703] {dagbag.py:507} INFO - Filling up the DagBag from /opt/airflow/dags/12acc47946a5_dag.py
[2024-02-10 20:32:58,722] {processor.py:651} INFO - DAG(s) dict_keys(['12acc47946a5_dag']) retrieved from /opt/airflow/dags/12acc47946a5_dag.py
[2024-02-10 20:32:58,776] {logging_mixin.py:115} INFO - [2024-02-10 20:32:58,776] {dag.py:2371} INFO - Sync 1 DAGs
[2024-02-10 20:32:58,798] {logging_mixin.py:115} INFO - [2024-02-10 20:32:58,798] {dag.py:2919} INFO - Setting next_dagrun for 12acc47946a5_dag to 2024-02-10T20:31:00+00:00, run_after=2024-02-10T20:32:00+00:00
[2024-02-10 20:32:58,816] {processor.py:161} INFO - Processing /opt/airflow/dags/12acc47946a5_dag.py took 0.124 seconds
[2024-02-10 20:45:58,852] {processor.py:153} INFO - Started process (PID=2490) to work on /opt/airflow/dags/12acc47946a5_dag.py
[2024-02-10 20:45:58,862] {processor.py:641} INFO - Processing file /opt/airflow/dags/12acc47946a5_dag.py for tasks to queue
[2024-02-10 20:45:58,870] {logging_mixin.py:115} INFO - [2024-02-10 20:45:58,865] {dagbag.py:507} INFO - Filling up the DagBag from /opt/airflow/dags/12acc47946a5_dag.py
[2024-02-10 20:45:58,967] {processor.py:651} INFO - DAG(s) dict_keys(['12acc47946a5_dag']) retrieved from /opt/airflow/dags/12acc47946a5_dag.py
[2024-02-10 20:45:59,060] {logging_mixin.py:115} INFO - [2024-02-10 20:45:59,060] {dag.py:2371} INFO - Sync 1 DAGs
[2024-02-10 20:45:59,266] {logging_mixin.py:115} INFO - [2024-02-10 20:45:59,266] {dag.py:2919} INFO - Setting next_dagrun for 12acc47946a5_dag to 2024-02-10T20:44:00+00:00, run_after=2024-02-10T20:45:00+00:00
[2024-02-10 20:45:59,308] {processor.py:161} INFO - Processing /opt/airflow/dags/12acc47946a5_dag.py took 0.493 seconds
[2024-02-10 20:46:29,486] {processor.py:153} INFO - Started process (PID=2545) to work on /opt/airflow/dags/12acc47946a5_dag.py
[2024-02-10 20:46:29,487] {processor.py:641} INFO - Processing file /opt/airflow/dags/12acc47946a5_dag.py for tasks to queue
[2024-02-10 20:46:29,488] {logging_mixin.py:115} INFO - [2024-02-10 20:46:29,488] {dagbag.py:507} INFO - Filling up the DagBag from /opt/airflow/dags/12acc47946a5_dag.py
[2024-02-10 20:46:29,503] {processor.py:651} INFO - DAG(s) dict_keys(['12acc47946a5_dag']) retrieved from /opt/airflow/dags/12acc47946a5_dag.py
[2024-02-10 20:46:29,527] {logging_mixin.py:115} INFO - [2024-02-10 20:46:29,527] {dag.py:2371} INFO - Sync 1 DAGs
[2024-02-10 20:46:29,542] {logging_mixin.py:115} INFO - [2024-02-10 20:46:29,542] {dag.py:2919} INFO - Setting next_dagrun for 12acc47946a5_dag to 2024-02-10T20:45:00+00:00, run_after=2024-02-10T20:46:00+00:00
[2024-02-10 20:46:29,563] {processor.py:161} INFO - Processing /opt/airflow/dags/12acc47946a5_dag.py took 0.083 seconds
[2024-02-10 20:47:00,074] {processor.py:153} INFO - Started process (PID=2609) to work on /opt/airflow/dags/12acc47946a5_dag.py
[2024-02-10 20:47:00,076] {processor.py:641} INFO - Processing file /opt/airflow/dags/12acc47946a5_dag.py for tasks to queue
[2024-02-10 20:47:00,077] {logging_mixin.py:115} INFO - [2024-02-10 20:47:00,076] {dagbag.py:507} INFO - Filling up the DagBag from /opt/airflow/dags/12acc47946a5_dag.py
[2024-02-10 20:47:00,099] {processor.py:651} INFO - DAG(s) dict_keys(['12acc47946a5_dag']) retrieved from /opt/airflow/dags/12acc47946a5_dag.py
[2024-02-10 20:47:00,152] {logging_mixin.py:115} INFO - [2024-02-10 20:47:00,151] {dag.py:2371} INFO - Sync 1 DAGs
[2024-02-10 20:47:00,174] {logging_mixin.py:115} INFO - [2024-02-10 20:47:00,174] {dag.py:2919} INFO - Setting next_dagrun for 12acc47946a5_dag to 2024-02-10T20:46:00+00:00, run_after=2024-02-10T20:47:00+00:00
[2024-02-10 20:47:00,192] {processor.py:161} INFO - Processing /opt/airflow/dags/12acc47946a5_dag.py took 0.140 seconds
[2024-02-10 20:48:55,028] {processor.py:153} INFO - Started process (PID=2673) to work on /opt/airflow/dags/12acc47946a5_dag.py
[2024-02-10 20:48:55,031] {processor.py:641} INFO - Processing file /opt/airflow/dags/12acc47946a5_dag.py for tasks to queue
[2024-02-10 20:48:55,032] {logging_mixin.py:115} INFO - [2024-02-10 20:48:55,032] {dagbag.py:507} INFO - Filling up the DagBag from /opt/airflow/dags/12acc47946a5_dag.py
[2024-02-10 20:48:55,056] {processor.py:651} INFO - DAG(s) dict_keys(['12acc47946a5_dag']) retrieved from /opt/airflow/dags/12acc47946a5_dag.py
[2024-02-10 20:48:55,089] {logging_mixin.py:115} INFO - [2024-02-10 20:48:55,089] {dag.py:2371} INFO - Sync 1 DAGs
[2024-02-10 20:48:55,111] {logging_mixin.py:115} INFO - [2024-02-10 20:48:55,111] {dag.py:2919} INFO - Setting next_dagrun for 12acc47946a5_dag to 2024-02-10T20:47:00+00:00, run_after=2024-02-10T20:48:00+00:00
[2024-02-10 20:48:55,120] {processor.py:161} INFO - Processing /opt/airflow/dags/12acc47946a5_dag.py took 0.095 seconds
[2024-02-10 20:50:01,373] {processor.py:153} INFO - Started process (PID=2737) to work on /opt/airflow/dags/12acc47946a5_dag.py
[2024-02-10 20:50:01,375] {processor.py:641} INFO - Processing file /opt/airflow/dags/12acc47946a5_dag.py for tasks to queue
[2024-02-10 20:50:01,376] {logging_mixin.py:115} INFO - [2024-02-10 20:50:01,376] {dagbag.py:507} INFO - Filling up the DagBag from /opt/airflow/dags/12acc47946a5_dag.py
[2024-02-10 20:50:01,387] {processor.py:651} INFO - DAG(s) dict_keys(['12acc47946a5_dag']) retrieved from /opt/airflow/dags/12acc47946a5_dag.py
[2024-02-10 20:50:01,407] {logging_mixin.py:115} INFO - [2024-02-10 20:50:01,407] {dag.py:2371} INFO - Sync 1 DAGs
[2024-02-10 20:50:01,433] {logging_mixin.py:115} INFO - [2024-02-10 20:50:01,433] {dag.py:2919} INFO - Setting next_dagrun for 12acc47946a5_dag to 2024-02-10T20:49:00+00:00, run_after=2024-02-10T20:50:00+00:00
[2024-02-10 20:50:01,442] {processor.py:161} INFO - Processing /opt/airflow/dags/12acc47946a5_dag.py took 0.072 seconds
[2024-02-10 20:50:32,257] {processor.py:153} INFO - Started process (PID=2792) to work on /opt/airflow/dags/12acc47946a5_dag.py
[2024-02-10 20:50:32,262] {processor.py:641} INFO - Processing file /opt/airflow/dags/12acc47946a5_dag.py for tasks to queue
[2024-02-10 20:50:32,264] {logging_mixin.py:115} INFO - [2024-02-10 20:50:32,264] {dagbag.py:507} INFO - Filling up the DagBag from /opt/airflow/dags/12acc47946a5_dag.py
[2024-02-10 20:50:32,300] {processor.py:651} INFO - DAG(s) dict_keys(['12acc47946a5_dag']) retrieved from /opt/airflow/dags/12acc47946a5_dag.py
[2024-02-10 20:50:32,322] {logging_mixin.py:115} INFO - [2024-02-10 20:50:32,322] {dag.py:2371} INFO - Sync 1 DAGs
[2024-02-10 20:50:32,338] {logging_mixin.py:115} INFO - [2024-02-10 20:50:32,338] {dag.py:2919} INFO - Setting next_dagrun for 12acc47946a5_dag to 2024-02-10T20:49:00+00:00, run_after=2024-02-10T20:50:00+00:00
[2024-02-10 20:50:32,345] {processor.py:161} INFO - Processing /opt/airflow/dags/12acc47946a5_dag.py took 0.096 seconds
[2024-02-10 20:51:22,971] {processor.py:153} INFO - Started process (PID=2862) to work on /opt/airflow/dags/12acc47946a5_dag.py
[2024-02-10 20:51:22,973] {processor.py:641} INFO - Processing file /opt/airflow/dags/12acc47946a5_dag.py for tasks to queue
[2024-02-10 20:51:22,974] {logging_mixin.py:115} INFO - [2024-02-10 20:51:22,974] {dagbag.py:507} INFO - Filling up the DagBag from /opt/airflow/dags/12acc47946a5_dag.py
[2024-02-10 20:51:23,013] {processor.py:651} INFO - DAG(s) dict_keys(['12acc47946a5_dag']) retrieved from /opt/airflow/dags/12acc47946a5_dag.py
[2024-02-10 20:51:23,061] {logging_mixin.py:115} INFO - [2024-02-10 20:51:23,061] {dag.py:2371} INFO - Sync 1 DAGs
[2024-02-10 20:51:23,324] {logging_mixin.py:115} INFO - [2024-02-10 20:51:23,324] {dag.py:2919} INFO - Setting next_dagrun for 12acc47946a5_dag to 2024-02-10T20:50:00+00:00, run_after=2024-02-10T20:51:00+00:00
[2024-02-10 20:51:23,353] {processor.py:161} INFO - Processing /opt/airflow/dags/12acc47946a5_dag.py took 0.412 seconds
[2024-02-10 20:51:54,244] {processor.py:153} INFO - Started process (PID=2926) to work on /opt/airflow/dags/12acc47946a5_dag.py
[2024-02-10 20:51:54,251] {processor.py:641} INFO - Processing file /opt/airflow/dags/12acc47946a5_dag.py for tasks to queue
[2024-02-10 20:51:54,252] {logging_mixin.py:115} INFO - [2024-02-10 20:51:54,252] {dagbag.py:507} INFO - Filling up the DagBag from /opt/airflow/dags/12acc47946a5_dag.py
[2024-02-10 20:51:54,271] {processor.py:651} INFO - DAG(s) dict_keys(['12acc47946a5_dag']) retrieved from /opt/airflow/dags/12acc47946a5_dag.py
[2024-02-10 20:51:54,293] {logging_mixin.py:115} INFO - [2024-02-10 20:51:54,293] {dag.py:2371} INFO - Sync 1 DAGs
[2024-02-10 20:51:54,514] {logging_mixin.py:115} INFO - [2024-02-10 20:51:54,514] {dag.py:2919} INFO - Setting next_dagrun for 12acc47946a5_dag to 2024-02-10T20:50:00+00:00, run_after=2024-02-10T20:51:00+00:00
[2024-02-10 20:51:54,520] {processor.py:161} INFO - Processing /opt/airflow/dags/12acc47946a5_dag.py took 0.300 seconds
[2024-02-10 20:52:25,580] {processor.py:153} INFO - Started process (PID=2990) to work on /opt/airflow/dags/12acc47946a5_dag.py
[2024-02-10 20:52:25,581] {processor.py:641} INFO - Processing file /opt/airflow/dags/12acc47946a5_dag.py for tasks to queue
[2024-02-10 20:52:25,582] {logging_mixin.py:115} INFO - [2024-02-10 20:52:25,582] {dagbag.py:507} INFO - Filling up the DagBag from /opt/airflow/dags/12acc47946a5_dag.py
[2024-02-10 20:52:25,596] {processor.py:651} INFO - DAG(s) dict_keys(['12acc47946a5_dag']) retrieved from /opt/airflow/dags/12acc47946a5_dag.py
[2024-02-10 20:52:25,620] {logging_mixin.py:115} INFO - [2024-02-10 20:52:25,620] {dag.py:2371} INFO - Sync 1 DAGs
[2024-02-10 20:52:25,853] {logging_mixin.py:115} INFO - [2024-02-10 20:52:25,853] {dag.py:2919} INFO - Setting next_dagrun for 12acc47946a5_dag to 2024-02-10T20:51:00+00:00, run_after=2024-02-10T20:52:00+00:00
[2024-02-10 20:52:25,863] {processor.py:161} INFO - Processing /opt/airflow/dags/12acc47946a5_dag.py took 0.286 seconds
[2024-02-10 20:52:56,484] {processor.py:153} INFO - Started process (PID=3054) to work on /opt/airflow/dags/12acc47946a5_dag.py
[2024-02-10 20:52:56,485] {processor.py:641} INFO - Processing file /opt/airflow/dags/12acc47946a5_dag.py for tasks to queue
[2024-02-10 20:52:56,486] {logging_mixin.py:115} INFO - [2024-02-10 20:52:56,486] {dagbag.py:507} INFO - Filling up the DagBag from /opt/airflow/dags/12acc47946a5_dag.py
[2024-02-10 20:52:56,501] {processor.py:651} INFO - DAG(s) dict_keys(['12acc47946a5_dag']) retrieved from /opt/airflow/dags/12acc47946a5_dag.py
[2024-02-10 20:52:56,531] {logging_mixin.py:115} INFO - [2024-02-10 20:52:56,531] {dag.py:2371} INFO - Sync 1 DAGs
[2024-02-10 20:52:56,795] {logging_mixin.py:115} INFO - [2024-02-10 20:52:56,795] {dag.py:2919} INFO - Setting next_dagrun for 12acc47946a5_dag to 2024-02-10T20:51:00+00:00, run_after=2024-02-10T20:52:00+00:00
[2024-02-10 20:52:56,813] {processor.py:161} INFO - Processing /opt/airflow/dags/12acc47946a5_dag.py took 0.332 seconds
[2024-02-10 21:08:32,458] {processor.py:153} INFO - Started process (PID=3118) to work on /opt/airflow/dags/12acc47946a5_dag.py
[2024-02-10 21:08:32,463] {processor.py:641} INFO - Processing file /opt/airflow/dags/12acc47946a5_dag.py for tasks to queue
[2024-02-10 21:08:32,467] {logging_mixin.py:115} INFO - [2024-02-10 21:08:32,467] {dagbag.py:507} INFO - Filling up the DagBag from /opt/airflow/dags/12acc47946a5_dag.py
[2024-02-10 21:08:32,561] {processor.py:651} INFO - DAG(s) dict_keys(['12acc47946a5_dag']) retrieved from /opt/airflow/dags/12acc47946a5_dag.py
[2024-02-10 21:08:32,772] {logging_mixin.py:115} INFO - [2024-02-10 21:08:32,772] {dag.py:2371} INFO - Sync 1 DAGs
[2024-02-10 21:08:35,819] {logging_mixin.py:115} INFO - [2024-02-10 21:08:35,814] {dag.py:2919} INFO - Setting next_dagrun for 12acc47946a5_dag to 2024-02-10T21:07:00+00:00, run_after=2024-02-10T21:08:00+00:00
[2024-02-10 21:08:35,881] {processor.py:161} INFO - Processing /opt/airflow/dags/12acc47946a5_dag.py took 3.442 seconds
[2024-02-10 21:09:06,190] {processor.py:153} INFO - Started process (PID=3181) to work on /opt/airflow/dags/12acc47946a5_dag.py
[2024-02-10 21:09:06,194] {processor.py:641} INFO - Processing file /opt/airflow/dags/12acc47946a5_dag.py for tasks to queue
[2024-02-10 21:09:06,195] {logging_mixin.py:115} INFO - [2024-02-10 21:09:06,195] {dagbag.py:507} INFO - Filling up the DagBag from /opt/airflow/dags/12acc47946a5_dag.py
[2024-02-10 21:09:06,225] {processor.py:651} INFO - DAG(s) dict_keys(['12acc47946a5_dag']) retrieved from /opt/airflow/dags/12acc47946a5_dag.py
[2024-02-10 21:09:06,248] {logging_mixin.py:115} INFO - [2024-02-10 21:09:06,248] {dag.py:2371} INFO - Sync 1 DAGs
[2024-02-10 21:09:06,486] {logging_mixin.py:115} INFO - [2024-02-10 21:09:06,486] {dag.py:2919} INFO - Setting next_dagrun for 12acc47946a5_dag to 2024-02-10T21:08:00+00:00, run_after=2024-02-10T21:09:00+00:00
[2024-02-10 21:09:06,493] {processor.py:161} INFO - Processing /opt/airflow/dags/12acc47946a5_dag.py took 0.311 seconds
[2024-02-10 21:09:37,391] {processor.py:153} INFO - Started process (PID=3245) to work on /opt/airflow/dags/12acc47946a5_dag.py
[2024-02-10 21:09:37,394] {processor.py:641} INFO - Processing file /opt/airflow/dags/12acc47946a5_dag.py for tasks to queue
[2024-02-10 21:09:37,395] {logging_mixin.py:115} INFO - [2024-02-10 21:09:37,395] {dagbag.py:507} INFO - Filling up the DagBag from /opt/airflow/dags/12acc47946a5_dag.py
[2024-02-10 21:09:37,408] {processor.py:651} INFO - DAG(s) dict_keys(['12acc47946a5_dag']) retrieved from /opt/airflow/dags/12acc47946a5_dag.py
[2024-02-10 21:09:37,452] {logging_mixin.py:115} INFO - [2024-02-10 21:09:37,452] {dag.py:2371} INFO - Sync 1 DAGs
[2024-02-10 21:09:37,844] {logging_mixin.py:115} INFO - [2024-02-10 21:09:37,843] {dag.py:2919} INFO - Setting next_dagrun for 12acc47946a5_dag to 2024-02-10T21:08:00+00:00, run_after=2024-02-10T21:09:00+00:00
[2024-02-10 21:09:37,851] {processor.py:161} INFO - Processing /opt/airflow/dags/12acc47946a5_dag.py took 0.466 seconds
[2024-02-10 21:26:16,471] {processor.py:153} INFO - Started process (PID=3306) to work on /opt/airflow/dags/12acc47946a5_dag.py
[2024-02-10 21:26:16,474] {processor.py:641} INFO - Processing file /opt/airflow/dags/12acc47946a5_dag.py for tasks to queue
[2024-02-10 21:26:16,476] {logging_mixin.py:115} INFO - [2024-02-10 21:26:16,476] {dagbag.py:507} INFO - Filling up the DagBag from /opt/airflow/dags/12acc47946a5_dag.py
[2024-02-10 21:26:16,534] {processor.py:651} INFO - DAG(s) dict_keys(['12acc47946a5_dag']) retrieved from /opt/airflow/dags/12acc47946a5_dag.py
[2024-02-10 21:26:16,597] {logging_mixin.py:115} INFO - [2024-02-10 21:26:16,596] {dag.py:2371} INFO - Sync 1 DAGs
[2024-02-10 21:26:17,332] {logging_mixin.py:115} INFO - [2024-02-10 21:26:17,331] {dag.py:2919} INFO - Setting next_dagrun for 12acc47946a5_dag to 2024-02-10T21:25:00+00:00, run_after=2024-02-10T21:26:00+00:00
[2024-02-10 21:26:17,356] {processor.py:161} INFO - Processing /opt/airflow/dags/12acc47946a5_dag.py took 0.921 seconds
[2024-02-10 21:35:54,207] {processor.py:153} INFO - Started process (PID=3361) to work on /opt/airflow/dags/12acc47946a5_dag.py
[2024-02-10 21:35:54,209] {processor.py:641} INFO - Processing file /opt/airflow/dags/12acc47946a5_dag.py for tasks to queue
[2024-02-10 21:35:54,210] {logging_mixin.py:115} INFO - [2024-02-10 21:35:54,210] {dagbag.py:507} INFO - Filling up the DagBag from /opt/airflow/dags/12acc47946a5_dag.py
[2024-02-10 21:35:54,219] {processor.py:651} INFO - DAG(s) dict_keys(['12acc47946a5_dag']) retrieved from /opt/airflow/dags/12acc47946a5_dag.py
[2024-02-10 21:35:54,682] {logging_mixin.py:115} INFO - [2024-02-10 21:35:54,681] {dag.py:2371} INFO - Sync 1 DAGs
[2024-02-10 21:35:54,749] {logging_mixin.py:115} INFO - [2024-02-10 21:35:54,749] {dag.py:2919} INFO - Setting next_dagrun for 12acc47946a5_dag to 2024-02-10T21:34:00+00:00, run_after=2024-02-10T21:35:00+00:00
[2024-02-10 21:35:54,828] {processor.py:161} INFO - Processing /opt/airflow/dags/12acc47946a5_dag.py took 0.624 seconds
[2024-02-10 21:36:25,234] {processor.py:153} INFO - Started process (PID=3430) to work on /opt/airflow/dags/12acc47946a5_dag.py
[2024-02-10 21:36:25,237] {processor.py:641} INFO - Processing file /opt/airflow/dags/12acc47946a5_dag.py for tasks to queue
[2024-02-10 21:36:25,238] {logging_mixin.py:115} INFO - [2024-02-10 21:36:25,238] {dagbag.py:507} INFO - Filling up the DagBag from /opt/airflow/dags/12acc47946a5_dag.py
[2024-02-10 21:36:25,276] {processor.py:651} INFO - DAG(s) dict_keys(['12acc47946a5_dag']) retrieved from /opt/airflow/dags/12acc47946a5_dag.py
[2024-02-10 21:36:25,505] {logging_mixin.py:115} INFO - [2024-02-10 21:36:25,505] {dag.py:2371} INFO - Sync 1 DAGs
[2024-02-10 21:36:25,518] {logging_mixin.py:115} INFO - [2024-02-10 21:36:25,518] {dag.py:2919} INFO - Setting next_dagrun for 12acc47946a5_dag to 2024-02-10T21:35:00+00:00, run_after=2024-02-10T21:36:00+00:00
[2024-02-10 21:36:25,523] {processor.py:161} INFO - Processing /opt/airflow/dags/12acc47946a5_dag.py took 0.312 seconds
[2024-02-10 21:36:55,693] {processor.py:153} INFO - Started process (PID=3494) to work on /opt/airflow/dags/12acc47946a5_dag.py
[2024-02-10 21:36:55,697] {processor.py:641} INFO - Processing file /opt/airflow/dags/12acc47946a5_dag.py for tasks to queue
[2024-02-10 21:36:55,698] {logging_mixin.py:115} INFO - [2024-02-10 21:36:55,698] {dagbag.py:507} INFO - Filling up the DagBag from /opt/airflow/dags/12acc47946a5_dag.py
[2024-02-10 21:36:55,717] {processor.py:651} INFO - DAG(s) dict_keys(['12acc47946a5_dag']) retrieved from /opt/airflow/dags/12acc47946a5_dag.py
[2024-02-10 21:36:55,985] {logging_mixin.py:115} INFO - [2024-02-10 21:36:55,985] {dag.py:2371} INFO - Sync 1 DAGs
[2024-02-10 21:36:56,003] {logging_mixin.py:115} INFO - [2024-02-10 21:36:56,003] {dag.py:2919} INFO - Setting next_dagrun for 12acc47946a5_dag to 2024-02-10T21:35:00+00:00, run_after=2024-02-10T21:36:00+00:00
[2024-02-10 21:36:56,009] {processor.py:161} INFO - Processing /opt/airflow/dags/12acc47946a5_dag.py took 0.321 seconds
[2024-02-10 21:37:34,558] {processor.py:153} INFO - Started process (PID=3536) to work on /opt/airflow/dags/12acc47946a5_dag.py
[2024-02-10 21:37:34,560] {processor.py:641} INFO - Processing file /opt/airflow/dags/12acc47946a5_dag.py for tasks to queue
[2024-02-10 21:37:34,561] {logging_mixin.py:115} INFO - [2024-02-10 21:37:34,560] {dagbag.py:507} INFO - Filling up the DagBag from /opt/airflow/dags/12acc47946a5_dag.py
[2024-02-10 21:37:34,572] {processor.py:651} INFO - DAG(s) dict_keys(['12acc47946a5_dag']) retrieved from /opt/airflow/dags/12acc47946a5_dag.py
[2024-02-10 21:37:34,732] {logging_mixin.py:115} INFO - [2024-02-10 21:37:34,732] {dag.py:2371} INFO - Sync 1 DAGs
[2024-02-10 21:37:34,756] {logging_mixin.py:115} INFO - [2024-02-10 21:37:34,756] {dag.py:2919} INFO - Setting next_dagrun for 12acc47946a5_dag to 2024-02-10T21:36:00+00:00, run_after=2024-02-10T21:37:00+00:00
[2024-02-10 21:37:34,773] {processor.py:161} INFO - Processing /opt/airflow/dags/12acc47946a5_dag.py took 0.224 seconds
[2024-02-10 21:38:07,321] {processor.py:153} INFO - Started process (PID=3598) to work on /opt/airflow/dags/12acc47946a5_dag.py
[2024-02-10 21:38:07,322] {processor.py:641} INFO - Processing file /opt/airflow/dags/12acc47946a5_dag.py for tasks to queue
[2024-02-10 21:38:07,323] {logging_mixin.py:115} INFO - [2024-02-10 21:38:07,323] {dagbag.py:507} INFO - Filling up the DagBag from /opt/airflow/dags/12acc47946a5_dag.py
[2024-02-10 21:38:07,335] {processor.py:651} INFO - DAG(s) dict_keys(['12acc47946a5_dag']) retrieved from /opt/airflow/dags/12acc47946a5_dag.py
[2024-02-10 21:38:07,825] {logging_mixin.py:115} INFO - [2024-02-10 21:38:07,825] {dag.py:2371} INFO - Sync 1 DAGs
[2024-02-10 21:38:07,856] {logging_mixin.py:115} INFO - [2024-02-10 21:38:07,856] {dag.py:2919} INFO - Setting next_dagrun for 12acc47946a5_dag to 2024-02-10T21:37:00+00:00, run_after=2024-02-10T21:38:00+00:00
[2024-02-10 21:38:07,949] {processor.py:161} INFO - Processing /opt/airflow/dags/12acc47946a5_dag.py took 0.633 seconds
[2024-02-10 22:43:09,549] {processor.py:153} INFO - Started process (PID=3640) to work on /opt/airflow/dags/12acc47946a5_dag.py
[2024-02-10 22:43:09,551] {processor.py:641} INFO - Processing file /opt/airflow/dags/12acc47946a5_dag.py for tasks to queue
[2024-02-10 22:43:09,555] {logging_mixin.py:115} INFO - [2024-02-10 22:43:09,554] {dagbag.py:507} INFO - Filling up the DagBag from /opt/airflow/dags/12acc47946a5_dag.py
[2024-02-10 22:43:09,607] {processor.py:651} INFO - DAG(s) dict_keys(['12acc47946a5_dag']) retrieved from /opt/airflow/dags/12acc47946a5_dag.py
[2024-02-10 22:43:09,789] {logging_mixin.py:115} INFO - [2024-02-10 22:43:09,789] {dag.py:2371} INFO - Sync 1 DAGs
[2024-02-10 22:43:09,871] {logging_mixin.py:115} INFO - [2024-02-10 22:43:09,869] {dag.py:2919} INFO - Setting next_dagrun for 12acc47946a5_dag to 2024-02-10T22:42:00+00:00, run_after=2024-02-10T22:43:00+00:00
[2024-02-10 22:43:09,910] {processor.py:161} INFO - Processing /opt/airflow/dags/12acc47946a5_dag.py took 0.376 seconds
[2024-02-10 22:52:33,320] {processor.py:153} INFO - Started process (PID=3702) to work on /opt/airflow/dags/12acc47946a5_dag.py
[2024-02-10 22:52:33,323] {processor.py:641} INFO - Processing file /opt/airflow/dags/12acc47946a5_dag.py for tasks to queue
[2024-02-10 22:52:33,326] {logging_mixin.py:115} INFO - [2024-02-10 22:52:33,326] {dagbag.py:507} INFO - Filling up the DagBag from /opt/airflow/dags/12acc47946a5_dag.py
[2024-02-10 22:52:33,349] {processor.py:651} INFO - DAG(s) dict_keys(['12acc47946a5_dag']) retrieved from /opt/airflow/dags/12acc47946a5_dag.py
[2024-02-10 22:52:33,417] {logging_mixin.py:115} INFO - [2024-02-10 22:52:33,417] {dag.py:2371} INFO - Sync 1 DAGs
[2024-02-10 22:52:33,468] {logging_mixin.py:115} INFO - [2024-02-10 22:52:33,468] {dag.py:2919} INFO - Setting next_dagrun for 12acc47946a5_dag to 2024-02-10T22:51:00+00:00, run_after=2024-02-10T22:52:00+00:00
[2024-02-10 22:52:33,481] {processor.py:161} INFO - Processing /opt/airflow/dags/12acc47946a5_dag.py took 0.178 seconds
[2024-02-10 23:09:35,314] {processor.py:153} INFO - Started process (PID=3774) to work on /opt/airflow/dags/12acc47946a5_dag.py
[2024-02-10 23:09:35,328] {processor.py:641} INFO - Processing file /opt/airflow/dags/12acc47946a5_dag.py for tasks to queue
[2024-02-10 23:09:35,347] {logging_mixin.py:115} INFO - [2024-02-10 23:09:35,344] {dagbag.py:507} INFO - Filling up the DagBag from /opt/airflow/dags/12acc47946a5_dag.py
[2024-02-10 23:09:35,505] {processor.py:651} INFO - DAG(s) dict_keys(['12acc47946a5_dag']) retrieved from /opt/airflow/dags/12acc47946a5_dag.py
[2024-02-10 23:09:35,691] {logging_mixin.py:115} INFO - [2024-02-10 23:09:35,685] {dag.py:2371} INFO - Sync 1 DAGs
[2024-02-10 23:09:35,891] {logging_mixin.py:115} INFO - [2024-02-10 23:09:35,890] {dag.py:2919} INFO - Setting next_dagrun for 12acc47946a5_dag to 2024-02-10T23:08:00+00:00, run_after=2024-02-10T23:09:00+00:00
[2024-02-10 23:09:35,960] {processor.py:161} INFO - Processing /opt/airflow/dags/12acc47946a5_dag.py took 0.662 seconds
[2024-02-10 23:10:06,343] {processor.py:153} INFO - Started process (PID=3837) to work on /opt/airflow/dags/12acc47946a5_dag.py
[2024-02-10 23:10:06,344] {processor.py:641} INFO - Processing file /opt/airflow/dags/12acc47946a5_dag.py for tasks to queue
[2024-02-10 23:10:06,345] {logging_mixin.py:115} INFO - [2024-02-10 23:10:06,345] {dagbag.py:507} INFO - Filling up the DagBag from /opt/airflow/dags/12acc47946a5_dag.py
[2024-02-10 23:10:06,360] {processor.py:651} INFO - DAG(s) dict_keys(['12acc47946a5_dag']) retrieved from /opt/airflow/dags/12acc47946a5_dag.py
[2024-02-10 23:10:06,402] {logging_mixin.py:115} INFO - [2024-02-10 23:10:06,402] {dag.py:2371} INFO - Sync 1 DAGs
[2024-02-10 23:10:06,423] {logging_mixin.py:115} INFO - [2024-02-10 23:10:06,423] {dag.py:2919} INFO - Setting next_dagrun for 12acc47946a5_dag to 2024-02-10T23:09:00+00:00, run_after=2024-02-10T23:10:00+00:00
[2024-02-10 23:10:06,431] {processor.py:161} INFO - Processing /opt/airflow/dags/12acc47946a5_dag.py took 0.094 seconds
[2024-02-10 23:10:36,813] {processor.py:153} INFO - Started process (PID=3892) to work on /opt/airflow/dags/12acc47946a5_dag.py
[2024-02-10 23:10:36,814] {processor.py:641} INFO - Processing file /opt/airflow/dags/12acc47946a5_dag.py for tasks to queue
[2024-02-10 23:10:36,815] {logging_mixin.py:115} INFO - [2024-02-10 23:10:36,815] {dagbag.py:507} INFO - Filling up the DagBag from /opt/airflow/dags/12acc47946a5_dag.py
[2024-02-10 23:10:36,845] {processor.py:651} INFO - DAG(s) dict_keys(['12acc47946a5_dag']) retrieved from /opt/airflow/dags/12acc47946a5_dag.py
[2024-02-10 23:10:36,879] {logging_mixin.py:115} INFO - [2024-02-10 23:10:36,879] {dag.py:2371} INFO - Sync 1 DAGs
[2024-02-10 23:10:36,898] {logging_mixin.py:115} INFO - [2024-02-10 23:10:36,898] {dag.py:2919} INFO - Setting next_dagrun for 12acc47946a5_dag to 2024-02-10T23:09:00+00:00, run_after=2024-02-10T23:10:00+00:00
[2024-02-10 23:10:36,909] {processor.py:161} INFO - Processing /opt/airflow/dags/12acc47946a5_dag.py took 0.102 seconds
[2024-02-10 23:15:15,986] {processor.py:153} INFO - Started process (PID=3956) to work on /opt/airflow/dags/12acc47946a5_dag.py
[2024-02-10 23:15:15,990] {processor.py:641} INFO - Processing file /opt/airflow/dags/12acc47946a5_dag.py for tasks to queue
[2024-02-10 23:15:15,994] {logging_mixin.py:115} INFO - [2024-02-10 23:15:15,994] {dagbag.py:507} INFO - Filling up the DagBag from /opt/airflow/dags/12acc47946a5_dag.py
[2024-02-10 23:15:16,057] {processor.py:651} INFO - DAG(s) dict_keys(['12acc47946a5_dag']) retrieved from /opt/airflow/dags/12acc47946a5_dag.py
[2024-02-10 23:15:16,157] {logging_mixin.py:115} INFO - [2024-02-10 23:15:16,157] {dag.py:2371} INFO - Sync 1 DAGs
[2024-02-10 23:15:16,242] {logging_mixin.py:115} INFO - [2024-02-10 23:15:16,242] {dag.py:2919} INFO - Setting next_dagrun for 12acc47946a5_dag to 2024-02-10T23:14:00+00:00, run_after=2024-02-10T23:15:00+00:00
[2024-02-10 23:15:16,272] {processor.py:161} INFO - Processing /opt/airflow/dags/12acc47946a5_dag.py took 0.300 seconds
[2024-02-10 23:15:46,384] {processor.py:153} INFO - Started process (PID=4025) to work on /opt/airflow/dags/12acc47946a5_dag.py
[2024-02-10 23:15:46,388] {processor.py:641} INFO - Processing file /opt/airflow/dags/12acc47946a5_dag.py for tasks to queue
[2024-02-10 23:15:46,392] {logging_mixin.py:115} INFO - [2024-02-10 23:15:46,392] {dagbag.py:507} INFO - Filling up the DagBag from /opt/airflow/dags/12acc47946a5_dag.py
[2024-02-10 23:15:46,414] {processor.py:651} INFO - DAG(s) dict_keys(['12acc47946a5_dag']) retrieved from /opt/airflow/dags/12acc47946a5_dag.py
[2024-02-10 23:15:46,438] {logging_mixin.py:115} INFO - [2024-02-10 23:15:46,438] {dag.py:2371} INFO - Sync 1 DAGs
[2024-02-10 23:15:46,457] {logging_mixin.py:115} INFO - [2024-02-10 23:15:46,457] {dag.py:2919} INFO - Setting next_dagrun for 12acc47946a5_dag to 2024-02-10T23:14:00+00:00, run_after=2024-02-10T23:15:00+00:00
[2024-02-10 23:15:46,465] {processor.py:161} INFO - Processing /opt/airflow/dags/12acc47946a5_dag.py took 0.087 seconds
[2024-02-10 23:16:16,964] {processor.py:153} INFO - Started process (PID=4080) to work on /opt/airflow/dags/12acc47946a5_dag.py
[2024-02-10 23:16:16,971] {processor.py:641} INFO - Processing file /opt/airflow/dags/12acc47946a5_dag.py for tasks to queue
[2024-02-10 23:16:16,978] {logging_mixin.py:115} INFO - [2024-02-10 23:16:16,978] {dagbag.py:507} INFO - Filling up the DagBag from /opt/airflow/dags/12acc47946a5_dag.py
[2024-02-10 23:16:17,006] {processor.py:651} INFO - DAG(s) dict_keys(['12acc47946a5_dag']) retrieved from /opt/airflow/dags/12acc47946a5_dag.py
[2024-02-10 23:16:17,041] {logging_mixin.py:115} INFO - [2024-02-10 23:16:17,041] {dag.py:2371} INFO - Sync 1 DAGs
[2024-02-10 23:16:17,069] {logging_mixin.py:115} INFO - [2024-02-10 23:16:17,069] {dag.py:2919} INFO - Setting next_dagrun for 12acc47946a5_dag to 2024-02-10T23:15:00+00:00, run_after=2024-02-10T23:16:00+00:00
[2024-02-10 23:16:17,077] {processor.py:161} INFO - Processing /opt/airflow/dags/12acc47946a5_dag.py took 0.127 seconds
[2024-02-10 23:17:43,724] {processor.py:153} INFO - Started process (PID=4144) to work on /opt/airflow/dags/12acc47946a5_dag.py
[2024-02-10 23:17:43,726] {processor.py:641} INFO - Processing file /opt/airflow/dags/12acc47946a5_dag.py for tasks to queue
[2024-02-10 23:17:43,726] {logging_mixin.py:115} INFO - [2024-02-10 23:17:43,726] {dagbag.py:507} INFO - Filling up the DagBag from /opt/airflow/dags/12acc47946a5_dag.py
[2024-02-10 23:17:43,752] {processor.py:651} INFO - DAG(s) dict_keys(['12acc47946a5_dag']) retrieved from /opt/airflow/dags/12acc47946a5_dag.py
[2024-02-10 23:17:43,796] {logging_mixin.py:115} INFO - [2024-02-10 23:17:43,796] {dag.py:2371} INFO - Sync 1 DAGs
[2024-02-10 23:17:43,856] {logging_mixin.py:115} INFO - [2024-02-10 23:17:43,856] {dag.py:2919} INFO - Setting next_dagrun for 12acc47946a5_dag to 2024-02-10T23:16:00+00:00, run_after=2024-02-10T23:17:00+00:00
[2024-02-10 23:17:43,865] {processor.py:161} INFO - Processing /opt/airflow/dags/12acc47946a5_dag.py took 0.148 seconds
[2024-02-10 23:18:14,495] {processor.py:153} INFO - Started process (PID=4208) to work on /opt/airflow/dags/12acc47946a5_dag.py
[2024-02-10 23:18:14,503] {processor.py:641} INFO - Processing file /opt/airflow/dags/12acc47946a5_dag.py for tasks to queue
[2024-02-10 23:18:14,504] {logging_mixin.py:115} INFO - [2024-02-10 23:18:14,504] {dagbag.py:507} INFO - Filling up the DagBag from /opt/airflow/dags/12acc47946a5_dag.py
[2024-02-10 23:18:14,521] {processor.py:651} INFO - DAG(s) dict_keys(['12acc47946a5_dag']) retrieved from /opt/airflow/dags/12acc47946a5_dag.py
[2024-02-10 23:18:14,552] {logging_mixin.py:115} INFO - [2024-02-10 23:18:14,552] {dag.py:2371} INFO - Sync 1 DAGs
[2024-02-10 23:18:14,572] {logging_mixin.py:115} INFO - [2024-02-10 23:18:14,572] {dag.py:2919} INFO - Setting next_dagrun for 12acc47946a5_dag to 2024-02-10T23:17:00+00:00, run_after=2024-02-10T23:18:00+00:00
[2024-02-10 23:18:14,580] {processor.py:161} INFO - Processing /opt/airflow/dags/12acc47946a5_dag.py took 0.096 seconds
[2024-02-10 23:39:13,283] {processor.py:153} INFO - Started process (PID=4262) to work on /opt/airflow/dags/12acc47946a5_dag.py
[2024-02-10 23:39:13,286] {processor.py:641} INFO - Processing file /opt/airflow/dags/12acc47946a5_dag.py for tasks to queue
[2024-02-10 23:39:13,288] {logging_mixin.py:115} INFO - [2024-02-10 23:39:13,288] {dagbag.py:507} INFO - Filling up the DagBag from /opt/airflow/dags/12acc47946a5_dag.py
[2024-02-10 23:39:13,308] {processor.py:651} INFO - DAG(s) dict_keys(['12acc47946a5_dag']) retrieved from /opt/airflow/dags/12acc47946a5_dag.py
[2024-02-10 23:39:13,330] {logging_mixin.py:115} INFO - [2024-02-10 23:39:13,330] {dag.py:2371} INFO - Sync 1 DAGs
[2024-02-10 23:39:13,349] {logging_mixin.py:115} INFO - [2024-02-10 23:39:13,349] {dag.py:2919} INFO - Setting next_dagrun for 12acc47946a5_dag to 2024-02-10T23:38:00+00:00, run_after=2024-02-10T23:39:00+00:00
[2024-02-10 23:39:13,358] {processor.py:161} INFO - Processing /opt/airflow/dags/12acc47946a5_dag.py took 0.080 seconds
[2024-02-10 23:39:43,761] {processor.py:153} INFO - Started process (PID=4334) to work on /opt/airflow/dags/12acc47946a5_dag.py
[2024-02-10 23:39:43,765] {processor.py:641} INFO - Processing file /opt/airflow/dags/12acc47946a5_dag.py for tasks to queue
[2024-02-10 23:39:43,765] {logging_mixin.py:115} INFO - [2024-02-10 23:39:43,765] {dagbag.py:507} INFO - Filling up the DagBag from /opt/airflow/dags/12acc47946a5_dag.py
[2024-02-10 23:39:43,779] {processor.py:651} INFO - DAG(s) dict_keys(['12acc47946a5_dag']) retrieved from /opt/airflow/dags/12acc47946a5_dag.py
[2024-02-10 23:39:43,804] {logging_mixin.py:115} INFO - [2024-02-10 23:39:43,804] {dag.py:2371} INFO - Sync 1 DAGs
[2024-02-10 23:39:43,822] {logging_mixin.py:115} INFO - [2024-02-10 23:39:43,822] {dag.py:2919} INFO - Setting next_dagrun for 12acc47946a5_dag to 2024-02-10T23:38:00+00:00, run_after=2024-02-10T23:39:00+00:00
[2024-02-10 23:39:43,831] {processor.py:161} INFO - Processing /opt/airflow/dags/12acc47946a5_dag.py took 0.075 seconds
