[2024-02-10 06:28:22,663] {taskinstance.py:1159} INFO - Dependencies all met for <TaskInstance: example_bash_operator.runme_0 scheduled__2024-02-09T00:00:00+00:00 [queued]>
[2024-02-10 06:28:22,717] {taskinstance.py:1159} INFO - Dependencies all met for <TaskInstance: example_bash_operator.runme_0 scheduled__2024-02-09T00:00:00+00:00 [queued]>
[2024-02-10 06:28:22,717] {taskinstance.py:1356} INFO - 
--------------------------------------------------------------------------------
[2024-02-10 06:28:22,717] {taskinstance.py:1357} INFO - Starting attempt 1 of 1
[2024-02-10 06:28:22,717] {taskinstance.py:1358} INFO - 
--------------------------------------------------------------------------------
[2024-02-10 06:28:22,823] {taskinstance.py:1377} INFO - Executing <Task(BashOperator): runme_0> on 2024-02-09 00:00:00+00:00
[2024-02-10 06:28:22,867] {standard_task_runner.py:52} INFO - Started process 29854 to run task
[2024-02-10 06:28:23,015] {standard_task_runner.py:79} INFO - Running: ['***', 'tasks', 'run', 'example_bash_operator', 'runme_0', 'scheduled__2024-02-09T00:00:00+00:00', '--job-id', '4', '--raw', '--subdir', '/home/***/.local/lib/python3.7/site-packages/***/example_dags/example_bash_operator.py', '--cfg-path', '/tmp/tmpr3p40hwn', '--error-file', '/tmp/tmpzqg6b1an']
[2024-02-10 06:28:23,018] {standard_task_runner.py:80} INFO - Job 4: Subtask runme_0
[2024-02-10 06:28:23,649] {task_command.py:369} INFO - Running <TaskInstance: example_bash_operator.runme_0 scheduled__2024-02-09T00:00:00+00:00 [running]> on host f4c5b03650dc
[2024-02-10 06:28:24,190] {taskinstance.py:1571} INFO - Exporting the following env vars:
AIRFLOW_CTX_DAG_OWNER=***
AIRFLOW_CTX_DAG_ID=example_bash_operator
AIRFLOW_CTX_TASK_ID=runme_0
AIRFLOW_CTX_EXECUTION_DATE=2024-02-09T00:00:00+00:00
AIRFLOW_CTX_TRY_NUMBER=1
AIRFLOW_CTX_DAG_RUN_ID=scheduled__2024-02-09T00:00:00+00:00
[2024-02-10 06:28:24,209] {subprocess.py:62} INFO - Tmp dir root location: 
 /tmp
[2024-02-10 06:28:24,218] {subprocess.py:74} INFO - Running command: ['bash', '-c', 'echo "example_bash_operator__runme_0__20240209" && sleep 1']
[2024-02-10 06:28:24,321] {subprocess.py:85} INFO - Output:
[2024-02-10 06:28:24,331] {subprocess.py:92} INFO - example_bash_operator__runme_0__20240209
[2024-02-10 06:28:25,350] {subprocess.py:96} INFO - Command exited with return code 0
[2024-02-10 06:28:25,499] {taskinstance.py:1400} INFO - Marking task as SUCCESS. dag_id=example_bash_operator, task_id=runme_0, execution_date=20240209T000000, start_date=20240210T062822, end_date=20240210T062825
[2024-02-10 06:28:25,608] {local_task_job.py:156} INFO - Task exited with return code 0
[2024-02-10 06:28:25,705] {local_task_job.py:273} INFO - 0 downstream tasks scheduled from follow-on schedule check
